2023-11-16 16:32:44,996 [INFO] Activator:176 - 


2023-11-16 16:32:45,007 [INFO] Activator:177 - !SESSION log4j initialized
2023-11-16 16:32:57,110 [INFO] LogOutputStream:77 - [STDOUT_REDIRECT] 
2023-11-16 16:33:04,192 [INFO] ApplicationProperties:184 - Using Application install path: C:\ST\STM32CubeIDE_1.13.1\STM32CubeIDE\plugins\com.st.stm32cube.common.mx_6.9.1.202307191849
2023-11-16 16:33:04,233 [INFO] DbMcusXml:78 - Set database path to: C:\ST\STM32CubeIDE_1.13.1\STM32CubeIDE\plugins\com.st.stm32cube.common.mx_6.9.1.202307191849\\db\/mcu/
2023-11-16 16:33:04,234 [INFO] ApiDb:274 - Set plugin database path to: C:\ST\STM32CubeIDE_1.13.1\STM32CubeIDE\plugins\com.st.stm32cube.common.mx_6.9.1.202307191849\\db\/plugins/boardmanager/
2023-11-16 16:33:04,235 [WARN] ApiDb:259 - Overriding images path with different value:  => C:\ST\STM32CubeIDE_1.13.1\STM32CubeIDE\plugins\com.st.stm32cube.common.mx_6.9.1.202307191849\\db\/plugins/mcufinder/images/
2023-11-16 16:33:04,264 [INFO] ApiDb:250 - Set database path to: C:\Users\Beispiel\.stmcufinder\plugins\mcufinder//mcu/
2023-11-16 16:33:04,266 [INFO] DbMcusAds:125 - Set database path to: C:\Users\Beispiel\.stmcufinder\plugins\mcufinder//mcu/
2023-11-16 16:33:04,269 [INFO] CrossReferenceDbSqlite:203 - Set database path to: C:\Users\Beispiel\.stmcufinder\plugins\mcufinder//mcu/cs/
2023-11-16 16:33:04,498 [INFO] RulesReader:64 - Compatibility file has been processed (293 Rules)
2023-11-16 16:33:04,668 [INFO] DbMcusXml:78 - Set database path to: C:\ST\STM32CubeIDE_1.13.1\STM32CubeIDE\plugins\com.st.stm32cube.common.mx_6.9.1.202307191849\\db\/mcu/
2023-11-16 16:33:04,668 [INFO] ApiDb:274 - Set plugin database path to: C:\ST\STM32CubeIDE_1.13.1\STM32CubeIDE\plugins\com.st.stm32cube.common.mx_6.9.1.202307191849\\db\/plugins/boardmanager/
2023-11-16 16:33:04,669 [INFO] ApiDb:261 - Set plugin images path to: C:\ST\STM32CubeIDE_1.13.1\STM32CubeIDE\plugins\com.st.stm32cube.common.mx_6.9.1.202307191849\\db\/plugins/mcufinder/images/
2023-11-16 16:33:04,669 [WARN] DbFile:41 - Overriding database path with different value: C:\Users\Beispiel\.stmcufinder\plugins\mcufinder/ => C:\Users\Beispiel\.stmcufinder\plugins\mcufinder
2023-11-16 16:33:04,670 [INFO] ApiDb:250 - Set database path to: C:\Users\Beispiel\.stmcufinder\plugins\mcufinder//mcu/
2023-11-16 16:33:04,670 [WARN] DbFile:41 - Overriding database path with different value: C:\Users\Beispiel\.stmcufinder\plugins\mcufinder/ => C:\Users\Beispiel\.stmcufinder\plugins\mcufinder
2023-11-16 16:33:04,670 [INFO] DbMcusAds:125 - Set database path to: C:\Users\Beispiel\.stmcufinder\plugins\mcufinder//mcu/
2023-11-16 16:33:04,670 [WARN] DbFile:41 - Overriding database path with different value: C:\Users\Beispiel\.stmcufinder\plugins\mcufinder/ => C:\Users\Beispiel\.stmcufinder\plugins\mcufinder
2023-11-16 16:33:04,671 [WARN] DbFile:41 - Overriding database path with different value: C:\Users\Beispiel\.stmcufinder\plugins\mcufinder/ => C:\Users\Beispiel\.stmcufinder\plugins\mcufinder
2023-11-16 16:33:04,671 [INFO] CrossReferenceDbSqlite:203 - Set database path to: C:\Users\Beispiel\.stmcufinder\plugins\mcufinder//mcu/cs/
2023-11-16 16:33:04,826 [INFO] MainPanel:262 - HeapMemory: 268435456
2023-11-16 16:33:05,104 [INFO] DbMcusXml:78 - Set database path to: C:\ST\STM32CubeIDE_1.13.1\STM32CubeIDE\plugins\com.st.stm32cube.common.mx_6.9.1.202307191849\\db\/mcu/
2023-11-16 16:33:05,104 [INFO] ApiDb:274 - Set plugin database path to: C:\ST\STM32CubeIDE_1.13.1\STM32CubeIDE\plugins\com.st.stm32cube.common.mx_6.9.1.202307191849\\db\/plugins/boardmanager/
2023-11-16 16:33:05,105 [INFO] ApiDb:261 - Set plugin images path to: C:\ST\STM32CubeIDE_1.13.1\STM32CubeIDE\plugins\com.st.stm32cube.common.mx_6.9.1.202307191849\\db\/plugins/mcufinder/images/
2023-11-16 16:33:05,107 [WARN] DbFile:41 - Overriding database path with different value: C:\Users\Beispiel\.stmcufinder\plugins\mcufinder/ => C:\Users\Beispiel\.stmcufinder\plugins\mcufinder
2023-11-16 16:33:05,107 [INFO] ApiDb:250 - Set database path to: C:\Users\Beispiel\.stmcufinder\plugins\mcufinder//mcu/
2023-11-16 16:33:05,108 [WARN] DbFile:41 - Overriding database path with different value: C:\Users\Beispiel\.stmcufinder\plugins\mcufinder/ => C:\Users\Beispiel\.stmcufinder\plugins\mcufinder
2023-11-16 16:33:05,108 [INFO] DbMcusAds:125 - Set database path to: C:\Users\Beispiel\.stmcufinder\plugins\mcufinder//mcu/
2023-11-16 16:33:05,108 [WARN] DbFile:41 - Overriding database path with different value: C:\Users\Beispiel\.stmcufinder\plugins\mcufinder/ => C:\Users\Beispiel\.stmcufinder\plugins\mcufinder
2023-11-16 16:33:05,109 [WARN] DbFile:41 - Overriding database path with different value: C:\Users\Beispiel\.stmcufinder\plugins\mcufinder/ => C:\Users\Beispiel\.stmcufinder\plugins\mcufinder
2023-11-16 16:33:05,109 [INFO] CrossReferenceDbSqlite:203 - Set database path to: C:\Users\Beispiel\.stmcufinder\plugins\mcufinder//mcu/cs/
2023-11-16 16:33:05,145 [INFO] ApplicationProperties:184 - Using Application install path: C:\ST\STM32CubeIDE_1.13.1\STM32CubeIDE\plugins\com.st.stm32cube.common.mx_6.9.1.202307191849
2023-11-16 16:33:05,148 [INFO] PluginManage:196 - Search for loadable plugins [exclusion list=, ]
2023-11-16 16:33:05,152 [INFO] PluginManage:310 - Check plugin analytics
2023-11-16 16:33:05,532 [INFO] AnalyticsPlugin:253 - Accepted Software Licenses: 
2023-11-16 16:33:05,532 [INFO] AnalyticsPlugin:255 - Accepted CMSIS Pack Licenses: 
2023-11-16 16:33:05,533 [INFO] AnalyticsPlugin:257 - Accepted Firmware Licenses: 
2023-11-16 16:33:05,541 [INFO] PluginManage:359 - Loaded plugin analytics (category:tool,tabindex:-1)
2023-11-16 16:33:05,542 [INFO] PluginManage:310 - Check plugin cadmodel
2023-11-16 16:33:05,580 [INFO] CADModel:105 - Init CAD model plugin
2023-11-16 16:33:05,580 [INFO] PluginManage:359 - Loaded plugin cadmodel (category:power,tabindex:5)
2023-11-16 16:33:05,580 [INFO] PluginManage:310 - Check plugin clock
2023-11-16 16:33:05,613 [INFO] PluginManage:359 - Loaded plugin clock (category:base,tabindex:2)
2023-11-16 16:33:05,613 [INFO] PluginManage:310 - Check plugin ddr
2023-11-16 16:33:05,618 [INFO] PluginManage:359 - Loaded plugin ddr (category:tool,tabindex:6)
2023-11-16 16:33:05,618 [INFO] PluginManage:310 - Check plugin filemanager
2023-11-16 16:33:05,857 [INFO] PluginManage:359 - Loaded plugin filemanager (category:base,tabindex:10)
2023-11-16 16:33:05,857 [INFO] PluginManage:310 - Check plugin ipmanager
2023-11-16 16:33:05,869 [INFO] PluginManage:359 - Loaded plugin ipmanager (category:base,tabindex:5)
2023-11-16 16:33:05,869 [INFO] PluginManage:310 - Check plugin lpbam
2023-11-16 16:33:05,896 [INFO] PluginManage:359 - Loaded plugin lpbam (category:base,tabindex:0)
2023-11-16 16:33:05,896 [INFO] PluginManage:310 - Check plugin memorymap
2023-11-16 16:33:05,928 [INFO] PluginManage:359 - Loaded plugin memorymap (category:base,tabindex:4)
2023-11-16 16:33:05,929 [INFO] PluginManage:310 - Check plugin pinoutandconfiguration
2023-11-16 16:33:05,952 [INFO] PluginManage:359 - Loaded plugin pinoutandconfiguration (category:base,tabindex:1)
2023-11-16 16:33:05,953 [INFO] PluginManage:310 - Check plugin pinoutconfig
2023-11-16 16:33:06,256 [WARN] SupportedApi:132 - Cannot load RTOS API schema: s4s-elt-must-match.1: The content of 'definitions' must match (annotation?, (simpleType | complexType)?, (unique | key | keyref)*)). A problem was found starting at: attribute.
2023-11-16 16:33:06,716 [INFO] PluginManage:359 - Loaded plugin pinoutconfig (category:base,tabindex:0)
2023-11-16 16:33:06,716 [INFO] PluginManage:310 - Check plugin power
2023-11-16 16:33:06,835 [INFO] PluginManage:359 - Loaded plugin power (category:power,tabindex:4)
2023-11-16 16:33:06,835 [INFO] PluginManage:310 - Check plugin projectmanager
2023-11-16 16:33:06,875 [INFO] PluginManage:359 - Loaded plugin projectmanager (category:projectmanager,tabindex:3)
2023-11-16 16:33:06,876 [INFO] PluginManage:310 - Check plugin thirdparty
2023-11-16 16:33:07,586 [INFO] PluginManage:359 - Loaded plugin thirdparty (category:base,tabindex:-1)
2023-11-16 16:33:07,586 [INFO] PluginManage:310 - Check plugin tools
2023-11-16 16:33:07,588 [WARN] IntegrityCheckThread:84 - waiting for thirdparty lock release [integrity check]
2023-11-16 16:33:07,590 [INFO] IntegrityCheckThread:86 - entering critical section [integrity check]
2023-11-16 16:33:07,591 [INFO] ThirdPartyUpdaterWithRetryManager:70 - Updater plugin not ready yet. [1/15]
2023-11-16 16:33:07,677 [INFO] PluginManage:359 - Loaded plugin tools (category:base,tabindex:7)
2023-11-16 16:33:07,678 [INFO] PluginManage:310 - Check plugin tutovideos
2023-11-16 16:33:08,245 [INFO] PluginManage:359 - Loaded plugin tutovideos (category:base,tabindex:-1)
2023-11-16 16:33:08,245 [INFO] PluginManage:310 - Check plugin updater
2023-11-16 16:33:08,470 [INFO] PluginManage:359 - Loaded plugin updater (category:base,tabindex:12)
2023-11-16 16:33:08,470 [INFO] PluginManage:310 - Check plugin userauth
2023-11-16 16:33:08,481 [INFO] UserAuth:113 - Init User Auth plugin
2023-11-16 16:33:08,482 [INFO] PluginManage:359 - Loaded plugin userauth (category:base,tabindex:14)
2023-11-16 16:33:08,483 [INFO] PluginManage:283 - PluginManage : Loaded plugins [17]
2023-11-16 16:33:09,271 [INFO] PinOutPanel:1499 - setPackage(No Configuration,No Configuration)
2023-11-16 16:33:09,561 [INFO] CADModel:165 - CPN selected for project level
2023-11-16 16:33:09,562 [INFO] CADModel:114 - Register for checkConnection events
2023-11-16 16:33:09,651 [INFO] IPUIPlugin:80 - create IPUIPlugin
2023-11-16 16:33:09,651 [INFO] PluginManager:220 - loadIPPluginJar : add adc
2023-11-16 16:33:09,805 [INFO] IPUIPlugin:80 - create IPUIPlugin
2023-11-16 16:33:09,806 [INFO] PluginManager:220 - loadIPPluginJar : add aes
2023-11-16 16:33:09,936 [INFO] IPUIPlugin:80 - create IPUIPlugin
2023-11-16 16:33:09,936 [INFO] PluginManager:220 - loadIPPluginJar : add can
2023-11-16 16:33:09,989 [INFO] IPUIPlugin:80 - create IPUIPlugin
2023-11-16 16:33:09,991 [INFO] PluginManager:220 - loadIPPluginJar : add comp
2023-11-16 16:33:10,200 [INFO] IPUIPlugin:80 - create IPUIPlugin
2023-11-16 16:33:10,201 [INFO] PluginManager:220 - loadIPPluginJar : add cryp
2023-11-16 16:33:10,370 [INFO] IPUIPlugin:80 - create IPUIPlugin
2023-11-16 16:33:10,370 [INFO] PluginManager:220 - loadIPPluginJar : add dfsdm
2023-11-16 16:33:10,405 [INFO] IPUIPlugin:80 - create IPUIPlugin
2023-11-16 16:33:10,406 [INFO] PluginManager:220 - loadIPPluginJar : add dma
2023-11-16 16:33:10,550 [INFO] IPUIPlugin:80 - create IPUIPlugin
2023-11-16 16:33:10,550 [INFO] PluginManager:220 - loadIPPluginJar : add dma3
2023-11-16 16:33:10,592 [INFO] ThirdPartyUpdaterWithRetryManager:70 - Updater plugin not ready yet. [2/15]
2023-11-16 16:33:10,607 [INFO] IPUIPlugin:80 - create IPUIPlugin
2023-11-16 16:33:10,607 [INFO] PluginManager:220 - loadIPPluginJar : add fatfs
2023-11-16 16:33:10,737 [INFO] IPUIPlugin:80 - create IPUIPlugin
2023-11-16 16:33:10,737 [INFO] PluginManager:220 - loadIPPluginJar : add fmc
2023-11-16 16:33:10,767 [INFO] IPUIPlugin:80 - create IPUIPlugin
2023-11-16 16:33:10,767 [INFO] PluginManager:220 - loadIPPluginJar : add freertos
2023-11-16 16:33:10,807 [INFO] IPUIPlugin:80 - create IPUIPlugin
2023-11-16 16:33:10,807 [INFO] PluginManager:220 - loadIPPluginJar : add genericplugin
2023-11-16 16:33:10,965 [INFO] IPUIPlugin:80 - create IPUIPlugin
2023-11-16 16:33:10,965 [INFO] PluginManager:220 - loadIPPluginJar : add gfxmmu
2023-11-16 16:33:11,266 [INFO] IPUIPlugin:80 - create IPUIPlugin
2023-11-16 16:33:11,266 [INFO] PluginManager:220 - loadIPPluginJar : add gic
2023-11-16 16:33:11,289 [INFO] IPUIPlugin:80 - create IPUIPlugin
2023-11-16 16:33:11,289 [INFO] PluginManager:220 - loadIPPluginJar : add gpio
2023-11-16 16:33:11,431 [INFO] IPUIPlugin:80 - create IPUIPlugin
2023-11-16 16:33:11,432 [INFO] PluginManager:220 - loadIPPluginJar : add gtzc
2023-11-16 16:33:11,488 [INFO] IPUIPlugin:80 - create IPUIPlugin
2023-11-16 16:33:11,488 [INFO] PluginManager:220 - loadIPPluginJar : add hash
2023-11-16 16:33:11,609 [INFO] IPUIPlugin:80 - create IPUIPlugin
2023-11-16 16:33:11,609 [INFO] PluginManager:220 - loadIPPluginJar : add i2c
2023-11-16 16:33:11,667 [INFO] IPUIPlugin:80 - create IPUIPlugin
2023-11-16 16:33:11,667 [INFO] PluginManager:220 - loadIPPluginJar : add i2s
2023-11-16 16:33:11,790 [INFO] IPUIPlugin:80 - create IPUIPlugin
2023-11-16 16:33:11,791 [INFO] PluginManager:220 - loadIPPluginJar : add i3c
2023-11-16 16:33:12,222 [INFO] IPUIPlugin:80 - create IPUIPlugin
2023-11-16 16:33:12,222 [INFO] PluginManager:220 - loadIPPluginJar : add ipddr
2023-11-16 16:33:12,576 [INFO] IPUIPlugin:80 - create IPUIPlugin
2023-11-16 16:33:12,576 [INFO] PluginManager:220 - loadIPPluginJar : add linkedlist
2023-11-16 16:33:12,654 [INFO] IPUIPlugin:80 - create IPUIPlugin
2023-11-16 16:33:12,655 [INFO] PluginManager:220 - loadIPPluginJar : add lorawan
2023-11-16 16:33:12,740 [INFO] IPUIPlugin:80 - create IPUIPlugin
2023-11-16 16:33:12,740 [INFO] PluginManager:220 - loadIPPluginJar : add ltdc
2023-11-16 16:33:12,856 [INFO] IPUIPlugin:80 - create IPUIPlugin
2023-11-16 16:33:12,856 [INFO] PluginManager:220 - loadIPPluginJar : add mdma
2023-11-16 16:33:12,889 [INFO] IPUIPlugin:80 - create IPUIPlugin
2023-11-16 16:33:12,889 [INFO] PluginManager:220 - loadIPPluginJar : add nvic
2023-11-16 16:33:13,027 [INFO] IPUIPlugin:80 - create IPUIPlugin
2023-11-16 16:33:13,028 [INFO] PluginManager:220 - loadIPPluginJar : add opamp
2023-11-16 16:33:13,167 [INFO] IPUIPlugin:80 - create IPUIPlugin
2023-11-16 16:33:13,167 [INFO] PluginManager:220 - loadIPPluginJar : add openamp
2023-11-16 16:33:13,276 [INFO] IPUIPlugin:80 - create IPUIPlugin
2023-11-16 16:33:13,276 [INFO] PluginManager:220 - loadIPPluginJar : add pdm2pcm
2023-11-16 16:33:13,313 [INFO] IPUIPlugin:80 - create IPUIPlugin
2023-11-16 16:33:13,318 [INFO] PluginManager:220 - loadIPPluginJar : add plateformsettings
2023-11-16 16:33:13,374 [INFO] IPUIPlugin:80 - create IPUIPlugin
2023-11-16 16:33:13,375 [INFO] PluginManager:220 - loadIPPluginJar : add quadspi
2023-11-16 16:33:13,403 [INFO] IPUIPlugin:80 - create IPUIPlugin
2023-11-16 16:33:13,403 [INFO] PluginManager:220 - loadIPPluginJar : add resmgrutility
2023-11-16 16:33:13,593 [INFO] ThirdPartyUpdaterWithRetryManager:70 - Updater plugin not ready yet. [3/15]
2023-11-16 16:33:13,626 [INFO] IPUIPlugin:80 - create IPUIPlugin
2023-11-16 16:33:13,626 [INFO] PluginManager:220 - loadIPPluginJar : add sai
2023-11-16 16:33:13,690 [INFO] IPUIPlugin:80 - create IPUIPlugin
2023-11-16 16:33:13,690 [INFO] PluginManager:220 - loadIPPluginJar : add spi
2023-11-16 16:33:13,796 [INFO] IPUIPlugin:80 - create IPUIPlugin
2023-11-16 16:33:13,796 [INFO] PluginManager:220 - loadIPPluginJar : add stm32_wpan
2023-11-16 16:33:13,839 [INFO] IPUIPlugin:80 - create IPUIPlugin
2023-11-16 16:33:13,839 [INFO] PluginManager:220 - loadIPPluginJar : add tim
2023-11-16 16:33:14,008 [INFO] IPUIPlugin:80 - create IPUIPlugin
2023-11-16 16:33:14,008 [INFO] PluginManager:220 - loadIPPluginJar : add touchsensing
2023-11-16 16:33:14,061 [INFO] IPUIPlugin:80 - create IPUIPlugin
2023-11-16 16:33:14,062 [INFO] PluginManager:220 - loadIPPluginJar : add tracer_emb
2023-11-16 16:33:14,103 [INFO] IPUIPlugin:80 - create IPUIPlugin
2023-11-16 16:33:14,104 [INFO] PluginManager:220 - loadIPPluginJar : add ts
2023-11-16 16:33:14,147 [INFO] IPUIPlugin:80 - create IPUIPlugin
2023-11-16 16:33:14,147 [INFO] PluginManager:220 - loadIPPluginJar : add tsc
2023-11-16 16:33:14,182 [INFO] IPUIPlugin:80 - create IPUIPlugin
2023-11-16 16:33:14,182 [INFO] PluginManager:220 - loadIPPluginJar : add ucpd
2023-11-16 16:33:14,258 [INFO] IPUIPlugin:80 - create IPUIPlugin
2023-11-16 16:33:14,259 [INFO] PluginManager:220 - loadIPPluginJar : add usart
2023-11-16 16:33:14,337 [INFO] IPUIPlugin:80 - create IPUIPlugin
2023-11-16 16:33:14,338 [INFO] PluginManager:220 - loadIPPluginJar : add usbx
2023-11-16 16:33:14,553 [INFO] CADModel:165 - CPN selected for project level
2023-11-16 16:33:14,553 [INFO] CADModel:114 - Register for checkConnection events
2023-11-16 16:33:14,554 [FATAL] Updater:308 - Updater called before beeing initialized
2023-11-16 16:33:14,554 [ERROR] CADModel:125 - Updater not yet initialized, retry later 
2023-11-16 16:33:15,099 [INFO] CADModel:165 - CPN selected for project level
2023-11-16 16:33:15,099 [INFO] CADModel:114 - Register for checkConnection events
2023-11-16 16:33:15,099 [FATAL] Updater:308 - Updater called before beeing initialized
2023-11-16 16:33:15,099 [ERROR] CADModel:125 - Updater not yet initialized, retry later 
2023-11-16 16:33:15,109 [FATAL] Updater:308 - Updater called before beeing initialized
2023-11-16 16:33:15,385 [FATAL] Updater:308 - Updater called before beeing initialized
2023-11-16 16:33:15,408 [INFO] DbMcusAds:53 - JSON generation date=Tue Mar 07 09:50:55 CET 2023 (1678179055335)
2023-11-16 16:33:15,408 [FATAL] Updater:308 - Updater called before beeing initialized
2023-11-16 16:33:15,562 [WARN] DetailPanel:346 - Failed to get advertising image, set to default
2023-11-16 16:33:15,722 [FATAL] Updater:308 - Updater called before beeing initialized
2023-11-16 16:33:15,725 [FATAL] Updater:308 - Updater called before beeing initialized
2023-11-16 16:33:15,725 [FATAL] Updater:308 - Updater called before beeing initialized
2023-11-16 16:33:15,725 [WARN] DetailPanel:346 - Failed to get advertising image, set to default
2023-11-16 16:33:15,726 [FATAL] Updater:308 - Updater called before beeing initialized
2023-11-16 16:33:15,827 [ERROR] Updater:1120 - MainUpdater not yet initialized. External WinMGr cannot be set.
2023-11-16 16:33:15,846 [INFO] Updater:1056 - Updater Version found : 6.9.1
2023-11-16 16:33:15,876 [INFO] ApplicationProperties:184 - Using Application install path: C:\ST\STM32CubeIDE_1.13.1\STM32CubeIDE\plugins\com.st.stm32cube.common.mx_6.9.1.202307191849
2023-11-16 16:33:16,136 [INFO] MainUpdater:2868 - connection check result : 10
2023-11-16 16:33:16,137 [INFO] MainUpdater:3562 - Updater definition file requires update
2023-11-16 16:33:16,138 [INFO] MainUpdater:285 - Updater Check For Update Now.
2023-11-16 16:33:16,138 [INFO] MicroXplorer:498 - Change Database Version : DB.6.0.91
2023-11-16 16:33:16,172 [INFO] McuFinderGlobals:63 - Set McuFinder mode to 2 (CubeIDE integrated)
2023-11-16 16:33:16,216 [INFO] ServerAccessManage:473 - Download File updaters.zip
2023-11-16 16:33:16,384 [INFO] FileExtend:240 - Unzip File : updaters.zip
2023-11-16 16:33:16,384 [INFO] FileExtend:255 - Standard Zip Deflate
2023-11-16 16:33:16,594 [WARN] MainUpdater:1189 - Updater busy. Cannot search thirdparties
2023-11-16 16:33:16,595 [INFO] ThirdPartyUpdaterWithRetryManager:96 - Updater plugin is busy. [1/15]
2023-11-16 16:33:17,112 [INFO] ServerAccessManage:473 - Download File PacksControlFlags.xml
2023-11-16 16:33:17,248 [INFO] ServerAccessManage:473 - Download File cubemx.pidx
2023-11-16 16:33:17,475 [INFO] LoadServerUpdatesThread:373 - End of LoadServerUpdate Thread
2023-11-16 16:33:17,758 [INFO] CheckServerUpdateThread:120 - End of CheckServer Thread
2023-11-16 16:33:20,053 [WARN] PackLoader:240 - Cannot read IP mode file for STMicroelectronics.X-CUBE-SMBUS.2.1.0
2023-11-16 16:33:20,145 [WARN] PackLoader:240 - Cannot read IP mode file for STMicroelectronics.X-CUBE-AZRTOS-F7.1.1.0
2023-11-16 16:33:20,184 [WARN] PackLoader:240 - Cannot read IP mode file for STMicroelectronics.FP-SNS-MOTENV1.4.3.2
2023-11-16 16:33:20,212 [WARN] PackLoader:240 - Cannot read IP mode file for STMicroelectronics.FP-SNS-FLIGHT1.5.0.2
2023-11-16 16:33:20,243 [WARN] PackLoader:240 - Cannot read IP mode file for STMicroelectronics.X-CUBE-DISPLAY.3.0.0
2023-11-16 16:33:20,284 [WARN] PackLoader:240 - Cannot read IP mode file for STMicroelectronics.X-CUBE-BLE1.7.0.0
2023-11-16 16:33:20,311 [WARN] PackLoader:240 - Cannot read IP mode file for emotas.I-CUBE-CANOPEN.1.3.0
2023-11-16 16:33:20,335 [WARN] PackLoader:240 - Cannot read IP mode file for STMicroelectronics.X-CUBE-TOUCHGFX.4.22.0
2023-11-16 16:33:20,356 [WARN] PackLoader:240 - Cannot read IP mode file for STMicroelectronics.X-CUBE-TOUCHGFX.4.22.1
2023-11-16 16:33:20,380 [WARN] PackLoader:240 - Cannot read IP mode file for STMicroelectronics.FP-SNS-SMARTAG2.1.2.0
2023-11-16 16:33:20,424 [INFO] LogOutputStream:77 - [STDOUT_REDIRECT] 1 : Invalid condition id : UX_CORESTACK_Condition cause : null
2023-11-16 16:33:20,425 [INFO] LogOutputStream:77 - [STDOUT_REDIRECT] 1 : Invalid condition id : UX_CORESTACK_Condition cause : null
2023-11-16 16:33:20,427 [INFO] LogOutputStream:77 - [STDOUT_REDIRECT] 1 : Invalid condition id : UX_CORESTACK_Condition cause : null
2023-11-16 16:33:20,430 [INFO] LogOutputStream:77 - [STDOUT_REDIRECT] 1 : Invalid condition id : UX_CORESTACK_Condition cause : null
2023-11-16 16:33:20,433 [INFO] LogOutputStream:77 - [STDOUT_REDIRECT] 1 : Invalid condition id : UX_CORESTACK_Condition cause : null
2023-11-16 16:33:20,443 [WARN] PackLoader:240 - Cannot read IP mode file for STMicroelectronics.X-CUBE-AZRTOS-WL.2.0.0
2023-11-16 16:33:20,474 [WARN] PackLoader:240 - Cannot read IP mode file for WES.I-CUBE-Cesium.1.3.0
2023-11-16 16:33:20,499 [WARN] PackLoader:240 - Cannot read IP mode file for STMicroelectronics.X-CUBE-BLE2.3.3.0
2023-11-16 16:33:20,528 [WARN] PackLoader:240 - Cannot read IP mode file for STMicroelectronics.X-CUBE-ALGOBUILD.1.3.0
2023-11-16 16:33:20,595 [WARN] PackLoader:240 - Cannot read IP mode file for STMicroelectronics.X-CUBE-AZRTOS-G0.1.1.0
2023-11-16 16:33:20,625 [WARN] PackLoader:240 - Cannot read IP mode file for STMicroelectronics.X-CUBE-NFC4.3.0.0
2023-11-16 16:33:20,671 [WARN] PackLoader:240 - Cannot read IP mode file for STMicroelectronics.X-CUBE-BLEMGR.3.0.0
2023-11-16 16:33:20,701 [WARN] PackLoader:240 - Cannot read IP mode file for STMicroelectronics.FP-ATR-SIGFOX1.3.2.0
2023-11-16 16:33:20,793 [WARN] PackLoader:240 - Cannot read IP mode file for SEGGER.I-CUBE-embOS.1.3.1
2023-11-16 16:33:20,908 [WARN] PackLoader:240 - Cannot read IP mode file for STMicroelectronics.X-CUBE-GNSS1.6.0.0
2023-11-16 16:33:20,973 [WARN] PackLoader:240 - Cannot read IP mode file for STMicroelectronics.X-CUBE-AZRTOS-F4.1.1.0
2023-11-16 16:33:21,006 [WARN] PackLoader:240 - Cannot read IP mode file for wolfSSL.I-CUBE-wolfSSL.5.6.3
2023-11-16 16:33:21,066 [WARN] PackLoader:240 - Cannot read IP mode file for STMicroelectronics.X-CUBE-AZRTOS-L5.2.0.0
2023-11-16 16:33:21,230 [WARN] PackLoader:240 - Cannot read IP mode file for STMicroelectronics.X-CUBE-MEMS1.9.6.0
2023-11-16 16:33:21,594 [WARN] PackLoader:240 - Cannot read IP mode file for STMicroelectronics.X-CUBE-EEPRMA1.4.2.0
2023-11-16 16:33:21,620 [WARN] PackLoader:240 - Cannot read IP mode file for ITTIA_DB.I-CUBE-ITTIADB.8.8.0
2023-11-16 16:33:21,650 [WARN] PackLoader:240 - Cannot read IP mode file for STMicroelectronics.X-CUBE-BLEMGR.2.0.0
2023-11-16 16:33:21,712 [WARN] ConditionMgr:438 - getConditionDescription Invalid condition id : UX DEVICE CLASS RTOS Condition cause : null
2023-11-16 16:33:21,713 [WARN] ConditionMgr:438 - getConditionDescription Invalid condition id : UX DEVICE CLASS RTOS Condition cause : null
2023-11-16 16:33:21,721 [WARN] PackLoader:240 - Cannot read IP mode file for STMicroelectronics.X-CUBE-AZRTOS-H7.3.1.0
2023-11-16 16:33:21,723 [WARN] ConditionMgr:1039 - genDependencies : Invalid condition id : UX DEVICE CLASS RTOS Condition cause : null
2023-11-16 16:33:21,723 [WARN] ConditionMgr:1039 - genDependencies : Invalid condition id : UX DEVICE CLASS RTOS Condition cause : null
2023-11-16 16:33:21,724 [WARN] ConditionMgr:1039 - genDependencies : Invalid condition id : UX DEVICE CLASS RTOS Condition cause : null
2023-11-16 16:33:21,725 [WARN] ConditionMgr:1039 - genDependencies : Invalid condition id : UX DEVICE CLASS RTOS Condition cause : null
2023-11-16 16:33:21,726 [WARN] ConditionMgr:1039 - genDependencies : Invalid condition id : UX DEVICE CLASS RTOS Condition cause : null
2023-11-16 16:33:21,753 [WARN] PackLoader:240 - Cannot read IP mode file for STMicroelectronics.X-CUBE-NFC7.1.0.1
2023-11-16 16:33:21,783 [WARN] PackLoader:240 - Cannot read IP mode file for STMicroelectronics.X-CUBE-NFC6.3.0.0
2023-11-16 16:33:21,811 [WARN] PackLoader:240 - Cannot read IP mode file for STMicroelectronics.X-CUBE-EEPRMA1.4.1.0
2023-11-16 16:33:21,839 [WARN] PackLoader:240 - Cannot read IP mode file for STMicroelectronics.X-CUBE-AI.8.1.0
2023-11-16 16:33:21,901 [WARN] ConditionMgr:438 - getConditionDescription Invalid condition id : LAN8742 Phy interface Condition cause : null
2023-11-16 16:33:21,903 [WARN] PackLoader:240 - Cannot read IP mode file for STMicroelectronics.X-CUBE-AZRTOS-L4.2.0.0
2023-11-16 16:33:21,906 [WARN] ConditionMgr:1039 - genDependencies : Invalid condition id : LAN8742 Phy interface Condition cause : null
2023-11-16 16:33:21,906 [WARN] ConditionMgr:1039 - genDependencies : Invalid condition id : LAN8742 Phy interface Condition cause : null
2023-11-16 16:33:21,908 [WARN] ConditionMgr:1039 - genDependencies : Invalid condition id : LAN8742 Phy interface Condition cause : null
2023-11-16 16:33:21,937 [WARN] PackLoader:240 - Cannot read IP mode file for STMicroelectronics.X-CUBE-SFXS2LP1.4.0.0
2023-11-16 16:33:21,961 [WARN] PackLoader:240 - Cannot read IP mode file for STMicroelectronics.X-CUBE-ISPU.1.1.0
2023-11-16 16:33:22,023 [WARN] ConditionMgr:438 - getConditionDescription Invalid condition id : UX DEVICE CLASS RTOS Condition cause : null
2023-11-16 16:33:22,024 [WARN] ConditionMgr:438 - getConditionDescription Invalid condition id : UX DEVICE CLASS RTOS Condition cause : null
2023-11-16 16:33:22,029 [WARN] PackLoader:240 - Cannot read IP mode file for STMicroelectronics.X-CUBE-AZRTOS-WB.2.0.0
2023-11-16 16:33:22,031 [WARN] ConditionMgr:1039 - genDependencies : Invalid condition id : UX DEVICE CLASS RTOS Condition cause : null
2023-11-16 16:33:22,031 [WARN] ConditionMgr:1039 - genDependencies : Invalid condition id : UX DEVICE CLASS RTOS Condition cause : null
2023-11-16 16:33:22,032 [WARN] ConditionMgr:1039 - genDependencies : Invalid condition id : UX DEVICE CLASS RTOS Condition cause : null
2023-11-16 16:33:22,033 [WARN] ConditionMgr:1039 - genDependencies : Invalid condition id : UX DEVICE CLASS RTOS Condition cause : null
2023-11-16 16:33:22,033 [WARN] ConditionMgr:1039 - genDependencies : Invalid condition id : UX DEVICE CLASS RTOS Condition cause : null
2023-11-16 16:33:22,066 [WARN] PackLoader:240 - Cannot read IP mode file for STMicroelectronics.X-CUBE-FREERTOS.1.0.1
2023-11-16 16:33:22,101 [WARN] PackLoader:240 - Cannot read IP mode file for STMicroelectronics.X-CUBE-SUBG2.5.0.0
2023-11-16 16:33:22,150 [WARN] PackLoader:240 - Cannot read IP mode file for STMicroelectronics.X-CUBE-TOF1.3.3.1
2023-11-16 16:33:22,224 [WARN] PackLoader:240 - Cannot read IP mode file for STMicroelectronics.X-CUBE-AZRTOS-G4.2.0.0
2023-11-16 16:33:22,273 [WARN] PackLoader:240 - Cannot read IP mode file for Infineon.AIROC-Wi-Fi-Bluetooth-STM32.1.5.1
2023-11-16 16:33:22,300 [WARN] PackLoader:240 - Cannot read IP mode file for STMicroelectronics.FP-SNS-MOTENVWB1.1.3.0
2023-11-16 16:33:22,425 [WARN] PackLoader:240 - Cannot read IP mode file for STMicroelectronics.X-CUBE-MEMS1.10.0.0
2023-11-16 16:33:24,802 [WARN] PackLoader:240 - Cannot read IP mode file for STMicroelectronics.X-CUBE-FREERTOS.1.1.0
2023-11-16 16:33:25,600 [WARN] PackLoader:240 - Cannot read IP mode file for portGmbH.I-Cube-SoM-uGOAL.1.1.0
2023-11-16 16:33:25,822 [WARN] PackLoader:240 - Cannot read IP mode file for STMicroelectronics.X-CUBE-ALS.1.0.1
2023-11-16 16:33:25,903 [WARN] PackLoader:240 - Cannot read IP mode file for STMicroelectronics.FP-ATR-ASTRA1.2.0.0
2023-11-16 16:33:25,934 [INFO] ThirdParty:978 - Integrity check success = true
2023-11-16 16:33:25,934 [INFO] IntegrityCheckThread:100 - exiting critical section [integrity check]
2023-11-16 16:33:25,935 [INFO] IntegrityCheckThread:103 - End integrity checks thread
2023-11-16 16:33:38,700 [ERROR] LogOutputStream:75 - [STDERR_REDIRECT] SLF4J: Failed to load class "org.slf4j.impl.StaticLoggerBinder".
2023-11-16 16:33:38,701 [ERROR] LogOutputStream:75 - [STDERR_REDIRECT] SLF4J: Defaulting to no-operation (NOP) logger implementation
2023-11-16 16:33:38,705 [ERROR] LogOutputStream:75 - [STDERR_REDIRECT] SLF4J: See http://www.slf4j.org/codes.html#StaticLoggerBinder for further details.
2023-11-16 16:33:58,293 [INFO] McuFinderGlobals:63 - Set McuFinder mode to 2 (CubeIDE integrated)
2023-11-16 16:33:58,368 [INFO] MainUpdater:2868 - connection check result : 10
2023-11-16 16:33:58,384 [INFO] MainUpdater:2868 - connection check result : 10
2023-11-16 16:33:59,200 [INFO] MicroXplorer:468 - Change Database Path : 
2023-11-16 16:33:59,200 [INFO] MicroXplorer:498 - Change Database Version : DB.6.0.91
2023-11-16 16:33:59,209 [WARN] ThirdParty:871 - waiting for thirdparty lock release [close project]
2023-11-16 16:33:59,209 [INFO] ThirdParty:873 - entering critical section [close project]
2023-11-16 16:33:59,211 [INFO] ThirdParty:883 - exiting critical section [close project]
2023-11-16 16:33:59,215 [INFO] PinOutPanel:1499 - setPackage(No Configuration,No Configuration)
2023-11-16 16:33:59,229 [INFO] UtilMem:75 - Begin LoadConfig() Used Memory: 398429184 Bytes (596639744)
2023-11-16 16:33:59,241 [INFO] MicroXplorer:468 - Change Database Path : C:/Users/Beispiel/.stm32cubemx/databases/DB.6.0.90/db/
2023-11-16 16:33:59,241 [INFO] MicroXplorer:498 - Change Database Version : DB.6.0.90
2023-11-16 16:34:02,375 [INFO] OpenFileManager:308 - Change cursor
2023-11-16 16:34:02,468 [INFO] Mcu:1946 - Initializing MCU STM32L073R(B-Z)Tx STM32L073RZTx STM32L073RZT6
2023-11-16 16:34:06,700 [INFO] Context:659 - Trying to add GPIOservice into a context  which must be forbidden
2023-11-16 16:34:08,637 [INFO] RtosManager:555 - Registered RTOS mode: class=CMSIS, group=RTOS, mode=CMSIS_V1, owner=FREERTOS
2023-11-16 16:34:08,637 [INFO] RtosManager:555 - Registered RTOS mode: class=CMSIS, group=RTOS2, mode=CMSIS_V2, owner=FREERTOS
2023-11-16 16:34:08,637 [INFO] RtosManager:555 - Registered RTOS mode: class=RTOS, group=Core, mode=CMSIS_V1, owner=FREERTOS
2023-11-16 16:34:08,637 [INFO] RtosManager:555 - Registered RTOS mode: class=RTOS, group=Core, mode=CMSIS_V2, owner=FREERTOS
2023-11-16 16:34:08,638 [WARN] ModelIntegratedComponent:184 - Missing modes for component STMicroelectronics:FreeRTOS:0.0.1:STMicroelectronics:RTOS:FreeRTOS:Core:::10.2.0:
2023-11-16 16:34:08,692 [WARN] ModelIntegratedComponent:63 - No mode defined for component null
2023-11-16 16:34:08,692 [WARN] ModelIntegratedComponent:63 - No mode defined for component null
2023-11-16 16:34:08,692 [WARN] ModelIntegratedComponent:63 - No mode defined for component null
2023-11-16 16:34:08,692 [WARN] ModelIntegratedComponent:63 - No mode defined for component null
2023-11-16 16:34:08,692 [WARN] ModelIntegratedComponent:63 - No mode defined for component null
2023-11-16 16:34:08,692 [WARN] ModelIntegratedComponent:63 - No mode defined for component null
2023-11-16 16:34:08,693 [WARN] ModelIntegratedComponent:63 - No mode defined for component null
2023-11-16 16:34:08,693 [WARN] ModelIntegratedComponent:63 - No mode defined for component null
2023-11-16 16:34:08,693 [WARN] ModelIntegratedComponent:63 - No mode defined for component null
2023-11-16 16:34:08,693 [WARN] ModelIntegratedComponent:63 - No mode defined for component null
2023-11-16 16:34:08,693 [WARN] ModelIntegratedComponent:63 - No mode defined for component null
2023-11-16 16:34:08,693 [WARN] ModelIntegratedComponent:63 - No mode defined for component null
2023-11-16 16:34:08,693 [WARN] ModelIntegratedComponent:63 - No mode defined for component null
2023-11-16 16:34:08,693 [WARN] ModelIntegratedComponent:63 - No mode defined for component null
2023-11-16 16:34:08,693 [WARN] ModelIntegratedComponent:63 - No mode defined for component null
2023-11-16 16:34:08,694 [WARN] ModelIntegratedComponent:63 - No mode defined for component null
2023-11-16 16:34:08,694 [WARN] ModelIntegratedComponent:63 - No mode defined for component null
2023-11-16 16:34:08,694 [WARN] ModelIntegratedComponent:63 - No mode defined for component null
2023-11-16 16:34:08,694 [WARN] ModelIntegratedComponent:63 - No mode defined for component null
2023-11-16 16:34:08,694 [WARN] ModelIntegratedComponent:63 - No mode defined for component null
2023-11-16 16:34:08,694 [WARN] ModelIntegratedComponent:63 - No mode defined for component null
2023-11-16 16:34:08,694 [WARN] ModelIntegratedComponent:63 - No mode defined for component null
2023-11-16 16:34:08,694 [WARN] ModelIntegratedComponent:63 - No mode defined for component null
2023-11-16 16:34:08,695 [WARN] ModelIntegratedComponent:63 - No mode defined for component null
2023-11-16 16:34:08,695 [WARN] ModelIntegratedComponent:63 - No mode defined for component null
2023-11-16 16:34:08,695 [WARN] ModelIntegratedComponent:63 - No mode defined for component null
2023-11-16 16:34:08,695 [WARN] ModelIntegratedComponent:63 - No mode defined for component null
2023-11-16 16:34:08,695 [WARN] ModelIntegratedComponent:63 - No mode defined for component null
2023-11-16 16:34:08,695 [WARN] ModelIntegratedComponent:63 - No mode defined for component null
2023-11-16 16:34:08,695 [WARN] ModelIntegratedComponent:63 - No mode defined for component null
2023-11-16 16:34:08,695 [WARN] ModelIntegratedComponent:63 - No mode defined for component null
2023-11-16 16:34:08,695 [WARN] ModelIntegratedComponent:63 - No mode defined for component null
2023-11-16 16:34:08,696 [WARN] ModelIntegratedComponent:63 - No mode defined for component null
2023-11-16 16:34:09,004 [INFO] ThirdPartyModel:298 - Start build external matchings
2023-11-16 16:34:10,188 [INFO] ThirdPartyModel:316 - End build external matchings
2023-11-16 16:34:10,259 [INFO] ImportTextPane:194 - (OptionalMessage_ERROR) IP (RCC) : Parameter (48USBFreq_Value) has invalid value (24000000)
2023-11-16 16:34:10,260 [INFO] ImportTextPane:194 - (OptionalMessage_ERROR) IP (RCC) : Invalid parameter (FamilyName)
2023-11-16 16:34:10,269 [INFO] ImportTextPane:194 - (OptionalMessage_ERROR) IP (RCC) : Parameter (RTCHSEDivFreq_Value) has invalid value (4000000)
2023-11-16 16:34:10,270 [INFO] ImportTextPane:194 - (OptionalMessage_ERROR) IP (RCC) : Invalid parameter (TIMFreq_Value)
2023-11-16 16:34:10,790 [INFO] UtilMem:75 - End LoadConfig() Used Memory: 499085656 Bytes (720371712)
2023-11-16 16:34:11,218 [INFO] ApiDb:581 - Connected to CubeFinder SQLite database (C:\Users\Beispiel\.stmcufinder\plugins\mcufinder\mcu\cube-finder-db.db)
2023-11-16 16:34:11,490 [INFO] ApiDb:668 - CubeFinder database Data Model version=2.1
2023-11-16 16:34:11,491 [INFO] ApiDb:669 - CubeFinder database Configuration version=3.0.37
2023-11-16 16:34:11,491 [INFO] ApiDb:670 - CubeFinder database generation date=2023-10-13 (1697197505)
2023-11-16 16:34:11,491 [INFO] ApiDb:671 - CubeFinder database FW Pack versions=[FP-ATR-ASTRA1_V2.0.0, FP-SNS-FLIGHT1_V5.0.1, FP-SNS-FLIGHT1_V5.0.2, FP-SNS-MOTENV1_V4.3.1, FP-SNS-MOTENV1_V4.3.2, FP-SNS-SMARTAG2_V1.2.0, I-CUBE-ITTIADB_V8.6.3-1, STM32Cube_FW_C0_V1.1.0, STM32Cube_FW_F4_V1.27.1, STM32Cube_FW_F7_V1.17.0, STM32Cube_FW_G0_V1.6.1, STM32Cube_FW_G4_V1.5.1, STM32Cube_FW_H5_V0.5.1, STM32Cube_FW_H5_V1.1.1, STM32Cube_FW_H7_V1.11.0, STM32Cube_FW_L0_V1.12.2, STM32Cube_FW_L5_V1.5.0, STM32Cube_FW_U5_V1.3.0, STM32Cube_FW_U5_V1.3.0RC4, STM32Cube_FW_WBA_V1.0.0RC1, STM32Cube_FW_WBA_V1.1.0RC1, STM32Cube_FW_WBA_V1.1.1, STM32Cube_FW_WB_V1.15.0RC1, STM32Cube_FW_WB_V1.16.0, STM32Cube_FW_WB_V1.16.0RC2, STM32Cube_FW_WB_V1.17.3, STM32Cube_FW_WL_V1.3.0, X-CUBE-ALGOBUILD_V1.3.0, X-CUBE-ALS_V1.0.1, X-CUBE-AZRTOS-F4_V1.1.0, X-CUBE-AZRTOS-F7_V1.1.0, X-CUBE-AZRTOS-G0_V1.1.0, X-CUBE-AZRTOS-G4_V2.0.0, X-CUBE-AZRTOS-H7_V3.1.0, X-CUBE-AZRTOS-L4_V1.0.0, X-CUBE-AZRTOS-L4_V2.0.0, X-CUBE-AZRTOS-L5_V1.1.0, X-CUBE-AZRTOS-WB_V2.0.0, X-CUBE-AZRTOS-WL_V2.0.0, X-CUBE-BLE1_V7.0.0, X-CUBE-BLE2_V3.3.0, X-CUBE-BLEMGR_V2.0.0, X-CUBE-EEPRMA1_V4.1.0, X-CUBE-FREERTOS_V1.1.0, X-CUBE-GNSS1_V6.0.0, X-CUBE-MEMS1_V10.0.0, X-CUBE-MEMS1_V9.1.0, X-CUBE-MEMS1_V9.4.0, X-CUBE-MEMS1_V9.6.0, X-CUBE-NFC4_V3.0.0, X-CUBE-NFC7_V1.0.1, X-CUBE-SFXS2LP1_V4.0.0, X-CUBE-SUBG2_V5.0.0, X-CUBE-TOF1_V3.3.1]
2023-11-16 16:34:16,612 [INFO] ApiDb:240 - Found 323 in-development CPN: [B-G473E-ZEST1S, B-WB1M-WPAN1, B-WL5M-SUBG1, NUCLEO-C031C6, NUCLEO-H503RB, NUCLEO-H563ZI, NUCLEO-U545RE-Q, NUCLEO-U5A5ZJ-Q, NUCLEO-WBA52CG, STEVAL-PROTEUS1, STEVAL-SMARTAG2, STEVAL-STWINBX1, STM320518-EVAL, STM32C0116-DK, STM32C011D6Y3TR, STM32C011D6Y6TR, STM32C011F4P3, STM32C011F4P6, STM32C011F4U3, STM32C011F4U6TR, STM32C011F6P3, STM32C011F6P6, STM32C011F6U3, STM32C011F6U6TR, STM32C011J4M3, STM32C011J4M6, STM32C011J6M3, STM32C011J6M6, STM32C0316-DK, STM32C031C4T3, STM32C031C4T6, STM32C031C4U3, STM32C031C4U6, STM32C031C6T3, STM32C031C6T6, STM32C031C6U3, STM32C031C6U6, STM32C031F4P3, STM32C031F4P6, STM32C031F6P3, STM32C031F6P6, STM32C031G4U3, STM32C031G4U6, STM32C031G6U3, STM32C031G6U6, STM32C031K4T3, STM32C031K4T6, STM32C031K4U3, STM32C031K4U6, STM32C031K6T3, STM32C031K6T6, STM32C031K6U3, STM32C031K6U6, STM32G071K8TXN, STM32G071K8UXN, STM32G081GBU6N, STM32G081KBT6N, STM32G081KBUXN, STM32G0B1CCT6N, STM32G0B1KCT6, STM32G0B1NEY6TR, STM32G0B1RCT6N, STM32G0C1CCT6, STM32G0C1CCT6N, STM32G0C1CCU6N, STM32G0C1CET6N, STM32G0C1CEU6N, STM32G0C1KCT6, STM32G0C1NEY6TR, STM32G0C1RCI6N, STM32G0C1RCT6N, STM32G0C1REI6N, STM32G0C1RET6N, STM32G0C1VCI6, STM32G0C1VEI6, STM32G471CCT6, STM32G471CCU6, STM32G471CET3, STM32G471CET6, STM32G471CEU3, STM32G471CEU6, STM32G471MCT6, STM32G471MET3, STM32G471MET6, STM32G471MEY6TR, STM32G471QCT6, STM32G471QET3, STM32G471RCT6, STM32G471RET3, STM32G471RET6, STM32G471VCH6, STM32G471VCI6, STM32G471VCT6, STM32G471VEH3, STM32G471VEH6, STM32G471VEI3, STM32G471VEI6, STM32G471VET3, STM32G471VET6, STM32G474CCT6, STM32H503CBT6, STM32H503CBU6, STM32H503EBY6TR, STM32H503KBU6, STM32H503RBT6, STM32H562AGI6, STM32H562AII6, STM32H562IGK6, STM32H562IGT6, STM32H562IIK6, STM32H562IIT6, STM32H562RGT6, STM32H562RGV6, STM32H562RIT6, STM32H562RIV6, STM32H562VGT6, STM32H562VIT6, STM32H562ZGT6, STM32H562ZIT6, STM32H563AGI6, STM32H563AII3Q, STM32H563AII6, STM32H563IGK6, STM32H563IGT6, STM32H563IIK3Q, STM32H563IIK6, STM32H563IIT3Q, STM32H563IIT6, STM32H563MIY3QTR, STM32H563RGT6, STM32H563RGV6, STM32H563RIT6, STM32H563RIV6, STM32H563VGT6, STM32H563VIT3Q, STM32H563VIT6, STM32H563ZGT6, STM32H563ZIT3Q, STM32H563ZIT6, STM32H573AII3Q, STM32H573AII6, STM32H573I-DK, STM32H573IIK3Q, STM32H573IIK6, STM32H573IIT3Q, STM32H573IIT6, STM32H573MIY3QTR, STM32H573RIT6, STM32H573RIV6, STM32H573VIT3Q, STM32H573VIT6, STM32H573ZIT3Q, STM32H573ZIT6, STM32L4R5QGI6STR, STM32MP131AAE3, STM32MP131AAF3, STM32MP131AAG3, STM32MP131CAE3, STM32MP131CAF3, STM32MP131CAG3, STM32MP131DAE7, STM32MP131DAF7, STM32MP131DAG7, STM32MP131FAE7, STM32MP131FAF7, STM32MP131FAG7, STM32MP133AAE3, STM32MP133AAF3, STM32MP133AAG3, STM32MP133CAE3, STM32MP133CAF3, STM32MP133CAG3, STM32MP133DAE7, STM32MP133DAF7, STM32MP133DAG7, STM32MP133FAE7, STM32MP133FAF7, STM32MP133FAG7, STM32MP135AAE3, STM32MP135AAF3, STM32MP135AAG3, STM32MP135CAE3, STM32MP135CAF3, STM32MP135CAG3, STM32MP135DAE7, STM32MP135DAF7, STM32MP135DAG7, STM32MP135F-DK, STM32MP135FAE7, STM32MP135FAF7, STM32MP135FAF7T, STM32MP135FAF7U, STM32MP135FAG7, STM32U535CBT6, STM32U535CBT6Q, STM32U535CBU6, STM32U535CBU6Q, STM32U535CCT6, STM32U535CCT6Q, STM32U535CCU6, STM32U535CCU6Q, STM32U535CET6, STM32U535CET6Q, STM32U535CEU6, STM32U535CEU6Q, STM32U535JEY6QTR, STM32U535NCY6QTR, STM32U535NEY6QTR, STM32U535RBI6, STM32U535RBI6Q, STM32U535RBT6, STM32U535RBT6Q, STM32U535RCI6, STM32U535RCI6Q, STM32U535RCT6, STM32U535RCT6Q, STM32U535REI6, STM32U535REI6Q, STM32U535RET6, STM32U535RET6Q, STM32U535VCI6, STM32U535VCI6Q, STM32U535VCT6, STM32U535VCT6Q, STM32U535VEI6, STM32U535VEI6Q, STM32U535VET6, STM32U535VET6Q, STM32U545CET6, STM32U545CET6Q, STM32U545CEU6, STM32U545CEU6Q, STM32U545JEY6QTR, STM32U545NEY6QTR, STM32U545REI6, STM32U545REI6Q, STM32U545RET6, STM32U545RET6Q, STM32U545VEI6, STM32U545VEI6Q, STM32U545VET6, STM32U545VET6Q, STM32U595AIH6, STM32U595AIH6Q, STM32U595AJH6, STM32U595AJH6Q, STM32U595QII6, STM32U595QII6Q, STM32U595QJI6, STM32U595QJI6Q, STM32U595RIT6, STM32U595RIT6Q, STM32U595RJT6, STM32U595RJT6Q, STM32U595VIT6, STM32U595VIT6Q, STM32U595VJT6, STM32U595VJT6Q, STM32U595ZIT6, STM32U595ZIT6Q, STM32U595ZIY6QTR, STM32U595ZJT6, STM32U595ZJT6Q, STM32U595ZJY6QTR, STM32U599BJY6QTR, STM32U599NIH6Q, STM32U599NJH6Q, STM32U599VIT6Q, STM32U599VJT6, STM32U599VJT6Q, STM32U599ZIT6Q, STM32U599ZIY6QTR, STM32U599ZJT6Q, STM32U599ZJY6QTR, STM32U5A5AJH6, STM32U5A5AJH6Q, STM32U5A5QJI6, STM32U5A5QJI6Q, STM32U5A5RJT6, STM32U5A5RJT6Q, STM32U5A5VJT6, STM32U5A5VJT6Q, STM32U5A5ZJT6, STM32U5A5ZJT6Q, STM32U5A5ZJY6QTR, STM32U5A9BJY6QTR, STM32U5A9J-DK, STM32U5A9NJH6Q, STM32U5A9VJT6Q, STM32U5A9ZJT6Q, STM32U5A9ZJY6QTR, STM32U5F7VIT6, STM32U5F7VIT6Q, STM32U5F7VJT6, STM32U5F7VJT6Q, STM32U5F9BJY6QTR, STM32U5F9NJH6Q, STM32U5F9VIT6Q, STM32U5F9VJT6Q, STM32U5F9ZIJ6QTR, STM32U5F9ZIT6Q, STM32U5F9ZJJ6QTR, STM32U5F9ZJT6Q, STM32U5G7VJT6, STM32U5G7VJT6Q, STM32U5G9BJY6QTR, STM32U5G9J-DK1, STM32U5G9J-DK2, STM32U5G9NJH6Q, STM32U5G9VJT6Q, STM32U5G9ZJJ6QTR, STM32U5G9ZJT6Q, STM32WB1MMCH6, STM32WBA52CEU6, STM32WBA52CEU6T, STM32WBA52CGU6, STM32WBA52CGU6T, STM32WBA52KEU6, STM32WBA52KEU6T, STM32WBA52KGU6, STM32WBA52KGU6T, STM32WL5MOCH6, STM32WL5MOCH6TR]
2023-11-16 16:34:16,622 [INFO] DbMcus:217 - Found 3848 MCUs, 3848 are supported
2023-11-16 16:34:16,624 [INFO] ApiDb:423 - Load user favorites file C:\Users\Beispiel/.stm32cubeide/favorites.mcus.txt: 0 item(s)
2023-11-16 16:34:16,624 [INFO] ApiDb:427 - User favorites MCUs=[]
2023-11-16 16:34:16,625 [INFO] DbMcus:223 - Set 0 / 0 favorites MCUs
2023-11-16 16:34:17,679 [WARN] ThirdParty:833 - waiting for thirdparty lock release [change project]
2023-11-16 16:34:17,679 [INFO] ThirdParty:835 - entering critical section [change project]
2023-11-16 16:34:17,679 [INFO] ThirdParty:1030 - CMSIS Pack Vendor :STMicroelectronics X-CUBE-ISPU 1.1.0
2023-11-16 16:34:17,680 [INFO] ThirdParty:1030 - CMSIS Pack Vendor :STMicroelectronics USBPD 4.1
2023-11-16 16:34:17,680 [INFO] ThirdParty:1030 - CMSIS Pack Vendor :STMicroelectronics X-CUBE-GNSS1 6.0.0
2023-11-16 16:34:17,680 [INFO] ThirdParty:1030 - CMSIS Pack Vendor :STMicroelectronics USB_HOST 2.0.0
2023-11-16 16:34:17,680 [INFO] ThirdParty:1030 - CMSIS Pack Vendor :STMicroelectronics X-CUBE-AZRTOS-F4 1.1.0
2023-11-16 16:34:17,680 [INFO] ThirdParty:1030 - CMSIS Pack Vendor :STMicroelectronics LIBJPEG 8.0.0
2023-11-16 16:34:17,680 [INFO] ThirdParty:1030 - CMSIS Pack Vendor :wolfSSL I-CUBE-wolfSSL 5.6.3
2023-11-16 16:34:17,680 [INFO] ThirdParty:1030 - CMSIS Pack Vendor :STMicroelectronics X-CUBE-SMBUS 2.1.0
2023-11-16 16:34:17,680 [INFO] ThirdParty:1030 - CMSIS Pack Vendor :STMicroelectronics USB_DEVICE 3.0.0
2023-11-16 16:34:17,680 [INFO] ThirdParty:1030 - CMSIS Pack Vendor :STMicroelectronics X-CUBE-AZRTOS-WB 2.0.0
2023-11-16 16:34:17,680 [INFO] ThirdParty:1030 - CMSIS Pack Vendor :STMicroelectronics X-CUBE-FREERTOS 1.0.1
2023-11-16 16:34:17,680 [INFO] ThirdParty:1030 - CMSIS Pack Vendor :STMicroelectronics X-CUBE-AZRTOS-F7 1.1.0
2023-11-16 16:34:17,680 [INFO] ThirdParty:1030 - CMSIS Pack Vendor :STMicroelectronics X-CUBE-AZRTOS-L5 2.0.0
2023-11-16 16:34:17,680 [INFO] ThirdParty:1030 - CMSIS Pack Vendor :STMicroelectronics USB_DEVICE 2.0.0
2023-11-16 16:34:17,680 [INFO] ThirdParty:1030 - CMSIS Pack Vendor :STMicroelectronics X-CUBE-MEMS1 9.6.0
2023-11-16 16:34:17,680 [INFO] ThirdParty:1030 - CMSIS Pack Vendor :STMicroelectronics X-CUBE-EEPRMA1 4.2.0
2023-11-16 16:34:17,680 [INFO] ThirdParty:1030 - CMSIS Pack Vendor :ITTIA_DB I-CUBE-ITTIADB 8.8.0
2023-11-16 16:34:17,680 [INFO] ThirdParty:1030 - CMSIS Pack Vendor :STMicroelectronics FP-SNS-MOTENV1 4.3.2
2023-11-16 16:34:17,681 [INFO] ThirdParty:1030 - CMSIS Pack Vendor :STMicroelectronics X-CUBE-ALGOBUILD 1.3.0
2023-11-16 16:34:17,681 [INFO] ThirdParty:1030 - CMSIS Pack Vendor :STMicroelectronics FreeRTOS 0.0.1
2023-11-16 16:34:17,681 [INFO] ThirdParty:1030 - CMSIS Pack Vendor :STMicroelectronics X-CUBE-AZRTOS-G0 1.1.0
2023-11-16 16:34:17,681 [INFO] ThirdParty:1030 - CMSIS Pack Vendor :STMicroelectronics X-CUBE-BLEMGR 2.0.0
2023-11-16 16:34:17,681 [INFO] ThirdParty:1030 - CMSIS Pack Vendor :STMicroelectronics X-CUBE-NFC4 3.0.0
2023-11-16 16:34:17,681 [INFO] ThirdParty:1030 - CMSIS Pack Vendor :STMicroelectronics X-CUBE-SUBG2 5.0.0
2023-11-16 16:34:17,682 [INFO] ThirdParty:1030 - CMSIS Pack Vendor :STMicroelectronics STM32_WPAN 1.0.0
2023-11-16 16:34:17,682 [INFO] ThirdParty:1030 - CMSIS Pack Vendor :STMicroelectronics lwIP 2.0.3
2023-11-16 16:34:17,682 [INFO] ThirdParty:1030 - CMSIS Pack Vendor :STMicroelectronics FP-SNS-FLIGHT1 5.0.2
2023-11-16 16:34:17,682 [INFO] ThirdParty:1030 - CMSIS Pack Vendor :STMicroelectronics USB_HOST 1.0.0
2023-11-16 16:34:17,682 [INFO] ThirdParty:1030 - CMSIS Pack Vendor :STMicroelectronics X-CUBE-TOF1 3.3.1
2023-11-16 16:34:17,682 [INFO] ThirdParty:1030 - CMSIS Pack Vendor :STMicroelectronics X-CUBE-AZRTOS-G4 2.0.0
2023-11-16 16:34:17,683 [INFO] ThirdParty:1030 - CMSIS Pack Vendor :STMicroelectronics PDM2PCM 3.1.0
2023-11-16 16:34:17,683 [INFO] ThirdParty:1030 - CMSIS Pack Vendor :STMicroelectronics X-CUBE-AZRTOS-H7 3.1.0
2023-11-16 16:34:17,683 [INFO] ThirdParty:1030 - CMSIS Pack Vendor :Infineon AIROC-Wi-Fi-Bluetooth-STM32 1.5.1
2023-11-16 16:34:17,683 [INFO] ThirdParty:1030 - CMSIS Pack Vendor :STMicroelectronics X-CUBE-BLEMGR 3.0.0
2023-11-16 16:34:17,683 [INFO] ThirdParty:1030 - CMSIS Pack Vendor :STMicroelectronics PDM2PCM 3.3.0
2023-11-16 16:34:17,683 [INFO] ThirdParty:1030 - CMSIS Pack Vendor :STMicroelectronics X-CUBE-DISPLAY 3.0.0
2023-11-16 16:34:17,683 [INFO] ThirdParty:1030 - CMSIS Pack Vendor :STMicroelectronics FP-SNS-MOTENVWB1 1.3.0
2023-11-16 16:34:17,683 [INFO] ThirdParty:1030 - CMSIS Pack Vendor :STMicroelectronics X-CUBE-BLE1 7.0.0
2023-11-16 16:34:17,683 [INFO] ThirdParty:1030 - CMSIS Pack Vendor :STMicroelectronics FP-ATR-SIGFOX1 3.2.0
2023-11-16 16:34:17,684 [INFO] ThirdParty:1030 - CMSIS Pack Vendor :STMicroelectronics HAL Drivers 0.0.0
2023-11-16 16:34:17,684 [INFO] ThirdParty:1030 - CMSIS Pack Vendor :STMicroelectronics MBEDTLS 2.16.2
2023-11-16 16:34:17,684 [INFO] ThirdParty:1030 - CMSIS Pack Vendor :emotas I-CUBE-CANOPEN 1.3.0
2023-11-16 16:34:17,684 [INFO] ThirdParty:1030 - CMSIS Pack Vendor :STMicroelectronics X-CUBE-MEMS1 10.0.0
2023-11-16 16:34:17,684 [INFO] ThirdParty:1030 - CMSIS Pack Vendor :STMicroelectronics X-CUBE-FREERTOS 1.1.0
2023-11-16 16:34:17,684 [INFO] ThirdParty:1030 - CMSIS Pack Vendor :STMicroelectronics X-CUBE-TOUCHGFX 4.22.0
2023-11-16 16:34:17,684 [INFO] ThirdParty:1030 - CMSIS Pack Vendor :STMicroelectronics X-CUBE-NFC7 1.0.1
2023-11-16 16:34:17,684 [INFO] ThirdParty:1030 - CMSIS Pack Vendor :STMicroelectronics MBEDTLS 2.14.1
2023-11-16 16:34:17,684 [INFO] ThirdParty:1030 - CMSIS Pack Vendor :STMicroelectronics X-CUBE-TOUCHGFX 4.22.1
2023-11-16 16:34:17,684 [INFO] ThirdParty:1030 - CMSIS Pack Vendor :STMicroelectronics X-CUBE-NFC6 3.0.0
2023-11-16 16:34:17,685 [INFO] ThirdParty:1030 - CMSIS Pack Vendor :STMicroelectronics X-CUBE-EEPRMA1 4.1.0
2023-11-16 16:34:17,685 [INFO] ThirdParty:1030 - CMSIS Pack Vendor :portGmbH I-Cube-SoM-uGOAL 1.1.0
2023-11-16 16:34:17,685 [INFO] ThirdParty:1030 - CMSIS Pack Vendor :STMicroelectronics X-CUBE-ALS 1.0.1
2023-11-16 16:34:17,685 [INFO] ThirdParty:1030 - CMSIS Pack Vendor :STMicroelectronics ThreadX 1.0.0
2023-11-16 16:34:17,685 [INFO] ThirdParty:1030 - CMSIS Pack Vendor :STMicroelectronics FP-SNS-SMARTAG2 1.2.0
2023-11-16 16:34:17,685 [INFO] ThirdParty:1030 - CMSIS Pack Vendor :STMicroelectronics X-CUBE-AZRTOS-WL 2.0.0
2023-11-16 16:34:17,685 [INFO] ThirdParty:1030 - CMSIS Pack Vendor :SEGGER I-CUBE-embOS 1.3.1
2023-11-16 16:34:17,685 [INFO] ThirdParty:1030 - CMSIS Pack Vendor :STMicroelectronics USB_DEVICE 1.0.0
2023-11-16 16:34:17,685 [INFO] ThirdParty:1030 - CMSIS Pack Vendor :STMicroelectronics X-CUBE-AI 8.1.0
2023-11-16 16:34:17,685 [INFO] ThirdParty:1030 - CMSIS Pack Vendor :STMicroelectronics X-CUBE-AZRTOS-L4 2.0.0
2023-11-16 16:34:17,685 [INFO] ThirdParty:1030 - CMSIS Pack Vendor :STMicroelectronics ThreadX 0.0.2
2023-11-16 16:34:17,686 [INFO] ThirdParty:1030 - CMSIS Pack Vendor :WES I-CUBE-Cesium 1.3.0
2023-11-16 16:34:17,686 [INFO] ThirdParty:1030 - CMSIS Pack Vendor :STMicroelectronics FP-ATR-ASTRA1 2.0.0
2023-11-16 16:34:17,686 [INFO] ThirdParty:1030 - CMSIS Pack Vendor :STMicroelectronics lwIP 2.1.2
2023-11-16 16:34:17,686 [INFO] ThirdParty:1030 - CMSIS Pack Vendor :STMicroelectronics X-CUBE-SFXS2LP1 4.0.0
2023-11-16 16:34:17,686 [INFO] ThirdParty:1030 - CMSIS Pack Vendor :STMicroelectronics X-CUBE-BLE2 3.3.0
2023-11-16 16:34:17,686 [INFO] ThirdParty:1030 - CMSIS Pack Vendor :STMicroelectronics PDM2PCM 3.2.0
2023-11-16 16:34:17,686 [INFO] ThirdParty:841 - exiting critical section [change project]
2023-11-16 16:34:19,106 [INFO] PinOutPanel:1499 - setPackage(No Configuration,No Configuration)
2023-11-16 16:34:19,110 [INFO] PinOutPanel:1499 - setPackage(STM32L073RZTx,LQFP64)
2023-11-16 16:34:20,769 [INFO] UtilMem:75 - Before build in PCC Used Memory: 536127184 Bytes (1073741824)
2023-11-16 16:34:22,680 [INFO] UtilMem:75 - After build in PCC Used Memory: 704841600 Bytes (1073741824)
2023-11-16 16:34:22,749 [INFO] IPUIPlugin:80 - create IPUIPlugin
2023-11-16 16:34:22,749 [INFO] IPUIPlugin:80 - create IPUIPlugin
2023-11-16 16:34:22,749 [INFO] IPUIPlugin:80 - create IPUIPlugin
2023-11-16 16:34:22,750 [INFO] IPUIPlugin:80 - create IPUIPlugin
2023-11-16 16:34:22,750 [INFO] IPUIPlugin:80 - create IPUIPlugin
2023-11-16 16:34:22,750 [INFO] IPUIPlugin:80 - create IPUIPlugin
2023-11-16 16:34:22,751 [INFO] IPUIPlugin:80 - create IPUIPlugin
2023-11-16 16:34:22,751 [INFO] IPUIPlugin:80 - create IPUIPlugin
2023-11-16 16:34:22,751 [INFO] IPUIPlugin:80 - create IPUIPlugin
2023-11-16 16:34:22,751 [INFO] IPUIPlugin:80 - create IPUIPlugin
2023-11-16 16:34:22,752 [INFO] IPUIPlugin:80 - create IPUIPlugin
2023-11-16 16:34:22,753 [INFO] IPUIPlugin:80 - create IPUIPlugin
2023-11-16 16:34:22,755 [INFO] IPUIPlugin:80 - create IPUIPlugin
2023-11-16 16:34:22,755 [INFO] IPUIPlugin:80 - create IPUIPlugin
2023-11-16 16:34:22,755 [INFO] IPUIPlugin:80 - create IPUIPlugin
2023-11-16 16:34:22,756 [INFO] IPUIPlugin:80 - create IPUIPlugin
2023-11-16 16:34:22,756 [INFO] IPUIPlugin:80 - create IPUIPlugin
2023-11-16 16:34:22,757 [INFO] IPUIPlugin:80 - create IPUIPlugin
2023-11-16 16:34:22,757 [INFO] IPUIPlugin:80 - create IPUIPlugin
2023-11-16 16:34:22,758 [INFO] IPUIPlugin:80 - create IPUIPlugin
2023-11-16 16:34:22,758 [INFO] IPUIPlugin:80 - create IPUIPlugin
2023-11-16 16:34:22,759 [INFO] IPUIPlugin:80 - create IPUIPlugin
2023-11-16 16:34:22,760 [INFO] IPUIPlugin:80 - create IPUIPlugin
2023-11-16 16:34:22,760 [INFO] IPUIPlugin:80 - create IPUIPlugin
2023-11-16 16:34:22,761 [INFO] IPUIPlugin:80 - create IPUIPlugin
2023-11-16 16:34:22,761 [INFO] IPUIPlugin:80 - create IPUIPlugin
2023-11-16 16:34:22,762 [INFO] IPUIPlugin:80 - create IPUIPlugin
2023-11-16 16:34:22,762 [INFO] IPUIPlugin:80 - create IPUIPlugin
2023-11-16 16:34:22,763 [INFO] IPUIPlugin:80 - create IPUIPlugin
2023-11-16 16:34:22,763 [INFO] IPUIPlugin:80 - create IPUIPlugin
2023-11-16 16:34:22,764 [INFO] IPUIPlugin:80 - create IPUIPlugin
2023-11-16 16:34:22,764 [INFO] IPUIPlugin:80 - create IPUIPlugin
2023-11-16 16:34:22,765 [INFO] IPUIPlugin:80 - create IPUIPlugin
2023-11-16 16:34:22,766 [INFO] IPUIPlugin:80 - create IPUIPlugin
2023-11-16 16:34:22,766 [INFO] IPUIPlugin:80 - create IPUIPlugin
2023-11-16 16:34:22,767 [INFO] IPUIPlugin:80 - create IPUIPlugin
2023-11-16 16:34:22,768 [INFO] IPUIPlugin:80 - create IPUIPlugin
2023-11-16 16:34:22,769 [INFO] IPUIPlugin:80 - create IPUIPlugin
2023-11-16 16:34:22,770 [INFO] IPUIPlugin:80 - create IPUIPlugin
2023-11-16 16:34:23,262 [INFO] CADModel:165 - CPN selected for project levelSTM32L073RZT6
2023-11-16 16:34:23,262 [INFO] CADModel:114 - Register for checkConnection events
2023-11-16 16:34:23,327 [INFO] OpenFileManager:328 - Restore cursor
2023-11-16 16:38:14,926 [INFO] UtilMem:75 - End SaveConfig() Used Memory: 746389024 Bytes (1073741824)
2023-11-16 16:38:16,428 [INFO] UtilMem:75 - End SaveConfig() Used Memory: 509607624 Bytes (1073741824)
2023-11-16 16:38:19,640 [INFO] UtilMem:75 - End SaveConfig() Used Memory: 572398472 Bytes (1073741824)
2023-11-16 16:38:20,529 [INFO] BlockDiagram:2759 - set Specific Code input for plugin: NVIC
2023-11-16 16:38:20,529 [INFO] BlockDiagram:2759 - set Specific Code input for plugin: USART
2023-11-16 16:38:20,530 [INFO] BlockDiagram:2759 - set Specific Code input for plugin: SYS
2023-11-16 16:38:20,530 [INFO] BlockDiagram:2759 - set Specific Code input for plugin: GPIO
2023-11-16 16:38:20,531 [INFO] BlockDiagram:2759 - set Specific Code input for plugin: RCC
2023-11-16 16:38:20,531 [INFO] BlockDiagram:2759 - set Specific Code input for plugin: I2C
2023-11-16 16:38:20,534 [INFO] CodeGenerator:799 - code generatio: config db path: C:/Users/Beispiel/.stm32cubemx/databases/DB.6.0.90/db/
2023-11-16 16:38:21,282 [INFO] CodeEngine:255 - oldGeneratedFile, C:\Users\Beispiel\Desktop\Team_Projekt\MXTmpFiles\license.tmp_save
2023-11-16 16:38:22,299 [INFO] CodeEngine:279 - Generated code: C:\Users\Beispiel\Desktop\Team_Projekt\MXTmpFiles\license.tmp
2023-11-16 16:38:22,771 [INFO] CodeEngine:255 - oldGeneratedFile, C:\Users\Beispiel\Desktop\Team_Projekt\MXTmpFiles\gpio.tmp_save
2023-11-16 16:38:23,091 [INFO] CodeEngine:279 - Generated code: C:\Users\Beispiel\Desktop\Team_Projekt\MXTmpFiles\gpio.tmp
2023-11-16 16:38:23,543 [INFO] CodeEngine:255 - oldGeneratedFile, C:\Users\Beispiel\Desktop\Team_Projekt\Core\Src\stm32l0xx_it.c_save
2023-11-16 16:38:23,814 [INFO] CodeEngine:279 - Generated code: C:\Users\Beispiel\Desktop\Team_Projekt\Core\Src\stm32l0xx_it.c
2023-11-16 16:38:23,855 [INFO] CodeEngine:255 - oldGeneratedFile, C:\Users\Beispiel\Desktop\Team_Projekt\Core\Inc\stm32l0xx_it.h_save
2023-11-16 16:38:24,066 [INFO] CodeEngine:279 - Generated code: C:\Users\Beispiel\Desktop\Team_Projekt\Core\Inc\stm32l0xx_it.h
2023-11-16 16:38:24,130 [INFO] CodeEngine:255 - oldGeneratedFile, C:\Users\Beispiel\Desktop\Team_Projekt\Core\Src\stm32l0xx_hal_msp.c_save
2023-11-16 16:38:24,470 [INFO] CodeEngine:279 - Generated code: C:\Users\Beispiel\Desktop\Team_Projekt\Core\Src\stm32l0xx_hal_msp.c
2023-11-16 16:38:24,491 [INFO] CodeEngine:255 - oldGeneratedFile, C:\Users\Beispiel\Desktop\Team_Projekt\MXTmpFiles\system.tmp_save
2023-11-16 16:38:24,691 [INFO] CodeEngine:279 - Generated code: C:\Users\Beispiel\Desktop\Team_Projekt\MXTmpFiles\system.tmp
2023-11-16 16:38:24,755 [INFO] CodeEngine:311 - oldGeneratedFile, C:\Users\Beispiel\Desktop\Team_Projekt\Core\Inc\stm32l0xx_hal_conf.h_save
2023-11-16 16:38:25,017 [INFO] CodeEngine:335 - Generated code: C:\Users\Beispiel\Desktop\Team_Projekt\Core\Inc\stm32l0xx_hal_conf.h
2023-11-16 16:38:25,138 [INFO] CodeEngine:255 - oldGeneratedFile, C:\Users\Beispiel\Desktop\Team_Projekt\Core\Inc\main.h_save
2023-11-16 16:38:25,549 [INFO] CodeEngine:279 - Generated code: C:\Users\Beispiel\Desktop\Team_Projekt\Core\Inc\main.h
2023-11-16 16:38:25,616 [INFO] CodeEngine:255 - oldGeneratedFile, C:\Users\Beispiel\Desktop\Team_Projekt\Core\Src\main.c_save
2023-11-16 16:38:26,489 [INFO] CodeEngine:279 - Generated code: C:\Users\Beispiel\Desktop\Team_Projekt\Core\Src\main.c
2023-11-16 16:38:29,961 [INFO] ProjectBuilder:3064 - Time for Copy HAL[1] : 908mS.
2023-11-16 16:38:29,976 [INFO] ProjectBuilder:4404 - Project Generator version: 4.1.0
2023-11-16 16:38:30,811 [INFO] ConfigFileManager:1457 - The Die is : DIE447
2023-11-16 16:38:30,876 [INFO] ApiDbMcu:507 - Load IP Config File for FATFS
2023-11-16 16:38:30,906 [INFO] ApiDbMcu:507 - Load IP Config File for FREERTOS
2023-11-16 16:38:30,968 [INFO] ApiDbMcu:507 - Load IP Config File for TOUCHSENSING
2023-11-16 16:38:31,028 [INFO] ApiDbMcu:507 - Load IP Config File for USB_DEVICE
2023-11-16 16:38:36,108 [INFO] LogOutputStream:77 - [STDOUT_REDIRECT] 
2023-11-16 16:38:43,544 [INFO] ProjectBuilder:4626 - Time for Generating toolchain IDE Files: 13566mS.
2023-11-16 16:38:43,547 [INFO] ProjectBuilder:2935 - Time for Copy CMSIS : 2mS.
2023-11-16 16:38:43,553 [INFO] ProjectBuilder:2935 - Time for Copy CMSIS : 0mS.
2023-11-16 16:45:25,495 [INFO] UtilMem:75 - End SaveConfig() Used Memory: 765282256 Bytes (1073741824)
2023-11-16 16:45:47,033 [INFO] MainUpdater:2868 - connection check result : 10
2023-11-16 16:45:47,034 [INFO] MainUpdater:2868 - connection check result : 10
2023-11-16 16:45:47,236 [INFO] I2cTimingTraitement:330 - 0x00303D5B
2023-11-16 16:45:47,250 [INFO] MicroXplorer:468 - Change Database Path : 
2023-11-16 16:45:47,251 [INFO] MicroXplorer:498 - Change Database Version : DB.6.0.91
2023-11-16 16:45:47,341 [WARN] ThirdParty:871 - waiting for thirdparty lock release [close project]
2023-11-16 16:45:47,341 [INFO] ThirdParty:873 - entering critical section [close project]
2023-11-16 16:45:47,341 [INFO] ThirdParty:883 - exiting critical section [close project]
2023-11-16 16:45:47,344 [INFO] PinOutPanel:1499 - setPackage(No Configuration,No Configuration)
2023-11-16 16:45:47,381 [INFO] UtilMem:75 - Begin LoadConfig() Used Memory: 930350232 Bytes (1073741824)
2023-11-16 16:45:47,399 [INFO] MicroXplorer:468 - Change Database Path : C:/Users/Beispiel/.stm32cubemx/databases/DB.6.0.90/db/
2023-11-16 16:45:47,399 [INFO] MicroXplorer:498 - Change Database Version : DB.6.0.90
2023-11-16 16:45:49,212 [INFO] OpenFileManager:308 - Change cursor
2023-11-16 16:45:49,369 [INFO] RulesReader:64 - Compatibility file has been processed (293 Rules)
2023-11-16 16:45:49,383 [INFO] Mcu:1946 - Initializing MCU STM32L073R(B-Z)Tx STM32L073RZTx STM32L073RZT6
2023-11-16 16:45:51,328 [INFO] Context:659 - Trying to add GPIOservice into a context  which must be forbidden
2023-11-16 16:45:52,264 [INFO] RtosManager:555 - Registered RTOS mode: class=CMSIS, group=RTOS, mode=CMSIS_V1, owner=FREERTOS
2023-11-16 16:45:52,264 [INFO] RtosManager:555 - Registered RTOS mode: class=CMSIS, group=RTOS2, mode=CMSIS_V2, owner=FREERTOS
2023-11-16 16:45:52,273 [INFO] RtosManager:555 - Registered RTOS mode: class=RTOS, group=Core, mode=CMSIS_V1, owner=FREERTOS
2023-11-16 16:45:52,289 [INFO] RtosManager:555 - Registered RTOS mode: class=RTOS, group=Core, mode=CMSIS_V2, owner=FREERTOS
2023-11-16 16:45:52,290 [WARN] ModelIntegratedComponent:184 - Missing modes for component STMicroelectronics:FreeRTOS:0.0.1:STMicroelectronics:RTOS:FreeRTOS:Core:::10.2.0:
2023-11-16 16:45:52,311 [WARN] ModelIntegratedComponent:63 - No mode defined for component null
2023-11-16 16:45:52,312 [WARN] ModelIntegratedComponent:63 - No mode defined for component null
2023-11-16 16:45:52,312 [WARN] ModelIntegratedComponent:63 - No mode defined for component null
2023-11-16 16:45:52,312 [WARN] ModelIntegratedComponent:63 - No mode defined for component null
2023-11-16 16:45:52,312 [WARN] ModelIntegratedComponent:63 - No mode defined for component null
2023-11-16 16:45:52,312 [WARN] ModelIntegratedComponent:63 - No mode defined for component null
2023-11-16 16:45:52,312 [WARN] ModelIntegratedComponent:63 - No mode defined for component null
2023-11-16 16:45:52,312 [WARN] ModelIntegratedComponent:63 - No mode defined for component null
2023-11-16 16:45:52,312 [WARN] ModelIntegratedComponent:63 - No mode defined for component null
2023-11-16 16:45:52,312 [WARN] ModelIntegratedComponent:63 - No mode defined for component null
2023-11-16 16:45:52,312 [WARN] ModelIntegratedComponent:63 - No mode defined for component null
2023-11-16 16:45:52,312 [WARN] ModelIntegratedComponent:63 - No mode defined for component null
2023-11-16 16:45:52,313 [WARN] ModelIntegratedComponent:63 - No mode defined for component null
2023-11-16 16:45:52,313 [WARN] ModelIntegratedComponent:63 - No mode defined for component null
2023-11-16 16:45:52,313 [WARN] ModelIntegratedComponent:63 - No mode defined for component null
2023-11-16 16:45:52,313 [WARN] ModelIntegratedComponent:63 - No mode defined for component null
2023-11-16 16:45:52,313 [WARN] ModelIntegratedComponent:63 - No mode defined for component null
2023-11-16 16:45:52,313 [WARN] ModelIntegratedComponent:63 - No mode defined for component null
2023-11-16 16:45:52,313 [WARN] ModelIntegratedComponent:63 - No mode defined for component null
2023-11-16 16:45:52,313 [WARN] ModelIntegratedComponent:63 - No mode defined for component null
2023-11-16 16:45:52,313 [WARN] ModelIntegratedComponent:63 - No mode defined for component null
2023-11-16 16:45:52,313 [WARN] ModelIntegratedComponent:63 - No mode defined for component null
2023-11-16 16:45:52,313 [WARN] ModelIntegratedComponent:63 - No mode defined for component null
2023-11-16 16:45:52,313 [WARN] ModelIntegratedComponent:63 - No mode defined for component null
2023-11-16 16:45:52,313 [WARN] ModelIntegratedComponent:63 - No mode defined for component null
2023-11-16 16:45:52,314 [WARN] ModelIntegratedComponent:63 - No mode defined for component null
2023-11-16 16:45:52,314 [WARN] ModelIntegratedComponent:63 - No mode defined for component null
2023-11-16 16:45:52,314 [WARN] ModelIntegratedComponent:63 - No mode defined for component null
2023-11-16 16:45:52,314 [WARN] ModelIntegratedComponent:63 - No mode defined for component null
2023-11-16 16:45:52,314 [WARN] ModelIntegratedComponent:63 - No mode defined for component null
2023-11-16 16:45:52,314 [WARN] ModelIntegratedComponent:63 - No mode defined for component null
2023-11-16 16:45:52,314 [WARN] ModelIntegratedComponent:63 - No mode defined for component null
2023-11-16 16:45:52,314 [WARN] ModelIntegratedComponent:63 - No mode defined for component null
2023-11-16 16:45:52,606 [INFO] ThirdPartyModel:298 - Start build external matchings
2023-11-16 16:45:53,576 [INFO] ThirdPartyModel:316 - End build external matchings
2023-11-16 16:45:53,598 [INFO] ImportTextPane:194 - (OptionalMessage_ERROR) IP (RCC) : Parameter (48USBFreq_Value) has invalid value (24000000)
2023-11-16 16:45:53,598 [INFO] ImportTextPane:194 - (OptionalMessage_ERROR) IP (RCC) : Invalid parameter (FamilyName)
2023-11-16 16:45:53,599 [INFO] ImportTextPane:194 - (OptionalMessage_ERROR) IP (RCC) : Parameter (RTCHSEDivFreq_Value) has invalid value (4000000)
2023-11-16 16:45:53,600 [INFO] ImportTextPane:194 - (OptionalMessage_ERROR) IP (RCC) : Invalid parameter (TIMFreq_Value)
2023-11-16 16:45:54,046 [INFO] UtilMem:75 - End LoadConfig() Used Memory: 543211248 Bytes (1073741824)
2023-11-16 16:45:54,100 [WARN] ThirdParty:833 - waiting for thirdparty lock release [change project]
2023-11-16 16:45:54,100 [INFO] ThirdParty:835 - entering critical section [change project]
2023-11-16 16:45:54,100 [INFO] ThirdParty:1030 - CMSIS Pack Vendor :STMicroelectronics X-CUBE-ISPU 1.1.0
2023-11-16 16:45:54,100 [INFO] ThirdParty:1030 - CMSIS Pack Vendor :STMicroelectronics USBPD 4.1
2023-11-16 16:45:54,100 [INFO] ThirdParty:1030 - CMSIS Pack Vendor :STMicroelectronics X-CUBE-GNSS1 6.0.0
2023-11-16 16:45:54,100 [INFO] ThirdParty:1030 - CMSIS Pack Vendor :STMicroelectronics USB_HOST 2.0.0
2023-11-16 16:45:54,100 [INFO] ThirdParty:1030 - CMSIS Pack Vendor :STMicroelectronics X-CUBE-AZRTOS-F4 1.1.0
2023-11-16 16:45:54,100 [INFO] ThirdParty:1030 - CMSIS Pack Vendor :STMicroelectronics LIBJPEG 8.0.0
2023-11-16 16:45:54,100 [INFO] ThirdParty:1030 - CMSIS Pack Vendor :wolfSSL I-CUBE-wolfSSL 5.6.3
2023-11-16 16:45:54,100 [INFO] ThirdParty:1030 - CMSIS Pack Vendor :STMicroelectronics X-CUBE-SMBUS 2.1.0
2023-11-16 16:45:54,100 [INFO] ThirdParty:1030 - CMSIS Pack Vendor :STMicroelectronics USB_DEVICE 3.0.0
2023-11-16 16:45:54,101 [INFO] ThirdParty:1030 - CMSIS Pack Vendor :STMicroelectronics X-CUBE-AZRTOS-WB 2.0.0
2023-11-16 16:45:54,104 [INFO] ThirdParty:1030 - CMSIS Pack Vendor :STMicroelectronics X-CUBE-FREERTOS 1.0.1
2023-11-16 16:45:54,105 [INFO] ThirdParty:1030 - CMSIS Pack Vendor :STMicroelectronics X-CUBE-AZRTOS-F7 1.1.0
2023-11-16 16:45:54,105 [INFO] ThirdParty:1030 - CMSIS Pack Vendor :STMicroelectronics X-CUBE-AZRTOS-L5 2.0.0
2023-11-16 16:45:54,105 [INFO] ThirdParty:1030 - CMSIS Pack Vendor :STMicroelectronics USB_DEVICE 2.0.0
2023-11-16 16:45:54,105 [INFO] ThirdParty:1030 - CMSIS Pack Vendor :STMicroelectronics X-CUBE-MEMS1 9.6.0
2023-11-16 16:45:54,105 [INFO] ThirdParty:1030 - CMSIS Pack Vendor :STMicroelectronics X-CUBE-EEPRMA1 4.2.0
2023-11-16 16:45:54,105 [INFO] ThirdParty:1030 - CMSIS Pack Vendor :ITTIA_DB I-CUBE-ITTIADB 8.8.0
2023-11-16 16:45:54,105 [INFO] ThirdParty:1030 - CMSIS Pack Vendor :STMicroelectronics FP-SNS-MOTENV1 4.3.2
2023-11-16 16:45:54,105 [INFO] ThirdParty:1030 - CMSIS Pack Vendor :STMicroelectronics X-CUBE-ALGOBUILD 1.3.0
2023-11-16 16:45:54,105 [INFO] ThirdParty:1030 - CMSIS Pack Vendor :STMicroelectronics FreeRTOS 0.0.1
2023-11-16 16:45:54,105 [INFO] ThirdParty:1030 - CMSIS Pack Vendor :STMicroelectronics X-CUBE-AZRTOS-G0 1.1.0
2023-11-16 16:45:54,105 [INFO] ThirdParty:1030 - CMSIS Pack Vendor :STMicroelectronics X-CUBE-BLEMGR 2.0.0
2023-11-16 16:45:54,106 [INFO] ThirdParty:1030 - CMSIS Pack Vendor :STMicroelectronics X-CUBE-NFC4 3.0.0
2023-11-16 16:45:54,106 [INFO] ThirdParty:1030 - CMSIS Pack Vendor :STMicroelectronics X-CUBE-SUBG2 5.0.0
2023-11-16 16:45:54,106 [INFO] ThirdParty:1030 - CMSIS Pack Vendor :STMicroelectronics STM32_WPAN 1.0.0
2023-11-16 16:45:54,106 [INFO] ThirdParty:1030 - CMSIS Pack Vendor :STMicroelectronics lwIP 2.0.3
2023-11-16 16:45:54,106 [INFO] ThirdParty:1030 - CMSIS Pack Vendor :STMicroelectronics FP-SNS-FLIGHT1 5.0.2
2023-11-16 16:45:54,107 [INFO] ThirdParty:1030 - CMSIS Pack Vendor :STMicroelectronics USB_HOST 1.0.0
2023-11-16 16:45:54,107 [INFO] ThirdParty:1030 - CMSIS Pack Vendor :STMicroelectronics X-CUBE-TOF1 3.3.1
2023-11-16 16:45:54,107 [INFO] ThirdParty:1030 - CMSIS Pack Vendor :STMicroelectronics X-CUBE-AZRTOS-G4 2.0.0
2023-11-16 16:45:54,107 [INFO] ThirdParty:1030 - CMSIS Pack Vendor :STMicroelectronics PDM2PCM 3.1.0
2023-11-16 16:45:54,107 [INFO] ThirdParty:1030 - CMSIS Pack Vendor :STMicroelectronics X-CUBE-AZRTOS-H7 3.1.0
2023-11-16 16:45:54,107 [INFO] ThirdParty:1030 - CMSIS Pack Vendor :Infineon AIROC-Wi-Fi-Bluetooth-STM32 1.5.1
2023-11-16 16:45:54,107 [INFO] ThirdParty:1030 - CMSIS Pack Vendor :STMicroelectronics X-CUBE-BLEMGR 3.0.0
2023-11-16 16:45:54,107 [INFO] ThirdParty:1030 - CMSIS Pack Vendor :STMicroelectronics PDM2PCM 3.3.0
2023-11-16 16:45:54,107 [INFO] ThirdParty:1030 - CMSIS Pack Vendor :STMicroelectronics X-CUBE-DISPLAY 3.0.0
2023-11-16 16:45:54,107 [INFO] ThirdParty:1030 - CMSIS Pack Vendor :STMicroelectronics FP-SNS-MOTENVWB1 1.3.0
2023-11-16 16:45:54,107 [INFO] ThirdParty:1030 - CMSIS Pack Vendor :STMicroelectronics X-CUBE-BLE1 7.0.0
2023-11-16 16:45:54,109 [INFO] ThirdParty:1030 - CMSIS Pack Vendor :STMicroelectronics FP-ATR-SIGFOX1 3.2.0
2023-11-16 16:45:54,110 [INFO] ThirdParty:1030 - CMSIS Pack Vendor :STMicroelectronics HAL Drivers 0.0.0
2023-11-16 16:45:54,110 [INFO] ThirdParty:1030 - CMSIS Pack Vendor :STMicroelectronics MBEDTLS 2.16.2
2023-11-16 16:45:54,110 [INFO] ThirdParty:1030 - CMSIS Pack Vendor :emotas I-CUBE-CANOPEN 1.3.0
2023-11-16 16:45:54,110 [INFO] ThirdParty:1030 - CMSIS Pack Vendor :STMicroelectronics X-CUBE-MEMS1 10.0.0
2023-11-16 16:45:54,110 [INFO] ThirdParty:1030 - CMSIS Pack Vendor :STMicroelectronics X-CUBE-FREERTOS 1.1.0
2023-11-16 16:45:54,110 [INFO] ThirdParty:1030 - CMSIS Pack Vendor :STMicroelectronics X-CUBE-TOUCHGFX 4.22.0
2023-11-16 16:45:54,111 [INFO] ThirdParty:1030 - CMSIS Pack Vendor :STMicroelectronics X-CUBE-NFC7 1.0.1
2023-11-16 16:45:54,111 [INFO] ThirdParty:1030 - CMSIS Pack Vendor :STMicroelectronics MBEDTLS 2.14.1
2023-11-16 16:45:54,111 [INFO] ThirdParty:1030 - CMSIS Pack Vendor :STMicroelectronics X-CUBE-TOUCHGFX 4.22.1
2023-11-16 16:45:54,111 [INFO] ThirdParty:1030 - CMSIS Pack Vendor :STMicroelectronics X-CUBE-NFC6 3.0.0
2023-11-16 16:45:54,111 [INFO] ThirdParty:1030 - CMSIS Pack Vendor :STMicroelectronics X-CUBE-EEPRMA1 4.1.0
2023-11-16 16:45:54,111 [INFO] ThirdParty:1030 - CMSIS Pack Vendor :portGmbH I-Cube-SoM-uGOAL 1.1.0
2023-11-16 16:45:54,111 [INFO] ThirdParty:1030 - CMSIS Pack Vendor :STMicroelectronics X-CUBE-ALS 1.0.1
2023-11-16 16:45:54,111 [INFO] ThirdParty:1030 - CMSIS Pack Vendor :STMicroelectronics ThreadX 1.0.0
2023-11-16 16:45:54,111 [INFO] ThirdParty:1030 - CMSIS Pack Vendor :STMicroelectronics FP-SNS-SMARTAG2 1.2.0
2023-11-16 16:45:54,111 [INFO] ThirdParty:1030 - CMSIS Pack Vendor :STMicroelectronics X-CUBE-AZRTOS-WL 2.0.0
2023-11-16 16:45:54,111 [INFO] ThirdParty:1030 - CMSIS Pack Vendor :SEGGER I-CUBE-embOS 1.3.1
2023-11-16 16:45:54,111 [INFO] ThirdParty:1030 - CMSIS Pack Vendor :STMicroelectronics USB_DEVICE 1.0.0
2023-11-16 16:45:54,111 [INFO] ThirdParty:1030 - CMSIS Pack Vendor :STMicroelectronics X-CUBE-AI 8.1.0
2023-11-16 16:45:54,112 [INFO] ThirdParty:1030 - CMSIS Pack Vendor :STMicroelectronics X-CUBE-AZRTOS-L4 2.0.0
2023-11-16 16:45:54,112 [INFO] ThirdParty:1030 - CMSIS Pack Vendor :STMicroelectronics ThreadX 0.0.2
2023-11-16 16:45:54,112 [INFO] ThirdParty:1030 - CMSIS Pack Vendor :WES I-CUBE-Cesium 1.3.0
2023-11-16 16:45:54,112 [INFO] ThirdParty:1030 - CMSIS Pack Vendor :STMicroelectronics FP-ATR-ASTRA1 2.0.0
2023-11-16 16:45:54,113 [INFO] ThirdParty:1030 - CMSIS Pack Vendor :STMicroelectronics lwIP 2.1.2
2023-11-16 16:45:54,113 [INFO] ThirdParty:1030 - CMSIS Pack Vendor :STMicroelectronics X-CUBE-SFXS2LP1 4.0.0
2023-11-16 16:45:54,113 [INFO] ThirdParty:1030 - CMSIS Pack Vendor :STMicroelectronics X-CUBE-BLE2 3.3.0
2023-11-16 16:45:54,113 [INFO] ThirdParty:1030 - CMSIS Pack Vendor :STMicroelectronics PDM2PCM 3.2.0
2023-11-16 16:45:54,113 [INFO] ThirdParty:841 - exiting critical section [change project]
2023-11-16 16:45:54,676 [INFO] PinOutPanel:1499 - setPackage(No Configuration,No Configuration)
2023-11-16 16:45:54,678 [INFO] PinOutPanel:1499 - setPackage(STM32L073RZTx,LQFP64)
2023-11-16 16:45:55,416 [INFO] UtilMem:75 - Before build in PCC Used Memory: 702417576 Bytes (1073741824)
2023-11-16 16:45:56,179 [INFO] UtilMem:75 - After build in PCC Used Memory: 751700648 Bytes (1073741824)
2023-11-16 16:45:56,240 [INFO] IPUIPlugin:80 - create IPUIPlugin
2023-11-16 16:45:56,240 [INFO] IPUIPlugin:80 - create IPUIPlugin
2023-11-16 16:45:56,240 [INFO] IPUIPlugin:80 - create IPUIPlugin
2023-11-16 16:45:56,240 [INFO] IPUIPlugin:80 - create IPUIPlugin
2023-11-16 16:45:56,241 [INFO] IPUIPlugin:80 - create IPUIPlugin
2023-11-16 16:45:56,241 [INFO] IPUIPlugin:80 - create IPUIPlugin
2023-11-16 16:45:56,241 [INFO] IPUIPlugin:80 - create IPUIPlugin
2023-11-16 16:45:56,241 [INFO] IPUIPlugin:80 - create IPUIPlugin
2023-11-16 16:45:56,241 [INFO] IPUIPlugin:80 - create IPUIPlugin
2023-11-16 16:45:56,242 [INFO] IPUIPlugin:80 - create IPUIPlugin
2023-11-16 16:45:56,242 [INFO] IPUIPlugin:80 - create IPUIPlugin
2023-11-16 16:45:56,245 [INFO] IPUIPlugin:80 - create IPUIPlugin
2023-11-16 16:45:56,251 [INFO] IPUIPlugin:80 - create IPUIPlugin
2023-11-16 16:45:56,258 [INFO] IPUIPlugin:80 - create IPUIPlugin
2023-11-16 16:45:56,259 [INFO] IPUIPlugin:80 - create IPUIPlugin
2023-11-16 16:45:56,259 [INFO] IPUIPlugin:80 - create IPUIPlugin
2023-11-16 16:45:56,259 [INFO] IPUIPlugin:80 - create IPUIPlugin
2023-11-16 16:45:56,260 [INFO] IPUIPlugin:80 - create IPUIPlugin
2023-11-16 16:45:56,260 [INFO] IPUIPlugin:80 - create IPUIPlugin
2023-11-16 16:45:56,260 [INFO] IPUIPlugin:80 - create IPUIPlugin
2023-11-16 16:45:56,261 [INFO] IPUIPlugin:80 - create IPUIPlugin
2023-11-16 16:45:56,261 [INFO] IPUIPlugin:80 - create IPUIPlugin
2023-11-16 16:45:56,262 [INFO] IPUIPlugin:80 - create IPUIPlugin
2023-11-16 16:45:56,262 [INFO] IPUIPlugin:80 - create IPUIPlugin
2023-11-16 16:45:56,262 [INFO] IPUIPlugin:80 - create IPUIPlugin
2023-11-16 16:45:56,263 [INFO] IPUIPlugin:80 - create IPUIPlugin
2023-11-16 16:45:56,263 [INFO] IPUIPlugin:80 - create IPUIPlugin
2023-11-16 16:45:56,263 [INFO] IPUIPlugin:80 - create IPUIPlugin
2023-11-16 16:45:56,264 [INFO] IPUIPlugin:80 - create IPUIPlugin
2023-11-16 16:45:56,264 [INFO] IPUIPlugin:80 - create IPUIPlugin
2023-11-16 16:45:56,265 [INFO] IPUIPlugin:80 - create IPUIPlugin
2023-11-16 16:45:56,265 [INFO] IPUIPlugin:80 - create IPUIPlugin
2023-11-16 16:45:56,268 [INFO] IPUIPlugin:80 - create IPUIPlugin
2023-11-16 16:45:56,269 [INFO] IPUIPlugin:80 - create IPUIPlugin
2023-11-16 16:45:56,270 [INFO] IPUIPlugin:80 - create IPUIPlugin
2023-11-16 16:45:56,271 [INFO] IPUIPlugin:80 - create IPUIPlugin
2023-11-16 16:45:56,272 [INFO] IPUIPlugin:80 - create IPUIPlugin
2023-11-16 16:45:56,272 [INFO] IPUIPlugin:80 - create IPUIPlugin
2023-11-16 16:45:56,273 [INFO] IPUIPlugin:80 - create IPUIPlugin
2023-11-16 16:45:56,407 [INFO] CADModel:165 - CPN selected for project levelSTM32L073RZT6
2023-11-16 16:45:56,407 [INFO] CADModel:114 - Register for checkConnection events
2023-11-16 16:45:56,482 [INFO] OpenFileManager:328 - Restore cursor
2023-11-16 16:46:12,078 [INFO] UtilMem:75 - End SaveConfig() Used Memory: 902514448 Bytes (1073741824)
2023-11-16 16:46:13,442 [INFO] UtilMem:75 - End SaveConfig() Used Memory: 927747192 Bytes (1073741824)
2023-11-16 16:46:15,673 [INFO] UtilMem:75 - End SaveConfig() Used Memory: 567005432 Bytes (1073741824)
2023-11-16 16:46:16,107 [INFO] BlockDiagram:2759 - set Specific Code input for plugin: NVIC
2023-11-16 16:46:16,108 [INFO] BlockDiagram:2759 - set Specific Code input for plugin: USART
2023-11-16 16:46:16,108 [INFO] BlockDiagram:2759 - set Specific Code input for plugin: SYS
2023-11-16 16:46:16,108 [INFO] BlockDiagram:2759 - set Specific Code input for plugin: GPIO
2023-11-16 16:46:16,108 [INFO] BlockDiagram:2759 - set Specific Code input for plugin: RCC
2023-11-16 16:46:16,108 [INFO] BlockDiagram:2759 - set Specific Code input for plugin: I2C
2023-11-16 16:46:16,110 [INFO] CodeGenerator:799 - code generatio: config db path: C:/Users/Beispiel/.stm32cubemx/databases/DB.6.0.90/db/
2023-11-16 16:46:16,517 [INFO] CodeEngine:255 - oldGeneratedFile, C:\Users\Beispiel\Desktop\Team_Projekt\MXTmpFiles\license.tmp_save
2023-11-16 16:46:17,641 [INFO] CodeEngine:279 - Generated code: C:\Users\Beispiel\Desktop\Team_Projekt\MXTmpFiles\license.tmp
2023-11-16 16:46:17,851 [INFO] CodeEngine:255 - oldGeneratedFile, C:\Users\Beispiel\Desktop\Team_Projekt\MXTmpFiles\gpio.tmp_save
2023-11-16 16:46:18,129 [INFO] CodeEngine:279 - Generated code: C:\Users\Beispiel\Desktop\Team_Projekt\MXTmpFiles\gpio.tmp
2023-11-16 16:46:18,481 [INFO] CodeEngine:255 - oldGeneratedFile, C:\Users\Beispiel\Desktop\Team_Projekt\Core\Src\stm32l0xx_it.c_save
2023-11-16 16:46:19,163 [INFO] CodeEngine:279 - Generated code: C:\Users\Beispiel\Desktop\Team_Projekt\Core\Src\stm32l0xx_it.c
2023-11-16 16:46:19,178 [INFO] CodeEngine:255 - oldGeneratedFile, C:\Users\Beispiel\Desktop\Team_Projekt\Core\Inc\stm32l0xx_it.h_save
2023-11-16 16:46:19,299 [INFO] CodeEngine:279 - Generated code: C:\Users\Beispiel\Desktop\Team_Projekt\Core\Inc\stm32l0xx_it.h
2023-11-16 16:46:19,353 [INFO] CodeEngine:255 - oldGeneratedFile, C:\Users\Beispiel\Desktop\Team_Projekt\Core\Src\stm32l0xx_hal_msp.c_save
2023-11-16 16:46:19,530 [INFO] CodeEngine:279 - Generated code: C:\Users\Beispiel\Desktop\Team_Projekt\Core\Src\stm32l0xx_hal_msp.c
2023-11-16 16:46:19,540 [INFO] CodeEngine:255 - oldGeneratedFile, C:\Users\Beispiel\Desktop\Team_Projekt\MXTmpFiles\system.tmp_save
2023-11-16 16:46:19,645 [INFO] CodeEngine:279 - Generated code: C:\Users\Beispiel\Desktop\Team_Projekt\MXTmpFiles\system.tmp
2023-11-16 16:46:19,684 [INFO] CodeEngine:311 - oldGeneratedFile, C:\Users\Beispiel\Desktop\Team_Projekt\Core\Inc\stm32l0xx_hal_conf.h_save
2023-11-16 16:46:19,999 [INFO] CodeEngine:335 - Generated code: C:\Users\Beispiel\Desktop\Team_Projekt\Core\Inc\stm32l0xx_hal_conf.h
2023-11-16 16:46:20,103 [INFO] CodeEngine:255 - oldGeneratedFile, C:\Users\Beispiel\Desktop\Team_Projekt\Core\Inc\main.h_save
2023-11-16 16:46:20,351 [INFO] CodeEngine:279 - Generated code: C:\Users\Beispiel\Desktop\Team_Projekt\Core\Inc\main.h
2023-11-16 16:46:20,376 [INFO] CodeEngine:255 - oldGeneratedFile, C:\Users\Beispiel\Desktop\Team_Projekt\Core\Src\main.c_save
2023-11-16 16:46:20,810 [INFO] CodeEngine:279 - Generated code: C:\Users\Beispiel\Desktop\Team_Projekt\Core\Src\main.c
2023-11-16 16:46:22,129 [INFO] ProjectBuilder:3064 - Time for Copy HAL[1] : 496mS.
2023-11-16 16:46:22,136 [INFO] ProjectBuilder:4404 - Project Generator version: 4.1.0
2023-11-16 16:46:22,715 [INFO] ConfigFileManager:1457 - The Die is : DIE447
2023-11-16 16:46:22,720 [INFO] ApiDbMcu:507 - Load IP Config File for FATFS
2023-11-16 16:46:22,727 [INFO] ApiDbMcu:507 - Load IP Config File for FREERTOS
2023-11-16 16:46:22,750 [INFO] ApiDbMcu:507 - Load IP Config File for TOUCHSENSING
2023-11-16 16:46:22,762 [INFO] ApiDbMcu:507 - Load IP Config File for USB_DEVICE
2023-11-16 16:46:27,692 [INFO] ProjectBuilder:4626 - Time for Generating toolchain IDE Files: 5556mS.
2023-11-16 16:46:27,693 [INFO] ProjectBuilder:2935 - Time for Copy CMSIS : 1mS.
2023-11-16 16:46:27,697 [INFO] ProjectBuilder:2935 - Time for Copy CMSIS : 0mS.
2023-11-16 16:52:00,204 [INFO] Gpio:273 - dependency for GPIO [I2C1, RCC, SYS, USART1]
2023-11-16 16:52:18,927 [INFO] UtilMem:75 - End SaveConfig() Used Memory: 862138680 Bytes (1073741824)
2023-11-16 16:52:20,441 [INFO] UtilMem:75 - End SaveConfig() Used Memory: 908645136 Bytes (1073741824)
2023-11-16 16:52:22,991 [INFO] UtilMem:75 - End SaveConfig() Used Memory: 548011648 Bytes (1073741824)
2023-11-16 16:52:23,526 [INFO] BlockDiagram:2759 - set Specific Code input for plugin: NVIC
2023-11-16 16:52:23,526 [INFO] BlockDiagram:2759 - set Specific Code input for plugin: USART
2023-11-16 16:52:23,526 [INFO] BlockDiagram:2759 - set Specific Code input for plugin: SYS
2023-11-16 16:52:23,526 [INFO] BlockDiagram:2759 - set Specific Code input for plugin: GPIO
2023-11-16 16:52:23,526 [INFO] BlockDiagram:2759 - set Specific Code input for plugin: RCC
2023-11-16 16:52:23,526 [INFO] BlockDiagram:2759 - set Specific Code input for plugin: I2C
2023-11-16 16:52:23,528 [INFO] CodeGenerator:799 - code generatio: config db path: C:/Users/Beispiel/.stm32cubemx/databases/DB.6.0.90/db/
2023-11-16 16:52:23,790 [INFO] CodeEngine:255 - oldGeneratedFile, C:\Users\Beispiel\Desktop\Team_Projekt\MXTmpFiles\license.tmp_save
2023-11-16 16:52:23,997 [INFO] CodeEngine:279 - Generated code: C:\Users\Beispiel\Desktop\Team_Projekt\MXTmpFiles\license.tmp
2023-11-16 16:52:24,072 [INFO] CodeEngine:255 - oldGeneratedFile, C:\Users\Beispiel\Desktop\Team_Projekt\MXTmpFiles\gpio.tmp_save
2023-11-16 16:52:24,492 [INFO] CodeEngine:279 - Generated code: C:\Users\Beispiel\Desktop\Team_Projekt\MXTmpFiles\gpio.tmp
2023-11-16 16:52:24,841 [INFO] CodeEngine:255 - oldGeneratedFile, C:\Users\Beispiel\Desktop\Team_Projekt\Core\Src\stm32l0xx_it.c_save
2023-11-16 16:52:25,200 [INFO] CodeEngine:279 - Generated code: C:\Users\Beispiel\Desktop\Team_Projekt\Core\Src\stm32l0xx_it.c
2023-11-16 16:52:25,227 [INFO] CodeEngine:255 - oldGeneratedFile, C:\Users\Beispiel\Desktop\Team_Projekt\Core\Inc\stm32l0xx_it.h_save
2023-11-16 16:52:25,338 [INFO] CodeEngine:279 - Generated code: C:\Users\Beispiel\Desktop\Team_Projekt\Core\Inc\stm32l0xx_it.h
2023-11-16 16:52:25,401 [INFO] CodeEngine:255 - oldGeneratedFile, C:\Users\Beispiel\Desktop\Team_Projekt\Core\Src\stm32l0xx_hal_msp.c_save
2023-11-16 16:52:25,723 [INFO] CodeEngine:279 - Generated code: C:\Users\Beispiel\Desktop\Team_Projekt\Core\Src\stm32l0xx_hal_msp.c
2023-11-16 16:52:25,735 [INFO] CodeEngine:255 - oldGeneratedFile, C:\Users\Beispiel\Desktop\Team_Projekt\MXTmpFiles\system.tmp_save
2023-11-16 16:52:25,830 [INFO] CodeEngine:279 - Generated code: C:\Users\Beispiel\Desktop\Team_Projekt\MXTmpFiles\system.tmp
2023-11-16 16:52:25,878 [INFO] CodeEngine:311 - oldGeneratedFile, C:\Users\Beispiel\Desktop\Team_Projekt\Core\Inc\stm32l0xx_hal_conf.h_save
2023-11-16 16:52:26,148 [INFO] CodeEngine:335 - Generated code: C:\Users\Beispiel\Desktop\Team_Projekt\Core\Inc\stm32l0xx_hal_conf.h
2023-11-16 16:52:26,347 [INFO] CodeEngine:255 - oldGeneratedFile, C:\Users\Beispiel\Desktop\Team_Projekt\Core\Inc\main.h_save
2023-11-16 16:52:26,553 [INFO] CodeEngine:279 - Generated code: C:\Users\Beispiel\Desktop\Team_Projekt\Core\Inc\main.h
2023-11-16 16:52:26,590 [INFO] CodeEngine:255 - oldGeneratedFile, C:\Users\Beispiel\Desktop\Team_Projekt\Core\Src\main.c_save
2023-11-16 16:52:26,952 [INFO] CodeEngine:279 - Generated code: C:\Users\Beispiel\Desktop\Team_Projekt\Core\Src\main.c
2023-11-16 16:52:28,363 [INFO] ProjectBuilder:3064 - Time for Copy HAL[1] : 516mS.
2023-11-16 16:52:28,371 [INFO] ProjectBuilder:4404 - Project Generator version: 4.1.0
2023-11-16 16:52:28,865 [INFO] ConfigFileManager:1457 - The Die is : DIE447
2023-11-16 16:52:33,963 [INFO] ProjectBuilder:4626 - Time for Generating toolchain IDE Files: 5591mS.
2023-11-16 16:52:33,967 [INFO] ProjectBuilder:2935 - Time for Copy CMSIS : 4mS.
2023-11-16 16:52:33,972 [INFO] ProjectBuilder:2935 - Time for Copy CMSIS : 0mS.
