2023-12-14 08:34:02,916 [INFO] Activator:176 - 


2023-12-14 08:34:02,944 [INFO] Activator:177 - !SESSION log4j initialized
2023-12-14 08:34:16,513 [INFO] LogOutputStream:77 - [STDOUT_REDIRECT] 
2023-12-14 08:34:25,328 [INFO] ApplicationProperties:184 - Using Application install path: C:\ST\STM32CubeIDE_1.13.1\STM32CubeIDE\plugins\com.st.stm32cube.common.mx_6.9.1.202307191849
2023-12-14 08:34:25,369 [INFO] DbMcusXml:78 - Set database path to: C:\ST\STM32CubeIDE_1.13.1\STM32CubeIDE\plugins\com.st.stm32cube.common.mx_6.9.1.202307191849\\db\/mcu/
2023-12-14 08:34:25,370 [INFO] ApiDb:274 - Set plugin database path to: C:\ST\STM32CubeIDE_1.13.1\STM32CubeIDE\plugins\com.st.stm32cube.common.mx_6.9.1.202307191849\\db\/plugins/boardmanager/
2023-12-14 08:34:25,371 [WARN] ApiDb:259 - Overriding images path with different value:  => C:\ST\STM32CubeIDE_1.13.1\STM32CubeIDE\plugins\com.st.stm32cube.common.mx_6.9.1.202307191849\\db\/plugins/mcufinder/images/
2023-12-14 08:34:25,401 [INFO] ApiDb:250 - Set database path to: C:\Users\Beispiel\.stmcufinder\plugins\mcufinder//mcu/
2023-12-14 08:34:25,404 [INFO] DbMcusAds:125 - Set database path to: C:\Users\Beispiel\.stmcufinder\plugins\mcufinder//mcu/
2023-12-14 08:34:25,409 [INFO] CrossReferenceDbSqlite:203 - Set database path to: C:\Users\Beispiel\.stmcufinder\plugins\mcufinder//mcu/cs/
2023-12-14 08:34:25,719 [INFO] RulesReader:64 - Compatibility file has been processed (293 Rules)
2023-12-14 08:34:25,991 [INFO] DbMcusXml:78 - Set database path to: C:\ST\STM32CubeIDE_1.13.1\STM32CubeIDE\plugins\com.st.stm32cube.common.mx_6.9.1.202307191849\\db\/mcu/
2023-12-14 08:34:25,992 [INFO] ApiDb:274 - Set plugin database path to: C:\ST\STM32CubeIDE_1.13.1\STM32CubeIDE\plugins\com.st.stm32cube.common.mx_6.9.1.202307191849\\db\/plugins/boardmanager/
2023-12-14 08:34:25,992 [INFO] ApiDb:261 - Set plugin images path to: C:\ST\STM32CubeIDE_1.13.1\STM32CubeIDE\plugins\com.st.stm32cube.common.mx_6.9.1.202307191849\\db\/plugins/mcufinder/images/
2023-12-14 08:34:25,992 [WARN] DbFile:41 - Overriding database path with different value: C:\Users\Beispiel\.stmcufinder\plugins\mcufinder/ => C:\Users\Beispiel\.stmcufinder\plugins\mcufinder
2023-12-14 08:34:25,993 [INFO] ApiDb:250 - Set database path to: C:\Users\Beispiel\.stmcufinder\plugins\mcufinder//mcu/
2023-12-14 08:34:25,993 [WARN] DbFile:41 - Overriding database path with different value: C:\Users\Beispiel\.stmcufinder\plugins\mcufinder/ => C:\Users\Beispiel\.stmcufinder\plugins\mcufinder
2023-12-14 08:34:25,993 [INFO] DbMcusAds:125 - Set database path to: C:\Users\Beispiel\.stmcufinder\plugins\mcufinder//mcu/
2023-12-14 08:34:25,993 [WARN] DbFile:41 - Overriding database path with different value: C:\Users\Beispiel\.stmcufinder\plugins\mcufinder/ => C:\Users\Beispiel\.stmcufinder\plugins\mcufinder
2023-12-14 08:34:25,994 [WARN] DbFile:41 - Overriding database path with different value: C:\Users\Beispiel\.stmcufinder\plugins\mcufinder/ => C:\Users\Beispiel\.stmcufinder\plugins\mcufinder
2023-12-14 08:34:25,994 [INFO] CrossReferenceDbSqlite:203 - Set database path to: C:\Users\Beispiel\.stmcufinder\plugins\mcufinder//mcu/cs/
2023-12-14 08:34:26,219 [INFO] MainPanel:262 - HeapMemory: 268435456
2023-12-14 08:34:26,514 [INFO] DbMcusXml:78 - Set database path to: C:\ST\STM32CubeIDE_1.13.1\STM32CubeIDE\plugins\com.st.stm32cube.common.mx_6.9.1.202307191849\\db\/mcu/
2023-12-14 08:34:26,514 [INFO] ApiDb:274 - Set plugin database path to: C:\ST\STM32CubeIDE_1.13.1\STM32CubeIDE\plugins\com.st.stm32cube.common.mx_6.9.1.202307191849\\db\/plugins/boardmanager/
2023-12-14 08:34:26,515 [INFO] ApiDb:261 - Set plugin images path to: C:\ST\STM32CubeIDE_1.13.1\STM32CubeIDE\plugins\com.st.stm32cube.common.mx_6.9.1.202307191849\\db\/plugins/mcufinder/images/
2023-12-14 08:34:26,516 [WARN] DbFile:41 - Overriding database path with different value: C:\Users\Beispiel\.stmcufinder\plugins\mcufinder/ => C:\Users\Beispiel\.stmcufinder\plugins\mcufinder
2023-12-14 08:34:26,517 [INFO] ApiDb:250 - Set database path to: C:\Users\Beispiel\.stmcufinder\plugins\mcufinder//mcu/
2023-12-14 08:34:26,518 [WARN] DbFile:41 - Overriding database path with different value: C:\Users\Beispiel\.stmcufinder\plugins\mcufinder/ => C:\Users\Beispiel\.stmcufinder\plugins\mcufinder
2023-12-14 08:34:26,518 [INFO] DbMcusAds:125 - Set database path to: C:\Users\Beispiel\.stmcufinder\plugins\mcufinder//mcu/
2023-12-14 08:34:26,518 [WARN] DbFile:41 - Overriding database path with different value: C:\Users\Beispiel\.stmcufinder\plugins\mcufinder/ => C:\Users\Beispiel\.stmcufinder\plugins\mcufinder
2023-12-14 08:34:26,518 [WARN] DbFile:41 - Overriding database path with different value: C:\Users\Beispiel\.stmcufinder\plugins\mcufinder/ => C:\Users\Beispiel\.stmcufinder\plugins\mcufinder
2023-12-14 08:34:26,519 [INFO] CrossReferenceDbSqlite:203 - Set database path to: C:\Users\Beispiel\.stmcufinder\plugins\mcufinder//mcu/cs/
2023-12-14 08:34:26,570 [INFO] ApplicationProperties:184 - Using Application install path: C:\ST\STM32CubeIDE_1.13.1\STM32CubeIDE\plugins\com.st.stm32cube.common.mx_6.9.1.202307191849
2023-12-14 08:34:26,577 [INFO] PluginManage:196 - Search for loadable plugins [exclusion list=, ]
2023-12-14 08:34:26,581 [INFO] PluginManage:310 - Check plugin analytics
2023-12-14 08:34:26,993 [INFO] AnalyticsPlugin:253 - Accepted Software Licenses: 
2023-12-14 08:34:26,993 [INFO] AnalyticsPlugin:255 - Accepted CMSIS Pack Licenses: 
2023-12-14 08:34:26,994 [INFO] AnalyticsPlugin:257 - Accepted Firmware Licenses: 
2023-12-14 08:34:26,998 [INFO] PluginManage:359 - Loaded plugin analytics (category:tool,tabindex:-1)
2023-12-14 08:34:27,000 [INFO] PluginManage:310 - Check plugin cadmodel
2023-12-14 08:34:27,032 [INFO] CADModel:105 - Init CAD model plugin
2023-12-14 08:34:27,033 [INFO] PluginManage:359 - Loaded plugin cadmodel (category:power,tabindex:5)
2023-12-14 08:34:27,033 [INFO] PluginManage:310 - Check plugin clock
2023-12-14 08:34:27,068 [INFO] PluginManage:359 - Loaded plugin clock (category:base,tabindex:2)
2023-12-14 08:34:27,068 [INFO] PluginManage:310 - Check plugin ddr
2023-12-14 08:34:27,073 [INFO] PluginManage:359 - Loaded plugin ddr (category:tool,tabindex:6)
2023-12-14 08:34:27,074 [INFO] PluginManage:310 - Check plugin filemanager
2023-12-14 08:34:27,411 [INFO] PluginManage:359 - Loaded plugin filemanager (category:base,tabindex:10)
2023-12-14 08:34:27,411 [INFO] PluginManage:310 - Check plugin ipmanager
2023-12-14 08:34:27,425 [INFO] PluginManage:359 - Loaded plugin ipmanager (category:base,tabindex:5)
2023-12-14 08:34:27,426 [INFO] PluginManage:310 - Check plugin lpbam
2023-12-14 08:34:27,462 [INFO] PluginManage:359 - Loaded plugin lpbam (category:base,tabindex:0)
2023-12-14 08:34:27,462 [INFO] PluginManage:310 - Check plugin memorymap
2023-12-14 08:34:27,504 [INFO] PluginManage:359 - Loaded plugin memorymap (category:base,tabindex:4)
2023-12-14 08:34:27,504 [INFO] PluginManage:310 - Check plugin pinoutandconfiguration
2023-12-14 08:34:27,535 [INFO] PluginManage:359 - Loaded plugin pinoutandconfiguration (category:base,tabindex:1)
2023-12-14 08:34:27,535 [INFO] PluginManage:310 - Check plugin pinoutconfig
2023-12-14 08:34:27,741 [WARN] SupportedApi:132 - Cannot load RTOS API schema: s4s-elt-must-match.1: The content of 'definitions' must match (annotation?, (simpleType | complexType)?, (unique | key | keyref)*)). A problem was found starting at: attribute.
2023-12-14 08:34:28,044 [INFO] PluginManage:359 - Loaded plugin pinoutconfig (category:base,tabindex:0)
2023-12-14 08:34:28,045 [INFO] PluginManage:310 - Check plugin power
2023-12-14 08:34:28,082 [INFO] PluginManage:359 - Loaded plugin power (category:power,tabindex:4)
2023-12-14 08:34:28,082 [INFO] PluginManage:310 - Check plugin projectmanager
2023-12-14 08:34:28,111 [INFO] PluginManage:359 - Loaded plugin projectmanager (category:projectmanager,tabindex:3)
2023-12-14 08:34:28,112 [INFO] PluginManage:310 - Check plugin thirdparty
2023-12-14 08:34:28,626 [INFO] PluginManage:359 - Loaded plugin thirdparty (category:base,tabindex:-1)
2023-12-14 08:34:28,626 [INFO] PluginManage:310 - Check plugin tools
2023-12-14 08:34:28,628 [WARN] IntegrityCheckThread:84 - waiting for thirdparty lock release [integrity check]
2023-12-14 08:34:28,629 [INFO] IntegrityCheckThread:86 - entering critical section [integrity check]
2023-12-14 08:34:28,629 [INFO] ThirdPartyUpdaterWithRetryManager:70 - Updater plugin not ready yet. [1/15]
2023-12-14 08:34:28,698 [INFO] PluginManage:359 - Loaded plugin tools (category:base,tabindex:7)
2023-12-14 08:34:28,698 [INFO] PluginManage:310 - Check plugin tutovideos
2023-12-14 08:34:29,106 [INFO] PluginManage:359 - Loaded plugin tutovideos (category:base,tabindex:-1)
2023-12-14 08:34:29,107 [INFO] PluginManage:310 - Check plugin updater
2023-12-14 08:34:29,130 [INFO] PluginManage:359 - Loaded plugin updater (category:base,tabindex:12)
2023-12-14 08:34:29,130 [INFO] PluginManage:310 - Check plugin userauth
2023-12-14 08:34:29,138 [INFO] UserAuth:113 - Init User Auth plugin
2023-12-14 08:34:29,139 [INFO] PluginManage:359 - Loaded plugin userauth (category:base,tabindex:14)
2023-12-14 08:34:29,139 [INFO] PluginManage:283 - PluginManage : Loaded plugins [17]
2023-12-14 08:34:29,521 [INFO] PinOutPanel:1499 - setPackage(No Configuration,No Configuration)
2023-12-14 08:34:29,702 [INFO] CADModel:165 - CPN selected for project level
2023-12-14 08:34:29,703 [INFO] CADModel:114 - Register for checkConnection events
2023-12-14 08:34:29,745 [INFO] IPUIPlugin:80 - create IPUIPlugin
2023-12-14 08:34:29,746 [INFO] PluginManager:220 - loadIPPluginJar : add adc
2023-12-14 08:34:29,808 [INFO] IPUIPlugin:80 - create IPUIPlugin
2023-12-14 08:34:29,808 [INFO] PluginManager:220 - loadIPPluginJar : add aes
2023-12-14 08:34:29,866 [INFO] IPUIPlugin:80 - create IPUIPlugin
2023-12-14 08:34:29,868 [INFO] PluginManager:220 - loadIPPluginJar : add can
2023-12-14 08:34:29,901 [INFO] IPUIPlugin:80 - create IPUIPlugin
2023-12-14 08:34:29,901 [INFO] PluginManager:220 - loadIPPluginJar : add comp
2023-12-14 08:34:29,965 [INFO] IPUIPlugin:80 - create IPUIPlugin
2023-12-14 08:34:29,965 [INFO] PluginManager:220 - loadIPPluginJar : add cryp
2023-12-14 08:34:30,009 [INFO] IPUIPlugin:80 - create IPUIPlugin
2023-12-14 08:34:30,010 [INFO] PluginManager:220 - loadIPPluginJar : add dfsdm
2023-12-14 08:34:30,029 [INFO] IPUIPlugin:80 - create IPUIPlugin
2023-12-14 08:34:30,030 [INFO] PluginManager:220 - loadIPPluginJar : add dma
2023-12-14 08:34:30,103 [INFO] IPUIPlugin:80 - create IPUIPlugin
2023-12-14 08:34:30,103 [INFO] PluginManager:220 - loadIPPluginJar : add dma3
2023-12-14 08:34:30,132 [INFO] IPUIPlugin:80 - create IPUIPlugin
2023-12-14 08:34:30,132 [INFO] PluginManager:220 - loadIPPluginJar : add fatfs
2023-12-14 08:34:30,204 [INFO] IPUIPlugin:80 - create IPUIPlugin
2023-12-14 08:34:30,205 [INFO] PluginManager:220 - loadIPPluginJar : add fmc
2023-12-14 08:34:30,229 [INFO] IPUIPlugin:80 - create IPUIPlugin
2023-12-14 08:34:30,229 [INFO] PluginManager:220 - loadIPPluginJar : add freertos
2023-12-14 08:34:30,263 [INFO] IPUIPlugin:80 - create IPUIPlugin
2023-12-14 08:34:30,263 [INFO] PluginManager:220 - loadIPPluginJar : add genericplugin
2023-12-14 08:34:30,397 [INFO] IPUIPlugin:80 - create IPUIPlugin
2023-12-14 08:34:30,397 [INFO] PluginManager:220 - loadIPPluginJar : add gfxmmu
2023-12-14 08:34:30,596 [INFO] IPUIPlugin:80 - create IPUIPlugin
2023-12-14 08:34:30,597 [INFO] PluginManager:220 - loadIPPluginJar : add gic
2023-12-14 08:34:30,618 [INFO] IPUIPlugin:80 - create IPUIPlugin
2023-12-14 08:34:30,618 [INFO] PluginManager:220 - loadIPPluginJar : add gpio
2023-12-14 08:34:30,748 [INFO] IPUIPlugin:80 - create IPUIPlugin
2023-12-14 08:34:30,748 [INFO] PluginManager:220 - loadIPPluginJar : add gtzc
2023-12-14 08:34:30,799 [INFO] IPUIPlugin:80 - create IPUIPlugin
2023-12-14 08:34:30,799 [INFO] PluginManager:220 - loadIPPluginJar : add hash
2023-12-14 08:34:30,876 [INFO] IPUIPlugin:80 - create IPUIPlugin
2023-12-14 08:34:30,876 [INFO] PluginManager:220 - loadIPPluginJar : add i2c
2023-12-14 08:34:30,930 [INFO] IPUIPlugin:80 - create IPUIPlugin
2023-12-14 08:34:30,930 [INFO] PluginManager:220 - loadIPPluginJar : add i2s
2023-12-14 08:34:31,004 [INFO] IPUIPlugin:80 - create IPUIPlugin
2023-12-14 08:34:31,004 [INFO] PluginManager:220 - loadIPPluginJar : add i3c
2023-12-14 08:34:31,145 [INFO] IPUIPlugin:80 - create IPUIPlugin
2023-12-14 08:34:31,145 [INFO] PluginManager:220 - loadIPPluginJar : add ipddr
2023-12-14 08:34:31,280 [INFO] IPUIPlugin:80 - create IPUIPlugin
2023-12-14 08:34:31,280 [INFO] PluginManager:220 - loadIPPluginJar : add linkedlist
2023-12-14 08:34:31,331 [INFO] IPUIPlugin:80 - create IPUIPlugin
2023-12-14 08:34:31,332 [INFO] PluginManager:220 - loadIPPluginJar : add lorawan
2023-12-14 08:34:31,384 [INFO] IPUIPlugin:80 - create IPUIPlugin
2023-12-14 08:34:31,385 [INFO] PluginManager:220 - loadIPPluginJar : add ltdc
2023-12-14 08:34:31,411 [INFO] IPUIPlugin:80 - create IPUIPlugin
2023-12-14 08:34:31,411 [INFO] PluginManager:220 - loadIPPluginJar : add mdma
2023-12-14 08:34:31,427 [INFO] IPUIPlugin:80 - create IPUIPlugin
2023-12-14 08:34:31,428 [INFO] PluginManager:220 - loadIPPluginJar : add nvic
2023-12-14 08:34:31,481 [INFO] IPUIPlugin:80 - create IPUIPlugin
2023-12-14 08:34:31,481 [INFO] PluginManager:220 - loadIPPluginJar : add opamp
2023-12-14 08:34:31,577 [INFO] IPUIPlugin:80 - create IPUIPlugin
2023-12-14 08:34:31,578 [INFO] PluginManager:220 - loadIPPluginJar : add openamp
2023-12-14 08:34:31,630 [INFO] ThirdPartyUpdaterWithRetryManager:70 - Updater plugin not ready yet. [2/15]
2023-12-14 08:34:31,639 [INFO] IPUIPlugin:80 - create IPUIPlugin
2023-12-14 08:34:31,639 [INFO] PluginManager:220 - loadIPPluginJar : add pdm2pcm
2023-12-14 08:34:31,662 [INFO] IPUIPlugin:80 - create IPUIPlugin
2023-12-14 08:34:31,666 [INFO] PluginManager:220 - loadIPPluginJar : add plateformsettings
2023-12-14 08:34:31,701 [INFO] IPUIPlugin:80 - create IPUIPlugin
2023-12-14 08:34:31,701 [INFO] PluginManager:220 - loadIPPluginJar : add quadspi
2023-12-14 08:34:31,722 [INFO] IPUIPlugin:80 - create IPUIPlugin
2023-12-14 08:34:31,722 [INFO] PluginManager:220 - loadIPPluginJar : add resmgrutility
2023-12-14 08:34:31,834 [INFO] IPUIPlugin:80 - create IPUIPlugin
2023-12-14 08:34:31,834 [INFO] PluginManager:220 - loadIPPluginJar : add sai
2023-12-14 08:34:31,891 [INFO] IPUIPlugin:80 - create IPUIPlugin
2023-12-14 08:34:31,891 [INFO] PluginManager:220 - loadIPPluginJar : add spi
2023-12-14 08:34:31,972 [INFO] IPUIPlugin:80 - create IPUIPlugin
2023-12-14 08:34:31,972 [INFO] PluginManager:220 - loadIPPluginJar : add stm32_wpan
2023-12-14 08:34:32,004 [INFO] IPUIPlugin:80 - create IPUIPlugin
2023-12-14 08:34:32,004 [INFO] PluginManager:220 - loadIPPluginJar : add tim
2023-12-14 08:34:32,095 [INFO] IPUIPlugin:80 - create IPUIPlugin
2023-12-14 08:34:32,095 [INFO] PluginManager:220 - loadIPPluginJar : add touchsensing
2023-12-14 08:34:32,124 [INFO] IPUIPlugin:80 - create IPUIPlugin
2023-12-14 08:34:32,125 [INFO] PluginManager:220 - loadIPPluginJar : add tracer_emb
2023-12-14 08:34:32,156 [INFO] IPUIPlugin:80 - create IPUIPlugin
2023-12-14 08:34:32,156 [INFO] PluginManager:220 - loadIPPluginJar : add ts
2023-12-14 08:34:32,188 [INFO] IPUIPlugin:80 - create IPUIPlugin
2023-12-14 08:34:32,188 [INFO] PluginManager:220 - loadIPPluginJar : add tsc
2023-12-14 08:34:32,219 [INFO] IPUIPlugin:80 - create IPUIPlugin
2023-12-14 08:34:32,219 [INFO] PluginManager:220 - loadIPPluginJar : add ucpd
2023-12-14 08:34:32,279 [INFO] IPUIPlugin:80 - create IPUIPlugin
2023-12-14 08:34:32,279 [INFO] PluginManager:220 - loadIPPluginJar : add usart
2023-12-14 08:34:32,337 [INFO] IPUIPlugin:80 - create IPUIPlugin
2023-12-14 08:34:32,337 [INFO] PluginManager:220 - loadIPPluginJar : add usbx
2023-12-14 08:34:32,498 [INFO] CADModel:165 - CPN selected for project level
2023-12-14 08:34:32,499 [INFO] CADModel:114 - Register for checkConnection events
2023-12-14 08:34:32,499 [FATAL] Updater:308 - Updater called before beeing initialized
2023-12-14 08:34:32,499 [ERROR] CADModel:125 - Updater not yet initialized, retry later 
2023-12-14 08:34:32,742 [INFO] CADModel:165 - CPN selected for project level
2023-12-14 08:34:32,743 [INFO] CADModel:114 - Register for checkConnection events
2023-12-14 08:34:32,743 [FATAL] Updater:308 - Updater called before beeing initialized
2023-12-14 08:34:32,743 [ERROR] CADModel:125 - Updater not yet initialized, retry later 
2023-12-14 08:34:32,749 [FATAL] Updater:308 - Updater called before beeing initialized
2023-12-14 08:34:32,930 [FATAL] Updater:308 - Updater called before beeing initialized
2023-12-14 08:34:32,947 [INFO] DbMcusAds:53 - JSON generation date=Wed Nov 29 11:52:28 CET 2023 (1701255148358)
2023-12-14 08:34:32,948 [FATAL] Updater:308 - Updater called before beeing initialized
2023-12-14 08:34:33,271 [WARN] DetailPanel:346 - Failed to get advertising image, set to default
2023-12-14 08:34:33,476 [FATAL] Updater:308 - Updater called before beeing initialized
2023-12-14 08:34:33,481 [FATAL] Updater:308 - Updater called before beeing initialized
2023-12-14 08:34:33,481 [FATAL] Updater:308 - Updater called before beeing initialized
2023-12-14 08:34:33,481 [WARN] DetailPanel:346 - Failed to get advertising image, set to default
2023-12-14 08:34:33,483 [FATAL] Updater:308 - Updater called before beeing initialized
2023-12-14 08:34:33,680 [ERROR] Updater:1120 - MainUpdater not yet initialized. External WinMGr cannot be set.
2023-12-14 08:34:33,706 [INFO] Updater:1056 - Updater Version found : 6.9.1
2023-12-14 08:34:33,764 [INFO] ApplicationProperties:184 - Using Application install path: C:\ST\STM32CubeIDE_1.13.1\STM32CubeIDE\plugins\com.st.stm32cube.common.mx_6.9.1.202307191849
2023-12-14 08:34:34,202 [INFO] MainUpdater:2868 - connection check result : 10
2023-12-14 08:34:34,203 [INFO] MainUpdater:285 - Updater Check For Update Now.
2023-12-14 08:34:34,203 [INFO] MicroXplorer:498 - Change Database Version : DB.6.0.91
2023-12-14 08:34:34,230 [INFO] McuFinderGlobals:63 - Set McuFinder mode to 2 (CubeIDE integrated)
2023-12-14 08:34:34,516 [INFO] CheckServerUpdateThread:120 - End of CheckServer Thread
2023-12-14 08:34:35,180 [WARN] PackLoader:240 - Cannot read IP mode file for STMicroelectronics.X-CUBE-SMBUS.2.1.0
2023-12-14 08:34:35,212 [WARN] PackLoader:240 - Cannot read IP mode file for STMicroelectronics.X-CUBE-TOUCHGFX.4.23.0
2023-12-14 08:34:35,293 [WARN] PackLoader:240 - Cannot read IP mode file for STMicroelectronics.X-CUBE-AZRTOS-F7.1.1.0
2023-12-14 08:34:35,330 [WARN] PackLoader:240 - Cannot read IP mode file for STMicroelectronics.FP-SNS-MOTENV1.4.3.2
2023-12-14 08:34:35,356 [WARN] PackLoader:240 - Cannot read IP mode file for STMicroelectronics.FP-SNS-FLIGHT1.5.0.2
2023-12-14 08:34:35,392 [WARN] PackLoader:240 - Cannot read IP mode file for STMicroelectronics.X-CUBE-DISPLAY.3.0.0
2023-12-14 08:34:35,432 [WARN] PackLoader:240 - Cannot read IP mode file for STMicroelectronics.X-CUBE-BLE1.7.0.0
2023-12-14 08:34:35,465 [WARN] PackLoader:240 - Cannot read IP mode file for emotas.I-CUBE-CANOPEN.1.3.0
2023-12-14 08:34:35,510 [WARN] PackLoader:240 - Cannot read IP mode file for STMicroelectronics.X-CUBE-TOUCHGFX.4.22.0
2023-12-14 08:34:35,549 [WARN] PackLoader:240 - Cannot read IP mode file for STMicroelectronics.X-CUBE-TOUCHGFX.4.22.1
2023-12-14 08:34:35,588 [WARN] PackLoader:240 - Cannot read IP mode file for STMicroelectronics.FP-SNS-SMARTAG2.1.2.0
2023-12-14 08:34:35,665 [INFO] LogOutputStream:77 - [STDOUT_REDIRECT] 1 : Invalid condition id : UX_CORESTACK_Condition cause : null
2023-12-14 08:34:35,667 [INFO] LogOutputStream:77 - [STDOUT_REDIRECT] 1 : Invalid condition id : UX_CORESTACK_Condition cause : null
2023-12-14 08:34:35,670 [INFO] LogOutputStream:77 - [STDOUT_REDIRECT] 1 : Invalid condition id : UX_CORESTACK_Condition cause : null
2023-12-14 08:34:35,673 [INFO] LogOutputStream:77 - [STDOUT_REDIRECT] 1 : Invalid condition id : UX_CORESTACK_Condition cause : null
2023-12-14 08:34:35,675 [INFO] LogOutputStream:77 - [STDOUT_REDIRECT] 1 : Invalid condition id : UX_CORESTACK_Condition cause : null
2023-12-14 08:34:35,691 [WARN] PackLoader:240 - Cannot read IP mode file for STMicroelectronics.X-CUBE-AZRTOS-WL.2.0.0
2023-12-14 08:34:35,741 [WARN] PackLoader:240 - Cannot read IP mode file for WES.I-CUBE-Cesium.1.3.0
2023-12-14 08:34:35,775 [WARN] PackLoader:240 - Cannot read IP mode file for STMicroelectronics.X-CUBE-BLE2.3.3.0
2023-12-14 08:34:35,821 [WARN] PackLoader:240 - Cannot read IP mode file for STMicroelectronics.X-CUBE-ALGOBUILD.1.3.0
2023-12-14 08:34:35,880 [WARN] PackLoader:240 - Cannot read IP mode file for STMicroelectronics.X-CUBE-AZRTOS-G0.1.1.0
2023-12-14 08:34:35,909 [WARN] PackLoader:240 - Cannot read IP mode file for STMicroelectronics.X-CUBE-NFC4.3.0.0
2023-12-14 08:34:35,944 [WARN] PackLoader:240 - Cannot read IP mode file for STMicroelectronics.X-CUBE-BLEMGR.3.0.0
2023-12-14 08:34:35,970 [WARN] PackLoader:240 - Cannot read IP mode file for STMicroelectronics.FP-ATR-SIGFOX1.3.2.0
2023-12-14 08:34:36,045 [WARN] PackLoader:240 - Cannot read IP mode file for SEGGER.I-CUBE-embOS.1.3.1
2023-12-14 08:34:36,158 [WARN] PackLoader:240 - Cannot read IP mode file for STMicroelectronics.X-CUBE-GNSS1.6.0.0
2023-12-14 08:34:36,210 [WARN] PackLoader:240 - Cannot read IP mode file for STMicroelectronics.X-CUBE-AZRTOS-F4.1.1.0
2023-12-14 08:34:36,232 [WARN] PackLoader:240 - Cannot read IP mode file for wolfSSL.I-CUBE-wolfSSL.5.6.3
2023-12-14 08:34:36,286 [WARN] PackLoader:240 - Cannot read IP mode file for STMicroelectronics.X-CUBE-AZRTOS-L5.2.0.0
2023-12-14 08:34:36,391 [WARN] PackLoader:240 - Cannot read IP mode file for STMicroelectronics.X-CUBE-MEMS1.9.6.0
2023-12-14 08:34:36,713 [WARN] PackLoader:240 - Cannot read IP mode file for STMicroelectronics.X-CUBE-EEPRMA1.4.2.0
2023-12-14 08:34:36,748 [WARN] PackLoader:240 - Cannot read IP mode file for ITTIA_DB.I-CUBE-ITTIADB.8.8.0
2023-12-14 08:34:36,774 [WARN] PackLoader:240 - Cannot read IP mode file for STMicroelectronics.X-CUBE-BLEMGR.2.0.0
2023-12-14 08:34:36,838 [WARN] ConditionMgr:438 - getConditionDescription Invalid condition id : UX DEVICE CLASS RTOS Condition cause : null
2023-12-14 08:34:36,839 [WARN] ConditionMgr:438 - getConditionDescription Invalid condition id : UX DEVICE CLASS RTOS Condition cause : null
2023-12-14 08:34:36,844 [WARN] PackLoader:240 - Cannot read IP mode file for STMicroelectronics.X-CUBE-AZRTOS-H7.3.1.0
2023-12-14 08:34:36,846 [WARN] ConditionMgr:1039 - genDependencies : Invalid condition id : UX DEVICE CLASS RTOS Condition cause : null
2023-12-14 08:34:36,846 [WARN] ConditionMgr:1039 - genDependencies : Invalid condition id : UX DEVICE CLASS RTOS Condition cause : null
2023-12-14 08:34:36,847 [WARN] ConditionMgr:1039 - genDependencies : Invalid condition id : UX DEVICE CLASS RTOS Condition cause : null
2023-12-14 08:34:36,849 [WARN] ConditionMgr:1039 - genDependencies : Invalid condition id : UX DEVICE CLASS RTOS Condition cause : null
2023-12-14 08:34:36,849 [WARN] ConditionMgr:1039 - genDependencies : Invalid condition id : UX DEVICE CLASS RTOS Condition cause : null
2023-12-14 08:34:36,907 [WARN] PackLoader:240 - Cannot read IP mode file for STMicroelectronics.X-CUBE-NFC7.1.0.1
2023-12-14 08:34:36,989 [WARN] PackLoader:240 - Cannot read IP mode file for STMicroelectronics.X-CUBE-NFC6.3.0.0
2023-12-14 08:34:37,065 [WARN] PackLoader:240 - Cannot read IP mode file for STMicroelectronics.X-CUBE-EEPRMA1.4.1.0
2023-12-14 08:34:37,110 [WARN] PackLoader:240 - Cannot read IP mode file for STMicroelectronics.X-CUBE-AI.8.1.0
2023-12-14 08:34:37,173 [WARN] ConditionMgr:438 - getConditionDescription Invalid condition id : LAN8742 Phy interface Condition cause : null
2023-12-14 08:34:37,174 [WARN] PackLoader:240 - Cannot read IP mode file for STMicroelectronics.X-CUBE-AZRTOS-L4.2.0.0
2023-12-14 08:34:37,176 [WARN] ConditionMgr:1039 - genDependencies : Invalid condition id : LAN8742 Phy interface Condition cause : null
2023-12-14 08:34:37,177 [WARN] ConditionMgr:1039 - genDependencies : Invalid condition id : LAN8742 Phy interface Condition cause : null
2023-12-14 08:34:37,178 [WARN] ConditionMgr:1039 - genDependencies : Invalid condition id : LAN8742 Phy interface Condition cause : null
2023-12-14 08:34:37,206 [WARN] PackLoader:240 - Cannot read IP mode file for STMicroelectronics.X-CUBE-SFXS2LP1.4.0.0
2023-12-14 08:34:37,228 [WARN] PackLoader:240 - Cannot read IP mode file for STMicroelectronics.X-CUBE-ISPU.1.1.0
2023-12-14 08:34:37,271 [WARN] ConditionMgr:438 - getConditionDescription Invalid condition id : UX DEVICE CLASS RTOS Condition cause : null
2023-12-14 08:34:37,271 [WARN] ConditionMgr:438 - getConditionDescription Invalid condition id : UX DEVICE CLASS RTOS Condition cause : null
2023-12-14 08:34:37,275 [WARN] PackLoader:240 - Cannot read IP mode file for STMicroelectronics.X-CUBE-AZRTOS-WB.2.0.0
2023-12-14 08:34:37,275 [WARN] ConditionMgr:1039 - genDependencies : Invalid condition id : UX DEVICE CLASS RTOS Condition cause : null
2023-12-14 08:34:37,275 [WARN] ConditionMgr:1039 - genDependencies : Invalid condition id : UX DEVICE CLASS RTOS Condition cause : null
2023-12-14 08:34:37,276 [WARN] ConditionMgr:1039 - genDependencies : Invalid condition id : UX DEVICE CLASS RTOS Condition cause : null
2023-12-14 08:34:37,277 [WARN] ConditionMgr:1039 - genDependencies : Invalid condition id : UX DEVICE CLASS RTOS Condition cause : null
2023-12-14 08:34:37,277 [WARN] ConditionMgr:1039 - genDependencies : Invalid condition id : UX DEVICE CLASS RTOS Condition cause : null
2023-12-14 08:34:37,305 [WARN] PackLoader:240 - Cannot read IP mode file for STMicroelectronics.X-CUBE-FREERTOS.1.0.1
2023-12-14 08:34:37,326 [WARN] PackLoader:240 - Cannot read IP mode file for STMicroelectronics.X-CUBE-SUBG2.5.0.0
2023-12-14 08:34:37,362 [WARN] PackLoader:240 - Cannot read IP mode file for STMicroelectronics.X-CUBE-TOF1.3.3.1
2023-12-14 08:34:37,420 [WARN] PackLoader:240 - Cannot read IP mode file for STMicroelectronics.X-CUBE-AZRTOS-G4.2.0.0
2023-12-14 08:34:37,465 [WARN] PackLoader:240 - Cannot read IP mode file for Infineon.AIROC-Wi-Fi-Bluetooth-STM32.1.5.1
2023-12-14 08:34:37,487 [WARN] PackLoader:240 - Cannot read IP mode file for STMicroelectronics.FP-SNS-MOTENVWB1.1.3.0
2023-12-14 08:34:37,504 [WARN] PackLoader:240 - Cannot read IP mode file for STMicroelectronics.FP-SNS-MOTENVWB1.1.3.1
2023-12-14 08:34:37,522 [WARN] PackLoader:240 - Cannot read IP mode file for STMicroelectronics.X-CUBE-ISPU.2.0.0
2023-12-14 08:34:37,591 [WARN] PackLoader:240 - Cannot read IP mode file for STMicroelectronics.X-CUBE-MEMS1.10.0.0
2023-12-14 08:34:37,732 [WARN] PackLoader:240 - Cannot read IP mode file for STMicroelectronics.X-CUBE-FREERTOS.1.1.0
2023-12-14 08:34:37,754 [WARN] PackLoader:240 - Cannot read IP mode file for portGmbH.I-Cube-SoM-uGOAL.1.1.0
2023-12-14 08:34:37,772 [WARN] PackLoader:240 - Cannot read IP mode file for STMicroelectronics.X-CUBE-ALS.1.0.1
2023-12-14 08:34:37,791 [WARN] PackLoader:240 - Cannot read IP mode file for STMicroelectronics.FP-ATR-ASTRA1.2.0.0
2023-12-14 08:34:37,823 [WARN] PackLoader:240 - Cannot read IP mode file for STMicroelectronics.X-CUBE-TOF1.3.4.0
2023-12-14 08:34:37,890 [WARN] PackLoader:240 - Cannot read IP mode file for STMicroelectronics.X-CUBE-AZRTOS-H7.3.2.0
2023-12-14 08:34:37,893 [INFO] ThirdParty:978 - Integrity check success = true
2023-12-14 08:34:37,893 [INFO] IntegrityCheckThread:100 - exiting critical section [integrity check]
2023-12-14 08:34:37,893 [INFO] IntegrityCheckThread:103 - End integrity checks thread
2023-12-14 08:34:56,189 [ERROR] LogOutputStream:75 - [STDERR_REDIRECT] SLF4J: Failed to load class "org.slf4j.impl.StaticLoggerBinder".
2023-12-14 08:34:56,190 [ERROR] LogOutputStream:75 - [STDERR_REDIRECT] SLF4J: Defaulting to no-operation (NOP) logger implementation
2023-12-14 08:34:56,191 [ERROR] LogOutputStream:75 - [STDERR_REDIRECT] SLF4J: See http://www.slf4j.org/codes.html#StaticLoggerBinder for further details.
2023-12-14 13:07:59,500 [INFO] Activator:176 - 


2023-12-14 13:07:59,504 [INFO] Activator:177 - !SESSION log4j initialized
2023-12-14 13:08:17,758 [INFO] LogOutputStream:77 - [STDOUT_REDIRECT] 
2023-12-14 13:08:25,804 [INFO] ApplicationProperties:184 - Using Application install path: C:\ST\STM32CubeIDE_1.13.1\STM32CubeIDE\plugins\com.st.stm32cube.common.mx_6.9.1.202307191849
2023-12-14 13:08:25,846 [INFO] DbMcusXml:78 - Set database path to: C:\ST\STM32CubeIDE_1.13.1\STM32CubeIDE\plugins\com.st.stm32cube.common.mx_6.9.1.202307191849\\db\/mcu/
2023-12-14 13:08:25,847 [INFO] ApiDb:274 - Set plugin database path to: C:\ST\STM32CubeIDE_1.13.1\STM32CubeIDE\plugins\com.st.stm32cube.common.mx_6.9.1.202307191849\\db\/plugins/boardmanager/
2023-12-14 13:08:25,848 [WARN] ApiDb:259 - Overriding images path with different value:  => C:\ST\STM32CubeIDE_1.13.1\STM32CubeIDE\plugins\com.st.stm32cube.common.mx_6.9.1.202307191849\\db\/plugins/mcufinder/images/
2023-12-14 13:08:25,869 [INFO] ApiDb:250 - Set database path to: C:\Users\Beispiel\.stmcufinder\plugins\mcufinder//mcu/
2023-12-14 13:08:25,871 [INFO] DbMcusAds:125 - Set database path to: C:\Users\Beispiel\.stmcufinder\plugins\mcufinder//mcu/
2023-12-14 13:08:25,875 [INFO] CrossReferenceDbSqlite:203 - Set database path to: C:\Users\Beispiel\.stmcufinder\plugins\mcufinder//mcu/cs/
2023-12-14 13:08:26,181 [INFO] RulesReader:64 - Compatibility file has been processed (293 Rules)
2023-12-14 13:08:26,426 [INFO] DbMcusXml:78 - Set database path to: C:\ST\STM32CubeIDE_1.13.1\STM32CubeIDE\plugins\com.st.stm32cube.common.mx_6.9.1.202307191849\\db\/mcu/
2023-12-14 13:08:26,427 [INFO] ApiDb:274 - Set plugin database path to: C:\ST\STM32CubeIDE_1.13.1\STM32CubeIDE\plugins\com.st.stm32cube.common.mx_6.9.1.202307191849\\db\/plugins/boardmanager/
2023-12-14 13:08:26,427 [INFO] ApiDb:261 - Set plugin images path to: C:\ST\STM32CubeIDE_1.13.1\STM32CubeIDE\plugins\com.st.stm32cube.common.mx_6.9.1.202307191849\\db\/plugins/mcufinder/images/
2023-12-14 13:08:26,430 [WARN] DbFile:41 - Overriding database path with different value: C:\Users\Beispiel\.stmcufinder\plugins\mcufinder/ => C:\Users\Beispiel\.stmcufinder\plugins\mcufinder
2023-12-14 13:08:26,431 [INFO] ApiDb:250 - Set database path to: C:\Users\Beispiel\.stmcufinder\plugins\mcufinder//mcu/
2023-12-14 13:08:26,431 [WARN] DbFile:41 - Overriding database path with different value: C:\Users\Beispiel\.stmcufinder\plugins\mcufinder/ => C:\Users\Beispiel\.stmcufinder\plugins\mcufinder
2023-12-14 13:08:26,431 [INFO] DbMcusAds:125 - Set database path to: C:\Users\Beispiel\.stmcufinder\plugins\mcufinder//mcu/
2023-12-14 13:08:26,431 [WARN] DbFile:41 - Overriding database path with different value: C:\Users\Beispiel\.stmcufinder\plugins\mcufinder/ => C:\Users\Beispiel\.stmcufinder\plugins\mcufinder
2023-12-14 13:08:26,435 [WARN] DbFile:41 - Overriding database path with different value: C:\Users\Beispiel\.stmcufinder\plugins\mcufinder/ => C:\Users\Beispiel\.stmcufinder\plugins\mcufinder
2023-12-14 13:08:26,436 [INFO] CrossReferenceDbSqlite:203 - Set database path to: C:\Users\Beispiel\.stmcufinder\plugins\mcufinder//mcu/cs/
2023-12-14 13:08:26,731 [INFO] MainPanel:262 - HeapMemory: 268435456
2023-12-14 13:08:27,015 [INFO] DbMcusXml:78 - Set database path to: C:\ST\STM32CubeIDE_1.13.1\STM32CubeIDE\plugins\com.st.stm32cube.common.mx_6.9.1.202307191849\\db\/mcu/
2023-12-14 13:08:27,015 [INFO] ApiDb:274 - Set plugin database path to: C:\ST\STM32CubeIDE_1.13.1\STM32CubeIDE\plugins\com.st.stm32cube.common.mx_6.9.1.202307191849\\db\/plugins/boardmanager/
2023-12-14 13:08:27,015 [INFO] ApiDb:261 - Set plugin images path to: C:\ST\STM32CubeIDE_1.13.1\STM32CubeIDE\plugins\com.st.stm32cube.common.mx_6.9.1.202307191849\\db\/plugins/mcufinder/images/
2023-12-14 13:08:27,015 [WARN] DbFile:41 - Overriding database path with different value: C:\Users\Beispiel\.stmcufinder\plugins\mcufinder/ => C:\Users\Beispiel\.stmcufinder\plugins\mcufinder
2023-12-14 13:08:27,016 [INFO] ApiDb:250 - Set database path to: C:\Users\Beispiel\.stmcufinder\plugins\mcufinder//mcu/
2023-12-14 13:08:27,016 [WARN] DbFile:41 - Overriding database path with different value: C:\Users\Beispiel\.stmcufinder\plugins\mcufinder/ => C:\Users\Beispiel\.stmcufinder\plugins\mcufinder
2023-12-14 13:08:27,016 [INFO] DbMcusAds:125 - Set database path to: C:\Users\Beispiel\.stmcufinder\plugins\mcufinder//mcu/
2023-12-14 13:08:27,017 [WARN] DbFile:41 - Overriding database path with different value: C:\Users\Beispiel\.stmcufinder\plugins\mcufinder/ => C:\Users\Beispiel\.stmcufinder\plugins\mcufinder
2023-12-14 13:08:27,017 [WARN] DbFile:41 - Overriding database path with different value: C:\Users\Beispiel\.stmcufinder\plugins\mcufinder/ => C:\Users\Beispiel\.stmcufinder\plugins\mcufinder
2023-12-14 13:08:27,017 [INFO] CrossReferenceDbSqlite:203 - Set database path to: C:\Users\Beispiel\.stmcufinder\plugins\mcufinder//mcu/cs/
2023-12-14 13:08:27,055 [INFO] ApplicationProperties:184 - Using Application install path: C:\ST\STM32CubeIDE_1.13.1\STM32CubeIDE\plugins\com.st.stm32cube.common.mx_6.9.1.202307191849
2023-12-14 13:08:27,058 [INFO] PluginManage:196 - Search for loadable plugins [exclusion list=, ]
2023-12-14 13:08:27,062 [INFO] PluginManage:310 - Check plugin analytics
2023-12-14 13:08:27,414 [INFO] AnalyticsPlugin:253 - Accepted Software Licenses: 
2023-12-14 13:08:27,414 [INFO] AnalyticsPlugin:255 - Accepted CMSIS Pack Licenses: 
2023-12-14 13:08:27,415 [INFO] AnalyticsPlugin:257 - Accepted Firmware Licenses: 
2023-12-14 13:08:27,420 [INFO] PluginManage:359 - Loaded plugin analytics (category:tool,tabindex:-1)
2023-12-14 13:08:27,421 [INFO] PluginManage:310 - Check plugin cadmodel
2023-12-14 13:08:27,445 [INFO] CADModel:105 - Init CAD model plugin
2023-12-14 13:08:27,445 [INFO] PluginManage:359 - Loaded plugin cadmodel (category:power,tabindex:5)
2023-12-14 13:08:27,445 [INFO] PluginManage:310 - Check plugin clock
2023-12-14 13:08:27,488 [INFO] PluginManage:359 - Loaded plugin clock (category:base,tabindex:2)
2023-12-14 13:08:27,489 [INFO] PluginManage:310 - Check plugin ddr
2023-12-14 13:08:27,494 [INFO] PluginManage:359 - Loaded plugin ddr (category:tool,tabindex:6)
2023-12-14 13:08:27,494 [INFO] PluginManage:310 - Check plugin filemanager
2023-12-14 13:08:31,962 [INFO] PluginManage:359 - Loaded plugin filemanager (category:base,tabindex:10)
2023-12-14 13:08:31,962 [INFO] PluginManage:310 - Check plugin ipmanager
2023-12-14 13:08:32,566 [INFO] PluginManage:359 - Loaded plugin ipmanager (category:base,tabindex:5)
2023-12-14 13:08:32,567 [INFO] PluginManage:310 - Check plugin lpbam
2023-12-14 13:08:33,233 [INFO] PluginManage:359 - Loaded plugin lpbam (category:base,tabindex:0)
2023-12-14 13:08:33,234 [INFO] PluginManage:310 - Check plugin memorymap
2023-12-14 13:08:35,508 [INFO] PluginManage:359 - Loaded plugin memorymap (category:base,tabindex:4)
2023-12-14 13:08:35,510 [INFO] PluginManage:310 - Check plugin pinoutandconfiguration
2023-12-14 13:08:35,649 [INFO] PluginManage:359 - Loaded plugin pinoutandconfiguration (category:base,tabindex:1)
2023-12-14 13:08:35,650 [INFO] PluginManage:310 - Check plugin pinoutconfig
2023-12-14 13:08:35,958 [WARN] SupportedApi:132 - Cannot load RTOS API schema: s4s-elt-must-match.1: The content of 'definitions' must match (annotation?, (simpleType | complexType)?, (unique | key | keyref)*)). A problem was found starting at: attribute.
2023-12-14 13:08:36,354 [INFO] PluginManage:359 - Loaded plugin pinoutconfig (category:base,tabindex:0)
2023-12-14 13:08:36,354 [INFO] PluginManage:310 - Check plugin power
2023-12-14 13:08:36,399 [INFO] PluginManage:359 - Loaded plugin power (category:power,tabindex:4)
2023-12-14 13:08:36,399 [INFO] PluginManage:310 - Check plugin projectmanager
2023-12-14 13:08:36,477 [INFO] PluginManage:359 - Loaded plugin projectmanager (category:projectmanager,tabindex:3)
2023-12-14 13:08:36,477 [INFO] PluginManage:310 - Check plugin thirdparty
2023-12-14 13:08:39,621 [INFO] PluginManage:359 - Loaded plugin thirdparty (category:base,tabindex:-1)
2023-12-14 13:08:39,622 [INFO] PluginManage:310 - Check plugin tools
2023-12-14 13:08:39,624 [WARN] IntegrityCheckThread:84 - waiting for thirdparty lock release [integrity check]
2023-12-14 13:08:39,625 [INFO] IntegrityCheckThread:86 - entering critical section [integrity check]
2023-12-14 13:08:39,626 [INFO] ThirdPartyUpdaterWithRetryManager:70 - Updater plugin not ready yet. [1/15]
2023-12-14 13:08:39,787 [INFO] PluginManage:359 - Loaded plugin tools (category:base,tabindex:7)
2023-12-14 13:08:39,788 [INFO] PluginManage:310 - Check plugin tutovideos
2023-12-14 13:08:40,297 [INFO] PluginManage:359 - Loaded plugin tutovideos (category:base,tabindex:-1)
2023-12-14 13:08:40,297 [INFO] PluginManage:310 - Check plugin updater
2023-12-14 13:08:40,322 [INFO] PluginManage:359 - Loaded plugin updater (category:base,tabindex:12)
2023-12-14 13:08:40,323 [INFO] PluginManage:310 - Check plugin userauth
2023-12-14 13:08:40,334 [INFO] UserAuth:113 - Init User Auth plugin
2023-12-14 13:08:40,335 [INFO] PluginManage:359 - Loaded plugin userauth (category:base,tabindex:14)
2023-12-14 13:08:40,336 [INFO] PluginManage:283 - PluginManage : Loaded plugins [17]
2023-12-14 13:08:40,870 [INFO] PinOutPanel:1499 - setPackage(No Configuration,No Configuration)
2023-12-14 13:08:41,138 [INFO] CADModel:165 - CPN selected for project level
2023-12-14 13:08:41,139 [INFO] CADModel:114 - Register for checkConnection events
2023-12-14 13:08:41,195 [INFO] IPUIPlugin:80 - create IPUIPlugin
2023-12-14 13:08:41,195 [INFO] PluginManager:220 - loadIPPluginJar : add adc
2023-12-14 13:08:41,282 [INFO] IPUIPlugin:80 - create IPUIPlugin
2023-12-14 13:08:41,282 [INFO] PluginManager:220 - loadIPPluginJar : add aes
2023-12-14 13:08:41,383 [INFO] IPUIPlugin:80 - create IPUIPlugin
2023-12-14 13:08:41,384 [INFO] PluginManager:220 - loadIPPluginJar : add can
2023-12-14 13:08:41,438 [INFO] IPUIPlugin:80 - create IPUIPlugin
2023-12-14 13:08:41,438 [INFO] PluginManager:220 - loadIPPluginJar : add comp
2023-12-14 13:08:41,519 [INFO] IPUIPlugin:80 - create IPUIPlugin
2023-12-14 13:08:41,521 [INFO] PluginManager:220 - loadIPPluginJar : add cryp
2023-12-14 13:08:41,599 [INFO] IPUIPlugin:80 - create IPUIPlugin
2023-12-14 13:08:41,599 [INFO] PluginManager:220 - loadIPPluginJar : add dfsdm
2023-12-14 13:08:41,631 [INFO] IPUIPlugin:80 - create IPUIPlugin
2023-12-14 13:08:41,632 [INFO] PluginManager:220 - loadIPPluginJar : add dma
2023-12-14 13:08:41,730 [INFO] IPUIPlugin:80 - create IPUIPlugin
2023-12-14 13:08:41,731 [INFO] PluginManager:220 - loadIPPluginJar : add dma3
2023-12-14 13:08:41,769 [INFO] IPUIPlugin:80 - create IPUIPlugin
2023-12-14 13:08:41,769 [INFO] PluginManager:220 - loadIPPluginJar : add fatfs
2023-12-14 13:08:41,858 [INFO] IPUIPlugin:80 - create IPUIPlugin
2023-12-14 13:08:41,858 [INFO] PluginManager:220 - loadIPPluginJar : add fmc
2023-12-14 13:08:41,886 [INFO] IPUIPlugin:80 - create IPUIPlugin
2023-12-14 13:08:41,886 [INFO] PluginManager:220 - loadIPPluginJar : add freertos
2023-12-14 13:08:41,935 [INFO] IPUIPlugin:80 - create IPUIPlugin
2023-12-14 13:08:41,935 [INFO] PluginManager:220 - loadIPPluginJar : add genericplugin
2023-12-14 13:08:42,219 [INFO] IPUIPlugin:80 - create IPUIPlugin
2023-12-14 13:08:42,220 [INFO] PluginManager:220 - loadIPPluginJar : add gfxmmu
2023-12-14 13:08:42,555 [INFO] IPUIPlugin:80 - create IPUIPlugin
2023-12-14 13:08:42,555 [INFO] PluginManager:220 - loadIPPluginJar : add gic
2023-12-14 13:08:42,587 [INFO] IPUIPlugin:80 - create IPUIPlugin
2023-12-14 13:08:42,587 [INFO] PluginManager:220 - loadIPPluginJar : add gpio
2023-12-14 13:08:42,626 [INFO] ThirdPartyUpdaterWithRetryManager:70 - Updater plugin not ready yet. [2/15]
2023-12-14 13:08:42,778 [INFO] IPUIPlugin:80 - create IPUIPlugin
2023-12-14 13:08:42,779 [INFO] PluginManager:220 - loadIPPluginJar : add gtzc
2023-12-14 13:08:42,848 [INFO] IPUIPlugin:80 - create IPUIPlugin
2023-12-14 13:08:42,848 [INFO] PluginManager:220 - loadIPPluginJar : add hash
2023-12-14 13:08:42,971 [INFO] IPUIPlugin:80 - create IPUIPlugin
2023-12-14 13:08:42,971 [INFO] PluginManager:220 - loadIPPluginJar : add i2c
2023-12-14 13:08:43,067 [INFO] IPUIPlugin:80 - create IPUIPlugin
2023-12-14 13:08:43,067 [INFO] PluginManager:220 - loadIPPluginJar : add i2s
2023-12-14 13:08:43,166 [INFO] IPUIPlugin:80 - create IPUIPlugin
2023-12-14 13:08:43,167 [INFO] PluginManager:220 - loadIPPluginJar : add i3c
2023-12-14 13:08:43,439 [INFO] IPUIPlugin:80 - create IPUIPlugin
2023-12-14 13:08:43,439 [INFO] PluginManager:220 - loadIPPluginJar : add ipddr
2023-12-14 13:08:43,681 [INFO] IPUIPlugin:80 - create IPUIPlugin
2023-12-14 13:08:43,681 [INFO] PluginManager:220 - loadIPPluginJar : add linkedlist
2023-12-14 13:08:43,766 [INFO] IPUIPlugin:80 - create IPUIPlugin
2023-12-14 13:08:43,767 [INFO] PluginManager:220 - loadIPPluginJar : add lorawan
2023-12-14 13:08:43,886 [INFO] IPUIPlugin:80 - create IPUIPlugin
2023-12-14 13:08:43,887 [INFO] PluginManager:220 - loadIPPluginJar : add ltdc
2023-12-14 13:08:43,918 [INFO] IPUIPlugin:80 - create IPUIPlugin
2023-12-14 13:08:43,918 [INFO] PluginManager:220 - loadIPPluginJar : add mdma
2023-12-14 13:08:43,938 [INFO] IPUIPlugin:80 - create IPUIPlugin
2023-12-14 13:08:43,939 [INFO] PluginManager:220 - loadIPPluginJar : add nvic
2023-12-14 13:08:44,004 [INFO] IPUIPlugin:80 - create IPUIPlugin
2023-12-14 13:08:44,004 [INFO] PluginManager:220 - loadIPPluginJar : add opamp
2023-12-14 13:08:44,153 [INFO] IPUIPlugin:80 - create IPUIPlugin
2023-12-14 13:08:44,154 [INFO] PluginManager:220 - loadIPPluginJar : add openamp
2023-12-14 13:08:44,251 [INFO] IPUIPlugin:80 - create IPUIPlugin
2023-12-14 13:08:44,252 [INFO] PluginManager:220 - loadIPPluginJar : add pdm2pcm
2023-12-14 13:08:44,283 [INFO] IPUIPlugin:80 - create IPUIPlugin
2023-12-14 13:08:44,288 [INFO] PluginManager:220 - loadIPPluginJar : add plateformsettings
2023-12-14 13:08:44,337 [INFO] IPUIPlugin:80 - create IPUIPlugin
2023-12-14 13:08:44,338 [INFO] PluginManager:220 - loadIPPluginJar : add quadspi
2023-12-14 13:08:44,365 [INFO] IPUIPlugin:80 - create IPUIPlugin
2023-12-14 13:08:44,365 [INFO] PluginManager:220 - loadIPPluginJar : add resmgrutility
2023-12-14 13:08:44,473 [INFO] IPUIPlugin:80 - create IPUIPlugin
2023-12-14 13:08:44,474 [INFO] PluginManager:220 - loadIPPluginJar : add sai
2023-12-14 13:08:44,540 [INFO] IPUIPlugin:80 - create IPUIPlugin
2023-12-14 13:08:44,541 [INFO] PluginManager:220 - loadIPPluginJar : add spi
2023-12-14 13:08:44,636 [INFO] IPUIPlugin:80 - create IPUIPlugin
2023-12-14 13:08:44,636 [INFO] PluginManager:220 - loadIPPluginJar : add stm32_wpan
2023-12-14 13:08:44,680 [INFO] IPUIPlugin:80 - create IPUIPlugin
2023-12-14 13:08:44,680 [INFO] PluginManager:220 - loadIPPluginJar : add tim
2023-12-14 13:08:44,867 [INFO] IPUIPlugin:80 - create IPUIPlugin
2023-12-14 13:08:44,867 [INFO] PluginManager:220 - loadIPPluginJar : add touchsensing
2023-12-14 13:08:44,937 [INFO] IPUIPlugin:80 - create IPUIPlugin
2023-12-14 13:08:44,938 [INFO] PluginManager:220 - loadIPPluginJar : add tracer_emb
2023-12-14 13:08:45,013 [INFO] IPUIPlugin:80 - create IPUIPlugin
2023-12-14 13:08:45,013 [INFO] PluginManager:220 - loadIPPluginJar : add ts
2023-12-14 13:08:45,054 [INFO] IPUIPlugin:80 - create IPUIPlugin
2023-12-14 13:08:45,054 [INFO] PluginManager:220 - loadIPPluginJar : add tsc
2023-12-14 13:08:45,106 [INFO] IPUIPlugin:80 - create IPUIPlugin
2023-12-14 13:08:45,106 [INFO] PluginManager:220 - loadIPPluginJar : add ucpd
2023-12-14 13:08:45,197 [INFO] IPUIPlugin:80 - create IPUIPlugin
2023-12-14 13:08:45,197 [INFO] PluginManager:220 - loadIPPluginJar : add usart
2023-12-14 13:08:45,298 [INFO] IPUIPlugin:80 - create IPUIPlugin
2023-12-14 13:08:45,299 [INFO] PluginManager:220 - loadIPPluginJar : add usbx
2023-12-14 13:08:45,486 [INFO] CADModel:165 - CPN selected for project level
2023-12-14 13:08:45,487 [INFO] CADModel:114 - Register for checkConnection events
2023-12-14 13:08:45,487 [FATAL] Updater:308 - Updater called before beeing initialized
2023-12-14 13:08:45,487 [ERROR] CADModel:125 - Updater not yet initialized, retry later 
2023-12-14 13:08:45,627 [INFO] ThirdPartyUpdaterWithRetryManager:70 - Updater plugin not ready yet. [3/15]
2023-12-14 13:08:45,868 [INFO] CADModel:165 - CPN selected for project level
2023-12-14 13:08:45,869 [INFO] CADModel:114 - Register for checkConnection events
2023-12-14 13:08:45,869 [FATAL] Updater:308 - Updater called before beeing initialized
2023-12-14 13:08:45,869 [ERROR] CADModel:125 - Updater not yet initialized, retry later 
2023-12-14 13:08:45,877 [FATAL] Updater:308 - Updater called before beeing initialized
2023-12-14 13:08:46,071 [FATAL] Updater:308 - Updater called before beeing initialized
2023-12-14 13:08:46,091 [INFO] DbMcusAds:53 - JSON generation date=Wed Nov 29 11:52:28 CET 2023 (1701255148358)
2023-12-14 13:08:46,091 [FATAL] Updater:308 - Updater called before beeing initialized
2023-12-14 13:08:46,277 [WARN] DetailPanel:346 - Failed to get advertising image, set to default
2023-12-14 13:08:46,487 [FATAL] Updater:308 - Updater called before beeing initialized
2023-12-14 13:08:46,491 [FATAL] Updater:308 - Updater called before beeing initialized
2023-12-14 13:08:46,491 [FATAL] Updater:308 - Updater called before beeing initialized
2023-12-14 13:08:46,491 [WARN] DetailPanel:346 - Failed to get advertising image, set to default
2023-12-14 13:08:46,493 [FATAL] Updater:308 - Updater called before beeing initialized
2023-12-14 13:08:46,602 [ERROR] Updater:1120 - MainUpdater not yet initialized. External WinMGr cannot be set.
2023-12-14 13:08:46,622 [INFO] Updater:1056 - Updater Version found : 6.9.1
2023-12-14 13:08:46,656 [INFO] ApplicationProperties:184 - Using Application install path: C:\ST\STM32CubeIDE_1.13.1\STM32CubeIDE\plugins\com.st.stm32cube.common.mx_6.9.1.202307191849
2023-12-14 13:08:47,057 [INFO] MainUpdater:2868 - connection check result : 10
2023-12-14 13:08:47,059 [INFO] MainUpdater:285 - Updater Check For Update Now.
2023-12-14 13:08:47,060 [INFO] MicroXplorer:498 - Change Database Version : DB.6.0.91
2023-12-14 13:08:47,087 [INFO] McuFinderGlobals:63 - Set McuFinder mode to 2 (CubeIDE integrated)
2023-12-14 13:08:47,387 [INFO] CheckServerUpdateThread:120 - End of CheckServer Thread
2023-12-14 13:08:49,157 [WARN] PackLoader:240 - Cannot read IP mode file for STMicroelectronics.X-CUBE-SMBUS.2.1.0
2023-12-14 13:08:49,207 [WARN] PackLoader:240 - Cannot read IP mode file for STMicroelectronics.X-CUBE-TOUCHGFX.4.23.0
2023-12-14 13:08:49,302 [WARN] PackLoader:240 - Cannot read IP mode file for STMicroelectronics.X-CUBE-AZRTOS-F7.1.1.0
2023-12-14 13:08:49,345 [WARN] PackLoader:240 - Cannot read IP mode file for STMicroelectronics.FP-SNS-MOTENV1.4.3.2
2023-12-14 13:08:49,378 [WARN] PackLoader:240 - Cannot read IP mode file for STMicroelectronics.FP-SNS-FLIGHT1.5.0.2
2023-12-14 13:08:49,414 [WARN] PackLoader:240 - Cannot read IP mode file for STMicroelectronics.X-CUBE-DISPLAY.3.0.0
2023-12-14 13:08:49,453 [WARN] PackLoader:240 - Cannot read IP mode file for STMicroelectronics.X-CUBE-BLE1.7.0.0
2023-12-14 13:08:49,480 [WARN] PackLoader:240 - Cannot read IP mode file for emotas.I-CUBE-CANOPEN.1.3.0
2023-12-14 13:08:49,503 [WARN] PackLoader:240 - Cannot read IP mode file for STMicroelectronics.X-CUBE-TOUCHGFX.4.22.0
2023-12-14 13:08:49,524 [WARN] PackLoader:240 - Cannot read IP mode file for STMicroelectronics.X-CUBE-TOUCHGFX.4.22.1
2023-12-14 13:08:49,548 [WARN] PackLoader:240 - Cannot read IP mode file for STMicroelectronics.FP-SNS-SMARTAG2.1.2.0
2023-12-14 13:08:49,605 [INFO] LogOutputStream:77 - [STDOUT_REDIRECT] 1 : Invalid condition id : UX_CORESTACK_Condition cause : null
2023-12-14 13:08:49,607 [INFO] LogOutputStream:77 - [STDOUT_REDIRECT] 1 : Invalid condition id : UX_CORESTACK_Condition cause : null
2023-12-14 13:08:49,609 [INFO] LogOutputStream:77 - [STDOUT_REDIRECT] 1 : Invalid condition id : UX_CORESTACK_Condition cause : null
2023-12-14 13:08:49,613 [INFO] LogOutputStream:77 - [STDOUT_REDIRECT] 1 : Invalid condition id : UX_CORESTACK_Condition cause : null
2023-12-14 13:08:49,616 [INFO] LogOutputStream:77 - [STDOUT_REDIRECT] 1 : Invalid condition id : UX_CORESTACK_Condition cause : null
2023-12-14 13:08:49,624 [WARN] PackLoader:240 - Cannot read IP mode file for STMicroelectronics.X-CUBE-AZRTOS-WL.2.0.0
2023-12-14 13:08:49,664 [WARN] PackLoader:240 - Cannot read IP mode file for WES.I-CUBE-Cesium.1.3.0
2023-12-14 13:08:49,690 [WARN] PackLoader:240 - Cannot read IP mode file for STMicroelectronics.X-CUBE-BLE2.3.3.0
2023-12-14 13:08:49,721 [WARN] PackLoader:240 - Cannot read IP mode file for STMicroelectronics.X-CUBE-ALGOBUILD.1.3.0
2023-12-14 13:08:49,799 [WARN] PackLoader:240 - Cannot read IP mode file for STMicroelectronics.X-CUBE-AZRTOS-G0.1.1.0
2023-12-14 13:08:49,833 [WARN] PackLoader:240 - Cannot read IP mode file for STMicroelectronics.X-CUBE-NFC4.3.0.0
2023-12-14 13:08:49,876 [WARN] PackLoader:240 - Cannot read IP mode file for STMicroelectronics.X-CUBE-BLEMGR.3.0.0
2023-12-14 13:08:49,904 [WARN] PackLoader:240 - Cannot read IP mode file for STMicroelectronics.FP-ATR-SIGFOX1.3.2.0
2023-12-14 13:08:49,996 [WARN] PackLoader:240 - Cannot read IP mode file for SEGGER.I-CUBE-embOS.1.3.1
2023-12-14 13:08:50,111 [WARN] PackLoader:240 - Cannot read IP mode file for STMicroelectronics.X-CUBE-GNSS1.6.0.0
2023-12-14 13:08:50,193 [WARN] PackLoader:240 - Cannot read IP mode file for STMicroelectronics.X-CUBE-AZRTOS-F4.1.1.0
2023-12-14 13:08:50,234 [WARN] PackLoader:240 - Cannot read IP mode file for wolfSSL.I-CUBE-wolfSSL.5.6.3
2023-12-14 13:08:50,293 [WARN] PackLoader:240 - Cannot read IP mode file for STMicroelectronics.X-CUBE-AZRTOS-L5.2.0.0
2023-12-14 13:08:50,399 [WARN] PackLoader:240 - Cannot read IP mode file for STMicroelectronics.X-CUBE-MEMS1.9.6.0
2023-12-14 13:08:50,765 [WARN] PackLoader:240 - Cannot read IP mode file for STMicroelectronics.X-CUBE-EEPRMA1.4.2.0
2023-12-14 13:08:50,789 [WARN] PackLoader:240 - Cannot read IP mode file for ITTIA_DB.I-CUBE-ITTIADB.8.8.0
2023-12-14 13:08:50,815 [WARN] PackLoader:240 - Cannot read IP mode file for STMicroelectronics.X-CUBE-BLEMGR.2.0.0
2023-12-14 13:08:50,909 [WARN] ConditionMgr:438 - getConditionDescription Invalid condition id : UX DEVICE CLASS RTOS Condition cause : null
2023-12-14 13:08:50,910 [WARN] ConditionMgr:438 - getConditionDescription Invalid condition id : UX DEVICE CLASS RTOS Condition cause : null
2023-12-14 13:08:50,923 [WARN] PackLoader:240 - Cannot read IP mode file for STMicroelectronics.X-CUBE-AZRTOS-H7.3.1.0
2023-12-14 13:08:50,925 [WARN] ConditionMgr:1039 - genDependencies : Invalid condition id : UX DEVICE CLASS RTOS Condition cause : null
2023-12-14 13:08:50,925 [WARN] ConditionMgr:1039 - genDependencies : Invalid condition id : UX DEVICE CLASS RTOS Condition cause : null
2023-12-14 13:08:50,927 [WARN] ConditionMgr:1039 - genDependencies : Invalid condition id : UX DEVICE CLASS RTOS Condition cause : null
2023-12-14 13:08:50,927 [WARN] ConditionMgr:1039 - genDependencies : Invalid condition id : UX DEVICE CLASS RTOS Condition cause : null
2023-12-14 13:08:50,928 [WARN] ConditionMgr:1039 - genDependencies : Invalid condition id : UX DEVICE CLASS RTOS Condition cause : null
2023-12-14 13:08:51,092 [WARN] PackLoader:240 - Cannot read IP mode file for STMicroelectronics.X-CUBE-NFC7.1.0.1
2023-12-14 13:08:51,193 [WARN] PackLoader:240 - Cannot read IP mode file for STMicroelectronics.X-CUBE-NFC6.3.0.0
2023-12-14 13:08:51,264 [WARN] PackLoader:240 - Cannot read IP mode file for STMicroelectronics.X-CUBE-EEPRMA1.4.1.0
2023-12-14 13:08:51,304 [WARN] PackLoader:240 - Cannot read IP mode file for STMicroelectronics.X-CUBE-AI.8.1.0
2023-12-14 13:08:51,430 [WARN] ConditionMgr:438 - getConditionDescription Invalid condition id : LAN8742 Phy interface Condition cause : null
2023-12-14 13:08:51,431 [WARN] PackLoader:240 - Cannot read IP mode file for STMicroelectronics.X-CUBE-AZRTOS-L4.2.0.0
2023-12-14 13:08:51,436 [WARN] ConditionMgr:1039 - genDependencies : Invalid condition id : LAN8742 Phy interface Condition cause : null
2023-12-14 13:08:51,437 [WARN] ConditionMgr:1039 - genDependencies : Invalid condition id : LAN8742 Phy interface Condition cause : null
2023-12-14 13:08:51,439 [WARN] ConditionMgr:1039 - genDependencies : Invalid condition id : LAN8742 Phy interface Condition cause : null
2023-12-14 13:08:51,510 [WARN] PackLoader:240 - Cannot read IP mode file for STMicroelectronics.X-CUBE-SFXS2LP1.4.0.0
2023-12-14 13:08:51,603 [WARN] PackLoader:240 - Cannot read IP mode file for STMicroelectronics.X-CUBE-ISPU.1.1.0
2023-12-14 13:08:51,660 [WARN] ConditionMgr:438 - getConditionDescription Invalid condition id : UX DEVICE CLASS RTOS Condition cause : null
2023-12-14 13:08:51,661 [WARN] ConditionMgr:438 - getConditionDescription Invalid condition id : UX DEVICE CLASS RTOS Condition cause : null
2023-12-14 13:08:51,668 [WARN] PackLoader:240 - Cannot read IP mode file for STMicroelectronics.X-CUBE-AZRTOS-WB.2.0.0
2023-12-14 13:08:51,670 [WARN] ConditionMgr:1039 - genDependencies : Invalid condition id : UX DEVICE CLASS RTOS Condition cause : null
2023-12-14 13:08:51,670 [WARN] ConditionMgr:1039 - genDependencies : Invalid condition id : UX DEVICE CLASS RTOS Condition cause : null
2023-12-14 13:08:51,671 [WARN] ConditionMgr:1039 - genDependencies : Invalid condition id : UX DEVICE CLASS RTOS Condition cause : null
2023-12-14 13:08:51,672 [WARN] ConditionMgr:1039 - genDependencies : Invalid condition id : UX DEVICE CLASS RTOS Condition cause : null
2023-12-14 13:08:51,672 [WARN] ConditionMgr:1039 - genDependencies : Invalid condition id : UX DEVICE CLASS RTOS Condition cause : null
2023-12-14 13:08:51,709 [WARN] PackLoader:240 - Cannot read IP mode file for STMicroelectronics.X-CUBE-FREERTOS.1.0.1
2023-12-14 13:08:51,780 [WARN] PackLoader:240 - Cannot read IP mode file for STMicroelectronics.X-CUBE-SUBG2.5.0.0
2023-12-14 13:08:51,845 [WARN] PackLoader:240 - Cannot read IP mode file for STMicroelectronics.X-CUBE-TOF1.3.3.1
2023-12-14 13:08:51,948 [WARN] PackLoader:240 - Cannot read IP mode file for STMicroelectronics.X-CUBE-AZRTOS-G4.2.0.0
2023-12-14 13:08:52,011 [WARN] PackLoader:240 - Cannot read IP mode file for Infineon.AIROC-Wi-Fi-Bluetooth-STM32.1.5.1
2023-12-14 13:08:52,055 [WARN] PackLoader:240 - Cannot read IP mode file for STMicroelectronics.FP-SNS-MOTENVWB1.1.3.0
2023-12-14 13:08:52,081 [WARN] PackLoader:240 - Cannot read IP mode file for STMicroelectronics.FP-SNS-MOTENVWB1.1.3.1
2023-12-14 13:08:52,128 [WARN] PackLoader:240 - Cannot read IP mode file for STMicroelectronics.X-CUBE-ISPU.2.0.0
2023-12-14 13:08:52,306 [WARN] PackLoader:240 - Cannot read IP mode file for STMicroelectronics.X-CUBE-MEMS1.10.0.0
2023-12-14 13:08:52,679 [WARN] PackLoader:240 - Cannot read IP mode file for STMicroelectronics.X-CUBE-FREERTOS.1.1.0
2023-12-14 13:08:52,745 [WARN] PackLoader:240 - Cannot read IP mode file for portGmbH.I-Cube-SoM-uGOAL.1.1.0
2023-12-14 13:08:53,072 [WARN] PackLoader:240 - Cannot read IP mode file for STMicroelectronics.X-CUBE-ALS.1.0.1
2023-12-14 13:08:53,117 [WARN] PackLoader:240 - Cannot read IP mode file for STMicroelectronics.FP-ATR-ASTRA1.2.0.0
2023-12-14 13:08:53,181 [WARN] PackLoader:240 - Cannot read IP mode file for STMicroelectronics.X-CUBE-TOF1.3.4.0
2023-12-14 13:08:53,319 [WARN] PackLoader:240 - Cannot read IP mode file for STMicroelectronics.X-CUBE-AZRTOS-H7.3.2.0
2023-12-14 13:08:53,325 [INFO] ThirdParty:978 - Integrity check success = true
2023-12-14 13:08:53,325 [INFO] IntegrityCheckThread:100 - exiting critical section [integrity check]
2023-12-14 13:08:53,325 [INFO] IntegrityCheckThread:103 - End integrity checks thread
2023-12-14 13:09:09,052 [ERROR] LogOutputStream:75 - [STDERR_REDIRECT] SLF4J: Failed to load class "org.slf4j.impl.StaticLoggerBinder".
2023-12-14 13:09:09,052 [ERROR] LogOutputStream:75 - [STDERR_REDIRECT] SLF4J: Defaulting to no-operation (NOP) logger implementation
2023-12-14 13:09:09,054 [ERROR] LogOutputStream:75 - [STDERR_REDIRECT] SLF4J: See http://www.slf4j.org/codes.html#StaticLoggerBinder for further details.
2023-12-14 13:13:45,011 [INFO] McuFinderGlobals:63 - Set McuFinder mode to 2 (CubeIDE integrated)
2023-12-14 13:13:45,073 [INFO] MainUpdater:2868 - connection check result : 10
2023-12-14 13:13:45,098 [INFO] MainUpdater:2868 - connection check result : 10
2023-12-14 13:13:45,983 [INFO] MicroXplorer:468 - Change Database Path : 
2023-12-14 13:13:45,983 [INFO] MicroXplorer:498 - Change Database Version : DB.6.0.91
2023-12-14 13:13:45,994 [WARN] ThirdParty:871 - waiting for thirdparty lock release [close project]
2023-12-14 13:13:45,994 [INFO] ThirdParty:873 - entering critical section [close project]
2023-12-14 13:13:45,996 [INFO] ThirdParty:883 - exiting critical section [close project]
2023-12-14 13:13:46,003 [INFO] PinOutPanel:1499 - setPackage(No Configuration,No Configuration)
2023-12-14 13:13:46,025 [INFO] UtilMem:75 - Begin LoadConfig() Used Memory: 638490792 Bytes (1029701632)
2023-12-14 13:13:46,050 [INFO] MicroXplorer:468 - Change Database Path : C:/Users/Beispiel/.stm32cubemx/databases/DB.6.0.90/db/
2023-12-14 13:13:46,051 [INFO] MicroXplorer:498 - Change Database Version : DB.6.0.90
2023-12-14 13:13:48,831 [INFO] OpenFileManager:308 - Change cursor
2023-12-14 13:13:49,010 [INFO] Mcu:1946 - Initializing MCU STM32L073R(B-Z)Tx STM32L073RZTx STM32L073RZT6
2023-12-14 13:13:52,386 [INFO] Context:659 - Trying to add GPIOservice into a context  which must be forbidden
2023-12-14 13:13:53,903 [INFO] RtosManager:555 - Registered RTOS mode: class=CMSIS, group=RTOS, mode=CMSIS_V1, owner=FREERTOS
2023-12-14 13:13:53,903 [INFO] RtosManager:555 - Registered RTOS mode: class=CMSIS, group=RTOS2, mode=CMSIS_V2, owner=FREERTOS
2023-12-14 13:13:53,903 [INFO] RtosManager:555 - Registered RTOS mode: class=RTOS, group=Core, mode=CMSIS_V1, owner=FREERTOS
2023-12-14 13:13:53,903 [INFO] RtosManager:555 - Registered RTOS mode: class=RTOS, group=Core, mode=CMSIS_V2, owner=FREERTOS
2023-12-14 13:13:53,904 [WARN] ModelIntegratedComponent:184 - Missing modes for component STMicroelectronics:FreeRTOS:0.0.1:STMicroelectronics:RTOS:FreeRTOS:Core:::10.2.0:
2023-12-14 13:13:53,934 [WARN] ModelIntegratedComponent:63 - No mode defined for component null
2023-12-14 13:13:53,935 [WARN] ModelIntegratedComponent:63 - No mode defined for component null
2023-12-14 13:13:53,935 [WARN] ModelIntegratedComponent:63 - No mode defined for component null
2023-12-14 13:13:53,935 [WARN] ModelIntegratedComponent:63 - No mode defined for component null
2023-12-14 13:13:53,935 [WARN] ModelIntegratedComponent:63 - No mode defined for component null
2023-12-14 13:13:53,935 [WARN] ModelIntegratedComponent:63 - No mode defined for component null
2023-12-14 13:13:53,935 [WARN] ModelIntegratedComponent:63 - No mode defined for component null
2023-12-14 13:13:53,935 [WARN] ModelIntegratedComponent:63 - No mode defined for component null
2023-12-14 13:13:53,935 [WARN] ModelIntegratedComponent:63 - No mode defined for component null
2023-12-14 13:13:53,935 [WARN] ModelIntegratedComponent:63 - No mode defined for component null
2023-12-14 13:13:53,935 [WARN] ModelIntegratedComponent:63 - No mode defined for component null
2023-12-14 13:13:53,936 [WARN] ModelIntegratedComponent:63 - No mode defined for component null
2023-12-14 13:13:53,936 [WARN] ModelIntegratedComponent:63 - No mode defined for component null
2023-12-14 13:13:53,936 [WARN] ModelIntegratedComponent:63 - No mode defined for component null
2023-12-14 13:13:53,936 [WARN] ModelIntegratedComponent:63 - No mode defined for component null
2023-12-14 13:13:53,936 [WARN] ModelIntegratedComponent:63 - No mode defined for component null
2023-12-14 13:13:53,936 [WARN] ModelIntegratedComponent:63 - No mode defined for component null
2023-12-14 13:13:53,936 [WARN] ModelIntegratedComponent:63 - No mode defined for component null
2023-12-14 13:13:53,936 [WARN] ModelIntegratedComponent:63 - No mode defined for component null
2023-12-14 13:13:53,936 [WARN] ModelIntegratedComponent:63 - No mode defined for component null
2023-12-14 13:13:53,936 [WARN] ModelIntegratedComponent:63 - No mode defined for component null
2023-12-14 13:13:53,936 [WARN] ModelIntegratedComponent:63 - No mode defined for component null
2023-12-14 13:13:53,937 [WARN] ModelIntegratedComponent:63 - No mode defined for component null
2023-12-14 13:13:53,937 [WARN] ModelIntegratedComponent:63 - No mode defined for component null
2023-12-14 13:13:53,937 [WARN] ModelIntegratedComponent:63 - No mode defined for component null
2023-12-14 13:13:53,937 [WARN] ModelIntegratedComponent:63 - No mode defined for component null
2023-12-14 13:13:53,937 [WARN] ModelIntegratedComponent:63 - No mode defined for component null
2023-12-14 13:13:53,937 [WARN] ModelIntegratedComponent:63 - No mode defined for component null
2023-12-14 13:13:53,937 [WARN] ModelIntegratedComponent:63 - No mode defined for component null
2023-12-14 13:13:53,937 [WARN] ModelIntegratedComponent:63 - No mode defined for component null
2023-12-14 13:13:53,937 [WARN] ModelIntegratedComponent:63 - No mode defined for component null
2023-12-14 13:13:53,937 [WARN] ModelIntegratedComponent:63 - No mode defined for component null
2023-12-14 13:13:53,937 [WARN] ModelIntegratedComponent:63 - No mode defined for component null
2023-12-14 13:13:54,131 [INFO] ThirdPartyModel:298 - Start build external matchings
2023-12-14 13:13:55,485 [INFO] ThirdPartyModel:316 - End build external matchings
2023-12-14 13:13:55,530 [INFO] ImportTextPane:194 - (OptionalMessage_ERROR) IP (RCC) : Parameter (48USBFreq_Value) has invalid value (24000000)
2023-12-14 13:13:55,530 [INFO] ImportTextPane:194 - (OptionalMessage_ERROR) IP (RCC) : Invalid parameter (FamilyName)
2023-12-14 13:13:55,565 [INFO] ImportTextPane:194 - (OptionalMessage_ERROR) IP (RCC) : Parameter (RTCHSEDivFreq_Value) has invalid value (4000000)
2023-12-14 13:13:55,565 [INFO] ImportTextPane:194 - (OptionalMessage_ERROR) IP (RCC) : Invalid parameter (TIMFreq_Value)
2023-12-14 13:13:56,148 [INFO] UtilMem:75 - End LoadConfig() Used Memory: 793658744 Bytes (1073741824)
2023-12-14 13:13:56,410 [INFO] ApiDb:581 - Connected to CubeFinder SQLite database (C:\Users\Beispiel\.stmcufinder\plugins\mcufinder\mcu\cube-finder-db.db)
2023-12-14 13:13:56,582 [INFO] ApiDb:668 - CubeFinder database Data Model version=2.1
2023-12-14 13:13:56,582 [INFO] ApiDb:669 - CubeFinder database Configuration version=3.0.39
2023-12-14 13:13:56,582 [INFO] ApiDb:670 - CubeFinder database generation date=2023-11-06 (1699269565)
2023-12-14 13:13:56,583 [INFO] ApiDb:671 - CubeFinder database FW Pack versions=[FP-ATR-ASTRA1_V2.0.0, FP-SNS-FLIGHT1_V5.0.1, FP-SNS-FLIGHT1_V5.0.2, FP-SNS-MOTENV1_V4.3.1, FP-SNS-MOTENV1_V4.3.2, FP-SNS-MOTENVWB1_V1.3.0, FP-SNS-SMARTAG2_V1.2.0, STM32Cube_FW_C0_V1.1.0, STM32Cube_FW_F4_V1.28.0, STM32Cube_FW_F7_V1.17.0, STM32Cube_FW_G0_V1.6.1, STM32Cube_FW_G4_V1.5.1, STM32Cube_FW_H5_V0.5.1, STM32Cube_FW_H5_V1.1.1, STM32Cube_FW_H5_V1.2.0RC2, STM32Cube_FW_H7_V1.11.0, STM32Cube_FW_L0_V1.12.2, STM32Cube_FW_L5_V1.5.0, STM32Cube_FW_U5_V1.3.0RC4, STM32Cube_FW_U5_V1.4.0, STM32Cube_FW_WBA_V1.0.0RC1, STM32Cube_FW_WBA_V1.1.0RC1, STM32Cube_FW_WBA_V1.2.0, STM32Cube_FW_WBA_V1.2.0RC2, STM32Cube_FW_WB_V1.15.0RC1, STM32Cube_FW_WB_V1.16.0, STM32Cube_FW_WB_V1.16.0RC2, STM32Cube_FW_WB_V1.18.0, STM32Cube_FW_WL_V1.3.0, X-CUBE-ALGOBUILD_V1.3.0, X-CUBE-ALS_V1.0.1, X-CUBE-AZRTOS-F4_V1.1.0, X-CUBE-AZRTOS-F7_V1.1.0, X-CUBE-AZRTOS-G0_V1.1.0, X-CUBE-AZRTOS-G4_V2.0.0, X-CUBE-AZRTOS-H7_V3.1.0, X-CUBE-AZRTOS-L4_V1.0.0, X-CUBE-AZRTOS-L4_V2.0.0, X-CUBE-AZRTOS-L5_V1.1.0, X-CUBE-AZRTOS-WB_V2.0.0, X-CUBE-AZRTOS-WL_V2.0.0, X-CUBE-BLE1_V7.0.0, X-CUBE-BLE2_V3.3.0, X-CUBE-BLEMGR_V2.0.0, X-CUBE-EEPRMA1_V4.1.0, X-CUBE-EEPRMA1_V4.2.0, X-CUBE-FREERTOS_V1.1.0, X-CUBE-GNSS1_V6.0.0, X-CUBE-MEMS1_V10.0.0, X-CUBE-MEMS1_V9.1.0, X-CUBE-MEMS1_V9.4.0, X-CUBE-MEMS1_V9.6.0, X-CUBE-NFC4_V3.0.0, X-CUBE-NFC7_V1.0.1, X-CUBE-SFXS2LP1_V4.0.0, X-CUBE-SUBG2_V5.0.0, X-CUBE-TOF1_V3.3.1]
2023-12-14 13:14:02,127 [INFO] ApiDb:240 - Found 323 in-development CPN: [B-G473E-ZEST1S, B-WB1M-WPAN1, B-WL5M-SUBG1, NUCLEO-C031C6, NUCLEO-H503RB, NUCLEO-H563ZI, NUCLEO-U545RE-Q, NUCLEO-U5A5ZJ-Q, NUCLEO-WBA52CG, STEVAL-PROTEUS1, STEVAL-SMARTAG2, STEVAL-STWINBX1, STM320518-EVAL, STM32C0116-DK, STM32C011D6Y3TR, STM32C011D6Y6TR, STM32C011F4P3, STM32C011F4P6, STM32C011F4U3, STM32C011F4U6TR, STM32C011F6P3, STM32C011F6P6, STM32C011F6U3, STM32C011F6U6TR, STM32C011J4M3, STM32C011J4M6, STM32C011J6M3, STM32C011J6M6, STM32C0316-DK, STM32C031C4T3, STM32C031C4T6, STM32C031C4U3, STM32C031C4U6, STM32C031C6T3, STM32C031C6T6, STM32C031C6U3, STM32C031C6U6, STM32C031F4P3, STM32C031F4P6, STM32C031F6P3, STM32C031F6P6, STM32C031G4U3, STM32C031G4U6, STM32C031G6U3, STM32C031G6U6, STM32C031K4T3, STM32C031K4T6, STM32C031K4U3, STM32C031K4U6, STM32C031K6T3, STM32C031K6T6, STM32C031K6U3, STM32C031K6U6, STM32G071K8TXN, STM32G071K8UXN, STM32G081GBU6N, STM32G081KBT6N, STM32G081KBUXN, STM32G0B1CCT6N, STM32G0B1KCT6, STM32G0B1NEY6TR, STM32G0B1RCT6N, STM32G0C1CCT6, STM32G0C1CCT6N, STM32G0C1CCU6N, STM32G0C1CET6N, STM32G0C1CEU6N, STM32G0C1KCT6, STM32G0C1NEY6TR, STM32G0C1RCI6N, STM32G0C1RCT6N, STM32G0C1REI6N, STM32G0C1RET6N, STM32G0C1VCI6, STM32G0C1VEI6, STM32G471CCT6, STM32G471CCU6, STM32G471CET3, STM32G471CET6, STM32G471CEU3, STM32G471CEU6, STM32G471MCT6, STM32G471MET3, STM32G471MET6, STM32G471MEY6TR, STM32G471QCT6, STM32G471QET3, STM32G471RCT6, STM32G471RET3, STM32G471RET6, STM32G471VCH6, STM32G471VCI6, STM32G471VCT6, STM32G471VEH3, STM32G471VEH6, STM32G471VEI3, STM32G471VEI6, STM32G471VET3, STM32G471VET6, STM32G474CCT6, STM32H503CBT6, STM32H503CBU6, STM32H503EBY6TR, STM32H503KBU6, STM32H503RBT6, STM32H562AGI6, STM32H562AII6, STM32H562IGK6, STM32H562IGT6, STM32H562IIK6, STM32H562IIT6, STM32H562RGT6, STM32H562RGV6, STM32H562RIT6, STM32H562RIV6, STM32H562VGT6, STM32H562VIT6, STM32H562ZGT6, STM32H562ZIT6, STM32H563AGI6, STM32H563AII3Q, STM32H563AII6, STM32H563IGK6, STM32H563IGT6, STM32H563IIK3Q, STM32H563IIK6, STM32H563IIT3Q, STM32H563IIT6, STM32H563MIY3QTR, STM32H563RGT6, STM32H563RGV6, STM32H563RIT6, STM32H563RIV6, STM32H563VGT6, STM32H563VIT3Q, STM32H563VIT6, STM32H563ZGT6, STM32H563ZIT3Q, STM32H563ZIT6, STM32H573AII3Q, STM32H573AII6, STM32H573I-DK, STM32H573IIK3Q, STM32H573IIK6, STM32H573IIT3Q, STM32H573IIT6, STM32H573MIY3QTR, STM32H573RIT6, STM32H573RIV6, STM32H573VIT3Q, STM32H573VIT6, STM32H573ZIT3Q, STM32H573ZIT6, STM32L4R5QGI6STR, STM32MP131AAE3, STM32MP131AAF3, STM32MP131AAG3, STM32MP131CAE3, STM32MP131CAF3, STM32MP131CAG3, STM32MP131DAE7, STM32MP131DAF7, STM32MP131DAG7, STM32MP131FAE7, STM32MP131FAF7, STM32MP131FAG7, STM32MP133AAE3, STM32MP133AAF3, STM32MP133AAG3, STM32MP133CAE3, STM32MP133CAF3, STM32MP133CAG3, STM32MP133DAE7, STM32MP133DAF7, STM32MP133DAG7, STM32MP133FAE7, STM32MP133FAF7, STM32MP133FAG7, STM32MP135AAE3, STM32MP135AAF3, STM32MP135AAG3, STM32MP135CAE3, STM32MP135CAF3, STM32MP135CAG3, STM32MP135DAE7, STM32MP135DAF7, STM32MP135DAG7, STM32MP135F-DK, STM32MP135FAE7, STM32MP135FAF7, STM32MP135FAF7T, STM32MP135FAF7U, STM32MP135FAG7, STM32U535CBT6, STM32U535CBT6Q, STM32U535CBU6, STM32U535CBU6Q, STM32U535CCT6, STM32U535CCT6Q, STM32U535CCU6, STM32U535CCU6Q, STM32U535CET6, STM32U535CET6Q, STM32U535CEU6, STM32U535CEU6Q, STM32U535JEY6QTR, STM32U535NCY6QTR, STM32U535NEY6QTR, STM32U535RBI6, STM32U535RBI6Q, STM32U535RBT6, STM32U535RBT6Q, STM32U535RCI6, STM32U535RCI6Q, STM32U535RCT6, STM32U535RCT6Q, STM32U535REI6, STM32U535REI6Q, STM32U535RET6, STM32U535RET6Q, STM32U535VCI6, STM32U535VCI6Q, STM32U535VCT6, STM32U535VCT6Q, STM32U535VEI6, STM32U535VEI6Q, STM32U535VET6, STM32U535VET6Q, STM32U545CET6, STM32U545CET6Q, STM32U545CEU6, STM32U545CEU6Q, STM32U545JEY6QTR, STM32U545NEY6QTR, STM32U545REI6, STM32U545REI6Q, STM32U545RET6, STM32U545RET6Q, STM32U545VEI6, STM32U545VEI6Q, STM32U545VET6, STM32U545VET6Q, STM32U595AIH6, STM32U595AIH6Q, STM32U595AJH6, STM32U595AJH6Q, STM32U595QII6, STM32U595QII6Q, STM32U595QJI6, STM32U595QJI6Q, STM32U595RIT6, STM32U595RIT6Q, STM32U595RJT6, STM32U595RJT6Q, STM32U595VIT6, STM32U595VIT6Q, STM32U595VJT6, STM32U595VJT6Q, STM32U595ZIT6, STM32U595ZIT6Q, STM32U595ZIY6QTR, STM32U595ZJT6, STM32U595ZJT6Q, STM32U595ZJY6QTR, STM32U599BJY6QTR, STM32U599NIH6Q, STM32U599NJH6Q, STM32U599VIT6Q, STM32U599VJT6, STM32U599VJT6Q, STM32U599ZIT6Q, STM32U599ZIY6QTR, STM32U599ZJT6Q, STM32U599ZJY6QTR, STM32U5A5AJH6, STM32U5A5AJH6Q, STM32U5A5QJI6, STM32U5A5QJI6Q, STM32U5A5RJT6, STM32U5A5RJT6Q, STM32U5A5VJT6, STM32U5A5VJT6Q, STM32U5A5ZJT6, STM32U5A5ZJT6Q, STM32U5A5ZJY6QTR, STM32U5A9BJY6QTR, STM32U5A9J-DK, STM32U5A9NJH6Q, STM32U5A9VJT6Q, STM32U5A9ZJT6Q, STM32U5A9ZJY6QTR, STM32U5F7VIT6, STM32U5F7VIT6Q, STM32U5F7VJT6, STM32U5F7VJT6Q, STM32U5F9BJY6QTR, STM32U5F9NJH6Q, STM32U5F9VIT6Q, STM32U5F9VJT6Q, STM32U5F9ZIJ6QTR, STM32U5F9ZIT6Q, STM32U5F9ZJJ6QTR, STM32U5F9ZJT6Q, STM32U5G7VJT6, STM32U5G7VJT6Q, STM32U5G9BJY6QTR, STM32U5G9J-DK1, STM32U5G9J-DK2, STM32U5G9NJH6Q, STM32U5G9VJT6Q, STM32U5G9ZJJ6QTR, STM32U5G9ZJT6Q, STM32WB1MMCH6, STM32WBA52CEU6, STM32WBA52CEU6T, STM32WBA52CGU6, STM32WBA52CGU6T, STM32WBA52KEU6, STM32WBA52KEU6T, STM32WBA52KGU6, STM32WBA52KGU6T, STM32WL5MOCH6, STM32WL5MOCH6TR]
2023-12-14 13:14:02,135 [INFO] DbMcus:217 - Found 3882 MCUs, 3882 are supported
2023-12-14 13:14:02,137 [INFO] ApiDb:423 - Load user favorites file C:\Users\Beispiel/.stm32cubeide/favorites.mcus.txt: 0 item(s)
2023-12-14 13:14:02,138 [INFO] ApiDb:427 - User favorites MCUs=[]
2023-12-14 13:14:02,138 [INFO] DbMcus:223 - Set 0 / 0 favorites MCUs
2023-12-14 13:14:03,114 [WARN] ThirdParty:833 - waiting for thirdparty lock release [change project]
2023-12-14 13:14:03,114 [INFO] ThirdParty:835 - entering critical section [change project]
2023-12-14 13:14:03,115 [INFO] ThirdParty:1030 - CMSIS Pack Vendor :STMicroelectronics X-CUBE-ISPU 1.1.0
2023-12-14 13:14:03,115 [INFO] ThirdParty:1030 - CMSIS Pack Vendor :STMicroelectronics USBPD 4.1
2023-12-14 13:14:03,115 [INFO] ThirdParty:1030 - CMSIS Pack Vendor :STMicroelectronics X-CUBE-GNSS1 6.0.0
2023-12-14 13:14:03,115 [INFO] ThirdParty:1030 - CMSIS Pack Vendor :STMicroelectronics USB_HOST 2.0.0
2023-12-14 13:14:03,115 [INFO] ThirdParty:1030 - CMSIS Pack Vendor :STMicroelectronics X-CUBE-AZRTOS-F4 1.1.0
2023-12-14 13:14:03,115 [INFO] ThirdParty:1030 - CMSIS Pack Vendor :STMicroelectronics LIBJPEG 8.0.0
2023-12-14 13:14:03,115 [INFO] ThirdParty:1030 - CMSIS Pack Vendor :wolfSSL I-CUBE-wolfSSL 5.6.3
2023-12-14 13:14:03,116 [INFO] ThirdParty:1030 - CMSIS Pack Vendor :STMicroelectronics X-CUBE-SMBUS 2.1.0
2023-12-14 13:14:03,116 [INFO] ThirdParty:1030 - CMSIS Pack Vendor :STMicroelectronics USB_DEVICE 3.0.0
2023-12-14 13:14:03,116 [INFO] ThirdParty:1030 - CMSIS Pack Vendor :STMicroelectronics X-CUBE-AZRTOS-WB 2.0.0
2023-12-14 13:14:03,116 [INFO] ThirdParty:1030 - CMSIS Pack Vendor :STMicroelectronics X-CUBE-FREERTOS 1.0.1
2023-12-14 13:14:03,116 [INFO] ThirdParty:1030 - CMSIS Pack Vendor :STMicroelectronics X-CUBE-TOUCHGFX 4.23.0
2023-12-14 13:14:03,116 [INFO] ThirdParty:1030 - CMSIS Pack Vendor :STMicroelectronics X-CUBE-AZRTOS-F7 1.1.0
2023-12-14 13:14:03,116 [INFO] ThirdParty:1030 - CMSIS Pack Vendor :STMicroelectronics X-CUBE-AZRTOS-L5 2.0.0
2023-12-14 13:14:03,116 [INFO] ThirdParty:1030 - CMSIS Pack Vendor :STMicroelectronics USB_DEVICE 2.0.0
2023-12-14 13:14:03,117 [INFO] ThirdParty:1030 - CMSIS Pack Vendor :STMicroelectronics X-CUBE-MEMS1 9.6.0
2023-12-14 13:14:03,118 [INFO] ThirdParty:1030 - CMSIS Pack Vendor :STMicroelectronics X-CUBE-EEPRMA1 4.2.0
2023-12-14 13:14:03,118 [INFO] ThirdParty:1030 - CMSIS Pack Vendor :ITTIA_DB I-CUBE-ITTIADB 8.8.0
2023-12-14 13:14:03,118 [INFO] ThirdParty:1030 - CMSIS Pack Vendor :STMicroelectronics FP-SNS-MOTENV1 4.3.2
2023-12-14 13:14:03,118 [INFO] ThirdParty:1030 - CMSIS Pack Vendor :STMicroelectronics X-CUBE-ALGOBUILD 1.3.0
2023-12-14 13:14:03,118 [INFO] ThirdParty:1030 - CMSIS Pack Vendor :STMicroelectronics FreeRTOS 0.0.1
2023-12-14 13:14:03,118 [INFO] ThirdParty:1030 - CMSIS Pack Vendor :STMicroelectronics X-CUBE-AZRTOS-G0 1.1.0
2023-12-14 13:14:03,118 [INFO] ThirdParty:1030 - CMSIS Pack Vendor :STMicroelectronics X-CUBE-BLEMGR 2.0.0
2023-12-14 13:14:03,118 [INFO] ThirdParty:1030 - CMSIS Pack Vendor :STMicroelectronics X-CUBE-NFC4 3.0.0
2023-12-14 13:14:03,118 [INFO] ThirdParty:1030 - CMSIS Pack Vendor :STMicroelectronics X-CUBE-SUBG2 5.0.0
2023-12-14 13:14:03,118 [INFO] ThirdParty:1030 - CMSIS Pack Vendor :STMicroelectronics STM32_WPAN 1.0.0
2023-12-14 13:14:03,118 [INFO] ThirdParty:1030 - CMSIS Pack Vendor :STMicroelectronics lwIP 2.0.3
2023-12-14 13:14:03,118 [INFO] ThirdParty:1030 - CMSIS Pack Vendor :STMicroelectronics FP-SNS-FLIGHT1 5.0.2
2023-12-14 13:14:03,118 [INFO] ThirdParty:1030 - CMSIS Pack Vendor :STMicroelectronics USB_HOST 1.0.0
2023-12-14 13:14:03,118 [INFO] ThirdParty:1030 - CMSIS Pack Vendor :STMicroelectronics X-CUBE-TOF1 3.3.1
2023-12-14 13:14:03,118 [INFO] ThirdParty:1030 - CMSIS Pack Vendor :STMicroelectronics X-CUBE-AZRTOS-G4 2.0.0
2023-12-14 13:14:03,119 [INFO] ThirdParty:1030 - CMSIS Pack Vendor :STMicroelectronics PDM2PCM 3.1.0
2023-12-14 13:14:03,119 [INFO] ThirdParty:1030 - CMSIS Pack Vendor :STMicroelectronics X-CUBE-AZRTOS-H7 3.1.0
2023-12-14 13:14:03,119 [INFO] ThirdParty:1030 - CMSIS Pack Vendor :Infineon AIROC-Wi-Fi-Bluetooth-STM32 1.5.1
2023-12-14 13:14:03,119 [INFO] ThirdParty:1030 - CMSIS Pack Vendor :STMicroelectronics X-CUBE-BLEMGR 3.0.0
2023-12-14 13:14:03,120 [INFO] ThirdParty:1030 - CMSIS Pack Vendor :STMicroelectronics PDM2PCM 3.3.0
2023-12-14 13:14:03,120 [INFO] ThirdParty:1030 - CMSIS Pack Vendor :STMicroelectronics X-CUBE-DISPLAY 3.0.0
2023-12-14 13:14:03,120 [INFO] ThirdParty:1030 - CMSIS Pack Vendor :STMicroelectronics FP-SNS-MOTENVWB1 1.3.0
2023-12-14 13:14:03,120 [INFO] ThirdParty:1030 - CMSIS Pack Vendor :STMicroelectronics FP-SNS-MOTENVWB1 1.3.1
2023-12-14 13:14:03,121 [INFO] ThirdParty:1030 - CMSIS Pack Vendor :STMicroelectronics X-CUBE-BLE1 7.0.0
2023-12-14 13:14:03,121 [INFO] ThirdParty:1030 - CMSIS Pack Vendor :STMicroelectronics FP-ATR-SIGFOX1 3.2.0
2023-12-14 13:14:03,121 [INFO] ThirdParty:1030 - CMSIS Pack Vendor :STMicroelectronics X-CUBE-ISPU 2.0.0
2023-12-14 13:14:03,121 [INFO] ThirdParty:1030 - CMSIS Pack Vendor :STMicroelectronics HAL Drivers 0.0.0
2023-12-14 13:14:03,121 [INFO] ThirdParty:1030 - CMSIS Pack Vendor :STMicroelectronics MBEDTLS 2.16.2
2023-12-14 13:14:03,122 [INFO] ThirdParty:1030 - CMSIS Pack Vendor :emotas I-CUBE-CANOPEN 1.3.0
2023-12-14 13:14:03,122 [INFO] ThirdParty:1030 - CMSIS Pack Vendor :STMicroelectronics X-CUBE-MEMS1 10.0.0
2023-12-14 13:14:03,122 [INFO] ThirdParty:1030 - CMSIS Pack Vendor :STMicroelectronics X-CUBE-FREERTOS 1.1.0
2023-12-14 13:14:03,122 [INFO] ThirdParty:1030 - CMSIS Pack Vendor :STMicroelectronics X-CUBE-TOUCHGFX 4.22.0
2023-12-14 13:14:03,122 [INFO] ThirdParty:1030 - CMSIS Pack Vendor :STMicroelectronics X-CUBE-NFC7 1.0.1
2023-12-14 13:14:03,122 [INFO] ThirdParty:1030 - CMSIS Pack Vendor :STMicroelectronics MBEDTLS 2.14.1
2023-12-14 13:14:03,123 [INFO] ThirdParty:1030 - CMSIS Pack Vendor :STMicroelectronics X-CUBE-TOUCHGFX 4.22.1
2023-12-14 13:14:03,123 [INFO] ThirdParty:1030 - CMSIS Pack Vendor :STMicroelectronics X-CUBE-NFC6 3.0.0
2023-12-14 13:14:03,123 [INFO] ThirdParty:1030 - CMSIS Pack Vendor :STMicroelectronics X-CUBE-EEPRMA1 4.1.0
2023-12-14 13:14:03,123 [INFO] ThirdParty:1030 - CMSIS Pack Vendor :portGmbH I-Cube-SoM-uGOAL 1.1.0
2023-12-14 13:14:03,123 [INFO] ThirdParty:1030 - CMSIS Pack Vendor :STMicroelectronics X-CUBE-ALS 1.0.1
2023-12-14 13:14:03,124 [INFO] ThirdParty:1030 - CMSIS Pack Vendor :STMicroelectronics ThreadX 1.0.0
2023-12-14 13:14:03,124 [INFO] ThirdParty:1030 - CMSIS Pack Vendor :STMicroelectronics FP-SNS-SMARTAG2 1.2.0
2023-12-14 13:14:03,124 [INFO] ThirdParty:1030 - CMSIS Pack Vendor :STMicroelectronics X-CUBE-AZRTOS-WL 2.0.0
2023-12-14 13:14:03,124 [INFO] ThirdParty:1030 - CMSIS Pack Vendor :SEGGER I-CUBE-embOS 1.3.1
2023-12-14 13:14:03,124 [INFO] ThirdParty:1030 - CMSIS Pack Vendor :STMicroelectronics USB_DEVICE 1.0.0
2023-12-14 13:14:03,124 [INFO] ThirdParty:1030 - CMSIS Pack Vendor :STMicroelectronics X-CUBE-AI 8.1.0
2023-12-14 13:14:03,124 [INFO] ThirdParty:1030 - CMSIS Pack Vendor :STMicroelectronics X-CUBE-AZRTOS-L4 2.0.0
2023-12-14 13:14:03,124 [INFO] ThirdParty:1030 - CMSIS Pack Vendor :STMicroelectronics ThreadX 0.0.2
2023-12-14 13:14:03,125 [INFO] ThirdParty:1030 - CMSIS Pack Vendor :WES I-CUBE-Cesium 1.3.0
2023-12-14 13:14:03,125 [INFO] ThirdParty:1030 - CMSIS Pack Vendor :STMicroelectronics FP-ATR-ASTRA1 2.0.0
2023-12-14 13:14:03,125 [INFO] ThirdParty:1030 - CMSIS Pack Vendor :STMicroelectronics lwIP 2.1.2
2023-12-14 13:14:03,125 [INFO] ThirdParty:1030 - CMSIS Pack Vendor :STMicroelectronics X-CUBE-SFXS2LP1 4.0.0
2023-12-14 13:14:03,125 [INFO] ThirdParty:1030 - CMSIS Pack Vendor :STMicroelectronics X-CUBE-BLE2 3.3.0
2023-12-14 13:14:03,125 [INFO] ThirdParty:1030 - CMSIS Pack Vendor :STMicroelectronics X-CUBE-TOF1 3.4.0
2023-12-14 13:14:03,126 [INFO] ThirdParty:1030 - CMSIS Pack Vendor :STMicroelectronics X-CUBE-AZRTOS-H7 3.2.0
2023-12-14 13:14:03,126 [INFO] ThirdParty:1030 - CMSIS Pack Vendor :STMicroelectronics PDM2PCM 3.2.0
2023-12-14 13:14:03,126 [INFO] ThirdParty:841 - exiting critical section [change project]
2023-12-14 13:14:04,172 [INFO] PinOutPanel:1499 - setPackage(No Configuration,No Configuration)
2023-12-14 13:14:04,178 [INFO] PinOutPanel:1499 - setPackage(STM32L073RZTx,LQFP64)
2023-12-14 13:14:05,416 [INFO] UtilMem:75 - Before build in PCC Used Memory: 574791000 Bytes (1073741824)
2023-12-14 13:14:08,272 [INFO] UtilMem:75 - After build in PCC Used Memory: 679172768 Bytes (1073741824)
2023-12-14 13:14:08,344 [INFO] IPUIPlugin:80 - create IPUIPlugin
2023-12-14 13:14:08,345 [INFO] IPUIPlugin:80 - create IPUIPlugin
2023-12-14 13:14:08,345 [INFO] IPUIPlugin:80 - create IPUIPlugin
2023-12-14 13:14:08,345 [INFO] IPUIPlugin:80 - create IPUIPlugin
2023-12-14 13:14:08,346 [INFO] IPUIPlugin:80 - create IPUIPlugin
2023-12-14 13:14:08,347 [INFO] IPUIPlugin:80 - create IPUIPlugin
2023-12-14 13:14:08,347 [INFO] IPUIPlugin:80 - create IPUIPlugin
2023-12-14 13:14:08,348 [INFO] IPUIPlugin:80 - create IPUIPlugin
2023-12-14 13:14:08,348 [INFO] IPUIPlugin:80 - create IPUIPlugin
2023-12-14 13:14:08,349 [INFO] IPUIPlugin:80 - create IPUIPlugin
2023-12-14 13:14:08,349 [INFO] IPUIPlugin:80 - create IPUIPlugin
2023-12-14 13:14:08,349 [INFO] IPUIPlugin:80 - create IPUIPlugin
2023-12-14 13:14:08,350 [INFO] IPUIPlugin:80 - create IPUIPlugin
2023-12-14 13:14:08,350 [INFO] IPUIPlugin:80 - create IPUIPlugin
2023-12-14 13:14:08,350 [INFO] IPUIPlugin:80 - create IPUIPlugin
2023-12-14 13:14:08,351 [INFO] IPUIPlugin:80 - create IPUIPlugin
2023-12-14 13:14:08,352 [INFO] IPUIPlugin:80 - create IPUIPlugin
2023-12-14 13:14:08,353 [INFO] IPUIPlugin:80 - create IPUIPlugin
2023-12-14 13:14:08,353 [INFO] IPUIPlugin:80 - create IPUIPlugin
2023-12-14 13:14:08,353 [INFO] IPUIPlugin:80 - create IPUIPlugin
2023-12-14 13:14:08,354 [INFO] IPUIPlugin:80 - create IPUIPlugin
2023-12-14 13:14:08,354 [INFO] IPUIPlugin:80 - create IPUIPlugin
2023-12-14 13:14:08,355 [INFO] IPUIPlugin:80 - create IPUIPlugin
2023-12-14 13:14:08,355 [INFO] IPUIPlugin:80 - create IPUIPlugin
2023-12-14 13:14:08,356 [INFO] IPUIPlugin:80 - create IPUIPlugin
2023-12-14 13:14:08,357 [INFO] IPUIPlugin:80 - create IPUIPlugin
2023-12-14 13:14:08,357 [INFO] IPUIPlugin:80 - create IPUIPlugin
2023-12-14 13:14:08,358 [INFO] IPUIPlugin:80 - create IPUIPlugin
2023-12-14 13:14:08,358 [INFO] IPUIPlugin:80 - create IPUIPlugin
2023-12-14 13:14:08,359 [INFO] IPUIPlugin:80 - create IPUIPlugin
2023-12-14 13:14:08,359 [INFO] IPUIPlugin:80 - create IPUIPlugin
2023-12-14 13:14:08,360 [INFO] IPUIPlugin:80 - create IPUIPlugin
2023-12-14 13:14:08,361 [INFO] IPUIPlugin:80 - create IPUIPlugin
2023-12-14 13:14:08,361 [INFO] IPUIPlugin:80 - create IPUIPlugin
2023-12-14 13:14:08,362 [INFO] IPUIPlugin:80 - create IPUIPlugin
2023-12-14 13:14:08,363 [INFO] IPUIPlugin:80 - create IPUIPlugin
2023-12-14 13:14:08,363 [INFO] IPUIPlugin:80 - create IPUIPlugin
2023-12-14 13:14:08,364 [INFO] IPUIPlugin:80 - create IPUIPlugin
2023-12-14 13:14:08,364 [INFO] IPUIPlugin:80 - create IPUIPlugin
2023-12-14 13:14:08,855 [INFO] CADModel:165 - CPN selected for project levelSTM32L073RZT6
2023-12-14 13:14:08,855 [INFO] CADModel:114 - Register for checkConnection events
2023-12-14 13:14:08,937 [INFO] OpenFileManager:328 - Restore cursor
2023-12-14 13:14:53,939 [INFO] MainUpdater:2868 - connection check result : 10
2023-12-14 13:14:53,939 [INFO] MainUpdater:2868 - connection check result : 10
2023-12-14 13:14:54,393 [INFO] I2cTimingTraitement:330 - 0x00303D5B
2023-12-14 13:14:54,399 [INFO] MicroXplorer:468 - Change Database Path : 
2023-12-14 13:14:54,399 [INFO] MicroXplorer:498 - Change Database Version : DB.6.0.91
2023-12-14 13:14:54,462 [WARN] ThirdParty:871 - waiting for thirdparty lock release [close project]
2023-12-14 13:14:54,463 [INFO] ThirdParty:873 - entering critical section [close project]
2023-12-14 13:14:54,463 [INFO] ThirdParty:883 - exiting critical section [close project]
2023-12-14 13:14:54,466 [INFO] PinOutPanel:1499 - setPackage(No Configuration,No Configuration)
2023-12-14 13:14:54,489 [INFO] UtilMem:75 - Begin LoadConfig() Used Memory: 806462216 Bytes (1073741824)
2023-12-14 13:14:54,500 [INFO] MicroXplorer:468 - Change Database Path : C:/Users/Beispiel/.stm32cubemx/databases/DB.6.0.90/db/
2023-12-14 13:14:54,500 [INFO] MicroXplorer:498 - Change Database Version : DB.6.0.90
2023-12-14 13:14:55,861 [INFO] OpenFileManager:308 - Change cursor
2023-12-14 13:14:55,885 [INFO] Mcu:1946 - Initializing MCU STM32L073R(B-Z)Tx STM32L073RZTx STM32L073RZT6
2023-12-14 13:14:57,749 [INFO] Context:659 - Trying to add GPIOservice into a context  which must be forbidden
2023-12-14 13:14:58,613 [INFO] RtosManager:555 - Registered RTOS mode: class=CMSIS, group=RTOS, mode=CMSIS_V1, owner=FREERTOS
2023-12-14 13:14:58,613 [INFO] RtosManager:555 - Registered RTOS mode: class=CMSIS, group=RTOS2, mode=CMSIS_V2, owner=FREERTOS
2023-12-14 13:14:58,613 [INFO] RtosManager:555 - Registered RTOS mode: class=RTOS, group=Core, mode=CMSIS_V1, owner=FREERTOS
2023-12-14 13:14:58,613 [INFO] RtosManager:555 - Registered RTOS mode: class=RTOS, group=Core, mode=CMSIS_V2, owner=FREERTOS
2023-12-14 13:14:58,613 [WARN] ModelIntegratedComponent:184 - Missing modes for component STMicroelectronics:FreeRTOS:0.0.1:STMicroelectronics:RTOS:FreeRTOS:Core:::10.2.0:
2023-12-14 13:14:58,638 [WARN] ModelIntegratedComponent:63 - No mode defined for component null
2023-12-14 13:14:58,638 [WARN] ModelIntegratedComponent:63 - No mode defined for component null
2023-12-14 13:14:58,638 [WARN] ModelIntegratedComponent:63 - No mode defined for component null
2023-12-14 13:14:58,638 [WARN] ModelIntegratedComponent:63 - No mode defined for component null
2023-12-14 13:14:58,638 [WARN] ModelIntegratedComponent:63 - No mode defined for component null
2023-12-14 13:14:58,638 [WARN] ModelIntegratedComponent:63 - No mode defined for component null
2023-12-14 13:14:58,638 [WARN] ModelIntegratedComponent:63 - No mode defined for component null
2023-12-14 13:14:58,638 [WARN] ModelIntegratedComponent:63 - No mode defined for component null
2023-12-14 13:14:58,638 [WARN] ModelIntegratedComponent:63 - No mode defined for component null
2023-12-14 13:14:58,638 [WARN] ModelIntegratedComponent:63 - No mode defined for component null
2023-12-14 13:14:58,639 [WARN] ModelIntegratedComponent:63 - No mode defined for component null
2023-12-14 13:14:58,639 [WARN] ModelIntegratedComponent:63 - No mode defined for component null
2023-12-14 13:14:58,639 [WARN] ModelIntegratedComponent:63 - No mode defined for component null
2023-12-14 13:14:58,639 [WARN] ModelIntegratedComponent:63 - No mode defined for component null
2023-12-14 13:14:58,639 [WARN] ModelIntegratedComponent:63 - No mode defined for component null
2023-12-14 13:14:58,639 [WARN] ModelIntegratedComponent:63 - No mode defined for component null
2023-12-14 13:14:58,640 [WARN] ModelIntegratedComponent:63 - No mode defined for component null
2023-12-14 13:14:58,640 [WARN] ModelIntegratedComponent:63 - No mode defined for component null
2023-12-14 13:14:58,640 [WARN] ModelIntegratedComponent:63 - No mode defined for component null
2023-12-14 13:14:58,640 [WARN] ModelIntegratedComponent:63 - No mode defined for component null
2023-12-14 13:14:58,640 [WARN] ModelIntegratedComponent:63 - No mode defined for component null
2023-12-14 13:14:58,640 [WARN] ModelIntegratedComponent:63 - No mode defined for component null
2023-12-14 13:14:58,640 [WARN] ModelIntegratedComponent:63 - No mode defined for component null
2023-12-14 13:14:58,641 [WARN] ModelIntegratedComponent:63 - No mode defined for component null
2023-12-14 13:14:58,641 [WARN] ModelIntegratedComponent:63 - No mode defined for component null
2023-12-14 13:14:58,641 [WARN] ModelIntegratedComponent:63 - No mode defined for component null
2023-12-14 13:14:58,641 [WARN] ModelIntegratedComponent:63 - No mode defined for component null
2023-12-14 13:14:58,641 [WARN] ModelIntegratedComponent:63 - No mode defined for component null
2023-12-14 13:14:58,641 [WARN] ModelIntegratedComponent:63 - No mode defined for component null
2023-12-14 13:14:58,641 [WARN] ModelIntegratedComponent:63 - No mode defined for component null
2023-12-14 13:14:58,641 [WARN] ModelIntegratedComponent:63 - No mode defined for component null
2023-12-14 13:14:58,641 [WARN] ModelIntegratedComponent:63 - No mode defined for component null
2023-12-14 13:14:58,641 [WARN] ModelIntegratedComponent:63 - No mode defined for component null
2023-12-14 13:14:58,995 [INFO] ThirdPartyModel:298 - Start build external matchings
2023-12-14 13:15:00,541 [INFO] ThirdPartyModel:316 - End build external matchings
2023-12-14 13:15:00,567 [INFO] ImportTextPane:194 - (OptionalMessage_ERROR) IP (RCC) : Parameter (48USBFreq_Value) has invalid value (24000000)
2023-12-14 13:15:00,568 [INFO] ImportTextPane:194 - (OptionalMessage_ERROR) IP (RCC) : Invalid parameter (FamilyName)
2023-12-14 13:15:00,570 [INFO] ImportTextPane:194 - (OptionalMessage_ERROR) IP (RCC) : Parameter (RTCHSEDivFreq_Value) has invalid value (4000000)
2023-12-14 13:15:00,571 [INFO] ImportTextPane:194 - (OptionalMessage_ERROR) IP (RCC) : Invalid parameter (TIMFreq_Value)
2023-12-14 13:15:00,985 [INFO] UtilMem:75 - End LoadConfig() Used Memory: 749441520 Bytes (1073741824)
2023-12-14 13:15:01,034 [WARN] ThirdParty:833 - waiting for thirdparty lock release [change project]
2023-12-14 13:15:01,034 [INFO] ThirdParty:835 - entering critical section [change project]
2023-12-14 13:15:01,034 [INFO] ThirdParty:1030 - CMSIS Pack Vendor :STMicroelectronics X-CUBE-ISPU 1.1.0
2023-12-14 13:15:01,035 [INFO] ThirdParty:1030 - CMSIS Pack Vendor :STMicroelectronics USBPD 4.1
2023-12-14 13:15:01,035 [INFO] ThirdParty:1030 - CMSIS Pack Vendor :STMicroelectronics X-CUBE-GNSS1 6.0.0
2023-12-14 13:15:01,035 [INFO] ThirdParty:1030 - CMSIS Pack Vendor :STMicroelectronics USB_HOST 2.0.0
2023-12-14 13:15:01,035 [INFO] ThirdParty:1030 - CMSIS Pack Vendor :STMicroelectronics X-CUBE-AZRTOS-F4 1.1.0
2023-12-14 13:15:01,035 [INFO] ThirdParty:1030 - CMSIS Pack Vendor :STMicroelectronics LIBJPEG 8.0.0
2023-12-14 13:15:01,035 [INFO] ThirdParty:1030 - CMSIS Pack Vendor :wolfSSL I-CUBE-wolfSSL 5.6.3
2023-12-14 13:15:01,035 [INFO] ThirdParty:1030 - CMSIS Pack Vendor :STMicroelectronics X-CUBE-SMBUS 2.1.0
2023-12-14 13:15:01,035 [INFO] ThirdParty:1030 - CMSIS Pack Vendor :STMicroelectronics USB_DEVICE 3.0.0
2023-12-14 13:15:01,035 [INFO] ThirdParty:1030 - CMSIS Pack Vendor :STMicroelectronics X-CUBE-AZRTOS-WB 2.0.0
2023-12-14 13:15:01,035 [INFO] ThirdParty:1030 - CMSIS Pack Vendor :STMicroelectronics X-CUBE-FREERTOS 1.0.1
2023-12-14 13:15:01,035 [INFO] ThirdParty:1030 - CMSIS Pack Vendor :STMicroelectronics X-CUBE-TOUCHGFX 4.23.0
2023-12-14 13:15:01,035 [INFO] ThirdParty:1030 - CMSIS Pack Vendor :STMicroelectronics X-CUBE-AZRTOS-F7 1.1.0
2023-12-14 13:15:01,035 [INFO] ThirdParty:1030 - CMSIS Pack Vendor :STMicroelectronics X-CUBE-AZRTOS-L5 2.0.0
2023-12-14 13:15:01,035 [INFO] ThirdParty:1030 - CMSIS Pack Vendor :STMicroelectronics USB_DEVICE 2.0.0
2023-12-14 13:15:01,035 [INFO] ThirdParty:1030 - CMSIS Pack Vendor :STMicroelectronics X-CUBE-MEMS1 9.6.0
2023-12-14 13:15:01,035 [INFO] ThirdParty:1030 - CMSIS Pack Vendor :STMicroelectronics X-CUBE-EEPRMA1 4.2.0
2023-12-14 13:15:01,035 [INFO] ThirdParty:1030 - CMSIS Pack Vendor :ITTIA_DB I-CUBE-ITTIADB 8.8.0
2023-12-14 13:15:01,035 [INFO] ThirdParty:1030 - CMSIS Pack Vendor :STMicroelectronics FP-SNS-MOTENV1 4.3.2
2023-12-14 13:15:01,035 [INFO] ThirdParty:1030 - CMSIS Pack Vendor :STMicroelectronics X-CUBE-ALGOBUILD 1.3.0
2023-12-14 13:15:01,035 [INFO] ThirdParty:1030 - CMSIS Pack Vendor :STMicroelectronics FreeRTOS 0.0.1
2023-12-14 13:15:01,035 [INFO] ThirdParty:1030 - CMSIS Pack Vendor :STMicroelectronics X-CUBE-AZRTOS-G0 1.1.0
2023-12-14 13:15:01,035 [INFO] ThirdParty:1030 - CMSIS Pack Vendor :STMicroelectronics X-CUBE-BLEMGR 2.0.0
2023-12-14 13:15:01,035 [INFO] ThirdParty:1030 - CMSIS Pack Vendor :STMicroelectronics X-CUBE-NFC4 3.0.0
2023-12-14 13:15:01,036 [INFO] ThirdParty:1030 - CMSIS Pack Vendor :STMicroelectronics X-CUBE-SUBG2 5.0.0
2023-12-14 13:15:01,037 [INFO] ThirdParty:1030 - CMSIS Pack Vendor :STMicroelectronics STM32_WPAN 1.0.0
2023-12-14 13:15:01,037 [INFO] ThirdParty:1030 - CMSIS Pack Vendor :STMicroelectronics lwIP 2.0.3
2023-12-14 13:15:01,037 [INFO] ThirdParty:1030 - CMSIS Pack Vendor :STMicroelectronics FP-SNS-FLIGHT1 5.0.2
2023-12-14 13:15:01,037 [INFO] ThirdParty:1030 - CMSIS Pack Vendor :STMicroelectronics USB_HOST 1.0.0
2023-12-14 13:15:01,037 [INFO] ThirdParty:1030 - CMSIS Pack Vendor :STMicroelectronics X-CUBE-TOF1 3.3.1
2023-12-14 13:15:01,037 [INFO] ThirdParty:1030 - CMSIS Pack Vendor :STMicroelectronics X-CUBE-AZRTOS-G4 2.0.0
2023-12-14 13:15:01,037 [INFO] ThirdParty:1030 - CMSIS Pack Vendor :STMicroelectronics PDM2PCM 3.1.0
2023-12-14 13:15:01,039 [INFO] ThirdParty:1030 - CMSIS Pack Vendor :STMicroelectronics X-CUBE-AZRTOS-H7 3.1.0
2023-12-14 13:15:01,040 [INFO] ThirdParty:1030 - CMSIS Pack Vendor :Infineon AIROC-Wi-Fi-Bluetooth-STM32 1.5.1
2023-12-14 13:15:01,040 [INFO] ThirdParty:1030 - CMSIS Pack Vendor :STMicroelectronics X-CUBE-BLEMGR 3.0.0
2023-12-14 13:15:01,041 [INFO] ThirdParty:1030 - CMSIS Pack Vendor :STMicroelectronics PDM2PCM 3.3.0
2023-12-14 13:15:01,041 [INFO] ThirdParty:1030 - CMSIS Pack Vendor :STMicroelectronics X-CUBE-DISPLAY 3.0.0
2023-12-14 13:15:01,042 [INFO] ThirdParty:1030 - CMSIS Pack Vendor :STMicroelectronics FP-SNS-MOTENVWB1 1.3.0
2023-12-14 13:15:01,042 [INFO] ThirdParty:1030 - CMSIS Pack Vendor :STMicroelectronics FP-SNS-MOTENVWB1 1.3.1
2023-12-14 13:15:01,042 [INFO] ThirdParty:1030 - CMSIS Pack Vendor :STMicroelectronics X-CUBE-BLE1 7.0.0
2023-12-14 13:15:01,042 [INFO] ThirdParty:1030 - CMSIS Pack Vendor :STMicroelectronics FP-ATR-SIGFOX1 3.2.0
2023-12-14 13:15:01,042 [INFO] ThirdParty:1030 - CMSIS Pack Vendor :STMicroelectronics X-CUBE-ISPU 2.0.0
2023-12-14 13:15:01,042 [INFO] ThirdParty:1030 - CMSIS Pack Vendor :STMicroelectronics HAL Drivers 0.0.0
2023-12-14 13:15:01,042 [INFO] ThirdParty:1030 - CMSIS Pack Vendor :STMicroelectronics MBEDTLS 2.16.2
2023-12-14 13:15:01,042 [INFO] ThirdParty:1030 - CMSIS Pack Vendor :emotas I-CUBE-CANOPEN 1.3.0
2023-12-14 13:15:01,042 [INFO] ThirdParty:1030 - CMSIS Pack Vendor :STMicroelectronics X-CUBE-MEMS1 10.0.0
2023-12-14 13:15:01,042 [INFO] ThirdParty:1030 - CMSIS Pack Vendor :STMicroelectronics X-CUBE-FREERTOS 1.1.0
2023-12-14 13:15:01,042 [INFO] ThirdParty:1030 - CMSIS Pack Vendor :STMicroelectronics X-CUBE-TOUCHGFX 4.22.0
2023-12-14 13:15:01,042 [INFO] ThirdParty:1030 - CMSIS Pack Vendor :STMicroelectronics X-CUBE-NFC7 1.0.1
2023-12-14 13:15:01,042 [INFO] ThirdParty:1030 - CMSIS Pack Vendor :STMicroelectronics MBEDTLS 2.14.1
2023-12-14 13:15:01,043 [INFO] ThirdParty:1030 - CMSIS Pack Vendor :STMicroelectronics X-CUBE-TOUCHGFX 4.22.1
2023-12-14 13:15:01,043 [INFO] ThirdParty:1030 - CMSIS Pack Vendor :STMicroelectronics X-CUBE-NFC6 3.0.0
2023-12-14 13:15:01,043 [INFO] ThirdParty:1030 - CMSIS Pack Vendor :STMicroelectronics X-CUBE-EEPRMA1 4.1.0
2023-12-14 13:15:01,043 [INFO] ThirdParty:1030 - CMSIS Pack Vendor :portGmbH I-Cube-SoM-uGOAL 1.1.0
2023-12-14 13:15:01,043 [INFO] ThirdParty:1030 - CMSIS Pack Vendor :STMicroelectronics X-CUBE-ALS 1.0.1
2023-12-14 13:15:01,043 [INFO] ThirdParty:1030 - CMSIS Pack Vendor :STMicroelectronics ThreadX 1.0.0
2023-12-14 13:15:01,043 [INFO] ThirdParty:1030 - CMSIS Pack Vendor :STMicroelectronics FP-SNS-SMARTAG2 1.2.0
2023-12-14 13:15:01,043 [INFO] ThirdParty:1030 - CMSIS Pack Vendor :STMicroelectronics X-CUBE-AZRTOS-WL 2.0.0
2023-12-14 13:15:01,043 [INFO] ThirdParty:1030 - CMSIS Pack Vendor :SEGGER I-CUBE-embOS 1.3.1
2023-12-14 13:15:01,043 [INFO] ThirdParty:1030 - CMSIS Pack Vendor :STMicroelectronics USB_DEVICE 1.0.0
2023-12-14 13:15:01,043 [INFO] ThirdParty:1030 - CMSIS Pack Vendor :STMicroelectronics X-CUBE-AI 8.1.0
2023-12-14 13:15:01,043 [INFO] ThirdParty:1030 - CMSIS Pack Vendor :STMicroelectronics X-CUBE-AZRTOS-L4 2.0.0
2023-12-14 13:15:01,043 [INFO] ThirdParty:1030 - CMSIS Pack Vendor :STMicroelectronics ThreadX 0.0.2
2023-12-14 13:15:01,043 [INFO] ThirdParty:1030 - CMSIS Pack Vendor :WES I-CUBE-Cesium 1.3.0
2023-12-14 13:15:01,043 [INFO] ThirdParty:1030 - CMSIS Pack Vendor :STMicroelectronics FP-ATR-ASTRA1 2.0.0
2023-12-14 13:15:01,043 [INFO] ThirdParty:1030 - CMSIS Pack Vendor :STMicroelectronics lwIP 2.1.2
2023-12-14 13:15:01,043 [INFO] ThirdParty:1030 - CMSIS Pack Vendor :STMicroelectronics X-CUBE-SFXS2LP1 4.0.0
2023-12-14 13:15:01,043 [INFO] ThirdParty:1030 - CMSIS Pack Vendor :STMicroelectronics X-CUBE-BLE2 3.3.0
2023-12-14 13:15:01,043 [INFO] ThirdParty:1030 - CMSIS Pack Vendor :STMicroelectronics X-CUBE-TOF1 3.4.0
2023-12-14 13:15:01,044 [INFO] ThirdParty:1030 - CMSIS Pack Vendor :STMicroelectronics X-CUBE-AZRTOS-H7 3.2.0
2023-12-14 13:15:01,044 [INFO] ThirdParty:1030 - CMSIS Pack Vendor :STMicroelectronics PDM2PCM 3.2.0
2023-12-14 13:15:01,044 [INFO] ThirdParty:841 - exiting critical section [change project]
2023-12-14 13:15:01,376 [INFO] PinOutPanel:1499 - setPackage(No Configuration,No Configuration)
2023-12-14 13:15:01,377 [INFO] PinOutPanel:1499 - setPackage(STM32L073RZTx,LQFP64)
2023-12-14 13:15:01,713 [INFO] UtilMem:75 - Before build in PCC Used Memory: 606679544 Bytes (1073741824)
2023-12-14 13:15:02,169 [INFO] UtilMem:75 - After build in PCC Used Memory: 655440376 Bytes (1073741824)
2023-12-14 13:15:02,213 [INFO] IPUIPlugin:80 - create IPUIPlugin
2023-12-14 13:15:02,213 [INFO] IPUIPlugin:80 - create IPUIPlugin
2023-12-14 13:15:02,214 [INFO] IPUIPlugin:80 - create IPUIPlugin
2023-12-14 13:15:02,214 [INFO] IPUIPlugin:80 - create IPUIPlugin
2023-12-14 13:15:02,214 [INFO] IPUIPlugin:80 - create IPUIPlugin
2023-12-14 13:15:02,214 [INFO] IPUIPlugin:80 - create IPUIPlugin
2023-12-14 13:15:02,215 [INFO] IPUIPlugin:80 - create IPUIPlugin
2023-12-14 13:15:02,215 [INFO] IPUIPlugin:80 - create IPUIPlugin
2023-12-14 13:15:02,215 [INFO] IPUIPlugin:80 - create IPUIPlugin
2023-12-14 13:15:02,215 [INFO] IPUIPlugin:80 - create IPUIPlugin
2023-12-14 13:15:02,215 [INFO] IPUIPlugin:80 - create IPUIPlugin
2023-12-14 13:15:02,215 [INFO] IPUIPlugin:80 - create IPUIPlugin
2023-12-14 13:15:02,216 [INFO] IPUIPlugin:80 - create IPUIPlugin
2023-12-14 13:15:02,216 [INFO] IPUIPlugin:80 - create IPUIPlugin
2023-12-14 13:15:02,217 [INFO] IPUIPlugin:80 - create IPUIPlugin
2023-12-14 13:15:02,217 [INFO] IPUIPlugin:80 - create IPUIPlugin
2023-12-14 13:15:02,218 [INFO] IPUIPlugin:80 - create IPUIPlugin
2023-12-14 13:15:02,218 [INFO] IPUIPlugin:80 - create IPUIPlugin
2023-12-14 13:15:02,218 [INFO] IPUIPlugin:80 - create IPUIPlugin
2023-12-14 13:15:02,219 [INFO] IPUIPlugin:80 - create IPUIPlugin
2023-12-14 13:15:02,219 [INFO] IPUIPlugin:80 - create IPUIPlugin
2023-12-14 13:15:02,220 [INFO] IPUIPlugin:80 - create IPUIPlugin
2023-12-14 13:15:02,220 [INFO] IPUIPlugin:80 - create IPUIPlugin
2023-12-14 13:15:02,220 [INFO] IPUIPlugin:80 - create IPUIPlugin
2023-12-14 13:15:02,222 [INFO] IPUIPlugin:80 - create IPUIPlugin
2023-12-14 13:15:02,222 [INFO] IPUIPlugin:80 - create IPUIPlugin
2023-12-14 13:15:02,222 [INFO] IPUIPlugin:80 - create IPUIPlugin
2023-12-14 13:15:02,223 [INFO] IPUIPlugin:80 - create IPUIPlugin
2023-12-14 13:15:02,223 [INFO] IPUIPlugin:80 - create IPUIPlugin
2023-12-14 13:15:02,224 [INFO] IPUIPlugin:80 - create IPUIPlugin
2023-12-14 13:15:02,224 [INFO] IPUIPlugin:80 - create IPUIPlugin
2023-12-14 13:15:02,225 [INFO] IPUIPlugin:80 - create IPUIPlugin
2023-12-14 13:15:02,225 [INFO] IPUIPlugin:80 - create IPUIPlugin
2023-12-14 13:15:02,226 [INFO] IPUIPlugin:80 - create IPUIPlugin
2023-12-14 13:15:02,226 [INFO] IPUIPlugin:80 - create IPUIPlugin
2023-12-14 13:15:02,227 [INFO] IPUIPlugin:80 - create IPUIPlugin
2023-12-14 13:15:02,228 [INFO] IPUIPlugin:80 - create IPUIPlugin
2023-12-14 13:15:02,228 [INFO] IPUIPlugin:80 - create IPUIPlugin
2023-12-14 13:15:02,229 [INFO] IPUIPlugin:80 - create IPUIPlugin
2023-12-14 13:15:02,342 [INFO] CADModel:165 - CPN selected for project levelSTM32L073RZT6
2023-12-14 13:15:02,342 [INFO] CADModel:114 - Register for checkConnection events
2023-12-14 13:15:02,403 [INFO] OpenFileManager:328 - Restore cursor
