2024-01-22 17:50:10,781 [INFO] Activator:176 - 


2024-01-22 17:50:10,790 [INFO] Activator:177 - !SESSION log4j initialized
2024-01-22 17:50:24,537 [INFO] LogOutputStream:77 - [STDOUT_REDIRECT] 
2024-01-22 17:50:30,132 [INFO] ApplicationProperties:184 - Using Application install path: C:\ST\STM32CubeIDE_1.13.1\STM32CubeIDE\plugins\com.st.stm32cube.common.mx_6.9.1.202307191849
2024-01-22 17:50:30,166 [INFO] DbMcusXml:78 - Set database path to: C:\ST\STM32CubeIDE_1.13.1\STM32CubeIDE\plugins\com.st.stm32cube.common.mx_6.9.1.202307191849\\db\/mcu/
2024-01-22 17:50:30,166 [INFO] ApiDb:274 - Set plugin database path to: C:\ST\STM32CubeIDE_1.13.1\STM32CubeIDE\plugins\com.st.stm32cube.common.mx_6.9.1.202307191849\\db\/plugins/boardmanager/
2024-01-22 17:50:30,167 [WARN] ApiDb:259 - Overriding images path with different value:  => C:\ST\STM32CubeIDE_1.13.1\STM32CubeIDE\plugins\com.st.stm32cube.common.mx_6.9.1.202307191849\\db\/plugins/mcufinder/images/
2024-01-22 17:50:30,186 [INFO] ApiDb:250 - Set database path to: C:\Users\Beispiel\.stmcufinder\plugins\mcufinder//mcu/
2024-01-22 17:50:30,188 [INFO] DbMcusAds:125 - Set database path to: C:\Users\Beispiel\.stmcufinder\plugins\mcufinder//mcu/
2024-01-22 17:50:30,192 [INFO] CrossReferenceDbSqlite:203 - Set database path to: C:\Users\Beispiel\.stmcufinder\plugins\mcufinder//mcu/cs/
2024-01-22 17:50:30,485 [INFO] RulesReader:64 - Compatibility file has been processed (293 Rules)
2024-01-22 17:50:30,612 [INFO] DbMcusXml:78 - Set database path to: C:\ST\STM32CubeIDE_1.13.1\STM32CubeIDE\plugins\com.st.stm32cube.common.mx_6.9.1.202307191849\\db\/mcu/
2024-01-22 17:50:30,612 [INFO] ApiDb:274 - Set plugin database path to: C:\ST\STM32CubeIDE_1.13.1\STM32CubeIDE\plugins\com.st.stm32cube.common.mx_6.9.1.202307191849\\db\/plugins/boardmanager/
2024-01-22 17:50:30,612 [INFO] ApiDb:261 - Set plugin images path to: C:\ST\STM32CubeIDE_1.13.1\STM32CubeIDE\plugins\com.st.stm32cube.common.mx_6.9.1.202307191849\\db\/plugins/mcufinder/images/
2024-01-22 17:50:30,613 [WARN] DbFile:41 - Overriding database path with different value: C:\Users\Beispiel\.stmcufinder\plugins\mcufinder/ => C:\Users\Beispiel\.stmcufinder\plugins\mcufinder
2024-01-22 17:50:30,613 [INFO] ApiDb:250 - Set database path to: C:\Users\Beispiel\.stmcufinder\plugins\mcufinder//mcu/
2024-01-22 17:50:30,613 [WARN] DbFile:41 - Overriding database path with different value: C:\Users\Beispiel\.stmcufinder\plugins\mcufinder/ => C:\Users\Beispiel\.stmcufinder\plugins\mcufinder
2024-01-22 17:50:30,614 [INFO] DbMcusAds:125 - Set database path to: C:\Users\Beispiel\.stmcufinder\plugins\mcufinder//mcu/
2024-01-22 17:50:30,614 [WARN] DbFile:41 - Overriding database path with different value: C:\Users\Beispiel\.stmcufinder\plugins\mcufinder/ => C:\Users\Beispiel\.stmcufinder\plugins\mcufinder
2024-01-22 17:50:30,614 [WARN] DbFile:41 - Overriding database path with different value: C:\Users\Beispiel\.stmcufinder\plugins\mcufinder/ => C:\Users\Beispiel\.stmcufinder\plugins\mcufinder
2024-01-22 17:50:30,614 [INFO] CrossReferenceDbSqlite:203 - Set database path to: C:\Users\Beispiel\.stmcufinder\plugins\mcufinder//mcu/cs/
2024-01-22 17:50:31,030 [INFO] MainPanel:262 - HeapMemory: 268435456
2024-01-22 17:50:31,288 [INFO] DbMcusXml:78 - Set database path to: C:\ST\STM32CubeIDE_1.13.1\STM32CubeIDE\plugins\com.st.stm32cube.common.mx_6.9.1.202307191849\\db\/mcu/
2024-01-22 17:50:31,288 [INFO] ApiDb:274 - Set plugin database path to: C:\ST\STM32CubeIDE_1.13.1\STM32CubeIDE\plugins\com.st.stm32cube.common.mx_6.9.1.202307191849\\db\/plugins/boardmanager/
2024-01-22 17:50:31,288 [INFO] ApiDb:261 - Set plugin images path to: C:\ST\STM32CubeIDE_1.13.1\STM32CubeIDE\plugins\com.st.stm32cube.common.mx_6.9.1.202307191849\\db\/plugins/mcufinder/images/
2024-01-22 17:50:31,289 [WARN] DbFile:41 - Overriding database path with different value: C:\Users\Beispiel\.stmcufinder\plugins\mcufinder/ => C:\Users\Beispiel\.stmcufinder\plugins\mcufinder
2024-01-22 17:50:31,290 [INFO] ApiDb:250 - Set database path to: C:\Users\Beispiel\.stmcufinder\plugins\mcufinder//mcu/
2024-01-22 17:50:31,290 [WARN] DbFile:41 - Overriding database path with different value: C:\Users\Beispiel\.stmcufinder\plugins\mcufinder/ => C:\Users\Beispiel\.stmcufinder\plugins\mcufinder
2024-01-22 17:50:31,290 [INFO] DbMcusAds:125 - Set database path to: C:\Users\Beispiel\.stmcufinder\plugins\mcufinder//mcu/
2024-01-22 17:50:31,290 [WARN] DbFile:41 - Overriding database path with different value: C:\Users\Beispiel\.stmcufinder\plugins\mcufinder/ => C:\Users\Beispiel\.stmcufinder\plugins\mcufinder
2024-01-22 17:50:31,290 [WARN] DbFile:41 - Overriding database path with different value: C:\Users\Beispiel\.stmcufinder\plugins\mcufinder/ => C:\Users\Beispiel\.stmcufinder\plugins\mcufinder
2024-01-22 17:50:31,290 [INFO] CrossReferenceDbSqlite:203 - Set database path to: C:\Users\Beispiel\.stmcufinder\plugins\mcufinder//mcu/cs/
2024-01-22 17:50:31,318 [INFO] ApplicationProperties:184 - Using Application install path: C:\ST\STM32CubeIDE_1.13.1\STM32CubeIDE\plugins\com.st.stm32cube.common.mx_6.9.1.202307191849
2024-01-22 17:50:31,320 [INFO] PluginManage:196 - Search for loadable plugins [exclusion list=, ]
2024-01-22 17:50:31,322 [INFO] PluginManage:310 - Check plugin analytics
2024-01-22 17:50:31,599 [INFO] AnalyticsPlugin:253 - Accepted Software Licenses: 
2024-01-22 17:50:31,600 [INFO] AnalyticsPlugin:255 - Accepted CMSIS Pack Licenses: 
2024-01-22 17:50:31,600 [INFO] AnalyticsPlugin:257 - Accepted Firmware Licenses: 
2024-01-22 17:50:31,607 [INFO] PluginManage:359 - Loaded plugin analytics (category:tool,tabindex:-1)
2024-01-22 17:50:31,608 [INFO] PluginManage:310 - Check plugin cadmodel
2024-01-22 17:50:31,630 [INFO] CADModel:105 - Init CAD model plugin
2024-01-22 17:50:31,630 [INFO] PluginManage:359 - Loaded plugin cadmodel (category:power,tabindex:5)
2024-01-22 17:50:31,631 [INFO] PluginManage:310 - Check plugin clock
2024-01-22 17:50:31,665 [INFO] PluginManage:359 - Loaded plugin clock (category:base,tabindex:2)
2024-01-22 17:50:31,665 [INFO] PluginManage:310 - Check plugin ddr
2024-01-22 17:50:31,670 [INFO] PluginManage:359 - Loaded plugin ddr (category:tool,tabindex:6)
2024-01-22 17:50:31,670 [INFO] PluginManage:310 - Check plugin filemanager
2024-01-22 17:50:31,902 [INFO] PluginManage:359 - Loaded plugin filemanager (category:base,tabindex:10)
2024-01-22 17:50:31,902 [INFO] PluginManage:310 - Check plugin ipmanager
2024-01-22 17:50:31,913 [INFO] PluginManage:359 - Loaded plugin ipmanager (category:base,tabindex:5)
2024-01-22 17:50:31,913 [INFO] PluginManage:310 - Check plugin lpbam
2024-01-22 17:50:31,932 [INFO] PluginManage:359 - Loaded plugin lpbam (category:base,tabindex:0)
2024-01-22 17:50:31,932 [INFO] PluginManage:310 - Check plugin memorymap
2024-01-22 17:50:31,966 [INFO] PluginManage:359 - Loaded plugin memorymap (category:base,tabindex:4)
2024-01-22 17:50:31,966 [INFO] PluginManage:310 - Check plugin pinoutandconfiguration
2024-01-22 17:50:31,985 [INFO] PluginManage:359 - Loaded plugin pinoutandconfiguration (category:base,tabindex:1)
2024-01-22 17:50:31,985 [INFO] PluginManage:310 - Check plugin pinoutconfig
2024-01-22 17:50:32,182 [WARN] SupportedApi:132 - Cannot load RTOS API schema: s4s-elt-must-match.1: The content of 'definitions' must match (annotation?, (simpleType | complexType)?, (unique | key | keyref)*)). A problem was found starting at: attribute.
2024-01-22 17:50:32,396 [INFO] PluginManage:359 - Loaded plugin pinoutconfig (category:base,tabindex:0)
2024-01-22 17:50:32,397 [INFO] PluginManage:310 - Check plugin power
2024-01-22 17:50:32,431 [INFO] PluginManage:359 - Loaded plugin power (category:power,tabindex:4)
2024-01-22 17:50:32,431 [INFO] PluginManage:310 - Check plugin projectmanager
2024-01-22 17:50:32,456 [INFO] PluginManage:359 - Loaded plugin projectmanager (category:projectmanager,tabindex:3)
2024-01-22 17:50:32,457 [INFO] PluginManage:310 - Check plugin thirdparty
2024-01-22 17:50:32,820 [INFO] PluginManage:359 - Loaded plugin thirdparty (category:base,tabindex:-1)
2024-01-22 17:50:32,820 [WARN] IntegrityCheckThread:84 - waiting for thirdparty lock release [integrity check]
2024-01-22 17:50:32,820 [INFO] PluginManage:310 - Check plugin tools
2024-01-22 17:50:32,820 [INFO] IntegrityCheckThread:86 - entering critical section [integrity check]
2024-01-22 17:50:32,821 [INFO] ThirdPartyUpdaterWithRetryManager:70 - Updater plugin not ready yet. [1/15]
2024-01-22 17:50:32,864 [INFO] PluginManage:359 - Loaded plugin tools (category:base,tabindex:7)
2024-01-22 17:50:32,865 [INFO] PluginManage:310 - Check plugin tutovideos
2024-01-22 17:50:33,197 [INFO] PluginManage:359 - Loaded plugin tutovideos (category:base,tabindex:-1)
2024-01-22 17:50:33,198 [INFO] PluginManage:310 - Check plugin updater
2024-01-22 17:50:33,217 [INFO] PluginManage:359 - Loaded plugin updater (category:base,tabindex:12)
2024-01-22 17:50:33,217 [INFO] PluginManage:310 - Check plugin userauth
2024-01-22 17:50:33,227 [INFO] UserAuth:113 - Init User Auth plugin
2024-01-22 17:50:33,227 [INFO] PluginManage:359 - Loaded plugin userauth (category:base,tabindex:14)
2024-01-22 17:50:33,228 [INFO] PluginManage:283 - PluginManage : Loaded plugins [17]
2024-01-22 17:50:33,756 [INFO] PinOutPanel:1499 - setPackage(No Configuration,No Configuration)
2024-01-22 17:50:33,898 [INFO] CADModel:165 - CPN selected for project level
2024-01-22 17:50:33,899 [INFO] CADModel:114 - Register for checkConnection events
2024-01-22 17:50:33,929 [INFO] IPUIPlugin:80 - create IPUIPlugin
2024-01-22 17:50:33,929 [INFO] PluginManager:220 - loadIPPluginJar : add adc
2024-01-22 17:50:33,969 [INFO] IPUIPlugin:80 - create IPUIPlugin
2024-01-22 17:50:33,970 [INFO] PluginManager:220 - loadIPPluginJar : add aes
2024-01-22 17:50:34,016 [INFO] IPUIPlugin:80 - create IPUIPlugin
2024-01-22 17:50:34,016 [INFO] PluginManager:220 - loadIPPluginJar : add can
2024-01-22 17:50:34,041 [INFO] IPUIPlugin:80 - create IPUIPlugin
2024-01-22 17:50:34,042 [INFO] PluginManager:220 - loadIPPluginJar : add comp
2024-01-22 17:50:34,091 [INFO] IPUIPlugin:80 - create IPUIPlugin
2024-01-22 17:50:34,091 [INFO] PluginManager:220 - loadIPPluginJar : add cryp
2024-01-22 17:50:34,130 [INFO] IPUIPlugin:80 - create IPUIPlugin
2024-01-22 17:50:34,131 [INFO] PluginManager:220 - loadIPPluginJar : add dfsdm
2024-01-22 17:50:34,148 [INFO] IPUIPlugin:80 - create IPUIPlugin
2024-01-22 17:50:34,149 [INFO] PluginManager:220 - loadIPPluginJar : add dma
2024-01-22 17:50:34,201 [INFO] IPUIPlugin:80 - create IPUIPlugin
2024-01-22 17:50:34,201 [INFO] PluginManager:220 - loadIPPluginJar : add dma3
2024-01-22 17:50:34,223 [INFO] IPUIPlugin:80 - create IPUIPlugin
2024-01-22 17:50:34,223 [INFO] PluginManager:220 - loadIPPluginJar : add fatfs
2024-01-22 17:50:34,276 [INFO] IPUIPlugin:80 - create IPUIPlugin
2024-01-22 17:50:34,276 [INFO] PluginManager:220 - loadIPPluginJar : add fmc
2024-01-22 17:50:34,297 [INFO] IPUIPlugin:80 - create IPUIPlugin
2024-01-22 17:50:34,297 [INFO] PluginManager:220 - loadIPPluginJar : add freertos
2024-01-22 17:50:34,320 [INFO] IPUIPlugin:80 - create IPUIPlugin
2024-01-22 17:50:34,320 [INFO] PluginManager:220 - loadIPPluginJar : add genericplugin
2024-01-22 17:50:34,442 [INFO] IPUIPlugin:80 - create IPUIPlugin
2024-01-22 17:50:34,442 [INFO] PluginManager:220 - loadIPPluginJar : add gfxmmu
2024-01-22 17:50:34,588 [INFO] IPUIPlugin:80 - create IPUIPlugin
2024-01-22 17:50:34,588 [INFO] PluginManager:220 - loadIPPluginJar : add gic
2024-01-22 17:50:34,602 [INFO] IPUIPlugin:80 - create IPUIPlugin
2024-01-22 17:50:34,602 [INFO] PluginManager:220 - loadIPPluginJar : add gpio
2024-01-22 17:50:34,703 [INFO] IPUIPlugin:80 - create IPUIPlugin
2024-01-22 17:50:34,703 [INFO] PluginManager:220 - loadIPPluginJar : add gtzc
2024-01-22 17:50:34,740 [INFO] IPUIPlugin:80 - create IPUIPlugin
2024-01-22 17:50:34,740 [INFO] PluginManager:220 - loadIPPluginJar : add hash
2024-01-22 17:50:34,897 [INFO] IPUIPlugin:80 - create IPUIPlugin
2024-01-22 17:50:34,897 [INFO] PluginManager:220 - loadIPPluginJar : add i2c
2024-01-22 17:50:35,008 [INFO] IPUIPlugin:80 - create IPUIPlugin
2024-01-22 17:50:35,008 [INFO] PluginManager:220 - loadIPPluginJar : add i2s
2024-01-22 17:50:35,054 [INFO] IPUIPlugin:80 - create IPUIPlugin
2024-01-22 17:50:35,054 [INFO] PluginManager:220 - loadIPPluginJar : add i3c
2024-01-22 17:50:35,173 [INFO] IPUIPlugin:80 - create IPUIPlugin
2024-01-22 17:50:35,173 [INFO] PluginManager:220 - loadIPPluginJar : add ipddr
2024-01-22 17:50:35,357 [INFO] IPUIPlugin:80 - create IPUIPlugin
2024-01-22 17:50:35,358 [INFO] PluginManager:220 - loadIPPluginJar : add linkedlist
2024-01-22 17:50:35,422 [INFO] IPUIPlugin:80 - create IPUIPlugin
2024-01-22 17:50:35,422 [INFO] PluginManager:220 - loadIPPluginJar : add lorawan
2024-01-22 17:50:35,471 [INFO] IPUIPlugin:80 - create IPUIPlugin
2024-01-22 17:50:35,471 [INFO] PluginManager:220 - loadIPPluginJar : add ltdc
2024-01-22 17:50:35,488 [INFO] IPUIPlugin:80 - create IPUIPlugin
2024-01-22 17:50:35,488 [INFO] PluginManager:220 - loadIPPluginJar : add mdma
2024-01-22 17:50:35,503 [INFO] IPUIPlugin:80 - create IPUIPlugin
2024-01-22 17:50:35,503 [INFO] PluginManager:220 - loadIPPluginJar : add nvic
2024-01-22 17:50:35,545 [INFO] IPUIPlugin:80 - create IPUIPlugin
2024-01-22 17:50:35,545 [INFO] PluginManager:220 - loadIPPluginJar : add opamp
2024-01-22 17:50:35,617 [INFO] IPUIPlugin:80 - create IPUIPlugin
2024-01-22 17:50:35,617 [INFO] PluginManager:220 - loadIPPluginJar : add openamp
2024-01-22 17:50:35,665 [INFO] IPUIPlugin:80 - create IPUIPlugin
2024-01-22 17:50:35,665 [INFO] PluginManager:220 - loadIPPluginJar : add pdm2pcm
2024-01-22 17:50:35,683 [INFO] IPUIPlugin:80 - create IPUIPlugin
2024-01-22 17:50:35,685 [INFO] PluginManager:220 - loadIPPluginJar : add plateformsettings
2024-01-22 17:50:35,708 [INFO] IPUIPlugin:80 - create IPUIPlugin
2024-01-22 17:50:35,708 [INFO] PluginManager:220 - loadIPPluginJar : add quadspi
2024-01-22 17:50:35,722 [INFO] IPUIPlugin:80 - create IPUIPlugin
2024-01-22 17:50:35,722 [INFO] PluginManager:220 - loadIPPluginJar : add resmgrutility
2024-01-22 17:50:35,775 [INFO] IPUIPlugin:80 - create IPUIPlugin
2024-01-22 17:50:35,775 [INFO] PluginManager:220 - loadIPPluginJar : add sai
2024-01-22 17:50:35,816 [INFO] IPUIPlugin:80 - create IPUIPlugin
2024-01-22 17:50:35,816 [INFO] PluginManager:220 - loadIPPluginJar : add spi
2024-01-22 17:50:35,825 [INFO] ThirdPartyUpdaterWithRetryManager:70 - Updater plugin not ready yet. [2/15]
2024-01-22 17:50:35,884 [INFO] IPUIPlugin:80 - create IPUIPlugin
2024-01-22 17:50:35,884 [INFO] PluginManager:220 - loadIPPluginJar : add stm32_wpan
2024-01-22 17:50:35,910 [INFO] IPUIPlugin:80 - create IPUIPlugin
2024-01-22 17:50:35,910 [INFO] PluginManager:220 - loadIPPluginJar : add tim
2024-01-22 17:50:35,976 [INFO] IPUIPlugin:80 - create IPUIPlugin
2024-01-22 17:50:35,976 [INFO] PluginManager:220 - loadIPPluginJar : add touchsensing
2024-01-22 17:50:36,005 [INFO] IPUIPlugin:80 - create IPUIPlugin
2024-01-22 17:50:36,005 [INFO] PluginManager:220 - loadIPPluginJar : add tracer_emb
2024-01-22 17:50:36,034 [INFO] IPUIPlugin:80 - create IPUIPlugin
2024-01-22 17:50:36,034 [INFO] PluginManager:220 - loadIPPluginJar : add ts
2024-01-22 17:50:36,061 [INFO] IPUIPlugin:80 - create IPUIPlugin
2024-01-22 17:50:36,061 [INFO] PluginManager:220 - loadIPPluginJar : add tsc
2024-01-22 17:50:36,087 [INFO] IPUIPlugin:80 - create IPUIPlugin
2024-01-22 17:50:36,087 [INFO] PluginManager:220 - loadIPPluginJar : add ucpd
2024-01-22 17:50:36,138 [INFO] IPUIPlugin:80 - create IPUIPlugin
2024-01-22 17:50:36,138 [INFO] PluginManager:220 - loadIPPluginJar : add usart
2024-01-22 17:50:36,205 [INFO] IPUIPlugin:80 - create IPUIPlugin
2024-01-22 17:50:36,205 [INFO] PluginManager:220 - loadIPPluginJar : add usbx
2024-01-22 17:50:36,389 [INFO] CADModel:165 - CPN selected for project level
2024-01-22 17:50:36,390 [INFO] CADModel:114 - Register for checkConnection events
2024-01-22 17:50:36,390 [FATAL] Updater:308 - Updater called before beeing initialized
2024-01-22 17:50:36,391 [ERROR] CADModel:125 - Updater not yet initialized, retry later 
2024-01-22 17:50:36,634 [INFO] CADModel:165 - CPN selected for project level
2024-01-22 17:50:36,634 [INFO] CADModel:114 - Register for checkConnection events
2024-01-22 17:50:36,634 [FATAL] Updater:308 - Updater called before beeing initialized
2024-01-22 17:50:36,634 [ERROR] CADModel:125 - Updater not yet initialized, retry later 
2024-01-22 17:50:36,640 [FATAL] Updater:308 - Updater called before beeing initialized
2024-01-22 17:50:36,794 [FATAL] Updater:308 - Updater called before beeing initialized
2024-01-22 17:50:36,806 [INFO] DbMcusAds:53 - JSON generation date=Wed Nov 29 11:52:28 CET 2023 (1701255148358)
2024-01-22 17:50:36,806 [FATAL] Updater:308 - Updater called before beeing initialized
2024-01-22 17:50:36,906 [WARN] DetailPanel:346 - Failed to get advertising image, set to default
2024-01-22 17:50:37,049 [FATAL] Updater:308 - Updater called before beeing initialized
2024-01-22 17:50:37,052 [FATAL] Updater:308 - Updater called before beeing initialized
2024-01-22 17:50:37,052 [FATAL] Updater:308 - Updater called before beeing initialized
2024-01-22 17:50:37,052 [WARN] DetailPanel:346 - Failed to get advertising image, set to default
2024-01-22 17:50:37,053 [FATAL] Updater:308 - Updater called before beeing initialized
2024-01-22 17:50:37,167 [ERROR] Updater:1120 - MainUpdater not yet initialized. External WinMGr cannot be set.
2024-01-22 17:50:37,178 [INFO] Updater:1056 - Updater Version found : 6.9.1
2024-01-22 17:50:37,202 [INFO] ApplicationProperties:184 - Using Application install path: C:\ST\STM32CubeIDE_1.13.1\STM32CubeIDE\plugins\com.st.stm32cube.common.mx_6.9.1.202307191849
2024-01-22 17:50:37,483 [INFO] MainUpdater:2868 - connection check result : 10
2024-01-22 17:50:37,483 [INFO] MainUpdater:3562 - Updater definition file requires update
2024-01-22 17:50:37,485 [INFO] MainUpdater:285 - Updater Check For Update Now.
2024-01-22 17:50:37,485 [INFO] MicroXplorer:498 - Change Database Version : DB.6.0.91
2024-01-22 17:50:37,585 [INFO] McuFinderGlobals:63 - Set McuFinder mode to 2 (CubeIDE integrated)
2024-01-22 17:50:37,587 [INFO] ServerAccessManage:473 - Download File updaters.zip
2024-01-22 17:50:37,968 [INFO] FileExtend:240 - Unzip File : updaters.zip
2024-01-22 17:50:37,968 [INFO] FileExtend:255 - Standard Zip Deflate
2024-01-22 17:50:38,543 [INFO] ServerAccessManage:473 - Download File PacksControlFlags.xml
2024-01-22 17:50:38,794 [INFO] ServerAccessManage:473 - Download File cubemx.pidx
2024-01-22 17:50:38,829 [WARN] MainUpdater:1189 - Updater busy. Cannot search thirdparties
2024-01-22 17:50:38,830 [INFO] ThirdPartyUpdaterWithRetryManager:96 - Updater plugin is busy. [1/15]
2024-01-22 17:50:39,375 [INFO] LoadServerUpdatesThread:373 - End of LoadServerUpdate Thread
2024-01-22 17:50:39,668 [INFO] CheckServerUpdateThread:120 - End of CheckServer Thread
2024-01-22 17:50:42,170 [WARN] PackLoader:240 - Cannot read IP mode file for STMicroelectronics.X-CUBE-SMBUS.2.1.0
2024-01-22 17:50:42,195 [WARN] PackLoader:240 - Cannot read IP mode file for STMicroelectronics.X-CUBE-TOUCHGFX.4.23.0
2024-01-22 17:50:42,265 [WARN] PackLoader:240 - Cannot read IP mode file for STMicroelectronics.X-CUBE-AZRTOS-F7.1.1.0
2024-01-22 17:50:42,296 [WARN] PackLoader:240 - Cannot read IP mode file for STMicroelectronics.FP-SNS-MOTENV1.4.3.2
2024-01-22 17:50:42,318 [WARN] PackLoader:240 - Cannot read IP mode file for STMicroelectronics.FP-SNS-FLIGHT1.5.0.2
2024-01-22 17:50:42,346 [WARN] PackLoader:240 - Cannot read IP mode file for STMicroelectronics.X-CUBE-DISPLAY.3.0.0
2024-01-22 17:50:42,376 [WARN] PackLoader:240 - Cannot read IP mode file for STMicroelectronics.X-CUBE-BLE1.7.0.0
2024-01-22 17:50:42,399 [WARN] PackLoader:240 - Cannot read IP mode file for emotas.I-CUBE-CANOPEN.1.3.0
2024-01-22 17:50:42,416 [WARN] PackLoader:240 - Cannot read IP mode file for STMicroelectronics.X-CUBE-TOUCHGFX.4.22.0
2024-01-22 17:50:42,432 [WARN] PackLoader:240 - Cannot read IP mode file for STMicroelectronics.X-CUBE-TOUCHGFX.4.22.1
2024-01-22 17:50:42,452 [WARN] PackLoader:240 - Cannot read IP mode file for STMicroelectronics.FP-SNS-SMARTAG2.1.2.0
2024-01-22 17:50:42,489 [INFO] LogOutputStream:77 - [STDOUT_REDIRECT] 1 : Invalid condition id : UX_CORESTACK_Condition cause : null
2024-01-22 17:50:42,490 [INFO] LogOutputStream:77 - [STDOUT_REDIRECT] 1 : Invalid condition id : UX_CORESTACK_Condition cause : null
2024-01-22 17:50:42,492 [INFO] LogOutputStream:77 - [STDOUT_REDIRECT] 1 : Invalid condition id : UX_CORESTACK_Condition cause : null
2024-01-22 17:50:42,494 [INFO] LogOutputStream:77 - [STDOUT_REDIRECT] 1 : Invalid condition id : UX_CORESTACK_Condition cause : null
2024-01-22 17:50:42,497 [INFO] LogOutputStream:77 - [STDOUT_REDIRECT] 1 : Invalid condition id : UX_CORESTACK_Condition cause : null
2024-01-22 17:50:42,506 [WARN] PackLoader:240 - Cannot read IP mode file for STMicroelectronics.X-CUBE-AZRTOS-WL.2.0.0
2024-01-22 17:50:42,535 [WARN] PackLoader:240 - Cannot read IP mode file for WES.I-CUBE-Cesium.1.3.0
2024-01-22 17:50:42,555 [WARN] PackLoader:240 - Cannot read IP mode file for STMicroelectronics.X-CUBE-BLE2.3.3.0
2024-01-22 17:50:42,580 [WARN] PackLoader:240 - Cannot read IP mode file for STMicroelectronics.X-CUBE-ALGOBUILD.1.3.0
2024-01-22 17:50:42,644 [WARN] PackLoader:240 - Cannot read IP mode file for STMicroelectronics.X-CUBE-AZRTOS-G0.1.1.0
2024-01-22 17:50:42,670 [WARN] PackLoader:240 - Cannot read IP mode file for STMicroelectronics.X-CUBE-NFC4.3.0.0
2024-01-22 17:50:42,711 [WARN] PackLoader:240 - Cannot read IP mode file for STMicroelectronics.X-CUBE-BLEMGR.3.0.0
2024-01-22 17:50:42,738 [WARN] PackLoader:240 - Cannot read IP mode file for STMicroelectronics.FP-ATR-SIGFOX1.3.2.0
2024-01-22 17:50:42,843 [WARN] PackLoader:240 - Cannot read IP mode file for SEGGER.I-CUBE-embOS.1.3.1
2024-01-22 17:50:42,956 [WARN] PackLoader:240 - Cannot read IP mode file for STMicroelectronics.X-CUBE-GNSS1.6.0.0
2024-01-22 17:50:43,017 [WARN] PackLoader:240 - Cannot read IP mode file for STMicroelectronics.X-CUBE-AZRTOS-F4.1.1.0
2024-01-22 17:50:43,052 [WARN] PackLoader:240 - Cannot read IP mode file for wolfSSL.I-CUBE-wolfSSL.5.6.3
2024-01-22 17:50:43,104 [WARN] PackLoader:240 - Cannot read IP mode file for STMicroelectronics.X-CUBE-AZRTOS-L5.2.0.0
2024-01-22 17:50:43,195 [WARN] PackLoader:240 - Cannot read IP mode file for STMicroelectronics.X-CUBE-MEMS1.9.6.0
2024-01-22 17:50:43,452 [WARN] PackLoader:240 - Cannot read IP mode file for STMicroelectronics.X-CUBE-EEPRMA1.4.2.0
2024-01-22 17:50:43,470 [WARN] PackLoader:240 - Cannot read IP mode file for ITTIA_DB.I-CUBE-ITTIADB.8.8.0
2024-01-22 17:50:43,491 [WARN] PackLoader:240 - Cannot read IP mode file for STMicroelectronics.X-CUBE-BLEMGR.2.0.0
2024-01-22 17:50:43,537 [WARN] ConditionMgr:438 - getConditionDescription Invalid condition id : UX DEVICE CLASS RTOS Condition cause : null
2024-01-22 17:50:43,538 [WARN] ConditionMgr:438 - getConditionDescription Invalid condition id : UX DEVICE CLASS RTOS Condition cause : null
2024-01-22 17:50:43,542 [WARN] PackLoader:240 - Cannot read IP mode file for STMicroelectronics.X-CUBE-AZRTOS-H7.3.1.0
2024-01-22 17:50:43,544 [WARN] ConditionMgr:1039 - genDependencies : Invalid condition id : UX DEVICE CLASS RTOS Condition cause : null
2024-01-22 17:50:43,544 [WARN] ConditionMgr:1039 - genDependencies : Invalid condition id : UX DEVICE CLASS RTOS Condition cause : null
2024-01-22 17:50:43,545 [WARN] ConditionMgr:1039 - genDependencies : Invalid condition id : UX DEVICE CLASS RTOS Condition cause : null
2024-01-22 17:50:43,545 [WARN] ConditionMgr:1039 - genDependencies : Invalid condition id : UX DEVICE CLASS RTOS Condition cause : null
2024-01-22 17:50:43,546 [WARN] ConditionMgr:1039 - genDependencies : Invalid condition id : UX DEVICE CLASS RTOS Condition cause : null
2024-01-22 17:50:43,566 [WARN] PackLoader:240 - Cannot read IP mode file for STMicroelectronics.X-CUBE-NFC7.1.0.1
2024-01-22 17:50:43,588 [WARN] PackLoader:240 - Cannot read IP mode file for STMicroelectronics.X-CUBE-NFC6.3.0.0
2024-01-22 17:50:43,608 [WARN] PackLoader:240 - Cannot read IP mode file for STMicroelectronics.X-CUBE-EEPRMA1.4.1.0
2024-01-22 17:50:43,626 [WARN] PackLoader:240 - Cannot read IP mode file for STMicroelectronics.X-CUBE-AI.8.1.0
2024-01-22 17:50:43,672 [WARN] ConditionMgr:438 - getConditionDescription Invalid condition id : LAN8742 Phy interface Condition cause : null
2024-01-22 17:50:43,673 [WARN] PackLoader:240 - Cannot read IP mode file for STMicroelectronics.X-CUBE-AZRTOS-L4.2.0.0
2024-01-22 17:50:43,674 [WARN] ConditionMgr:1039 - genDependencies : Invalid condition id : LAN8742 Phy interface Condition cause : null
2024-01-22 17:50:43,675 [WARN] ConditionMgr:1039 - genDependencies : Invalid condition id : LAN8742 Phy interface Condition cause : null
2024-01-22 17:50:43,676 [WARN] ConditionMgr:1039 - genDependencies : Invalid condition id : LAN8742 Phy interface Condition cause : null
2024-01-22 17:50:43,698 [WARN] PackLoader:240 - Cannot read IP mode file for STMicroelectronics.X-CUBE-SFXS2LP1.4.0.0
2024-01-22 17:50:43,717 [WARN] PackLoader:240 - Cannot read IP mode file for STMicroelectronics.X-CUBE-ISPU.1.1.0
2024-01-22 17:50:43,761 [WARN] ConditionMgr:438 - getConditionDescription Invalid condition id : UX DEVICE CLASS RTOS Condition cause : null
2024-01-22 17:50:43,761 [WARN] ConditionMgr:438 - getConditionDescription Invalid condition id : UX DEVICE CLASS RTOS Condition cause : null
2024-01-22 17:50:43,764 [WARN] PackLoader:240 - Cannot read IP mode file for STMicroelectronics.X-CUBE-AZRTOS-WB.2.0.0
2024-01-22 17:50:43,765 [WARN] ConditionMgr:1039 - genDependencies : Invalid condition id : UX DEVICE CLASS RTOS Condition cause : null
2024-01-22 17:50:43,765 [WARN] ConditionMgr:1039 - genDependencies : Invalid condition id : UX DEVICE CLASS RTOS Condition cause : null
2024-01-22 17:50:43,766 [WARN] ConditionMgr:1039 - genDependencies : Invalid condition id : UX DEVICE CLASS RTOS Condition cause : null
2024-01-22 17:50:43,766 [WARN] ConditionMgr:1039 - genDependencies : Invalid condition id : UX DEVICE CLASS RTOS Condition cause : null
2024-01-22 17:50:43,766 [WARN] ConditionMgr:1039 - genDependencies : Invalid condition id : UX DEVICE CLASS RTOS Condition cause : null
2024-01-22 17:50:43,785 [WARN] PackLoader:240 - Cannot read IP mode file for STMicroelectronics.X-CUBE-FREERTOS.1.0.1
2024-01-22 17:50:43,812 [WARN] PackLoader:240 - Cannot read IP mode file for STMicroelectronics.X-CUBE-SUBG2.5.0.0
2024-01-22 17:50:43,846 [WARN] PackLoader:240 - Cannot read IP mode file for STMicroelectronics.X-CUBE-TOF1.3.3.1
2024-01-22 17:50:43,897 [WARN] PackLoader:240 - Cannot read IP mode file for STMicroelectronics.X-CUBE-AZRTOS-G4.2.0.0
2024-01-22 17:50:43,933 [WARN] PackLoader:240 - Cannot read IP mode file for Infineon.AIROC-Wi-Fi-Bluetooth-STM32.1.5.1
2024-01-22 17:50:43,954 [WARN] PackLoader:240 - Cannot read IP mode file for STMicroelectronics.FP-SNS-MOTENVWB1.1.3.0
2024-01-22 17:50:43,970 [WARN] PackLoader:240 - Cannot read IP mode file for STMicroelectronics.FP-SNS-MOTENVWB1.1.3.1
2024-01-22 17:50:43,987 [WARN] PackLoader:240 - Cannot read IP mode file for STMicroelectronics.X-CUBE-ISPU.2.0.0
2024-01-22 17:50:44,062 [WARN] PackLoader:240 - Cannot read IP mode file for STMicroelectronics.X-CUBE-MEMS1.10.0.0
2024-01-22 17:50:44,220 [WARN] PackLoader:240 - Cannot read IP mode file for STMicroelectronics.X-CUBE-FREERTOS.1.1.0
2024-01-22 17:50:44,239 [WARN] PackLoader:240 - Cannot read IP mode file for portGmbH.I-Cube-SoM-uGOAL.1.1.0
2024-01-22 17:50:44,256 [WARN] PackLoader:240 - Cannot read IP mode file for STMicroelectronics.X-CUBE-ALS.1.0.1
2024-01-22 17:50:44,274 [WARN] PackLoader:240 - Cannot read IP mode file for STMicroelectronics.FP-ATR-ASTRA1.2.0.0
2024-01-22 17:50:44,303 [WARN] PackLoader:240 - Cannot read IP mode file for STMicroelectronics.X-CUBE-TOF1.3.4.0
2024-01-22 17:50:44,364 [WARN] PackLoader:240 - Cannot read IP mode file for STMicroelectronics.X-CUBE-AZRTOS-H7.3.2.0
2024-01-22 17:50:44,368 [INFO] ThirdParty:978 - Integrity check success = true
2024-01-22 17:50:44,368 [INFO] IntegrityCheckThread:100 - exiting critical section [integrity check]
2024-01-22 17:50:44,369 [INFO] IntegrityCheckThread:103 - End integrity checks thread
2024-01-22 17:50:59,877 [ERROR] LogOutputStream:75 - [STDERR_REDIRECT] SLF4J: Failed to load class "org.slf4j.impl.StaticLoggerBinder".
2024-01-22 17:50:59,877 [ERROR] LogOutputStream:75 - [STDERR_REDIRECT] SLF4J: Defaulting to no-operation (NOP) logger implementation
2024-01-22 17:50:59,879 [ERROR] LogOutputStream:75 - [STDERR_REDIRECT] SLF4J: See http://www.slf4j.org/codes.html#StaticLoggerBinder for further details.
