2023-11-30 13:00:41,122 [INFO] Activator:176 - 


2023-11-30 13:00:41,133 [INFO] Activator:177 - !SESSION log4j initialized
2023-11-30 13:00:57,310 [INFO] LogOutputStream:77 - [STDOUT_REDIRECT] 
2023-11-30 13:01:03,066 [INFO] ApplicationProperties:184 - Using Application install path: C:\ST\STM32CubeIDE_1.13.1\STM32CubeIDE\plugins\com.st.stm32cube.common.mx_6.9.1.202307191849
2023-11-30 13:01:03,097 [INFO] DbMcusXml:78 - Set database path to: C:\ST\STM32CubeIDE_1.13.1\STM32CubeIDE\plugins\com.st.stm32cube.common.mx_6.9.1.202307191849\\db\/mcu/
2023-11-30 13:01:03,098 [INFO] ApiDb:274 - Set plugin database path to: C:\ST\STM32CubeIDE_1.13.1\STM32CubeIDE\plugins\com.st.stm32cube.common.mx_6.9.1.202307191849\\db\/plugins/boardmanager/
2023-11-30 13:01:03,098 [WARN] ApiDb:259 - Overriding images path with different value:  => C:\ST\STM32CubeIDE_1.13.1\STM32CubeIDE\plugins\com.st.stm32cube.common.mx_6.9.1.202307191849\\db\/plugins/mcufinder/images/
2023-11-30 13:01:03,119 [INFO] ApiDb:250 - Set database path to: C:\Users\Beispiel\.stmcufinder\plugins\mcufinder//mcu/
2023-11-30 13:01:03,121 [INFO] DbMcusAds:125 - Set database path to: C:\Users\Beispiel\.stmcufinder\plugins\mcufinder//mcu/
2023-11-30 13:01:03,124 [INFO] CrossReferenceDbSqlite:203 - Set database path to: C:\Users\Beispiel\.stmcufinder\plugins\mcufinder//mcu/cs/
2023-11-30 13:01:03,281 [INFO] RulesReader:64 - Compatibility file has been processed (293 Rules)
2023-11-30 13:01:03,443 [INFO] DbMcusXml:78 - Set database path to: C:\ST\STM32CubeIDE_1.13.1\STM32CubeIDE\plugins\com.st.stm32cube.common.mx_6.9.1.202307191849\\db\/mcu/
2023-11-30 13:01:03,443 [INFO] ApiDb:274 - Set plugin database path to: C:\ST\STM32CubeIDE_1.13.1\STM32CubeIDE\plugins\com.st.stm32cube.common.mx_6.9.1.202307191849\\db\/plugins/boardmanager/
2023-11-30 13:01:03,443 [INFO] ApiDb:261 - Set plugin images path to: C:\ST\STM32CubeIDE_1.13.1\STM32CubeIDE\plugins\com.st.stm32cube.common.mx_6.9.1.202307191849\\db\/plugins/mcufinder/images/
2023-11-30 13:01:03,444 [WARN] DbFile:41 - Overriding database path with different value: C:\Users\Beispiel\.stmcufinder\plugins\mcufinder/ => C:\Users\Beispiel\.stmcufinder\plugins\mcufinder
2023-11-30 13:01:03,444 [INFO] ApiDb:250 - Set database path to: C:\Users\Beispiel\.stmcufinder\plugins\mcufinder//mcu/
2023-11-30 13:01:03,444 [WARN] DbFile:41 - Overriding database path with different value: C:\Users\Beispiel\.stmcufinder\plugins\mcufinder/ => C:\Users\Beispiel\.stmcufinder\plugins\mcufinder
2023-11-30 13:01:03,445 [INFO] DbMcusAds:125 - Set database path to: C:\Users\Beispiel\.stmcufinder\plugins\mcufinder//mcu/
2023-11-30 13:01:03,445 [WARN] DbFile:41 - Overriding database path with different value: C:\Users\Beispiel\.stmcufinder\plugins\mcufinder/ => C:\Users\Beispiel\.stmcufinder\plugins\mcufinder
2023-11-30 13:01:03,445 [WARN] DbFile:41 - Overriding database path with different value: C:\Users\Beispiel\.stmcufinder\plugins\mcufinder/ => C:\Users\Beispiel\.stmcufinder\plugins\mcufinder
2023-11-30 13:01:03,445 [INFO] CrossReferenceDbSqlite:203 - Set database path to: C:\Users\Beispiel\.stmcufinder\plugins\mcufinder//mcu/cs/
2023-11-30 13:01:03,571 [INFO] MainPanel:262 - HeapMemory: 268435456
2023-11-30 13:01:03,721 [INFO] DbMcusXml:78 - Set database path to: C:\ST\STM32CubeIDE_1.13.1\STM32CubeIDE\plugins\com.st.stm32cube.common.mx_6.9.1.202307191849\\db\/mcu/
2023-11-30 13:01:03,722 [INFO] ApiDb:274 - Set plugin database path to: C:\ST\STM32CubeIDE_1.13.1\STM32CubeIDE\plugins\com.st.stm32cube.common.mx_6.9.1.202307191849\\db\/plugins/boardmanager/
2023-11-30 13:01:03,722 [INFO] ApiDb:261 - Set plugin images path to: C:\ST\STM32CubeIDE_1.13.1\STM32CubeIDE\plugins\com.st.stm32cube.common.mx_6.9.1.202307191849\\db\/plugins/mcufinder/images/
2023-11-30 13:01:03,723 [WARN] DbFile:41 - Overriding database path with different value: C:\Users\Beispiel\.stmcufinder\plugins\mcufinder/ => C:\Users\Beispiel\.stmcufinder\plugins\mcufinder
2023-11-30 13:01:03,723 [INFO] ApiDb:250 - Set database path to: C:\Users\Beispiel\.stmcufinder\plugins\mcufinder//mcu/
2023-11-30 13:01:03,723 [WARN] DbFile:41 - Overriding database path with different value: C:\Users\Beispiel\.stmcufinder\plugins\mcufinder/ => C:\Users\Beispiel\.stmcufinder\plugins\mcufinder
2023-11-30 13:01:03,723 [INFO] DbMcusAds:125 - Set database path to: C:\Users\Beispiel\.stmcufinder\plugins\mcufinder//mcu/
2023-11-30 13:01:03,723 [WARN] DbFile:41 - Overriding database path with different value: C:\Users\Beispiel\.stmcufinder\plugins\mcufinder/ => C:\Users\Beispiel\.stmcufinder\plugins\mcufinder
2023-11-30 13:01:03,723 [WARN] DbFile:41 - Overriding database path with different value: C:\Users\Beispiel\.stmcufinder\plugins\mcufinder/ => C:\Users\Beispiel\.stmcufinder\plugins\mcufinder
2023-11-30 13:01:03,723 [INFO] CrossReferenceDbSqlite:203 - Set database path to: C:\Users\Beispiel\.stmcufinder\plugins\mcufinder//mcu/cs/
2023-11-30 13:01:03,755 [INFO] ApplicationProperties:184 - Using Application install path: C:\ST\STM32CubeIDE_1.13.1\STM32CubeIDE\plugins\com.st.stm32cube.common.mx_6.9.1.202307191849
2023-11-30 13:01:03,758 [INFO] PluginManage:196 - Search for loadable plugins [exclusion list=, ]
2023-11-30 13:01:03,762 [INFO] PluginManage:310 - Check plugin analytics
2023-11-30 13:01:04,101 [INFO] AnalyticsPlugin:253 - Accepted Software Licenses: 
2023-11-30 13:01:04,102 [INFO] AnalyticsPlugin:255 - Accepted CMSIS Pack Licenses: 
2023-11-30 13:01:04,102 [INFO] AnalyticsPlugin:257 - Accepted Firmware Licenses: 
2023-11-30 13:01:04,108 [INFO] PluginManage:359 - Loaded plugin analytics (category:tool,tabindex:-1)
2023-11-30 13:01:04,109 [INFO] PluginManage:310 - Check plugin cadmodel
2023-11-30 13:01:04,197 [INFO] CADModel:105 - Init CAD model plugin
2023-11-30 13:01:04,197 [INFO] PluginManage:359 - Loaded plugin cadmodel (category:power,tabindex:5)
2023-11-30 13:01:04,198 [INFO] PluginManage:310 - Check plugin clock
2023-11-30 13:01:04,268 [INFO] PluginManage:359 - Loaded plugin clock (category:base,tabindex:2)
2023-11-30 13:01:04,268 [INFO] PluginManage:310 - Check plugin ddr
2023-11-30 13:01:04,273 [INFO] PluginManage:359 - Loaded plugin ddr (category:tool,tabindex:6)
2023-11-30 13:01:04,274 [INFO] PluginManage:310 - Check plugin filemanager
2023-11-30 13:01:04,530 [INFO] PluginManage:359 - Loaded plugin filemanager (category:base,tabindex:10)
2023-11-30 13:01:04,530 [INFO] PluginManage:310 - Check plugin ipmanager
2023-11-30 13:01:04,544 [INFO] PluginManage:359 - Loaded plugin ipmanager (category:base,tabindex:5)
2023-11-30 13:01:04,544 [INFO] PluginManage:310 - Check plugin lpbam
2023-11-30 13:01:04,605 [INFO] PluginManage:359 - Loaded plugin lpbam (category:base,tabindex:0)
2023-11-30 13:01:04,606 [INFO] PluginManage:310 - Check plugin memorymap
2023-11-30 13:01:04,658 [INFO] PluginManage:359 - Loaded plugin memorymap (category:base,tabindex:4)
2023-11-30 13:01:04,658 [INFO] PluginManage:310 - Check plugin pinoutandconfiguration
2023-11-30 13:01:04,687 [INFO] PluginManage:359 - Loaded plugin pinoutandconfiguration (category:base,tabindex:1)
2023-11-30 13:01:04,687 [INFO] PluginManage:310 - Check plugin pinoutconfig
2023-11-30 13:01:04,819 [WARN] SupportedApi:132 - Cannot load RTOS API schema: s4s-elt-must-match.1: The content of 'definitions' must match (annotation?, (simpleType | complexType)?, (unique | key | keyref)*)). A problem was found starting at: attribute.
2023-11-30 13:01:05,056 [INFO] PluginManage:359 - Loaded plugin pinoutconfig (category:base,tabindex:0)
2023-11-30 13:01:05,056 [INFO] PluginManage:310 - Check plugin power
2023-11-30 13:01:05,090 [INFO] PluginManage:359 - Loaded plugin power (category:power,tabindex:4)
2023-11-30 13:01:05,090 [INFO] PluginManage:310 - Check plugin projectmanager
2023-11-30 13:01:05,134 [INFO] PluginManage:359 - Loaded plugin projectmanager (category:projectmanager,tabindex:3)
2023-11-30 13:01:05,134 [INFO] PluginManage:310 - Check plugin thirdparty
2023-11-30 13:01:05,547 [INFO] PluginManage:359 - Loaded plugin thirdparty (category:base,tabindex:-1)
2023-11-30 13:01:05,547 [INFO] PluginManage:310 - Check plugin tools
2023-11-30 13:01:05,548 [WARN] IntegrityCheckThread:84 - waiting for thirdparty lock release [integrity check]
2023-11-30 13:01:05,550 [INFO] IntegrityCheckThread:86 - entering critical section [integrity check]
2023-11-30 13:01:05,550 [INFO] ThirdPartyUpdaterWithRetryManager:70 - Updater plugin not ready yet. [1/15]
2023-11-30 13:01:05,604 [INFO] PluginManage:359 - Loaded plugin tools (category:base,tabindex:7)
2023-11-30 13:01:05,604 [INFO] PluginManage:310 - Check plugin tutovideos
2023-11-30 13:01:05,925 [INFO] PluginManage:359 - Loaded plugin tutovideos (category:base,tabindex:-1)
2023-11-30 13:01:05,925 [INFO] PluginManage:310 - Check plugin updater
2023-11-30 13:01:05,942 [INFO] PluginManage:359 - Loaded plugin updater (category:base,tabindex:12)
2023-11-30 13:01:05,943 [INFO] PluginManage:310 - Check plugin userauth
2023-11-30 13:01:05,950 [INFO] UserAuth:113 - Init User Auth plugin
2023-11-30 13:01:05,951 [INFO] PluginManage:359 - Loaded plugin userauth (category:base,tabindex:14)
2023-11-30 13:01:05,951 [INFO] PluginManage:283 - PluginManage : Loaded plugins [17]
2023-11-30 13:01:06,297 [INFO] PinOutPanel:1499 - setPackage(No Configuration,No Configuration)
2023-11-30 13:01:06,480 [INFO] CADModel:165 - CPN selected for project level
2023-11-30 13:01:06,480 [INFO] CADModel:114 - Register for checkConnection events
2023-11-30 13:01:06,513 [INFO] IPUIPlugin:80 - create IPUIPlugin
2023-11-30 13:01:06,513 [INFO] PluginManager:220 - loadIPPluginJar : add adc
2023-11-30 13:01:06,554 [INFO] IPUIPlugin:80 - create IPUIPlugin
2023-11-30 13:01:06,555 [INFO] PluginManager:220 - loadIPPluginJar : add aes
2023-11-30 13:01:06,617 [INFO] IPUIPlugin:80 - create IPUIPlugin
2023-11-30 13:01:06,617 [INFO] PluginManager:220 - loadIPPluginJar : add can
2023-11-30 13:01:06,643 [INFO] IPUIPlugin:80 - create IPUIPlugin
2023-11-30 13:01:06,644 [INFO] PluginManager:220 - loadIPPluginJar : add comp
2023-11-30 13:01:06,701 [INFO] IPUIPlugin:80 - create IPUIPlugin
2023-11-30 13:01:06,702 [INFO] PluginManager:220 - loadIPPluginJar : add cryp
2023-11-30 13:01:06,748 [INFO] IPUIPlugin:80 - create IPUIPlugin
2023-11-30 13:01:06,748 [INFO] PluginManager:220 - loadIPPluginJar : add dfsdm
2023-11-30 13:01:06,770 [INFO] IPUIPlugin:80 - create IPUIPlugin
2023-11-30 13:01:06,771 [INFO] PluginManager:220 - loadIPPluginJar : add dma
2023-11-30 13:01:06,830 [INFO] IPUIPlugin:80 - create IPUIPlugin
2023-11-30 13:01:06,831 [INFO] PluginManager:220 - loadIPPluginJar : add dma3
2023-11-30 13:01:06,869 [INFO] IPUIPlugin:80 - create IPUIPlugin
2023-11-30 13:01:06,869 [INFO] PluginManager:220 - loadIPPluginJar : add fatfs
2023-11-30 13:01:06,933 [INFO] IPUIPlugin:80 - create IPUIPlugin
2023-11-30 13:01:06,933 [INFO] PluginManager:220 - loadIPPluginJar : add fmc
2023-11-30 13:01:06,952 [INFO] IPUIPlugin:80 - create IPUIPlugin
2023-11-30 13:01:06,952 [INFO] PluginManager:220 - loadIPPluginJar : add freertos
2023-11-30 13:01:06,975 [INFO] IPUIPlugin:80 - create IPUIPlugin
2023-11-30 13:01:06,975 [INFO] PluginManager:220 - loadIPPluginJar : add genericplugin
2023-11-30 13:01:07,079 [INFO] IPUIPlugin:80 - create IPUIPlugin
2023-11-30 13:01:07,079 [INFO] PluginManager:220 - loadIPPluginJar : add gfxmmu
2023-11-30 13:01:07,254 [INFO] IPUIPlugin:80 - create IPUIPlugin
2023-11-30 13:01:07,254 [INFO] PluginManager:220 - loadIPPluginJar : add gic
2023-11-30 13:01:07,271 [INFO] IPUIPlugin:80 - create IPUIPlugin
2023-11-30 13:01:07,271 [INFO] PluginManager:220 - loadIPPluginJar : add gpio
2023-11-30 13:01:07,390 [INFO] IPUIPlugin:80 - create IPUIPlugin
2023-11-30 13:01:07,390 [INFO] PluginManager:220 - loadIPPluginJar : add gtzc
2023-11-30 13:01:07,435 [INFO] IPUIPlugin:80 - create IPUIPlugin
2023-11-30 13:01:07,435 [INFO] PluginManager:220 - loadIPPluginJar : add hash
2023-11-30 13:01:07,494 [INFO] IPUIPlugin:80 - create IPUIPlugin
2023-11-30 13:01:07,494 [INFO] PluginManager:220 - loadIPPluginJar : add i2c
2023-11-30 13:01:07,537 [INFO] IPUIPlugin:80 - create IPUIPlugin
2023-11-30 13:01:07,537 [INFO] PluginManager:220 - loadIPPluginJar : add i2s
2023-11-30 13:01:07,585 [INFO] IPUIPlugin:80 - create IPUIPlugin
2023-11-30 13:01:07,585 [INFO] PluginManager:220 - loadIPPluginJar : add i3c
2023-11-30 13:01:07,727 [INFO] IPUIPlugin:80 - create IPUIPlugin
2023-11-30 13:01:07,727 [INFO] PluginManager:220 - loadIPPluginJar : add ipddr
2023-11-30 13:01:07,832 [INFO] IPUIPlugin:80 - create IPUIPlugin
2023-11-30 13:01:07,832 [INFO] PluginManager:220 - loadIPPluginJar : add linkedlist
2023-11-30 13:01:07,878 [INFO] IPUIPlugin:80 - create IPUIPlugin
2023-11-30 13:01:07,878 [INFO] PluginManager:220 - loadIPPluginJar : add lorawan
2023-11-30 13:01:07,938 [INFO] IPUIPlugin:80 - create IPUIPlugin
2023-11-30 13:01:07,938 [INFO] PluginManager:220 - loadIPPluginJar : add ltdc
2023-11-30 13:01:07,955 [INFO] IPUIPlugin:80 - create IPUIPlugin
2023-11-30 13:01:07,955 [INFO] PluginManager:220 - loadIPPluginJar : add mdma
2023-11-30 13:01:07,969 [INFO] IPUIPlugin:80 - create IPUIPlugin
2023-11-30 13:01:07,969 [INFO] PluginManager:220 - loadIPPluginJar : add nvic
2023-11-30 13:01:08,009 [INFO] IPUIPlugin:80 - create IPUIPlugin
2023-11-30 13:01:08,009 [INFO] PluginManager:220 - loadIPPluginJar : add opamp
2023-11-30 13:01:08,077 [INFO] IPUIPlugin:80 - create IPUIPlugin
2023-11-30 13:01:08,077 [INFO] PluginManager:220 - loadIPPluginJar : add openamp
2023-11-30 13:01:08,130 [INFO] IPUIPlugin:80 - create IPUIPlugin
2023-11-30 13:01:08,130 [INFO] PluginManager:220 - loadIPPluginJar : add pdm2pcm
2023-11-30 13:01:08,163 [INFO] IPUIPlugin:80 - create IPUIPlugin
2023-11-30 13:01:08,169 [INFO] PluginManager:220 - loadIPPluginJar : add plateformsettings
2023-11-30 13:01:08,194 [INFO] IPUIPlugin:80 - create IPUIPlugin
2023-11-30 13:01:08,194 [INFO] PluginManager:220 - loadIPPluginJar : add quadspi
2023-11-30 13:01:08,208 [INFO] IPUIPlugin:80 - create IPUIPlugin
2023-11-30 13:01:08,209 [INFO] PluginManager:220 - loadIPPluginJar : add resmgrutility
2023-11-30 13:01:08,263 [INFO] IPUIPlugin:80 - create IPUIPlugin
2023-11-30 13:01:08,263 [INFO] PluginManager:220 - loadIPPluginJar : add sai
2023-11-30 13:01:08,304 [INFO] IPUIPlugin:80 - create IPUIPlugin
2023-11-30 13:01:08,305 [INFO] PluginManager:220 - loadIPPluginJar : add spi
2023-11-30 13:01:08,371 [INFO] IPUIPlugin:80 - create IPUIPlugin
2023-11-30 13:01:08,371 [INFO] PluginManager:220 - loadIPPluginJar : add stm32_wpan
2023-11-30 13:01:08,414 [INFO] IPUIPlugin:80 - create IPUIPlugin
2023-11-30 13:01:08,414 [INFO] PluginManager:220 - loadIPPluginJar : add tim
2023-11-30 13:01:08,480 [INFO] IPUIPlugin:80 - create IPUIPlugin
2023-11-30 13:01:08,480 [INFO] PluginManager:220 - loadIPPluginJar : add touchsensing
2023-11-30 13:01:08,504 [INFO] IPUIPlugin:80 - create IPUIPlugin
2023-11-30 13:01:08,504 [INFO] PluginManager:220 - loadIPPluginJar : add tracer_emb
2023-11-30 13:01:08,530 [INFO] IPUIPlugin:80 - create IPUIPlugin
2023-11-30 13:01:08,530 [INFO] PluginManager:220 - loadIPPluginJar : add ts
2023-11-30 13:01:08,552 [INFO] ThirdPartyUpdaterWithRetryManager:70 - Updater plugin not ready yet. [2/15]
2023-11-30 13:01:08,556 [INFO] IPUIPlugin:80 - create IPUIPlugin
2023-11-30 13:01:08,556 [INFO] PluginManager:220 - loadIPPluginJar : add tsc
2023-11-30 13:01:08,582 [INFO] IPUIPlugin:80 - create IPUIPlugin
2023-11-30 13:01:08,582 [INFO] PluginManager:220 - loadIPPluginJar : add ucpd
2023-11-30 13:01:08,637 [INFO] IPUIPlugin:80 - create IPUIPlugin
2023-11-30 13:01:08,637 [INFO] PluginManager:220 - loadIPPluginJar : add usart
2023-11-30 13:01:08,705 [INFO] IPUIPlugin:80 - create IPUIPlugin
2023-11-30 13:01:08,705 [INFO] PluginManager:220 - loadIPPluginJar : add usbx
2023-11-30 13:01:08,856 [INFO] CADModel:165 - CPN selected for project level
2023-11-30 13:01:08,857 [INFO] CADModel:114 - Register for checkConnection events
2023-11-30 13:01:08,857 [FATAL] Updater:308 - Updater called before beeing initialized
2023-11-30 13:01:08,858 [ERROR] CADModel:125 - Updater not yet initialized, retry later 
2023-11-30 13:01:09,129 [INFO] CADModel:165 - CPN selected for project level
2023-11-30 13:01:09,129 [INFO] CADModel:114 - Register for checkConnection events
2023-11-30 13:01:09,129 [FATAL] Updater:308 - Updater called before beeing initialized
2023-11-30 13:01:09,130 [ERROR] CADModel:125 - Updater not yet initialized, retry later 
2023-11-30 13:01:09,138 [FATAL] Updater:308 - Updater called before beeing initialized
2023-11-30 13:01:09,365 [FATAL] Updater:308 - Updater called before beeing initialized
2023-11-30 13:01:09,384 [INFO] DbMcusAds:53 - JSON generation date=Tue Mar 07 09:50:55 CET 2023 (1678179055335)
2023-11-30 13:01:09,385 [FATAL] Updater:308 - Updater called before beeing initialized
2023-11-30 13:01:09,505 [WARN] DetailPanel:346 - Failed to get advertising image, set to default
2023-11-30 13:01:09,617 [FATAL] Updater:308 - Updater called before beeing initialized
2023-11-30 13:01:09,620 [FATAL] Updater:308 - Updater called before beeing initialized
2023-11-30 13:01:09,620 [FATAL] Updater:308 - Updater called before beeing initialized
2023-11-30 13:01:09,620 [WARN] DetailPanel:346 - Failed to get advertising image, set to default
2023-11-30 13:01:09,621 [FATAL] Updater:308 - Updater called before beeing initialized
2023-11-30 13:01:09,772 [ERROR] Updater:1120 - MainUpdater not yet initialized. External WinMGr cannot be set.
2023-11-30 13:01:09,786 [INFO] Updater:1056 - Updater Version found : 6.9.1
2023-11-30 13:01:09,809 [INFO] ApplicationProperties:184 - Using Application install path: C:\ST\STM32CubeIDE_1.13.1\STM32CubeIDE\plugins\com.st.stm32cube.common.mx_6.9.1.202307191849
2023-11-30 13:01:10,112 [INFO] MainUpdater:2868 - connection check result : 10
2023-11-30 13:01:10,113 [INFO] MainUpdater:285 - Updater Check For Update Now.
2023-11-30 13:01:10,113 [INFO] MicroXplorer:498 - Change Database Version : DB.6.0.91
2023-11-30 13:01:10,190 [INFO] McuFinderGlobals:63 - Set McuFinder mode to 2 (CubeIDE integrated)
2023-11-30 13:01:10,469 [INFO] CheckServerUpdateThread:120 - End of CheckServer Thread
2023-11-30 13:01:11,956 [WARN] PackLoader:240 - Cannot read IP mode file for STMicroelectronics.X-CUBE-SMBUS.2.1.0
2023-11-30 13:01:12,075 [WARN] PackLoader:240 - Cannot read IP mode file for STMicroelectronics.X-CUBE-AZRTOS-F7.1.1.0
2023-11-30 13:01:12,127 [WARN] PackLoader:240 - Cannot read IP mode file for STMicroelectronics.FP-SNS-MOTENV1.4.3.2
2023-11-30 13:01:12,170 [WARN] PackLoader:240 - Cannot read IP mode file for STMicroelectronics.FP-SNS-FLIGHT1.5.0.2
2023-11-30 13:01:12,203 [WARN] PackLoader:240 - Cannot read IP mode file for STMicroelectronics.X-CUBE-DISPLAY.3.0.0
2023-11-30 13:01:12,290 [WARN] PackLoader:240 - Cannot read IP mode file for STMicroelectronics.X-CUBE-BLE1.7.0.0
2023-11-30 13:01:12,324 [WARN] PackLoader:240 - Cannot read IP mode file for emotas.I-CUBE-CANOPEN.1.3.0
2023-11-30 13:01:12,351 [WARN] PackLoader:240 - Cannot read IP mode file for STMicroelectronics.X-CUBE-TOUCHGFX.4.22.0
2023-11-30 13:01:12,374 [WARN] PackLoader:240 - Cannot read IP mode file for STMicroelectronics.X-CUBE-TOUCHGFX.4.22.1
2023-11-30 13:01:12,409 [WARN] PackLoader:240 - Cannot read IP mode file for STMicroelectronics.FP-SNS-SMARTAG2.1.2.0
2023-11-30 13:01:12,469 [INFO] LogOutputStream:77 - [STDOUT_REDIRECT] 1 : Invalid condition id : UX_CORESTACK_Condition cause : null
2023-11-30 13:01:12,470 [INFO] LogOutputStream:77 - [STDOUT_REDIRECT] 1 : Invalid condition id : UX_CORESTACK_Condition cause : null
2023-11-30 13:01:12,473 [INFO] LogOutputStream:77 - [STDOUT_REDIRECT] 1 : Invalid condition id : UX_CORESTACK_Condition cause : null
2023-11-30 13:01:12,477 [INFO] LogOutputStream:77 - [STDOUT_REDIRECT] 1 : Invalid condition id : UX_CORESTACK_Condition cause : null
2023-11-30 13:01:12,480 [INFO] LogOutputStream:77 - [STDOUT_REDIRECT] 1 : Invalid condition id : UX_CORESTACK_Condition cause : null
2023-11-30 13:01:12,489 [WARN] PackLoader:240 - Cannot read IP mode file for STMicroelectronics.X-CUBE-AZRTOS-WL.2.0.0
2023-11-30 13:01:12,553 [WARN] PackLoader:240 - Cannot read IP mode file for WES.I-CUBE-Cesium.1.3.0
2023-11-30 13:01:12,583 [WARN] PackLoader:240 - Cannot read IP mode file for STMicroelectronics.X-CUBE-BLE2.3.3.0
2023-11-30 13:01:12,609 [WARN] PackLoader:240 - Cannot read IP mode file for STMicroelectronics.X-CUBE-ALGOBUILD.1.3.0
2023-11-30 13:01:12,662 [WARN] PackLoader:240 - Cannot read IP mode file for STMicroelectronics.X-CUBE-AZRTOS-G0.1.1.0
2023-11-30 13:01:12,698 [WARN] PackLoader:240 - Cannot read IP mode file for STMicroelectronics.X-CUBE-NFC4.3.0.0
2023-11-30 13:01:12,775 [WARN] PackLoader:240 - Cannot read IP mode file for STMicroelectronics.X-CUBE-BLEMGR.3.0.0
2023-11-30 13:01:12,828 [WARN] PackLoader:240 - Cannot read IP mode file for STMicroelectronics.FP-ATR-SIGFOX1.3.2.0
2023-11-30 13:01:12,903 [WARN] PackLoader:240 - Cannot read IP mode file for SEGGER.I-CUBE-embOS.1.3.1
2023-11-30 13:01:13,023 [WARN] PackLoader:240 - Cannot read IP mode file for STMicroelectronics.X-CUBE-GNSS1.6.0.0
2023-11-30 13:01:13,088 [WARN] PackLoader:240 - Cannot read IP mode file for STMicroelectronics.X-CUBE-AZRTOS-F4.1.1.0
2023-11-30 13:01:13,111 [WARN] PackLoader:240 - Cannot read IP mode file for wolfSSL.I-CUBE-wolfSSL.5.6.3
2023-11-30 13:01:13,159 [WARN] PackLoader:240 - Cannot read IP mode file for STMicroelectronics.X-CUBE-AZRTOS-L5.2.0.0
2023-11-30 13:01:13,284 [WARN] PackLoader:240 - Cannot read IP mode file for STMicroelectronics.X-CUBE-MEMS1.9.6.0
2023-11-30 13:01:13,618 [WARN] PackLoader:240 - Cannot read IP mode file for STMicroelectronics.X-CUBE-EEPRMA1.4.2.0
2023-11-30 13:01:13,675 [WARN] PackLoader:240 - Cannot read IP mode file for ITTIA_DB.I-CUBE-ITTIADB.8.8.0
2023-11-30 13:01:13,718 [WARN] PackLoader:240 - Cannot read IP mode file for STMicroelectronics.X-CUBE-BLEMGR.2.0.0
2023-11-30 13:01:13,989 [WARN] ConditionMgr:438 - getConditionDescription Invalid condition id : UX DEVICE CLASS RTOS Condition cause : null
2023-11-30 13:01:13,990 [WARN] ConditionMgr:438 - getConditionDescription Invalid condition id : UX DEVICE CLASS RTOS Condition cause : null
2023-11-30 13:01:13,997 [WARN] PackLoader:240 - Cannot read IP mode file for STMicroelectronics.X-CUBE-AZRTOS-H7.3.1.0
2023-11-30 13:01:14,000 [WARN] ConditionMgr:1039 - genDependencies : Invalid condition id : UX DEVICE CLASS RTOS Condition cause : null
2023-11-30 13:01:14,001 [WARN] ConditionMgr:1039 - genDependencies : Invalid condition id : UX DEVICE CLASS RTOS Condition cause : null
2023-11-30 13:01:14,003 [WARN] ConditionMgr:1039 - genDependencies : Invalid condition id : UX DEVICE CLASS RTOS Condition cause : null
2023-11-30 13:01:14,004 [WARN] ConditionMgr:1039 - genDependencies : Invalid condition id : UX DEVICE CLASS RTOS Condition cause : null
2023-11-30 13:01:14,005 [WARN] ConditionMgr:1039 - genDependencies : Invalid condition id : UX DEVICE CLASS RTOS Condition cause : null
2023-11-30 13:01:14,036 [WARN] PackLoader:240 - Cannot read IP mode file for STMicroelectronics.X-CUBE-NFC7.1.0.1
2023-11-30 13:01:14,096 [WARN] PackLoader:240 - Cannot read IP mode file for STMicroelectronics.X-CUBE-NFC6.3.0.0
2023-11-30 13:01:14,299 [WARN] PackLoader:240 - Cannot read IP mode file for STMicroelectronics.X-CUBE-EEPRMA1.4.1.0
2023-11-30 13:01:14,528 [WARN] PackLoader:240 - Cannot read IP mode file for STMicroelectronics.X-CUBE-AI.8.1.0
2023-11-30 13:01:14,671 [WARN] ConditionMgr:438 - getConditionDescription Invalid condition id : LAN8742 Phy interface Condition cause : null
2023-11-30 13:01:14,675 [WARN] PackLoader:240 - Cannot read IP mode file for STMicroelectronics.X-CUBE-AZRTOS-L4.2.0.0
2023-11-30 13:01:14,682 [WARN] ConditionMgr:1039 - genDependencies : Invalid condition id : LAN8742 Phy interface Condition cause : null
2023-11-30 13:01:14,682 [WARN] ConditionMgr:1039 - genDependencies : Invalid condition id : LAN8742 Phy interface Condition cause : null
2023-11-30 13:01:14,683 [WARN] ConditionMgr:1039 - genDependencies : Invalid condition id : LAN8742 Phy interface Condition cause : null
2023-11-30 13:01:14,709 [WARN] PackLoader:240 - Cannot read IP mode file for STMicroelectronics.X-CUBE-SFXS2LP1.4.0.0
2023-11-30 13:01:14,738 [WARN] PackLoader:240 - Cannot read IP mode file for STMicroelectronics.X-CUBE-ISPU.1.1.0
2023-11-30 13:01:14,811 [WARN] ConditionMgr:438 - getConditionDescription Invalid condition id : UX DEVICE CLASS RTOS Condition cause : null
2023-11-30 13:01:14,811 [WARN] ConditionMgr:438 - getConditionDescription Invalid condition id : UX DEVICE CLASS RTOS Condition cause : null
2023-11-30 13:01:14,816 [WARN] PackLoader:240 - Cannot read IP mode file for STMicroelectronics.X-CUBE-AZRTOS-WB.2.0.0
2023-11-30 13:01:14,818 [WARN] ConditionMgr:1039 - genDependencies : Invalid condition id : UX DEVICE CLASS RTOS Condition cause : null
2023-11-30 13:01:14,818 [WARN] ConditionMgr:1039 - genDependencies : Invalid condition id : UX DEVICE CLASS RTOS Condition cause : null
2023-11-30 13:01:14,819 [WARN] ConditionMgr:1039 - genDependencies : Invalid condition id : UX DEVICE CLASS RTOS Condition cause : null
2023-11-30 13:01:14,820 [WARN] ConditionMgr:1039 - genDependencies : Invalid condition id : UX DEVICE CLASS RTOS Condition cause : null
2023-11-30 13:01:14,820 [WARN] ConditionMgr:1039 - genDependencies : Invalid condition id : UX DEVICE CLASS RTOS Condition cause : null
2023-11-30 13:01:14,876 [WARN] PackLoader:240 - Cannot read IP mode file for STMicroelectronics.X-CUBE-FREERTOS.1.0.1
2023-11-30 13:01:14,954 [WARN] PackLoader:240 - Cannot read IP mode file for STMicroelectronics.X-CUBE-SUBG2.5.0.0
2023-11-30 13:01:15,104 [WARN] PackLoader:240 - Cannot read IP mode file for STMicroelectronics.X-CUBE-TOF1.3.3.1
2023-11-30 13:01:16,044 [WARN] PackLoader:240 - Cannot read IP mode file for STMicroelectronics.X-CUBE-AZRTOS-G4.2.0.0
2023-11-30 13:01:16,282 [WARN] PackLoader:240 - Cannot read IP mode file for Infineon.AIROC-Wi-Fi-Bluetooth-STM32.1.5.1
2023-11-30 13:01:16,329 [WARN] PackLoader:240 - Cannot read IP mode file for STMicroelectronics.FP-SNS-MOTENVWB1.1.3.0
2023-11-30 13:01:16,697 [WARN] PackLoader:240 - Cannot read IP mode file for STMicroelectronics.X-CUBE-MEMS1.10.0.0
2023-11-30 13:01:17,177 [WARN] PackLoader:240 - Cannot read IP mode file for STMicroelectronics.X-CUBE-FREERTOS.1.1.0
2023-11-30 13:01:17,738 [WARN] PackLoader:240 - Cannot read IP mode file for portGmbH.I-Cube-SoM-uGOAL.1.1.0
2023-11-30 13:01:17,832 [WARN] PackLoader:240 - Cannot read IP mode file for STMicroelectronics.X-CUBE-ALS.1.0.1
2023-11-30 13:01:17,895 [WARN] PackLoader:240 - Cannot read IP mode file for STMicroelectronics.FP-ATR-ASTRA1.2.0.0
2023-11-30 13:01:18,345 [WARN] PackLoader:240 - Cannot read IP mode file for STMicroelectronics.X-CUBE-TOF1.3.4.0
2023-11-30 13:01:18,371 [INFO] ThirdParty:978 - Integrity check success = true
2023-11-30 13:01:18,371 [INFO] IntegrityCheckThread:100 - exiting critical section [integrity check]
2023-11-30 13:01:18,371 [INFO] IntegrityCheckThread:103 - End integrity checks thread
2023-11-30 13:01:32,225 [ERROR] LogOutputStream:75 - [STDERR_REDIRECT] SLF4J: Failed to load class "org.slf4j.impl.StaticLoggerBinder".
2023-11-30 13:01:32,225 [ERROR] LogOutputStream:75 - [STDERR_REDIRECT] SLF4J: Defaulting to no-operation (NOP) logger implementation
2023-11-30 13:01:32,228 [ERROR] LogOutputStream:75 - [STDERR_REDIRECT] SLF4J: See http://www.slf4j.org/codes.html#StaticLoggerBinder for further details.
2023-11-30 13:03:54,656 [INFO] McuFinderGlobals:63 - Set McuFinder mode to 2 (CubeIDE integrated)
2023-11-30 13:03:54,779 [INFO] MainUpdater:2868 - connection check result : 10
2023-11-30 13:03:54,790 [INFO] MainUpdater:2868 - connection check result : 10
2023-11-30 13:03:56,277 [INFO] MicroXplorer:468 - Change Database Path : 
2023-11-30 13:03:56,279 [INFO] MicroXplorer:498 - Change Database Version : DB.6.0.91
2023-11-30 13:03:56,288 [WARN] ThirdParty:871 - waiting for thirdparty lock release [close project]
2023-11-30 13:03:56,288 [INFO] ThirdParty:873 - entering critical section [close project]
2023-11-30 13:03:56,291 [INFO] ThirdParty:883 - exiting critical section [close project]
2023-11-30 13:03:56,295 [INFO] PinOutPanel:1499 - setPackage(No Configuration,No Configuration)
2023-11-30 13:03:56,310 [INFO] UtilMem:75 - Begin LoadConfig() Used Memory: 549591160 Bytes (1038090240)
2023-11-30 13:03:56,313 [INFO] MicroXplorer:468 - Change Database Path : 
2023-11-30 13:03:56,313 [INFO] MicroXplorer:498 - Change Database Version : DB.6.0.91
2023-11-30 13:03:56,313 [INFO] OpenFileManager:308 - Change cursor
2023-11-30 13:03:56,428 [INFO] Mcu:1946 - Initializing MCU STM32L073R(B-Z)Tx STM32L073RZTx STM32L073RZT3
2023-11-30 13:04:00,246 [INFO] Context:659 - Trying to add GPIOservice into a context  which must be forbidden
2023-11-30 13:04:01,798 [INFO] RtosManager:555 - Registered RTOS mode: class=CMSIS, group=RTOS, mode=CMSIS_V1, owner=FREERTOS
2023-11-30 13:04:01,798 [INFO] RtosManager:555 - Registered RTOS mode: class=CMSIS, group=RTOS2, mode=CMSIS_V2, owner=FREERTOS
2023-11-30 13:04:01,798 [INFO] RtosManager:555 - Registered RTOS mode: class=RTOS, group=Core, mode=CMSIS_V1, owner=FREERTOS
2023-11-30 13:04:01,798 [INFO] RtosManager:555 - Registered RTOS mode: class=RTOS, group=Core, mode=CMSIS_V2, owner=FREERTOS
2023-11-30 13:04:01,799 [WARN] ModelIntegratedComponent:184 - Missing modes for component STMicroelectronics:FreeRTOS:0.0.1:STMicroelectronics:RTOS:FreeRTOS:Core:::10.2.0:
2023-11-30 13:04:01,833 [WARN] ModelIntegratedComponent:63 - No mode defined for component null
2023-11-30 13:04:01,834 [WARN] ModelIntegratedComponent:63 - No mode defined for component null
2023-11-30 13:04:01,834 [WARN] ModelIntegratedComponent:63 - No mode defined for component null
2023-11-30 13:04:01,834 [WARN] ModelIntegratedComponent:63 - No mode defined for component null
2023-11-30 13:04:01,834 [WARN] ModelIntegratedComponent:63 - No mode defined for component null
2023-11-30 13:04:01,835 [WARN] ModelIntegratedComponent:63 - No mode defined for component null
2023-11-30 13:04:01,835 [WARN] ModelIntegratedComponent:63 - No mode defined for component null
2023-11-30 13:04:01,835 [WARN] ModelIntegratedComponent:63 - No mode defined for component null
2023-11-30 13:04:01,835 [WARN] ModelIntegratedComponent:63 - No mode defined for component null
2023-11-30 13:04:01,835 [WARN] ModelIntegratedComponent:63 - No mode defined for component null
2023-11-30 13:04:01,835 [WARN] ModelIntegratedComponent:63 - No mode defined for component null
2023-11-30 13:04:01,836 [WARN] ModelIntegratedComponent:63 - No mode defined for component null
2023-11-30 13:04:01,836 [WARN] ModelIntegratedComponent:63 - No mode defined for component null
2023-11-30 13:04:01,836 [WARN] ModelIntegratedComponent:63 - No mode defined for component null
2023-11-30 13:04:01,836 [WARN] ModelIntegratedComponent:63 - No mode defined for component null
2023-11-30 13:04:01,836 [WARN] ModelIntegratedComponent:63 - No mode defined for component null
2023-11-30 13:04:01,836 [WARN] ModelIntegratedComponent:63 - No mode defined for component null
2023-11-30 13:04:01,836 [WARN] ModelIntegratedComponent:63 - No mode defined for component null
2023-11-30 13:04:01,837 [WARN] ModelIntegratedComponent:63 - No mode defined for component null
2023-11-30 13:04:01,837 [WARN] ModelIntegratedComponent:63 - No mode defined for component null
2023-11-30 13:04:01,837 [WARN] ModelIntegratedComponent:63 - No mode defined for component null
2023-11-30 13:04:01,837 [WARN] ModelIntegratedComponent:63 - No mode defined for component null
2023-11-30 13:04:01,837 [WARN] ModelIntegratedComponent:63 - No mode defined for component null
2023-11-30 13:04:01,837 [WARN] ModelIntegratedComponent:63 - No mode defined for component null
2023-11-30 13:04:01,838 [WARN] ModelIntegratedComponent:63 - No mode defined for component null
2023-11-30 13:04:01,838 [WARN] ModelIntegratedComponent:63 - No mode defined for component null
2023-11-30 13:04:01,838 [WARN] ModelIntegratedComponent:63 - No mode defined for component null
2023-11-30 13:04:01,838 [WARN] ModelIntegratedComponent:63 - No mode defined for component null
2023-11-30 13:04:01,839 [WARN] ModelIntegratedComponent:63 - No mode defined for component null
2023-11-30 13:04:01,839 [WARN] ModelIntegratedComponent:63 - No mode defined for component null
2023-11-30 13:04:01,839 [WARN] ModelIntegratedComponent:63 - No mode defined for component null
2023-11-30 13:04:01,839 [WARN] ModelIntegratedComponent:63 - No mode defined for component null
2023-11-30 13:04:01,840 [WARN] ModelIntegratedComponent:63 - No mode defined for component null
2023-11-30 13:04:02,106 [INFO] ThirdPartyModel:298 - Start build external matchings
2023-11-30 13:04:03,553 [INFO] ThirdPartyModel:316 - End build external matchings
2023-11-30 13:04:03,592 [INFO] ImportTextPane:194 - (OptionalMessage_ERROR) IP (RCC) : Invalid parameter (FamilyName)
2023-11-30 13:04:03,595 [INFO] ImportTextPane:194 - (OptionalMessage_ERROR) IP (RCC) : Invalid parameter (PWRFreq_Value)
2023-11-30 13:04:03,596 [INFO] ImportTextPane:194 - (OptionalMessage_ERROR) IP (RCC) : Parameter (RTCHSEDivFreq_Value) has invalid value (4000000)
2023-11-30 13:04:03,596 [INFO] ImportTextPane:194 - (OptionalMessage_ERROR) IP (RCC) : Invalid parameter (TIMFreq_Value)
2023-11-30 13:04:04,209 [INFO] UtilMem:75 - End LoadConfig() Used Memory: 569336232 Bytes (1038090240)
2023-11-30 13:04:04,646 [INFO] ApiDb:581 - Connected to CubeFinder SQLite database (C:\Users\Beispiel\.stmcufinder\plugins\mcufinder\mcu\cube-finder-db.db)
2023-11-30 13:04:04,812 [INFO] ApiDb:668 - CubeFinder database Data Model version=2.1
2023-11-30 13:04:04,812 [INFO] ApiDb:669 - CubeFinder database Configuration version=3.0.37
2023-11-30 13:04:04,812 [INFO] ApiDb:670 - CubeFinder database generation date=2023-10-13 (1697197505)
2023-11-30 13:04:04,812 [INFO] ApiDb:671 - CubeFinder database FW Pack versions=[FP-ATR-ASTRA1_V2.0.0, FP-SNS-FLIGHT1_V5.0.1, FP-SNS-FLIGHT1_V5.0.2, FP-SNS-MOTENV1_V4.3.1, FP-SNS-MOTENV1_V4.3.2, FP-SNS-SMARTAG2_V1.2.0, I-CUBE-ITTIADB_V8.6.3-1, STM32Cube_FW_C0_V1.1.0, STM32Cube_FW_F4_V1.27.1, STM32Cube_FW_F7_V1.17.0, STM32Cube_FW_G0_V1.6.1, STM32Cube_FW_G4_V1.5.1, STM32Cube_FW_H5_V0.5.1, STM32Cube_FW_H5_V1.1.1, STM32Cube_FW_H7_V1.11.0, STM32Cube_FW_L0_V1.12.2, STM32Cube_FW_L5_V1.5.0, STM32Cube_FW_U5_V1.3.0, STM32Cube_FW_U5_V1.3.0RC4, STM32Cube_FW_WBA_V1.0.0RC1, STM32Cube_FW_WBA_V1.1.0RC1, STM32Cube_FW_WBA_V1.1.1, STM32Cube_FW_WB_V1.15.0RC1, STM32Cube_FW_WB_V1.16.0, STM32Cube_FW_WB_V1.16.0RC2, STM32Cube_FW_WB_V1.17.3, STM32Cube_FW_WL_V1.3.0, X-CUBE-ALGOBUILD_V1.3.0, X-CUBE-ALS_V1.0.1, X-CUBE-AZRTOS-F4_V1.1.0, X-CUBE-AZRTOS-F7_V1.1.0, X-CUBE-AZRTOS-G0_V1.1.0, X-CUBE-AZRTOS-G4_V2.0.0, X-CUBE-AZRTOS-H7_V3.1.0, X-CUBE-AZRTOS-L4_V1.0.0, X-CUBE-AZRTOS-L4_V2.0.0, X-CUBE-AZRTOS-L5_V1.1.0, X-CUBE-AZRTOS-WB_V2.0.0, X-CUBE-AZRTOS-WL_V2.0.0, X-CUBE-BLE1_V7.0.0, X-CUBE-BLE2_V3.3.0, X-CUBE-BLEMGR_V2.0.0, X-CUBE-EEPRMA1_V4.1.0, X-CUBE-FREERTOS_V1.1.0, X-CUBE-GNSS1_V6.0.0, X-CUBE-MEMS1_V10.0.0, X-CUBE-MEMS1_V9.1.0, X-CUBE-MEMS1_V9.4.0, X-CUBE-MEMS1_V9.6.0, X-CUBE-NFC4_V3.0.0, X-CUBE-NFC7_V1.0.1, X-CUBE-SFXS2LP1_V4.0.0, X-CUBE-SUBG2_V5.0.0, X-CUBE-TOF1_V3.3.1]
2023-11-30 13:04:11,198 [INFO] ApiDb:240 - Found 323 in-development CPN: [B-G473E-ZEST1S, B-WB1M-WPAN1, B-WL5M-SUBG1, NUCLEO-C031C6, NUCLEO-H503RB, NUCLEO-H563ZI, NUCLEO-U545RE-Q, NUCLEO-U5A5ZJ-Q, NUCLEO-WBA52CG, STEVAL-PROTEUS1, STEVAL-SMARTAG2, STEVAL-STWINBX1, STM320518-EVAL, STM32C0116-DK, STM32C011D6Y3TR, STM32C011D6Y6TR, STM32C011F4P3, STM32C011F4P6, STM32C011F4U3, STM32C011F4U6TR, STM32C011F6P3, STM32C011F6P6, STM32C011F6U3, STM32C011F6U6TR, STM32C011J4M3, STM32C011J4M6, STM32C011J6M3, STM32C011J6M6, STM32C0316-DK, STM32C031C4T3, STM32C031C4T6, STM32C031C4U3, STM32C031C4U6, STM32C031C6T3, STM32C031C6T6, STM32C031C6U3, STM32C031C6U6, STM32C031F4P3, STM32C031F4P6, STM32C031F6P3, STM32C031F6P6, STM32C031G4U3, STM32C031G4U6, STM32C031G6U3, STM32C031G6U6, STM32C031K4T3, STM32C031K4T6, STM32C031K4U3, STM32C031K4U6, STM32C031K6T3, STM32C031K6T6, STM32C031K6U3, STM32C031K6U6, STM32G071K8TXN, STM32G071K8UXN, STM32G081GBU6N, STM32G081KBT6N, STM32G081KBUXN, STM32G0B1CCT6N, STM32G0B1KCT6, STM32G0B1NEY6TR, STM32G0B1RCT6N, STM32G0C1CCT6, STM32G0C1CCT6N, STM32G0C1CCU6N, STM32G0C1CET6N, STM32G0C1CEU6N, STM32G0C1KCT6, STM32G0C1NEY6TR, STM32G0C1RCI6N, STM32G0C1RCT6N, STM32G0C1REI6N, STM32G0C1RET6N, STM32G0C1VCI6, STM32G0C1VEI6, STM32G471CCT6, STM32G471CCU6, STM32G471CET3, STM32G471CET6, STM32G471CEU3, STM32G471CEU6, STM32G471MCT6, STM32G471MET3, STM32G471MET6, STM32G471MEY6TR, STM32G471QCT6, STM32G471QET3, STM32G471RCT6, STM32G471RET3, STM32G471RET6, STM32G471VCH6, STM32G471VCI6, STM32G471VCT6, STM32G471VEH3, STM32G471VEH6, STM32G471VEI3, STM32G471VEI6, STM32G471VET3, STM32G471VET6, STM32G474CCT6, STM32H503CBT6, STM32H503CBU6, STM32H503EBY6TR, STM32H503KBU6, STM32H503RBT6, STM32H562AGI6, STM32H562AII6, STM32H562IGK6, STM32H562IGT6, STM32H562IIK6, STM32H562IIT6, STM32H562RGT6, STM32H562RGV6, STM32H562RIT6, STM32H562RIV6, STM32H562VGT6, STM32H562VIT6, STM32H562ZGT6, STM32H562ZIT6, STM32H563AGI6, STM32H563AII3Q, STM32H563AII6, STM32H563IGK6, STM32H563IGT6, STM32H563IIK3Q, STM32H563IIK6, STM32H563IIT3Q, STM32H563IIT6, STM32H563MIY3QTR, STM32H563RGT6, STM32H563RGV6, STM32H563RIT6, STM32H563RIV6, STM32H563VGT6, STM32H563VIT3Q, STM32H563VIT6, STM32H563ZGT6, STM32H563ZIT3Q, STM32H563ZIT6, STM32H573AII3Q, STM32H573AII6, STM32H573I-DK, STM32H573IIK3Q, STM32H573IIK6, STM32H573IIT3Q, STM32H573IIT6, STM32H573MIY3QTR, STM32H573RIT6, STM32H573RIV6, STM32H573VIT3Q, STM32H573VIT6, STM32H573ZIT3Q, STM32H573ZIT6, STM32L4R5QGI6STR, STM32MP131AAE3, STM32MP131AAF3, STM32MP131AAG3, STM32MP131CAE3, STM32MP131CAF3, STM32MP131CAG3, STM32MP131DAE7, STM32MP131DAF7, STM32MP131DAG7, STM32MP131FAE7, STM32MP131FAF7, STM32MP131FAG7, STM32MP133AAE3, STM32MP133AAF3, STM32MP133AAG3, STM32MP133CAE3, STM32MP133CAF3, STM32MP133CAG3, STM32MP133DAE7, STM32MP133DAF7, STM32MP133DAG7, STM32MP133FAE7, STM32MP133FAF7, STM32MP133FAG7, STM32MP135AAE3, STM32MP135AAF3, STM32MP135AAG3, STM32MP135CAE3, STM32MP135CAF3, STM32MP135CAG3, STM32MP135DAE7, STM32MP135DAF7, STM32MP135DAG7, STM32MP135F-DK, STM32MP135FAE7, STM32MP135FAF7, STM32MP135FAF7T, STM32MP135FAF7U, STM32MP135FAG7, STM32U535CBT6, STM32U535CBT6Q, STM32U535CBU6, STM32U535CBU6Q, STM32U535CCT6, STM32U535CCT6Q, STM32U535CCU6, STM32U535CCU6Q, STM32U535CET6, STM32U535CET6Q, STM32U535CEU6, STM32U535CEU6Q, STM32U535JEY6QTR, STM32U535NCY6QTR, STM32U535NEY6QTR, STM32U535RBI6, STM32U535RBI6Q, STM32U535RBT6, STM32U535RBT6Q, STM32U535RCI6, STM32U535RCI6Q, STM32U535RCT6, STM32U535RCT6Q, STM32U535REI6, STM32U535REI6Q, STM32U535RET6, STM32U535RET6Q, STM32U535VCI6, STM32U535VCI6Q, STM32U535VCT6, STM32U535VCT6Q, STM32U535VEI6, STM32U535VEI6Q, STM32U535VET6, STM32U535VET6Q, STM32U545CET6, STM32U545CET6Q, STM32U545CEU6, STM32U545CEU6Q, STM32U545JEY6QTR, STM32U545NEY6QTR, STM32U545REI6, STM32U545REI6Q, STM32U545RET6, STM32U545RET6Q, STM32U545VEI6, STM32U545VEI6Q, STM32U545VET6, STM32U545VET6Q, STM32U595AIH6, STM32U595AIH6Q, STM32U595AJH6, STM32U595AJH6Q, STM32U595QII6, STM32U595QII6Q, STM32U595QJI6, STM32U595QJI6Q, STM32U595RIT6, STM32U595RIT6Q, STM32U595RJT6, STM32U595RJT6Q, STM32U595VIT6, STM32U595VIT6Q, STM32U595VJT6, STM32U595VJT6Q, STM32U595ZIT6, STM32U595ZIT6Q, STM32U595ZIY6QTR, STM32U595ZJT6, STM32U595ZJT6Q, STM32U595ZJY6QTR, STM32U599BJY6QTR, STM32U599NIH6Q, STM32U599NJH6Q, STM32U599VIT6Q, STM32U599VJT6, STM32U599VJT6Q, STM32U599ZIT6Q, STM32U599ZIY6QTR, STM32U599ZJT6Q, STM32U599ZJY6QTR, STM32U5A5AJH6, STM32U5A5AJH6Q, STM32U5A5QJI6, STM32U5A5QJI6Q, STM32U5A5RJT6, STM32U5A5RJT6Q, STM32U5A5VJT6, STM32U5A5VJT6Q, STM32U5A5ZJT6, STM32U5A5ZJT6Q, STM32U5A5ZJY6QTR, STM32U5A9BJY6QTR, STM32U5A9J-DK, STM32U5A9NJH6Q, STM32U5A9VJT6Q, STM32U5A9ZJT6Q, STM32U5A9ZJY6QTR, STM32U5F7VIT6, STM32U5F7VIT6Q, STM32U5F7VJT6, STM32U5F7VJT6Q, STM32U5F9BJY6QTR, STM32U5F9NJH6Q, STM32U5F9VIT6Q, STM32U5F9VJT6Q, STM32U5F9ZIJ6QTR, STM32U5F9ZIT6Q, STM32U5F9ZJJ6QTR, STM32U5F9ZJT6Q, STM32U5G7VJT6, STM32U5G7VJT6Q, STM32U5G9BJY6QTR, STM32U5G9J-DK1, STM32U5G9J-DK2, STM32U5G9NJH6Q, STM32U5G9VJT6Q, STM32U5G9ZJJ6QTR, STM32U5G9ZJT6Q, STM32WB1MMCH6, STM32WBA52CEU6, STM32WBA52CEU6T, STM32WBA52CGU6, STM32WBA52CGU6T, STM32WBA52KEU6, STM32WBA52KEU6T, STM32WBA52KGU6, STM32WBA52KGU6T, STM32WL5MOCH6, STM32WL5MOCH6TR]
2023-11-30 13:04:11,210 [INFO] DbMcus:217 - Found 3848 MCUs, 3848 are supported
2023-11-30 13:04:11,213 [INFO] ApiDb:423 - Load user favorites file C:\Users\Beispiel/.stm32cubeide/favorites.mcus.txt: 0 item(s)
2023-11-30 13:04:11,213 [INFO] ApiDb:427 - User favorites MCUs=[]
2023-11-30 13:04:11,214 [INFO] DbMcus:223 - Set 0 / 0 favorites MCUs
2023-11-30 13:04:12,501 [WARN] ThirdParty:833 - waiting for thirdparty lock release [change project]
2023-11-30 13:04:12,502 [INFO] ThirdParty:835 - entering critical section [change project]
2023-11-30 13:04:12,503 [INFO] ThirdParty:1030 - CMSIS Pack Vendor :STMicroelectronics X-CUBE-ISPU 1.1.0
2023-11-30 13:04:12,503 [INFO] ThirdParty:1030 - CMSIS Pack Vendor :STMicroelectronics USBPD 4.1
2023-11-30 13:04:12,504 [INFO] ThirdParty:1030 - CMSIS Pack Vendor :STMicroelectronics X-CUBE-GNSS1 6.0.0
2023-11-30 13:04:12,504 [INFO] ThirdParty:1030 - CMSIS Pack Vendor :STMicroelectronics USB_HOST 2.0.0
2023-11-30 13:04:12,504 [INFO] ThirdParty:1030 - CMSIS Pack Vendor :STMicroelectronics X-CUBE-AZRTOS-F4 1.1.0
2023-11-30 13:04:12,504 [INFO] ThirdParty:1030 - CMSIS Pack Vendor :STMicroelectronics LIBJPEG 8.0.0
2023-11-30 13:04:12,504 [INFO] ThirdParty:1030 - CMSIS Pack Vendor :wolfSSL I-CUBE-wolfSSL 5.6.3
2023-11-30 13:04:12,505 [INFO] ThirdParty:1030 - CMSIS Pack Vendor :STMicroelectronics X-CUBE-SMBUS 2.1.0
2023-11-30 13:04:12,505 [INFO] ThirdParty:1030 - CMSIS Pack Vendor :STMicroelectronics USB_DEVICE 3.0.0
2023-11-30 13:04:12,505 [INFO] ThirdParty:1030 - CMSIS Pack Vendor :STMicroelectronics X-CUBE-AZRTOS-WB 2.0.0
2023-11-30 13:04:12,505 [INFO] ThirdParty:1030 - CMSIS Pack Vendor :STMicroelectronics X-CUBE-FREERTOS 1.0.1
2023-11-30 13:04:12,506 [INFO] ThirdParty:1030 - CMSIS Pack Vendor :STMicroelectronics X-CUBE-AZRTOS-F7 1.1.0
2023-11-30 13:04:12,506 [INFO] ThirdParty:1030 - CMSIS Pack Vendor :STMicroelectronics X-CUBE-AZRTOS-L5 2.0.0
2023-11-30 13:04:12,506 [INFO] ThirdParty:1030 - CMSIS Pack Vendor :STMicroelectronics USB_DEVICE 2.0.0
2023-11-30 13:04:12,506 [INFO] ThirdParty:1030 - CMSIS Pack Vendor :STMicroelectronics X-CUBE-MEMS1 9.6.0
2023-11-30 13:04:12,506 [INFO] ThirdParty:1030 - CMSIS Pack Vendor :STMicroelectronics X-CUBE-EEPRMA1 4.2.0
2023-11-30 13:04:12,507 [INFO] ThirdParty:1030 - CMSIS Pack Vendor :ITTIA_DB I-CUBE-ITTIADB 8.8.0
2023-11-30 13:04:12,507 [INFO] ThirdParty:1030 - CMSIS Pack Vendor :STMicroelectronics FP-SNS-MOTENV1 4.3.2
2023-11-30 13:04:12,507 [INFO] ThirdParty:1030 - CMSIS Pack Vendor :STMicroelectronics X-CUBE-ALGOBUILD 1.3.0
2023-11-30 13:04:12,507 [INFO] ThirdParty:1030 - CMSIS Pack Vendor :STMicroelectronics FreeRTOS 0.0.1
2023-11-30 13:04:12,507 [INFO] ThirdParty:1030 - CMSIS Pack Vendor :STMicroelectronics X-CUBE-AZRTOS-G0 1.1.0
2023-11-30 13:04:12,508 [INFO] ThirdParty:1030 - CMSIS Pack Vendor :STMicroelectronics X-CUBE-BLEMGR 2.0.0
2023-11-30 13:04:12,508 [INFO] ThirdParty:1030 - CMSIS Pack Vendor :STMicroelectronics X-CUBE-NFC4 3.0.0
2023-11-30 13:04:12,508 [INFO] ThirdParty:1030 - CMSIS Pack Vendor :STMicroelectronics X-CUBE-SUBG2 5.0.0
2023-11-30 13:04:12,508 [INFO] ThirdParty:1030 - CMSIS Pack Vendor :STMicroelectronics STM32_WPAN 1.0.0
2023-11-30 13:04:12,509 [INFO] ThirdParty:1030 - CMSIS Pack Vendor :STMicroelectronics lwIP 2.0.3
2023-11-30 13:04:12,509 [INFO] ThirdParty:1030 - CMSIS Pack Vendor :STMicroelectronics FP-SNS-FLIGHT1 5.0.2
2023-11-30 13:04:12,509 [INFO] ThirdParty:1030 - CMSIS Pack Vendor :STMicroelectronics USB_HOST 1.0.0
2023-11-30 13:04:12,509 [INFO] ThirdParty:1030 - CMSIS Pack Vendor :STMicroelectronics X-CUBE-TOF1 3.3.1
2023-11-30 13:04:12,510 [INFO] ThirdParty:1030 - CMSIS Pack Vendor :STMicroelectronics X-CUBE-AZRTOS-G4 2.0.0
2023-11-30 13:04:12,510 [INFO] ThirdParty:1030 - CMSIS Pack Vendor :STMicroelectronics PDM2PCM 3.1.0
2023-11-30 13:04:12,510 [INFO] ThirdParty:1030 - CMSIS Pack Vendor :STMicroelectronics X-CUBE-AZRTOS-H7 3.1.0
2023-11-30 13:04:12,510 [INFO] ThirdParty:1030 - CMSIS Pack Vendor :Infineon AIROC-Wi-Fi-Bluetooth-STM32 1.5.1
2023-11-30 13:04:12,510 [INFO] ThirdParty:1030 - CMSIS Pack Vendor :STMicroelectronics X-CUBE-BLEMGR 3.0.0
2023-11-30 13:04:12,511 [INFO] ThirdParty:1030 - CMSIS Pack Vendor :STMicroelectronics PDM2PCM 3.3.0
2023-11-30 13:04:12,511 [INFO] ThirdParty:1030 - CMSIS Pack Vendor :STMicroelectronics X-CUBE-DISPLAY 3.0.0
2023-11-30 13:04:12,511 [INFO] ThirdParty:1030 - CMSIS Pack Vendor :STMicroelectronics FP-SNS-MOTENVWB1 1.3.0
2023-11-30 13:04:12,511 [INFO] ThirdParty:1030 - CMSIS Pack Vendor :STMicroelectronics X-CUBE-BLE1 7.0.0
2023-11-30 13:04:12,512 [INFO] ThirdParty:1030 - CMSIS Pack Vendor :STMicroelectronics FP-ATR-SIGFOX1 3.2.0
2023-11-30 13:04:12,512 [INFO] ThirdParty:1030 - CMSIS Pack Vendor :STMicroelectronics HAL Drivers 0.0.0
2023-11-30 13:04:12,512 [INFO] ThirdParty:1030 - CMSIS Pack Vendor :STMicroelectronics MBEDTLS 2.16.2
2023-11-30 13:04:12,512 [INFO] ThirdParty:1030 - CMSIS Pack Vendor :emotas I-CUBE-CANOPEN 1.3.0
2023-11-30 13:04:12,513 [INFO] ThirdParty:1030 - CMSIS Pack Vendor :STMicroelectronics X-CUBE-MEMS1 10.0.0
2023-11-30 13:04:12,513 [INFO] ThirdParty:1030 - CMSIS Pack Vendor :STMicroelectronics X-CUBE-FREERTOS 1.1.0
2023-11-30 13:04:12,513 [INFO] ThirdParty:1030 - CMSIS Pack Vendor :STMicroelectronics X-CUBE-TOUCHGFX 4.22.0
2023-11-30 13:04:12,513 [INFO] ThirdParty:1030 - CMSIS Pack Vendor :STMicroelectronics X-CUBE-NFC7 1.0.1
2023-11-30 13:04:12,513 [INFO] ThirdParty:1030 - CMSIS Pack Vendor :STMicroelectronics MBEDTLS 2.14.1
2023-11-30 13:04:12,514 [INFO] ThirdParty:1030 - CMSIS Pack Vendor :STMicroelectronics X-CUBE-TOUCHGFX 4.22.1
2023-11-30 13:04:12,514 [INFO] ThirdParty:1030 - CMSIS Pack Vendor :STMicroelectronics X-CUBE-NFC6 3.0.0
2023-11-30 13:04:12,514 [INFO] ThirdParty:1030 - CMSIS Pack Vendor :STMicroelectronics X-CUBE-EEPRMA1 4.1.0
2023-11-30 13:04:12,514 [INFO] ThirdParty:1030 - CMSIS Pack Vendor :portGmbH I-Cube-SoM-uGOAL 1.1.0
2023-11-30 13:04:12,515 [INFO] ThirdParty:1030 - CMSIS Pack Vendor :STMicroelectronics X-CUBE-ALS 1.0.1
2023-11-30 13:04:12,515 [INFO] ThirdParty:1030 - CMSIS Pack Vendor :STMicroelectronics ThreadX 1.0.0
2023-11-30 13:04:12,515 [INFO] ThirdParty:1030 - CMSIS Pack Vendor :STMicroelectronics FP-SNS-SMARTAG2 1.2.0
2023-11-30 13:04:12,515 [INFO] ThirdParty:1030 - CMSIS Pack Vendor :STMicroelectronics X-CUBE-AZRTOS-WL 2.0.0
2023-11-30 13:04:12,516 [INFO] ThirdParty:1030 - CMSIS Pack Vendor :SEGGER I-CUBE-embOS 1.3.1
2023-11-30 13:04:12,516 [INFO] ThirdParty:1030 - CMSIS Pack Vendor :STMicroelectronics USB_DEVICE 1.0.0
2023-11-30 13:04:12,516 [INFO] ThirdParty:1030 - CMSIS Pack Vendor :STMicroelectronics X-CUBE-AI 8.1.0
2023-11-30 13:04:12,516 [INFO] ThirdParty:1030 - CMSIS Pack Vendor :STMicroelectronics X-CUBE-AZRTOS-L4 2.0.0
2023-11-30 13:04:12,517 [INFO] ThirdParty:1030 - CMSIS Pack Vendor :STMicroelectronics ThreadX 0.0.2
2023-11-30 13:04:12,517 [INFO] ThirdParty:1030 - CMSIS Pack Vendor :WES I-CUBE-Cesium 1.3.0
2023-11-30 13:04:12,517 [INFO] ThirdParty:1030 - CMSIS Pack Vendor :STMicroelectronics FP-ATR-ASTRA1 2.0.0
2023-11-30 13:04:12,517 [INFO] ThirdParty:1030 - CMSIS Pack Vendor :STMicroelectronics lwIP 2.1.2
2023-11-30 13:04:12,518 [INFO] ThirdParty:1030 - CMSIS Pack Vendor :STMicroelectronics X-CUBE-SFXS2LP1 4.0.0
2023-11-30 13:04:12,518 [INFO] ThirdParty:1030 - CMSIS Pack Vendor :STMicroelectronics X-CUBE-BLE2 3.3.0
2023-11-30 13:04:12,518 [INFO] ThirdParty:1030 - CMSIS Pack Vendor :STMicroelectronics X-CUBE-TOF1 3.4.0
2023-11-30 13:04:12,518 [INFO] ThirdParty:1030 - CMSIS Pack Vendor :STMicroelectronics PDM2PCM 3.2.0
2023-11-30 13:04:12,519 [INFO] ThirdParty:841 - exiting critical section [change project]
2023-11-30 13:04:13,544 [INFO] PinOutPanel:1499 - setPackage(No Configuration,No Configuration)
2023-11-30 13:04:13,547 [INFO] PinOutPanel:1499 - setPackage(STM32L073RZTx,LQFP64)
2023-11-30 13:04:14,666 [INFO] UtilMem:75 - Before build in PCC Used Memory: 880070200 Bytes (1038090240)
2023-11-30 13:04:16,563 [INFO] UtilMem:75 - After build in PCC Used Memory: 606169600 Bytes (1038090240)
2023-11-30 13:04:16,617 [INFO] IPUIPlugin:80 - create IPUIPlugin
2023-11-30 13:04:16,618 [INFO] IPUIPlugin:80 - create IPUIPlugin
2023-11-30 13:04:16,618 [INFO] IPUIPlugin:80 - create IPUIPlugin
2023-11-30 13:04:16,619 [INFO] IPUIPlugin:80 - create IPUIPlugin
2023-11-30 13:04:16,619 [INFO] IPUIPlugin:80 - create IPUIPlugin
2023-11-30 13:04:16,619 [INFO] IPUIPlugin:80 - create IPUIPlugin
2023-11-30 13:04:16,619 [INFO] IPUIPlugin:80 - create IPUIPlugin
2023-11-30 13:04:16,620 [INFO] IPUIPlugin:80 - create IPUIPlugin
2023-11-30 13:04:16,620 [INFO] IPUIPlugin:80 - create IPUIPlugin
2023-11-30 13:04:16,620 [INFO] IPUIPlugin:80 - create IPUIPlugin
2023-11-30 13:04:16,621 [INFO] IPUIPlugin:80 - create IPUIPlugin
2023-11-30 13:04:16,621 [INFO] IPUIPlugin:80 - create IPUIPlugin
2023-11-30 13:04:16,621 [INFO] IPUIPlugin:80 - create IPUIPlugin
2023-11-30 13:04:16,622 [INFO] IPUIPlugin:80 - create IPUIPlugin
2023-11-30 13:04:16,622 [INFO] IPUIPlugin:80 - create IPUIPlugin
2023-11-30 13:04:16,623 [INFO] IPUIPlugin:80 - create IPUIPlugin
2023-11-30 13:04:16,623 [INFO] IPUIPlugin:80 - create IPUIPlugin
2023-11-30 13:04:16,624 [INFO] IPUIPlugin:80 - create IPUIPlugin
2023-11-30 13:04:16,624 [INFO] IPUIPlugin:80 - create IPUIPlugin
2023-11-30 13:04:16,625 [INFO] IPUIPlugin:80 - create IPUIPlugin
2023-11-30 13:04:16,625 [INFO] IPUIPlugin:80 - create IPUIPlugin
2023-11-30 13:04:16,626 [INFO] IPUIPlugin:80 - create IPUIPlugin
2023-11-30 13:04:16,626 [INFO] IPUIPlugin:80 - create IPUIPlugin
2023-11-30 13:04:16,627 [INFO] IPUIPlugin:80 - create IPUIPlugin
2023-11-30 13:04:16,627 [INFO] IPUIPlugin:80 - create IPUIPlugin
2023-11-30 13:04:16,628 [INFO] IPUIPlugin:80 - create IPUIPlugin
2023-11-30 13:04:16,629 [INFO] IPUIPlugin:80 - create IPUIPlugin
2023-11-30 13:04:16,629 [INFO] IPUIPlugin:80 - create IPUIPlugin
2023-11-30 13:04:16,630 [INFO] IPUIPlugin:80 - create IPUIPlugin
2023-11-30 13:04:16,630 [INFO] IPUIPlugin:80 - create IPUIPlugin
2023-11-30 13:04:16,631 [INFO] IPUIPlugin:80 - create IPUIPlugin
2023-11-30 13:04:16,631 [INFO] IPUIPlugin:80 - create IPUIPlugin
2023-11-30 13:04:16,632 [INFO] IPUIPlugin:80 - create IPUIPlugin
2023-11-30 13:04:16,633 [INFO] IPUIPlugin:80 - create IPUIPlugin
2023-11-30 13:04:16,634 [INFO] IPUIPlugin:80 - create IPUIPlugin
2023-11-30 13:04:16,634 [INFO] IPUIPlugin:80 - create IPUIPlugin
2023-11-30 13:04:16,635 [INFO] IPUIPlugin:80 - create IPUIPlugin
2023-11-30 13:04:16,636 [INFO] IPUIPlugin:80 - create IPUIPlugin
2023-11-30 13:04:16,637 [INFO] IPUIPlugin:80 - create IPUIPlugin
2023-11-30 13:04:17,130 [INFO] CADModel:165 - CPN selected for project levelSTM32L073RZT3
2023-11-30 13:04:17,130 [INFO] CADModel:114 - Register for checkConnection events
2023-11-30 13:04:17,200 [INFO] OpenFileManager:328 - Restore cursor
2023-11-30 13:05:01,060 [INFO] Gpio:273 - dependency for GPIO [RCC, SYS, USART2]
2023-11-30 13:05:18,092 [INFO] UtilMem:75 - End SaveConfig() Used Memory: 745006488 Bytes (1073741824)
2023-11-30 13:05:19,757 [INFO] UtilMem:75 - End SaveConfig() Used Memory: 589498472 Bytes (1073741824)
2023-11-30 13:05:27,939 [INFO] UtilMem:75 - End SaveConfig() Used Memory: 766369888 Bytes (1073741824)
2023-11-30 13:05:28,897 [INFO] BlockDiagram:2759 - set Specific Code input for plugin: NVIC
2023-11-30 13:05:28,897 [INFO] BlockDiagram:2759 - set Specific Code input for plugin: USART
2023-11-30 13:05:28,897 [INFO] BlockDiagram:2759 - set Specific Code input for plugin: SYS
2023-11-30 13:05:28,898 [INFO] BlockDiagram:2759 - set Specific Code input for plugin: GPIO
2023-11-30 13:05:28,898 [INFO] BlockDiagram:2759 - set Specific Code input for plugin: RCC
2023-11-30 13:05:28,900 [INFO] CodeGenerator:799 - code generatio: config db path: C:\ST\STM32CubeIDE_1.13.1\STM32CubeIDE\plugins\com.st.stm32cube.common.mx_6.9.1.202307191849\\db\
2023-11-30 13:05:29,587 [INFO] CodeEngine:255 - oldGeneratedFile, C:\Users\Beispiel\STM32CubeIDE\workspace_1.13.1\Wakeup1\MXTmpFiles\license.tmp_save
2023-11-30 13:05:30,416 [INFO] CodeEngine:279 - Generated code: C:\Users\Beispiel\STM32CubeIDE\workspace_1.13.1\Wakeup1\MXTmpFiles\license.tmp
2023-11-30 13:05:30,667 [INFO] CodeEngine:255 - oldGeneratedFile, C:\Users\Beispiel\STM32CubeIDE\workspace_1.13.1\Wakeup1\MXTmpFiles\gpio.tmp_save
2023-11-30 13:05:31,043 [INFO] CodeEngine:279 - Generated code: C:\Users\Beispiel\STM32CubeIDE\workspace_1.13.1\Wakeup1\MXTmpFiles\gpio.tmp
2023-11-30 13:05:31,783 [INFO] CodeEngine:255 - oldGeneratedFile, C:\Users\Beispiel\STM32CubeIDE\workspace_1.13.1\Wakeup1\Core\Src\stm32l0xx_it.c_save
2023-11-30 13:05:32,404 [INFO] CodeEngine:279 - Generated code: C:\Users\Beispiel\STM32CubeIDE\workspace_1.13.1\Wakeup1\Core\Src\stm32l0xx_it.c
2023-11-30 13:05:33,593 [INFO] CodeEngine:255 - oldGeneratedFile, C:\Users\Beispiel\STM32CubeIDE\workspace_1.13.1\Wakeup1\Core\Inc\stm32l0xx_it.h_save
2023-11-30 13:05:33,976 [INFO] CodeEngine:279 - Generated code: C:\Users\Beispiel\STM32CubeIDE\workspace_1.13.1\Wakeup1\Core\Inc\stm32l0xx_it.h
2023-11-30 13:05:34,627 [INFO] CodeEngine:255 - oldGeneratedFile, C:\Users\Beispiel\STM32CubeIDE\workspace_1.13.1\Wakeup1\Core\Src\stm32l0xx_hal_msp.c_save
2023-11-30 13:05:35,532 [INFO] CodeEngine:279 - Generated code: C:\Users\Beispiel\STM32CubeIDE\workspace_1.13.1\Wakeup1\Core\Src\stm32l0xx_hal_msp.c
2023-11-30 13:05:35,591 [INFO] CodeEngine:255 - oldGeneratedFile, C:\Users\Beispiel\STM32CubeIDE\workspace_1.13.1\Wakeup1\MXTmpFiles\system.tmp_save
2023-11-30 13:05:35,848 [INFO] CodeEngine:279 - Generated code: C:\Users\Beispiel\STM32CubeIDE\workspace_1.13.1\Wakeup1\MXTmpFiles\system.tmp
2023-11-30 13:05:35,967 [INFO] CodeEngine:311 - oldGeneratedFile, C:\Users\Beispiel\STM32CubeIDE\workspace_1.13.1\Wakeup1\Core\Inc\stm32l0xx_hal_conf.h_save
2023-11-30 13:05:36,291 [INFO] CodeEngine:335 - Generated code: C:\Users\Beispiel\STM32CubeIDE\workspace_1.13.1\Wakeup1\Core\Inc\stm32l0xx_hal_conf.h
2023-11-30 13:05:36,806 [INFO] CodeEngine:255 - oldGeneratedFile, C:\Users\Beispiel\STM32CubeIDE\workspace_1.13.1\Wakeup1\Core\Inc\main.h_save
2023-11-30 13:05:37,257 [INFO] CodeEngine:279 - Generated code: C:\Users\Beispiel\STM32CubeIDE\workspace_1.13.1\Wakeup1\Core\Inc\main.h
2023-11-30 13:05:37,412 [INFO] CodeEngine:255 - oldGeneratedFile, C:\Users\Beispiel\STM32CubeIDE\workspace_1.13.1\Wakeup1\Core\Src\main.c_save
2023-11-30 13:05:38,336 [INFO] CodeEngine:279 - Generated code: C:\Users\Beispiel\STM32CubeIDE\workspace_1.13.1\Wakeup1\Core\Src\main.c
2023-11-30 13:05:42,665 [INFO] ProjectBuilder:3064 - Time for Copy HAL[1] : 2032mS.
2023-11-30 13:05:42,683 [INFO] ProjectBuilder:4404 - Project Generator version: 4.1.0
2023-11-30 13:05:43,335 [INFO] ConfigFileManager:1457 - The Die is : DIE447
2023-11-30 13:05:43,688 [INFO] ApiDbMcu:507 - Load IP Config File for FATFS
2023-11-30 13:05:43,834 [INFO] ApiDbMcu:507 - Load IP Config File for FREERTOS
2023-11-30 13:05:44,320 [INFO] ApiDbMcu:507 - Load IP Config File for TOUCHSENSING
2023-11-30 13:05:44,496 [INFO] ApiDbMcu:507 - Load IP Config File for USB_DEVICE
2023-11-30 13:05:47,378 [INFO] LogOutputStream:77 - [STDOUT_REDIRECT] 
2023-11-30 13:05:54,971 [INFO] ProjectBuilder:4626 - Time for Generating toolchain IDE Files: 12286mS.
2023-11-30 13:05:54,973 [INFO] ProjectBuilder:2935 - Time for Copy CMSIS : 2mS.
2023-11-30 13:05:54,976 [INFO] ProjectBuilder:2935 - Time for Copy CMSIS : 0mS.
