2023-11-19 17:26:39,592 [INFO] Activator:176 - 


2023-11-19 17:26:39,606 [INFO] Activator:177 - !SESSION log4j initialized
2023-11-19 17:26:52,459 [INFO] LogOutputStream:77 - [STDOUT_REDIRECT] 
2023-11-19 17:26:55,744 [INFO] ApplicationProperties:184 - Using Application install path: C:\ST\STM32CubeIDE_1.13.1\STM32CubeIDE\plugins\com.st.stm32cube.common.mx_6.9.1.202307191849
2023-11-19 17:26:55,778 [INFO] DbMcusXml:78 - Set database path to: C:\ST\STM32CubeIDE_1.13.1\STM32CubeIDE\plugins\com.st.stm32cube.common.mx_6.9.1.202307191849\\db\/mcu/
2023-11-19 17:26:55,779 [INFO] ApiDb:274 - Set plugin database path to: C:\ST\STM32CubeIDE_1.13.1\STM32CubeIDE\plugins\com.st.stm32cube.common.mx_6.9.1.202307191849\\db\/plugins/boardmanager/
2023-11-19 17:26:55,780 [WARN] ApiDb:259 - Overriding images path with different value:  => C:\ST\STM32CubeIDE_1.13.1\STM32CubeIDE\plugins\com.st.stm32cube.common.mx_6.9.1.202307191849\\db\/plugins/mcufinder/images/
2023-11-19 17:26:55,926 [INFO] ApiDb:250 - Set database path to: C:\Users\Beispiel\.stmcufinder\plugins\mcufinder//mcu/
2023-11-19 17:26:55,928 [INFO] DbMcusAds:125 - Set database path to: C:\Users\Beispiel\.stmcufinder\plugins\mcufinder//mcu/
2023-11-19 17:26:55,932 [INFO] CrossReferenceDbSqlite:203 - Set database path to: C:\Users\Beispiel\.stmcufinder\plugins\mcufinder//mcu/cs/
2023-11-19 17:26:56,136 [INFO] RulesReader:64 - Compatibility file has been processed (293 Rules)
2023-11-19 17:26:56,295 [INFO] DbMcusXml:78 - Set database path to: C:\ST\STM32CubeIDE_1.13.1\STM32CubeIDE\plugins\com.st.stm32cube.common.mx_6.9.1.202307191849\\db\/mcu/
2023-11-19 17:26:56,296 [INFO] ApiDb:274 - Set plugin database path to: C:\ST\STM32CubeIDE_1.13.1\STM32CubeIDE\plugins\com.st.stm32cube.common.mx_6.9.1.202307191849\\db\/plugins/boardmanager/
2023-11-19 17:26:56,296 [INFO] ApiDb:261 - Set plugin images path to: C:\ST\STM32CubeIDE_1.13.1\STM32CubeIDE\plugins\com.st.stm32cube.common.mx_6.9.1.202307191849\\db\/plugins/mcufinder/images/
2023-11-19 17:26:56,297 [WARN] DbFile:41 - Overriding database path with different value: C:\Users\Beispiel\.stmcufinder\plugins\mcufinder/ => C:\Users\Beispiel\.stmcufinder\plugins\mcufinder
2023-11-19 17:26:56,297 [INFO] ApiDb:250 - Set database path to: C:\Users\Beispiel\.stmcufinder\plugins\mcufinder//mcu/
2023-11-19 17:26:56,297 [WARN] DbFile:41 - Overriding database path with different value: C:\Users\Beispiel\.stmcufinder\plugins\mcufinder/ => C:\Users\Beispiel\.stmcufinder\plugins\mcufinder
2023-11-19 17:26:56,298 [INFO] DbMcusAds:125 - Set database path to: C:\Users\Beispiel\.stmcufinder\plugins\mcufinder//mcu/
2023-11-19 17:26:56,298 [WARN] DbFile:41 - Overriding database path with different value: C:\Users\Beispiel\.stmcufinder\plugins\mcufinder/ => C:\Users\Beispiel\.stmcufinder\plugins\mcufinder
2023-11-19 17:26:56,298 [WARN] DbFile:41 - Overriding database path with different value: C:\Users\Beispiel\.stmcufinder\plugins\mcufinder/ => C:\Users\Beispiel\.stmcufinder\plugins\mcufinder
2023-11-19 17:26:56,298 [INFO] CrossReferenceDbSqlite:203 - Set database path to: C:\Users\Beispiel\.stmcufinder\plugins\mcufinder//mcu/cs/
2023-11-19 17:26:56,438 [INFO] MainPanel:262 - HeapMemory: 268435456
2023-11-19 17:26:56,620 [INFO] DbMcusXml:78 - Set database path to: C:\ST\STM32CubeIDE_1.13.1\STM32CubeIDE\plugins\com.st.stm32cube.common.mx_6.9.1.202307191849\\db\/mcu/
2023-11-19 17:26:56,620 [INFO] ApiDb:274 - Set plugin database path to: C:\ST\STM32CubeIDE_1.13.1\STM32CubeIDE\plugins\com.st.stm32cube.common.mx_6.9.1.202307191849\\db\/plugins/boardmanager/
2023-11-19 17:26:56,620 [INFO] ApiDb:261 - Set plugin images path to: C:\ST\STM32CubeIDE_1.13.1\STM32CubeIDE\plugins\com.st.stm32cube.common.mx_6.9.1.202307191849\\db\/plugins/mcufinder/images/
2023-11-19 17:26:56,622 [WARN] DbFile:41 - Overriding database path with different value: C:\Users\Beispiel\.stmcufinder\plugins\mcufinder/ => C:\Users\Beispiel\.stmcufinder\plugins\mcufinder
2023-11-19 17:26:56,622 [INFO] ApiDb:250 - Set database path to: C:\Users\Beispiel\.stmcufinder\plugins\mcufinder//mcu/
2023-11-19 17:26:56,622 [WARN] DbFile:41 - Overriding database path with different value: C:\Users\Beispiel\.stmcufinder\plugins\mcufinder/ => C:\Users\Beispiel\.stmcufinder\plugins\mcufinder
2023-11-19 17:26:56,622 [INFO] DbMcusAds:125 - Set database path to: C:\Users\Beispiel\.stmcufinder\plugins\mcufinder//mcu/
2023-11-19 17:26:56,622 [WARN] DbFile:41 - Overriding database path with different value: C:\Users\Beispiel\.stmcufinder\plugins\mcufinder/ => C:\Users\Beispiel\.stmcufinder\plugins\mcufinder
2023-11-19 17:26:56,622 [WARN] DbFile:41 - Overriding database path with different value: C:\Users\Beispiel\.stmcufinder\plugins\mcufinder/ => C:\Users\Beispiel\.stmcufinder\plugins\mcufinder
2023-11-19 17:26:56,623 [INFO] CrossReferenceDbSqlite:203 - Set database path to: C:\Users\Beispiel\.stmcufinder\plugins\mcufinder//mcu/cs/
2023-11-19 17:26:56,660 [INFO] ApplicationProperties:184 - Using Application install path: C:\ST\STM32CubeIDE_1.13.1\STM32CubeIDE\plugins\com.st.stm32cube.common.mx_6.9.1.202307191849
2023-11-19 17:26:56,662 [INFO] PluginManage:196 - Search for loadable plugins [exclusion list=, ]
2023-11-19 17:26:56,665 [INFO] PluginManage:310 - Check plugin analytics
2023-11-19 17:26:57,140 [INFO] AnalyticsPlugin:253 - Accepted Software Licenses: 
2023-11-19 17:26:57,141 [INFO] AnalyticsPlugin:255 - Accepted CMSIS Pack Licenses: 
2023-11-19 17:26:57,141 [INFO] AnalyticsPlugin:257 - Accepted Firmware Licenses: 
2023-11-19 17:26:57,146 [INFO] PluginManage:359 - Loaded plugin analytics (category:tool,tabindex:-1)
2023-11-19 17:26:57,148 [INFO] PluginManage:310 - Check plugin cadmodel
2023-11-19 17:26:57,158 [INFO] CADModel:105 - Init CAD model plugin
2023-11-19 17:26:57,159 [INFO] PluginManage:359 - Loaded plugin cadmodel (category:power,tabindex:5)
2023-11-19 17:26:57,159 [INFO] PluginManage:310 - Check plugin clock
2023-11-19 17:26:57,180 [INFO] PluginManage:359 - Loaded plugin clock (category:base,tabindex:2)
2023-11-19 17:26:57,180 [INFO] PluginManage:310 - Check plugin ddr
2023-11-19 17:26:57,184 [INFO] PluginManage:359 - Loaded plugin ddr (category:tool,tabindex:6)
2023-11-19 17:26:57,185 [INFO] PluginManage:310 - Check plugin filemanager
2023-11-19 17:27:02,064 [INFO] PluginManage:359 - Loaded plugin filemanager (category:base,tabindex:10)
2023-11-19 17:27:02,088 [INFO] PluginManage:310 - Check plugin ipmanager
2023-11-19 17:27:02,235 [INFO] PluginManage:359 - Loaded plugin ipmanager (category:base,tabindex:5)
2023-11-19 17:27:02,236 [INFO] PluginManage:310 - Check plugin lpbam
2023-11-19 17:27:02,379 [INFO] PluginManage:359 - Loaded plugin lpbam (category:base,tabindex:0)
2023-11-19 17:27:02,379 [INFO] PluginManage:310 - Check plugin memorymap
2023-11-19 17:27:03,063 [INFO] PluginManage:359 - Loaded plugin memorymap (category:base,tabindex:4)
2023-11-19 17:27:03,064 [INFO] PluginManage:310 - Check plugin pinoutandconfiguration
2023-11-19 17:27:03,221 [INFO] PluginManage:359 - Loaded plugin pinoutandconfiguration (category:base,tabindex:1)
2023-11-19 17:27:03,222 [INFO] PluginManage:310 - Check plugin pinoutconfig
2023-11-19 17:27:03,656 [WARN] SupportedApi:132 - Cannot load RTOS API schema: s4s-elt-must-match.1: The content of 'definitions' must match (annotation?, (simpleType | complexType)?, (unique | key | keyref)*)). A problem was found starting at: attribute.
2023-11-19 17:27:03,935 [INFO] PluginManage:359 - Loaded plugin pinoutconfig (category:base,tabindex:0)
2023-11-19 17:27:03,935 [INFO] PluginManage:310 - Check plugin power
2023-11-19 17:27:03,957 [INFO] PluginManage:359 - Loaded plugin power (category:power,tabindex:4)
2023-11-19 17:27:03,957 [INFO] PluginManage:310 - Check plugin projectmanager
2023-11-19 17:27:03,992 [INFO] PluginManage:359 - Loaded plugin projectmanager (category:projectmanager,tabindex:3)
2023-11-19 17:27:03,993 [INFO] PluginManage:310 - Check plugin thirdparty
2023-11-19 17:27:04,312 [INFO] PluginManage:359 - Loaded plugin thirdparty (category:base,tabindex:-1)
2023-11-19 17:27:04,312 [WARN] IntegrityCheckThread:84 - waiting for thirdparty lock release [integrity check]
2023-11-19 17:27:04,312 [INFO] PluginManage:310 - Check plugin tools
2023-11-19 17:27:04,312 [INFO] IntegrityCheckThread:86 - entering critical section [integrity check]
2023-11-19 17:27:04,313 [INFO] ThirdPartyUpdaterWithRetryManager:70 - Updater plugin not ready yet. [1/15]
2023-11-19 17:27:04,317 [INFO] PluginManage:359 - Loaded plugin tools (category:base,tabindex:7)
2023-11-19 17:27:04,317 [INFO] PluginManage:310 - Check plugin tutovideos
2023-11-19 17:27:04,619 [INFO] PluginManage:359 - Loaded plugin tutovideos (category:base,tabindex:-1)
2023-11-19 17:27:04,620 [INFO] PluginManage:310 - Check plugin updater
2023-11-19 17:27:04,639 [INFO] PluginManage:359 - Loaded plugin updater (category:base,tabindex:12)
2023-11-19 17:27:04,640 [INFO] PluginManage:310 - Check plugin userauth
2023-11-19 17:27:04,648 [INFO] UserAuth:113 - Init User Auth plugin
2023-11-19 17:27:04,648 [INFO] PluginManage:359 - Loaded plugin userauth (category:base,tabindex:14)
2023-11-19 17:27:04,649 [INFO] PluginManage:283 - PluginManage : Loaded plugins [17]
2023-11-19 17:27:05,143 [INFO] PinOutPanel:1499 - setPackage(No Configuration,No Configuration)
2023-11-19 17:27:05,347 [INFO] CADModel:165 - CPN selected for project level
2023-11-19 17:27:05,348 [INFO] CADModel:114 - Register for checkConnection events
2023-11-19 17:27:05,378 [INFO] IPUIPlugin:80 - create IPUIPlugin
2023-11-19 17:27:05,378 [INFO] PluginManager:220 - loadIPPluginJar : add adc
2023-11-19 17:27:05,383 [INFO] IPUIPlugin:80 - create IPUIPlugin
2023-11-19 17:27:05,383 [INFO] PluginManager:220 - loadIPPluginJar : add aes
2023-11-19 17:27:05,390 [INFO] IPUIPlugin:80 - create IPUIPlugin
2023-11-19 17:27:05,390 [INFO] PluginManager:220 - loadIPPluginJar : add can
2023-11-19 17:27:05,393 [INFO] IPUIPlugin:80 - create IPUIPlugin
2023-11-19 17:27:05,394 [INFO] PluginManager:220 - loadIPPluginJar : add comp
2023-11-19 17:27:05,398 [INFO] IPUIPlugin:80 - create IPUIPlugin
2023-11-19 17:27:05,398 [INFO] PluginManager:220 - loadIPPluginJar : add cryp
2023-11-19 17:27:05,403 [INFO] IPUIPlugin:80 - create IPUIPlugin
2023-11-19 17:27:05,403 [INFO] PluginManager:220 - loadIPPluginJar : add dfsdm
2023-11-19 17:27:05,413 [INFO] IPUIPlugin:80 - create IPUIPlugin
2023-11-19 17:27:05,414 [INFO] PluginManager:220 - loadIPPluginJar : add dma
2023-11-19 17:27:05,419 [INFO] IPUIPlugin:80 - create IPUIPlugin
2023-11-19 17:27:05,419 [INFO] PluginManager:220 - loadIPPluginJar : add dma3
2023-11-19 17:27:05,422 [INFO] IPUIPlugin:80 - create IPUIPlugin
2023-11-19 17:27:05,423 [INFO] PluginManager:220 - loadIPPluginJar : add fatfs
2023-11-19 17:27:05,431 [INFO] IPUIPlugin:80 - create IPUIPlugin
2023-11-19 17:27:05,431 [INFO] PluginManager:220 - loadIPPluginJar : add fmc
2023-11-19 17:27:05,441 [INFO] IPUIPlugin:80 - create IPUIPlugin
2023-11-19 17:27:05,442 [INFO] PluginManager:220 - loadIPPluginJar : add freertos
2023-11-19 17:27:05,445 [INFO] IPUIPlugin:80 - create IPUIPlugin
2023-11-19 17:27:05,446 [INFO] PluginManager:220 - loadIPPluginJar : add genericplugin
2023-11-19 17:27:05,451 [INFO] IPUIPlugin:80 - create IPUIPlugin
2023-11-19 17:27:05,451 [INFO] PluginManager:220 - loadIPPluginJar : add gfxmmu
2023-11-19 17:27:05,460 [INFO] IPUIPlugin:80 - create IPUIPlugin
2023-11-19 17:27:05,460 [INFO] PluginManager:220 - loadIPPluginJar : add gic
2023-11-19 17:27:05,470 [INFO] IPUIPlugin:80 - create IPUIPlugin
2023-11-19 17:27:05,470 [INFO] PluginManager:220 - loadIPPluginJar : add gpio
2023-11-19 17:27:05,475 [INFO] IPUIPlugin:80 - create IPUIPlugin
2023-11-19 17:27:05,475 [INFO] PluginManager:220 - loadIPPluginJar : add gtzc
2023-11-19 17:27:05,480 [INFO] IPUIPlugin:80 - create IPUIPlugin
2023-11-19 17:27:05,480 [INFO] PluginManager:220 - loadIPPluginJar : add hash
2023-11-19 17:27:05,485 [INFO] IPUIPlugin:80 - create IPUIPlugin
2023-11-19 17:27:05,485 [INFO] PluginManager:220 - loadIPPluginJar : add i2c
2023-11-19 17:27:05,490 [INFO] IPUIPlugin:80 - create IPUIPlugin
2023-11-19 17:27:05,491 [INFO] PluginManager:220 - loadIPPluginJar : add i2s
2023-11-19 17:27:05,496 [INFO] IPUIPlugin:80 - create IPUIPlugin
2023-11-19 17:27:05,496 [INFO] PluginManager:220 - loadIPPluginJar : add i3c
2023-11-19 17:27:05,502 [INFO] IPUIPlugin:80 - create IPUIPlugin
2023-11-19 17:27:05,503 [INFO] PluginManager:220 - loadIPPluginJar : add ipddr
2023-11-19 17:27:05,514 [INFO] IPUIPlugin:80 - create IPUIPlugin
2023-11-19 17:27:05,514 [INFO] PluginManager:220 - loadIPPluginJar : add linkedlist
2023-11-19 17:27:05,519 [INFO] IPUIPlugin:80 - create IPUIPlugin
2023-11-19 17:27:05,520 [INFO] PluginManager:220 - loadIPPluginJar : add lorawan
2023-11-19 17:27:05,523 [INFO] IPUIPlugin:80 - create IPUIPlugin
2023-11-19 17:27:05,523 [INFO] PluginManager:220 - loadIPPluginJar : add ltdc
2023-11-19 17:27:05,535 [INFO] IPUIPlugin:80 - create IPUIPlugin
2023-11-19 17:27:05,535 [INFO] PluginManager:220 - loadIPPluginJar : add mdma
2023-11-19 17:27:05,542 [INFO] IPUIPlugin:80 - create IPUIPlugin
2023-11-19 17:27:05,542 [INFO] PluginManager:220 - loadIPPluginJar : add nvic
2023-11-19 17:27:05,547 [INFO] IPUIPlugin:80 - create IPUIPlugin
2023-11-19 17:27:05,548 [INFO] PluginManager:220 - loadIPPluginJar : add opamp
2023-11-19 17:27:05,553 [INFO] IPUIPlugin:80 - create IPUIPlugin
2023-11-19 17:27:05,553 [INFO] PluginManager:220 - loadIPPluginJar : add openamp
2023-11-19 17:27:05,559 [INFO] IPUIPlugin:80 - create IPUIPlugin
2023-11-19 17:27:05,559 [INFO] PluginManager:220 - loadIPPluginJar : add pdm2pcm
2023-11-19 17:27:05,570 [INFO] IPUIPlugin:80 - create IPUIPlugin
2023-11-19 17:27:05,574 [INFO] PluginManager:220 - loadIPPluginJar : add plateformsettings
2023-11-19 17:27:05,578 [INFO] IPUIPlugin:80 - create IPUIPlugin
2023-11-19 17:27:05,578 [INFO] PluginManager:220 - loadIPPluginJar : add quadspi
2023-11-19 17:27:05,586 [INFO] IPUIPlugin:80 - create IPUIPlugin
2023-11-19 17:27:05,586 [INFO] PluginManager:220 - loadIPPluginJar : add resmgrutility
2023-11-19 17:27:05,591 [INFO] IPUIPlugin:80 - create IPUIPlugin
2023-11-19 17:27:05,591 [INFO] PluginManager:220 - loadIPPluginJar : add sai
2023-11-19 17:27:05,597 [INFO] IPUIPlugin:80 - create IPUIPlugin
2023-11-19 17:27:05,597 [INFO] PluginManager:220 - loadIPPluginJar : add spi
2023-11-19 17:27:05,606 [INFO] IPUIPlugin:80 - create IPUIPlugin
2023-11-19 17:27:05,606 [INFO] PluginManager:220 - loadIPPluginJar : add stm32_wpan
2023-11-19 17:27:05,610 [INFO] IPUIPlugin:80 - create IPUIPlugin
2023-11-19 17:27:05,610 [INFO] PluginManager:220 - loadIPPluginJar : add tim
2023-11-19 17:27:05,616 [INFO] IPUIPlugin:80 - create IPUIPlugin
2023-11-19 17:27:05,616 [INFO] PluginManager:220 - loadIPPluginJar : add touchsensing
2023-11-19 17:27:05,620 [INFO] IPUIPlugin:80 - create IPUIPlugin
2023-11-19 17:27:05,621 [INFO] PluginManager:220 - loadIPPluginJar : add tracer_emb
2023-11-19 17:27:05,624 [INFO] IPUIPlugin:80 - create IPUIPlugin
2023-11-19 17:27:05,624 [INFO] PluginManager:220 - loadIPPluginJar : add ts
2023-11-19 17:27:05,628 [INFO] IPUIPlugin:80 - create IPUIPlugin
2023-11-19 17:27:05,628 [INFO] PluginManager:220 - loadIPPluginJar : add tsc
2023-11-19 17:27:05,632 [INFO] IPUIPlugin:80 - create IPUIPlugin
2023-11-19 17:27:05,632 [INFO] PluginManager:220 - loadIPPluginJar : add ucpd
2023-11-19 17:27:05,637 [INFO] IPUIPlugin:80 - create IPUIPlugin
2023-11-19 17:27:05,637 [INFO] PluginManager:220 - loadIPPluginJar : add usart
2023-11-19 17:27:05,642 [INFO] IPUIPlugin:80 - create IPUIPlugin
2023-11-19 17:27:05,643 [INFO] PluginManager:220 - loadIPPluginJar : add usbx
2023-11-19 17:27:05,800 [INFO] CADModel:165 - CPN selected for project level
2023-11-19 17:27:05,800 [INFO] CADModel:114 - Register for checkConnection events
2023-11-19 17:27:05,802 [FATAL] Updater:308 - Updater called before beeing initialized
2023-11-19 17:27:05,803 [ERROR] CADModel:125 - Updater not yet initialized, retry later 
2023-11-19 17:27:06,159 [INFO] CADModel:165 - CPN selected for project level
2023-11-19 17:27:06,159 [INFO] CADModel:114 - Register for checkConnection events
2023-11-19 17:27:06,159 [FATAL] Updater:308 - Updater called before beeing initialized
2023-11-19 17:27:06,159 [ERROR] CADModel:125 - Updater not yet initialized, retry later 
2023-11-19 17:27:06,166 [FATAL] Updater:308 - Updater called before beeing initialized
2023-11-19 17:27:06,415 [FATAL] Updater:308 - Updater called before beeing initialized
2023-11-19 17:27:06,441 [INFO] DbMcusAds:53 - JSON generation date=Tue Mar 07 09:50:55 CET 2023 (1678179055335)
2023-11-19 17:27:06,442 [FATAL] Updater:308 - Updater called before beeing initialized
2023-11-19 17:27:06,541 [WARN] DetailPanel:346 - Failed to get advertising image, set to default
2023-11-19 17:27:06,713 [FATAL] Updater:308 - Updater called before beeing initialized
2023-11-19 17:27:06,715 [FATAL] Updater:308 - Updater called before beeing initialized
2023-11-19 17:27:06,716 [FATAL] Updater:308 - Updater called before beeing initialized
2023-11-19 17:27:06,716 [WARN] DetailPanel:346 - Failed to get advertising image, set to default
2023-11-19 17:27:06,717 [FATAL] Updater:308 - Updater called before beeing initialized
2023-11-19 17:27:06,834 [ERROR] Updater:1120 - MainUpdater not yet initialized. External WinMGr cannot be set.
2023-11-19 17:27:06,852 [INFO] Updater:1056 - Updater Version found : 6.9.1
2023-11-19 17:27:07,184 [INFO] ApplicationProperties:184 - Using Application install path: C:\ST\STM32CubeIDE_1.13.1\STM32CubeIDE\plugins\com.st.stm32cube.common.mx_6.9.1.202307191849
2023-11-19 17:27:07,314 [INFO] ThirdPartyUpdaterWithRetryManager:70 - Updater plugin not ready yet. [2/15]
2023-11-19 17:27:08,827 [INFO] MainUpdater:2868 - connection check result : 10
2023-11-19 17:27:08,828 [INFO] MainUpdater:285 - Updater Check For Update Now.
2023-11-19 17:27:08,829 [INFO] MicroXplorer:498 - Change Database Version : DB.6.0.91
2023-11-19 17:27:08,841 [INFO] McuFinderGlobals:63 - Set McuFinder mode to 2 (CubeIDE integrated)
2023-11-19 17:27:09,076 [INFO] CheckServerUpdateThread:120 - End of CheckServer Thread
2023-11-19 17:27:10,660 [WARN] PackLoader:240 - Cannot read IP mode file for STMicroelectronics.X-CUBE-SMBUS.2.1.0
2023-11-19 17:27:10,728 [WARN] PackLoader:240 - Cannot read IP mode file for STMicroelectronics.X-CUBE-AZRTOS-F7.1.1.0
2023-11-19 17:27:10,754 [WARN] PackLoader:240 - Cannot read IP mode file for STMicroelectronics.FP-SNS-MOTENV1.4.3.2
2023-11-19 17:27:10,770 [WARN] PackLoader:240 - Cannot read IP mode file for STMicroelectronics.FP-SNS-FLIGHT1.5.0.2
2023-11-19 17:27:10,790 [WARN] PackLoader:240 - Cannot read IP mode file for STMicroelectronics.X-CUBE-DISPLAY.3.0.0
2023-11-19 17:27:10,815 [WARN] PackLoader:240 - Cannot read IP mode file for STMicroelectronics.X-CUBE-BLE1.7.0.0
2023-11-19 17:27:10,825 [WARN] PackLoader:240 - Cannot read IP mode file for emotas.I-CUBE-CANOPEN.1.3.0
2023-11-19 17:27:10,924 [WARN] PackLoader:240 - Cannot read IP mode file for STMicroelectronics.X-CUBE-TOUCHGFX.4.22.0
2023-11-19 17:27:10,929 [WARN] PackLoader:240 - Cannot read IP mode file for STMicroelectronics.X-CUBE-TOUCHGFX.4.22.1
2023-11-19 17:27:10,939 [WARN] PackLoader:240 - Cannot read IP mode file for STMicroelectronics.FP-SNS-SMARTAG2.1.2.0
2023-11-19 17:27:10,964 [INFO] LogOutputStream:77 - [STDOUT_REDIRECT] 1 : Invalid condition id : UX_CORESTACK_Condition cause : null
2023-11-19 17:27:10,965 [INFO] LogOutputStream:77 - [STDOUT_REDIRECT] 1 : Invalid condition id : UX_CORESTACK_Condition cause : null
2023-11-19 17:27:10,968 [INFO] LogOutputStream:77 - [STDOUT_REDIRECT] 1 : Invalid condition id : UX_CORESTACK_Condition cause : null
2023-11-19 17:27:10,971 [INFO] LogOutputStream:77 - [STDOUT_REDIRECT] 1 : Invalid condition id : UX_CORESTACK_Condition cause : null
2023-11-19 17:27:10,973 [INFO] LogOutputStream:77 - [STDOUT_REDIRECT] 1 : Invalid condition id : UX_CORESTACK_Condition cause : null
2023-11-19 17:27:10,980 [WARN] PackLoader:240 - Cannot read IP mode file for STMicroelectronics.X-CUBE-AZRTOS-WL.2.0.0
2023-11-19 17:27:11,037 [WARN] PackLoader:240 - Cannot read IP mode file for WES.I-CUBE-Cesium.1.3.0
2023-11-19 17:27:11,053 [WARN] PackLoader:240 - Cannot read IP mode file for STMicroelectronics.X-CUBE-BLE2.3.3.0
2023-11-19 17:27:11,073 [WARN] PackLoader:240 - Cannot read IP mode file for STMicroelectronics.X-CUBE-ALGOBUILD.1.3.0
2023-11-19 17:27:11,133 [WARN] PackLoader:240 - Cannot read IP mode file for STMicroelectronics.X-CUBE-AZRTOS-G0.1.1.0
2023-11-19 17:27:11,146 [WARN] PackLoader:240 - Cannot read IP mode file for STMicroelectronics.X-CUBE-NFC4.3.0.0
2023-11-19 17:27:11,168 [WARN] PackLoader:240 - Cannot read IP mode file for STMicroelectronics.X-CUBE-BLEMGR.3.0.0
2023-11-19 17:27:11,180 [WARN] PackLoader:240 - Cannot read IP mode file for STMicroelectronics.FP-ATR-SIGFOX1.3.2.0
2023-11-19 17:27:11,261 [WARN] PackLoader:240 - Cannot read IP mode file for SEGGER.I-CUBE-embOS.1.3.1
2023-11-19 17:27:11,366 [WARN] PackLoader:240 - Cannot read IP mode file for STMicroelectronics.X-CUBE-GNSS1.6.0.0
2023-11-19 17:27:11,404 [WARN] PackLoader:240 - Cannot read IP mode file for STMicroelectronics.X-CUBE-AZRTOS-F4.1.1.0
2023-11-19 17:27:11,416 [WARN] PackLoader:240 - Cannot read IP mode file for wolfSSL.I-CUBE-wolfSSL.5.6.3
2023-11-19 17:27:11,451 [WARN] PackLoader:240 - Cannot read IP mode file for STMicroelectronics.X-CUBE-AZRTOS-L5.2.0.0
2023-11-19 17:27:11,563 [WARN] PackLoader:240 - Cannot read IP mode file for STMicroelectronics.X-CUBE-MEMS1.9.6.0
2023-11-19 17:27:12,145 [WARN] PackLoader:240 - Cannot read IP mode file for STMicroelectronics.X-CUBE-EEPRMA1.4.2.0
2023-11-19 17:27:12,170 [WARN] PackLoader:240 - Cannot read IP mode file for ITTIA_DB.I-CUBE-ITTIADB.8.8.0
2023-11-19 17:27:12,232 [WARN] PackLoader:240 - Cannot read IP mode file for STMicroelectronics.X-CUBE-BLEMGR.2.0.0
2023-11-19 17:27:12,402 [WARN] ConditionMgr:438 - getConditionDescription Invalid condition id : UX DEVICE CLASS RTOS Condition cause : null
2023-11-19 17:27:12,404 [WARN] ConditionMgr:438 - getConditionDescription Invalid condition id : UX DEVICE CLASS RTOS Condition cause : null
2023-11-19 17:27:12,414 [WARN] PackLoader:240 - Cannot read IP mode file for STMicroelectronics.X-CUBE-AZRTOS-H7.3.1.0
2023-11-19 17:27:12,418 [WARN] ConditionMgr:1039 - genDependencies : Invalid condition id : UX DEVICE CLASS RTOS Condition cause : null
2023-11-19 17:27:12,418 [WARN] ConditionMgr:1039 - genDependencies : Invalid condition id : UX DEVICE CLASS RTOS Condition cause : null
2023-11-19 17:27:12,419 [WARN] ConditionMgr:1039 - genDependencies : Invalid condition id : UX DEVICE CLASS RTOS Condition cause : null
2023-11-19 17:27:12,419 [WARN] ConditionMgr:1039 - genDependencies : Invalid condition id : UX DEVICE CLASS RTOS Condition cause : null
2023-11-19 17:27:12,420 [WARN] ConditionMgr:1039 - genDependencies : Invalid condition id : UX DEVICE CLASS RTOS Condition cause : null
2023-11-19 17:27:12,443 [WARN] PackLoader:240 - Cannot read IP mode file for STMicroelectronics.X-CUBE-NFC7.1.0.1
2023-11-19 17:27:12,458 [WARN] PackLoader:240 - Cannot read IP mode file for STMicroelectronics.X-CUBE-NFC6.3.0.0
2023-11-19 17:27:12,482 [WARN] PackLoader:240 - Cannot read IP mode file for STMicroelectronics.X-CUBE-EEPRMA1.4.1.0
2023-11-19 17:27:12,490 [WARN] PackLoader:240 - Cannot read IP mode file for STMicroelectronics.X-CUBE-AI.8.1.0
2023-11-19 17:27:12,518 [WARN] ConditionMgr:438 - getConditionDescription Invalid condition id : LAN8742 Phy interface Condition cause : null
2023-11-19 17:27:12,519 [WARN] PackLoader:240 - Cannot read IP mode file for STMicroelectronics.X-CUBE-AZRTOS-L4.2.0.0
2023-11-19 17:27:12,521 [WARN] ConditionMgr:1039 - genDependencies : Invalid condition id : LAN8742 Phy interface Condition cause : null
2023-11-19 17:27:12,522 [WARN] ConditionMgr:1039 - genDependencies : Invalid condition id : LAN8742 Phy interface Condition cause : null
2023-11-19 17:27:12,523 [WARN] ConditionMgr:1039 - genDependencies : Invalid condition id : LAN8742 Phy interface Condition cause : null
2023-11-19 17:27:12,541 [WARN] PackLoader:240 - Cannot read IP mode file for STMicroelectronics.X-CUBE-SFXS2LP1.4.0.0
2023-11-19 17:27:12,563 [WARN] PackLoader:240 - Cannot read IP mode file for STMicroelectronics.X-CUBE-ISPU.1.1.0
2023-11-19 17:27:12,664 [WARN] ConditionMgr:438 - getConditionDescription Invalid condition id : UX DEVICE CLASS RTOS Condition cause : null
2023-11-19 17:27:12,682 [WARN] ConditionMgr:438 - getConditionDescription Invalid condition id : UX DEVICE CLASS RTOS Condition cause : null
2023-11-19 17:27:12,847 [WARN] PackLoader:240 - Cannot read IP mode file for STMicroelectronics.X-CUBE-AZRTOS-WB.2.0.0
2023-11-19 17:27:12,855 [WARN] ConditionMgr:1039 - genDependencies : Invalid condition id : UX DEVICE CLASS RTOS Condition cause : null
2023-11-19 17:27:12,855 [WARN] ConditionMgr:1039 - genDependencies : Invalid condition id : UX DEVICE CLASS RTOS Condition cause : null
2023-11-19 17:27:12,856 [WARN] ConditionMgr:1039 - genDependencies : Invalid condition id : UX DEVICE CLASS RTOS Condition cause : null
2023-11-19 17:27:12,856 [WARN] ConditionMgr:1039 - genDependencies : Invalid condition id : UX DEVICE CLASS RTOS Condition cause : null
2023-11-19 17:27:12,862 [WARN] ConditionMgr:1039 - genDependencies : Invalid condition id : UX DEVICE CLASS RTOS Condition cause : null
2023-11-19 17:27:12,881 [WARN] PackLoader:240 - Cannot read IP mode file for STMicroelectronics.X-CUBE-FREERTOS.1.0.1
2023-11-19 17:27:12,913 [WARN] PackLoader:240 - Cannot read IP mode file for STMicroelectronics.X-CUBE-SUBG2.5.0.0
2023-11-19 17:27:12,950 [WARN] PackLoader:240 - Cannot read IP mode file for STMicroelectronics.X-CUBE-TOF1.3.3.1
2023-11-19 17:27:13,005 [WARN] PackLoader:240 - Cannot read IP mode file for STMicroelectronics.X-CUBE-AZRTOS-G4.2.0.0
2023-11-19 17:27:13,028 [WARN] PackLoader:240 - Cannot read IP mode file for Infineon.AIROC-Wi-Fi-Bluetooth-STM32.1.5.1
2023-11-19 17:27:13,036 [WARN] PackLoader:240 - Cannot read IP mode file for STMicroelectronics.FP-SNS-MOTENVWB1.1.3.0
2023-11-19 17:27:13,099 [WARN] PackLoader:240 - Cannot read IP mode file for STMicroelectronics.X-CUBE-MEMS1.10.0.0
2023-11-19 17:27:13,372 [WARN] PackLoader:240 - Cannot read IP mode file for STMicroelectronics.X-CUBE-FREERTOS.1.1.0
2023-11-19 17:27:13,399 [WARN] PackLoader:240 - Cannot read IP mode file for portGmbH.I-Cube-SoM-uGOAL.1.1.0
2023-11-19 17:27:13,439 [WARN] PackLoader:240 - Cannot read IP mode file for STMicroelectronics.X-CUBE-ALS.1.0.1
2023-11-19 17:27:13,447 [WARN] PackLoader:240 - Cannot read IP mode file for STMicroelectronics.FP-ATR-ASTRA1.2.0.0
2023-11-19 17:27:13,451 [INFO] ThirdParty:978 - Integrity check success = true
2023-11-19 17:27:13,452 [INFO] IntegrityCheckThread:100 - exiting critical section [integrity check]
2023-11-19 17:27:13,453 [INFO] IntegrityCheckThread:103 - End integrity checks thread
2023-11-19 17:27:31,246 [ERROR] LogOutputStream:75 - [STDERR_REDIRECT] SLF4J: Failed to load class "org.slf4j.impl.StaticLoggerBinder".
2023-11-19 17:27:31,250 [ERROR] LogOutputStream:75 - [STDERR_REDIRECT] SLF4J: Defaulting to no-operation (NOP) logger implementation
2023-11-19 17:27:31,257 [ERROR] LogOutputStream:75 - [STDERR_REDIRECT] SLF4J: See http://www.slf4j.org/codes.html#StaticLoggerBinder for further details.
2023-11-19 17:32:27,383 [INFO] McuFinderGlobals:63 - Set McuFinder mode to 2 (CubeIDE integrated)
2023-11-19 17:32:27,409 [INFO] MainUpdater:2868 - connection check result : 10
2023-11-19 17:32:27,410 [INFO] MainUpdater:2868 - connection check result : 10
2023-11-19 17:32:27,609 [INFO] MicroXplorer:468 - Change Database Path : 
2023-11-19 17:32:27,610 [INFO] MicroXplorer:498 - Change Database Version : DB.6.0.91
2023-11-19 17:32:27,622 [WARN] ThirdParty:871 - waiting for thirdparty lock release [close project]
2023-11-19 17:32:27,622 [INFO] ThirdParty:873 - entering critical section [close project]
2023-11-19 17:32:27,628 [INFO] ThirdParty:883 - exiting critical section [close project]
2023-11-19 17:32:27,641 [INFO] PinOutPanel:1499 - setPackage(No Configuration,No Configuration)
2023-11-19 17:32:27,693 [INFO] UtilMem:75 - Begin LoadConfig() Used Memory: 683072120 Bytes (901775360)
2023-11-19 17:32:27,740 [INFO] MicroXplorer:468 - Change Database Path : C:/Users/Beispiel/.stm32cubemx/databases/DB.6.0.90/db/
2023-11-19 17:32:27,740 [INFO] MicroXplorer:498 - Change Database Version : DB.6.0.90
2023-11-19 17:32:29,551 [INFO] OpenFileManager:308 - Change cursor
2023-11-19 17:32:29,675 [INFO] Mcu:1946 - Initializing MCU STM32L073R(B-Z)Tx STM32L073RZTx STM32L073RZT6
2023-11-19 17:32:36,908 [INFO] Context:659 - Trying to add GPIOservice into a context  which must be forbidden
2023-11-19 17:32:37,956 [INFO] RtosManager:555 - Registered RTOS mode: class=CMSIS, group=RTOS, mode=CMSIS_V1, owner=FREERTOS
2023-11-19 17:32:37,956 [INFO] RtosManager:555 - Registered RTOS mode: class=CMSIS, group=RTOS2, mode=CMSIS_V2, owner=FREERTOS
2023-11-19 17:32:37,956 [INFO] RtosManager:555 - Registered RTOS mode: class=RTOS, group=Core, mode=CMSIS_V1, owner=FREERTOS
2023-11-19 17:32:37,957 [INFO] RtosManager:555 - Registered RTOS mode: class=RTOS, group=Core, mode=CMSIS_V2, owner=FREERTOS
2023-11-19 17:32:37,957 [WARN] ModelIntegratedComponent:184 - Missing modes for component STMicroelectronics:FreeRTOS:0.0.1:STMicroelectronics:RTOS:FreeRTOS:Core:::10.2.0:
2023-11-19 17:32:37,991 [WARN] ModelIntegratedComponent:63 - No mode defined for component null
2023-11-19 17:32:37,992 [WARN] ModelIntegratedComponent:63 - No mode defined for component null
2023-11-19 17:32:37,992 [WARN] ModelIntegratedComponent:63 - No mode defined for component null
2023-11-19 17:32:37,992 [WARN] ModelIntegratedComponent:63 - No mode defined for component null
2023-11-19 17:32:37,992 [WARN] ModelIntegratedComponent:63 - No mode defined for component null
2023-11-19 17:32:37,992 [WARN] ModelIntegratedComponent:63 - No mode defined for component null
2023-11-19 17:32:37,992 [WARN] ModelIntegratedComponent:63 - No mode defined for component null
2023-11-19 17:32:37,992 [WARN] ModelIntegratedComponent:63 - No mode defined for component null
2023-11-19 17:32:37,992 [WARN] ModelIntegratedComponent:63 - No mode defined for component null
2023-11-19 17:32:37,992 [WARN] ModelIntegratedComponent:63 - No mode defined for component null
2023-11-19 17:32:37,993 [WARN] ModelIntegratedComponent:63 - No mode defined for component null
2023-11-19 17:32:37,993 [WARN] ModelIntegratedComponent:63 - No mode defined for component null
2023-11-19 17:32:37,993 [WARN] ModelIntegratedComponent:63 - No mode defined for component null
2023-11-19 17:32:37,994 [WARN] ModelIntegratedComponent:63 - No mode defined for component null
2023-11-19 17:32:37,994 [WARN] ModelIntegratedComponent:63 - No mode defined for component null
2023-11-19 17:32:37,994 [WARN] ModelIntegratedComponent:63 - No mode defined for component null
2023-11-19 17:32:37,994 [WARN] ModelIntegratedComponent:63 - No mode defined for component null
2023-11-19 17:32:37,994 [WARN] ModelIntegratedComponent:63 - No mode defined for component null
2023-11-19 17:32:37,995 [WARN] ModelIntegratedComponent:63 - No mode defined for component null
2023-11-19 17:32:37,995 [WARN] ModelIntegratedComponent:63 - No mode defined for component null
2023-11-19 17:32:37,995 [WARN] ModelIntegratedComponent:63 - No mode defined for component null
2023-11-19 17:32:37,995 [WARN] ModelIntegratedComponent:63 - No mode defined for component null
2023-11-19 17:32:37,995 [WARN] ModelIntegratedComponent:63 - No mode defined for component null
2023-11-19 17:32:37,995 [WARN] ModelIntegratedComponent:63 - No mode defined for component null
2023-11-19 17:32:37,995 [WARN] ModelIntegratedComponent:63 - No mode defined for component null
2023-11-19 17:32:37,995 [WARN] ModelIntegratedComponent:63 - No mode defined for component null
2023-11-19 17:32:37,995 [WARN] ModelIntegratedComponent:63 - No mode defined for component null
2023-11-19 17:32:37,995 [WARN] ModelIntegratedComponent:63 - No mode defined for component null
2023-11-19 17:32:37,996 [WARN] ModelIntegratedComponent:63 - No mode defined for component null
2023-11-19 17:32:37,996 [WARN] ModelIntegratedComponent:63 - No mode defined for component null
2023-11-19 17:32:37,996 [WARN] ModelIntegratedComponent:63 - No mode defined for component null
2023-11-19 17:32:37,996 [WARN] ModelIntegratedComponent:63 - No mode defined for component null
2023-11-19 17:32:37,996 [WARN] ModelIntegratedComponent:63 - No mode defined for component null
2023-11-19 17:32:38,471 [INFO] ThirdPartyModel:298 - Start build external matchings
2023-11-19 17:32:39,536 [INFO] ThirdPartyModel:316 - End build external matchings
2023-11-19 17:32:39,573 [INFO] ImportTextPane:194 - (OptionalMessage_ERROR) IP (RCC) : Parameter (48USBFreq_Value) has invalid value (24000000)
2023-11-19 17:32:39,574 [INFO] ImportTextPane:194 - (OptionalMessage_ERROR) IP (RCC) : Invalid parameter (FamilyName)
2023-11-19 17:32:39,583 [INFO] ImportTextPane:194 - (OptionalMessage_ERROR) IP (RCC) : Parameter (RTCHSEDivFreq_Value) has invalid value (4000000)
2023-11-19 17:32:39,583 [INFO] ImportTextPane:194 - (OptionalMessage_ERROR) IP (RCC) : Invalid parameter (TIMFreq_Value)
2023-11-19 17:32:40,198 [INFO] UtilMem:75 - End LoadConfig() Used Memory: 491937544 Bytes (1047527424)
2023-11-19 17:32:40,614 [INFO] ApiDb:581 - Connected to CubeFinder SQLite database (C:\Users\Beispiel\.stmcufinder\plugins\mcufinder\mcu\cube-finder-db.db)
2023-11-19 17:32:49,282 [INFO] ApiDb:668 - CubeFinder database Data Model version=2.1
2023-11-19 17:32:49,282 [INFO] ApiDb:669 - CubeFinder database Configuration version=3.0.37
2023-11-19 17:32:49,283 [INFO] ApiDb:670 - CubeFinder database generation date=2023-10-13 (1697197505)
2023-11-19 17:32:49,283 [INFO] ApiDb:671 - CubeFinder database FW Pack versions=[FP-ATR-ASTRA1_V2.0.0, FP-SNS-FLIGHT1_V5.0.1, FP-SNS-FLIGHT1_V5.0.2, FP-SNS-MOTENV1_V4.3.1, FP-SNS-MOTENV1_V4.3.2, FP-SNS-SMARTAG2_V1.2.0, I-CUBE-ITTIADB_V8.6.3-1, STM32Cube_FW_C0_V1.1.0, STM32Cube_FW_F4_V1.27.1, STM32Cube_FW_F7_V1.17.0, STM32Cube_FW_G0_V1.6.1, STM32Cube_FW_G4_V1.5.1, STM32Cube_FW_H5_V0.5.1, STM32Cube_FW_H5_V1.1.1, STM32Cube_FW_H7_V1.11.0, STM32Cube_FW_L0_V1.12.2, STM32Cube_FW_L5_V1.5.0, STM32Cube_FW_U5_V1.3.0, STM32Cube_FW_U5_V1.3.0RC4, STM32Cube_FW_WBA_V1.0.0RC1, STM32Cube_FW_WBA_V1.1.0RC1, STM32Cube_FW_WBA_V1.1.1, STM32Cube_FW_WB_V1.15.0RC1, STM32Cube_FW_WB_V1.16.0, STM32Cube_FW_WB_V1.16.0RC2, STM32Cube_FW_WB_V1.17.3, STM32Cube_FW_WL_V1.3.0, X-CUBE-ALGOBUILD_V1.3.0, X-CUBE-ALS_V1.0.1, X-CUBE-AZRTOS-F4_V1.1.0, X-CUBE-AZRTOS-F7_V1.1.0, X-CUBE-AZRTOS-G0_V1.1.0, X-CUBE-AZRTOS-G4_V2.0.0, X-CUBE-AZRTOS-H7_V3.1.0, X-CUBE-AZRTOS-L4_V1.0.0, X-CUBE-AZRTOS-L4_V2.0.0, X-CUBE-AZRTOS-L5_V1.1.0, X-CUBE-AZRTOS-WB_V2.0.0, X-CUBE-AZRTOS-WL_V2.0.0, X-CUBE-BLE1_V7.0.0, X-CUBE-BLE2_V3.3.0, X-CUBE-BLEMGR_V2.0.0, X-CUBE-EEPRMA1_V4.1.0, X-CUBE-FREERTOS_V1.1.0, X-CUBE-GNSS1_V6.0.0, X-CUBE-MEMS1_V10.0.0, X-CUBE-MEMS1_V9.1.0, X-CUBE-MEMS1_V9.4.0, X-CUBE-MEMS1_V9.6.0, X-CUBE-NFC4_V3.0.0, X-CUBE-NFC7_V1.0.1, X-CUBE-SFXS2LP1_V4.0.0, X-CUBE-SUBG2_V5.0.0, X-CUBE-TOF1_V3.3.1]
2023-11-19 17:32:53,192 [INFO] ApiDb:240 - Found 323 in-development CPN: [B-G473E-ZEST1S, B-WB1M-WPAN1, B-WL5M-SUBG1, NUCLEO-C031C6, NUCLEO-H503RB, NUCLEO-H563ZI, NUCLEO-U545RE-Q, NUCLEO-U5A5ZJ-Q, NUCLEO-WBA52CG, STEVAL-PROTEUS1, STEVAL-SMARTAG2, STEVAL-STWINBX1, STM320518-EVAL, STM32C0116-DK, STM32C011D6Y3TR, STM32C011D6Y6TR, STM32C011F4P3, STM32C011F4P6, STM32C011F4U3, STM32C011F4U6TR, STM32C011F6P3, STM32C011F6P6, STM32C011F6U3, STM32C011F6U6TR, STM32C011J4M3, STM32C011J4M6, STM32C011J6M3, STM32C011J6M6, STM32C0316-DK, STM32C031C4T3, STM32C031C4T6, STM32C031C4U3, STM32C031C4U6, STM32C031C6T3, STM32C031C6T6, STM32C031C6U3, STM32C031C6U6, STM32C031F4P3, STM32C031F4P6, STM32C031F6P3, STM32C031F6P6, STM32C031G4U3, STM32C031G4U6, STM32C031G6U3, STM32C031G6U6, STM32C031K4T3, STM32C031K4T6, STM32C031K4U3, STM32C031K4U6, STM32C031K6T3, STM32C031K6T6, STM32C031K6U3, STM32C031K6U6, STM32G071K8TXN, STM32G071K8UXN, STM32G081GBU6N, STM32G081KBT6N, STM32G081KBUXN, STM32G0B1CCT6N, STM32G0B1KCT6, STM32G0B1NEY6TR, STM32G0B1RCT6N, STM32G0C1CCT6, STM32G0C1CCT6N, STM32G0C1CCU6N, STM32G0C1CET6N, STM32G0C1CEU6N, STM32G0C1KCT6, STM32G0C1NEY6TR, STM32G0C1RCI6N, STM32G0C1RCT6N, STM32G0C1REI6N, STM32G0C1RET6N, STM32G0C1VCI6, STM32G0C1VEI6, STM32G471CCT6, STM32G471CCU6, STM32G471CET3, STM32G471CET6, STM32G471CEU3, STM32G471CEU6, STM32G471MCT6, STM32G471MET3, STM32G471MET6, STM32G471MEY6TR, STM32G471QCT6, STM32G471QET3, STM32G471RCT6, STM32G471RET3, STM32G471RET6, STM32G471VCH6, STM32G471VCI6, STM32G471VCT6, STM32G471VEH3, STM32G471VEH6, STM32G471VEI3, STM32G471VEI6, STM32G471VET3, STM32G471VET6, STM32G474CCT6, STM32H503CBT6, STM32H503CBU6, STM32H503EBY6TR, STM32H503KBU6, STM32H503RBT6, STM32H562AGI6, STM32H562AII6, STM32H562IGK6, STM32H562IGT6, STM32H562IIK6, STM32H562IIT6, STM32H562RGT6, STM32H562RGV6, STM32H562RIT6, STM32H562RIV6, STM32H562VGT6, STM32H562VIT6, STM32H562ZGT6, STM32H562ZIT6, STM32H563AGI6, STM32H563AII3Q, STM32H563AII6, STM32H563IGK6, STM32H563IGT6, STM32H563IIK3Q, STM32H563IIK6, STM32H563IIT3Q, STM32H563IIT6, STM32H563MIY3QTR, STM32H563RGT6, STM32H563RGV6, STM32H563RIT6, STM32H563RIV6, STM32H563VGT6, STM32H563VIT3Q, STM32H563VIT6, STM32H563ZGT6, STM32H563ZIT3Q, STM32H563ZIT6, STM32H573AII3Q, STM32H573AII6, STM32H573I-DK, STM32H573IIK3Q, STM32H573IIK6, STM32H573IIT3Q, STM32H573IIT6, STM32H573MIY3QTR, STM32H573RIT6, STM32H573RIV6, STM32H573VIT3Q, STM32H573VIT6, STM32H573ZIT3Q, STM32H573ZIT6, STM32L4R5QGI6STR, STM32MP131AAE3, STM32MP131AAF3, STM32MP131AAG3, STM32MP131CAE3, STM32MP131CAF3, STM32MP131CAG3, STM32MP131DAE7, STM32MP131DAF7, STM32MP131DAG7, STM32MP131FAE7, STM32MP131FAF7, STM32MP131FAG7, STM32MP133AAE3, STM32MP133AAF3, STM32MP133AAG3, STM32MP133CAE3, STM32MP133CAF3, STM32MP133CAG3, STM32MP133DAE7, STM32MP133DAF7, STM32MP133DAG7, STM32MP133FAE7, STM32MP133FAF7, STM32MP133FAG7, STM32MP135AAE3, STM32MP135AAF3, STM32MP135AAG3, STM32MP135CAE3, STM32MP135CAF3, STM32MP135CAG3, STM32MP135DAE7, STM32MP135DAF7, STM32MP135DAG7, STM32MP135F-DK, STM32MP135FAE7, STM32MP135FAF7, STM32MP135FAF7T, STM32MP135FAF7U, STM32MP135FAG7, STM32U535CBT6, STM32U535CBT6Q, STM32U535CBU6, STM32U535CBU6Q, STM32U535CCT6, STM32U535CCT6Q, STM32U535CCU6, STM32U535CCU6Q, STM32U535CET6, STM32U535CET6Q, STM32U535CEU6, STM32U535CEU6Q, STM32U535JEY6QTR, STM32U535NCY6QTR, STM32U535NEY6QTR, STM32U535RBI6, STM32U535RBI6Q, STM32U535RBT6, STM32U535RBT6Q, STM32U535RCI6, STM32U535RCI6Q, STM32U535RCT6, STM32U535RCT6Q, STM32U535REI6, STM32U535REI6Q, STM32U535RET6, STM32U535RET6Q, STM32U535VCI6, STM32U535VCI6Q, STM32U535VCT6, STM32U535VCT6Q, STM32U535VEI6, STM32U535VEI6Q, STM32U535VET6, STM32U535VET6Q, STM32U545CET6, STM32U545CET6Q, STM32U545CEU6, STM32U545CEU6Q, STM32U545JEY6QTR, STM32U545NEY6QTR, STM32U545REI6, STM32U545REI6Q, STM32U545RET6, STM32U545RET6Q, STM32U545VEI6, STM32U545VEI6Q, STM32U545VET6, STM32U545VET6Q, STM32U595AIH6, STM32U595AIH6Q, STM32U595AJH6, STM32U595AJH6Q, STM32U595QII6, STM32U595QII6Q, STM32U595QJI6, STM32U595QJI6Q, STM32U595RIT6, STM32U595RIT6Q, STM32U595RJT6, STM32U595RJT6Q, STM32U595VIT6, STM32U595VIT6Q, STM32U595VJT6, STM32U595VJT6Q, STM32U595ZIT6, STM32U595ZIT6Q, STM32U595ZIY6QTR, STM32U595ZJT6, STM32U595ZJT6Q, STM32U595ZJY6QTR, STM32U599BJY6QTR, STM32U599NIH6Q, STM32U599NJH6Q, STM32U599VIT6Q, STM32U599VJT6, STM32U599VJT6Q, STM32U599ZIT6Q, STM32U599ZIY6QTR, STM32U599ZJT6Q, STM32U599ZJY6QTR, STM32U5A5AJH6, STM32U5A5AJH6Q, STM32U5A5QJI6, STM32U5A5QJI6Q, STM32U5A5RJT6, STM32U5A5RJT6Q, STM32U5A5VJT6, STM32U5A5VJT6Q, STM32U5A5ZJT6, STM32U5A5ZJT6Q, STM32U5A5ZJY6QTR, STM32U5A9BJY6QTR, STM32U5A9J-DK, STM32U5A9NJH6Q, STM32U5A9VJT6Q, STM32U5A9ZJT6Q, STM32U5A9ZJY6QTR, STM32U5F7VIT6, STM32U5F7VIT6Q, STM32U5F7VJT6, STM32U5F7VJT6Q, STM32U5F9BJY6QTR, STM32U5F9NJH6Q, STM32U5F9VIT6Q, STM32U5F9VJT6Q, STM32U5F9ZIJ6QTR, STM32U5F9ZIT6Q, STM32U5F9ZJJ6QTR, STM32U5F9ZJT6Q, STM32U5G7VJT6, STM32U5G7VJT6Q, STM32U5G9BJY6QTR, STM32U5G9J-DK1, STM32U5G9J-DK2, STM32U5G9NJH6Q, STM32U5G9VJT6Q, STM32U5G9ZJJ6QTR, STM32U5G9ZJT6Q, STM32WB1MMCH6, STM32WBA52CEU6, STM32WBA52CEU6T, STM32WBA52CGU6, STM32WBA52CGU6T, STM32WBA52KEU6, STM32WBA52KEU6T, STM32WBA52KGU6, STM32WBA52KGU6T, STM32WL5MOCH6, STM32WL5MOCH6TR]
2023-11-19 17:32:53,198 [INFO] DbMcus:217 - Found 3848 MCUs, 3848 are supported
2023-11-19 17:32:53,200 [INFO] ApiDb:423 - Load user favorites file C:\Users\Beispiel/.stm32cubeide/favorites.mcus.txt: 0 item(s)
2023-11-19 17:32:53,200 [INFO] ApiDb:427 - User favorites MCUs=[]
2023-11-19 17:32:53,200 [INFO] DbMcus:223 - Set 0 / 0 favorites MCUs
2023-11-19 17:32:54,121 [WARN] ThirdParty:833 - waiting for thirdparty lock release [change project]
2023-11-19 17:32:54,121 [INFO] ThirdParty:835 - entering critical section [change project]
2023-11-19 17:32:54,121 [INFO] ThirdParty:1030 - CMSIS Pack Vendor :STMicroelectronics X-CUBE-ISPU 1.1.0
2023-11-19 17:32:54,121 [INFO] ThirdParty:1030 - CMSIS Pack Vendor :STMicroelectronics USBPD 4.1
2023-11-19 17:32:54,121 [INFO] ThirdParty:1030 - CMSIS Pack Vendor :STMicroelectronics X-CUBE-GNSS1 6.0.0
2023-11-19 17:32:54,122 [INFO] ThirdParty:1030 - CMSIS Pack Vendor :STMicroelectronics USB_HOST 2.0.0
2023-11-19 17:32:54,122 [INFO] ThirdParty:1030 - CMSIS Pack Vendor :STMicroelectronics X-CUBE-AZRTOS-F4 1.1.0
2023-11-19 17:32:54,122 [INFO] ThirdParty:1030 - CMSIS Pack Vendor :STMicroelectronics LIBJPEG 8.0.0
2023-11-19 17:32:54,122 [INFO] ThirdParty:1030 - CMSIS Pack Vendor :wolfSSL I-CUBE-wolfSSL 5.6.3
2023-11-19 17:32:54,122 [INFO] ThirdParty:1030 - CMSIS Pack Vendor :STMicroelectronics X-CUBE-SMBUS 2.1.0
2023-11-19 17:32:54,122 [INFO] ThirdParty:1030 - CMSIS Pack Vendor :STMicroelectronics USB_DEVICE 3.0.0
2023-11-19 17:32:54,122 [INFO] ThirdParty:1030 - CMSIS Pack Vendor :STMicroelectronics X-CUBE-AZRTOS-WB 2.0.0
2023-11-19 17:32:54,122 [INFO] ThirdParty:1030 - CMSIS Pack Vendor :STMicroelectronics X-CUBE-FREERTOS 1.0.1
2023-11-19 17:32:54,122 [INFO] ThirdParty:1030 - CMSIS Pack Vendor :STMicroelectronics X-CUBE-AZRTOS-F7 1.1.0
2023-11-19 17:32:54,122 [INFO] ThirdParty:1030 - CMSIS Pack Vendor :STMicroelectronics X-CUBE-AZRTOS-L5 2.0.0
2023-11-19 17:32:54,122 [INFO] ThirdParty:1030 - CMSIS Pack Vendor :STMicroelectronics USB_DEVICE 2.0.0
2023-11-19 17:32:54,122 [INFO] ThirdParty:1030 - CMSIS Pack Vendor :STMicroelectronics X-CUBE-MEMS1 9.6.0
2023-11-19 17:32:54,122 [INFO] ThirdParty:1030 - CMSIS Pack Vendor :STMicroelectronics X-CUBE-EEPRMA1 4.2.0
2023-11-19 17:32:54,122 [INFO] ThirdParty:1030 - CMSIS Pack Vendor :ITTIA_DB I-CUBE-ITTIADB 8.8.0
2023-11-19 17:32:54,122 [INFO] ThirdParty:1030 - CMSIS Pack Vendor :STMicroelectronics FP-SNS-MOTENV1 4.3.2
2023-11-19 17:32:54,122 [INFO] ThirdParty:1030 - CMSIS Pack Vendor :STMicroelectronics X-CUBE-ALGOBUILD 1.3.0
2023-11-19 17:32:54,123 [INFO] ThirdParty:1030 - CMSIS Pack Vendor :STMicroelectronics FreeRTOS 0.0.1
2023-11-19 17:32:54,123 [INFO] ThirdParty:1030 - CMSIS Pack Vendor :STMicroelectronics X-CUBE-AZRTOS-G0 1.1.0
2023-11-19 17:32:54,123 [INFO] ThirdParty:1030 - CMSIS Pack Vendor :STMicroelectronics X-CUBE-BLEMGR 2.0.0
2023-11-19 17:32:54,123 [INFO] ThirdParty:1030 - CMSIS Pack Vendor :STMicroelectronics X-CUBE-NFC4 3.0.0
2023-11-19 17:32:54,123 [INFO] ThirdParty:1030 - CMSIS Pack Vendor :STMicroelectronics X-CUBE-SUBG2 5.0.0
2023-11-19 17:32:54,123 [INFO] ThirdParty:1030 - CMSIS Pack Vendor :STMicroelectronics STM32_WPAN 1.0.0
2023-11-19 17:32:54,123 [INFO] ThirdParty:1030 - CMSIS Pack Vendor :STMicroelectronics lwIP 2.0.3
2023-11-19 17:32:54,123 [INFO] ThirdParty:1030 - CMSIS Pack Vendor :STMicroelectronics FP-SNS-FLIGHT1 5.0.2
2023-11-19 17:32:54,123 [INFO] ThirdParty:1030 - CMSIS Pack Vendor :STMicroelectronics USB_HOST 1.0.0
2023-11-19 17:32:54,123 [INFO] ThirdParty:1030 - CMSIS Pack Vendor :STMicroelectronics X-CUBE-TOF1 3.3.1
2023-11-19 17:32:54,123 [INFO] ThirdParty:1030 - CMSIS Pack Vendor :STMicroelectronics X-CUBE-AZRTOS-G4 2.0.0
2023-11-19 17:32:54,123 [INFO] ThirdParty:1030 - CMSIS Pack Vendor :STMicroelectronics PDM2PCM 3.1.0
2023-11-19 17:32:54,123 [INFO] ThirdParty:1030 - CMSIS Pack Vendor :STMicroelectronics X-CUBE-AZRTOS-H7 3.1.0
2023-11-19 17:32:54,123 [INFO] ThirdParty:1030 - CMSIS Pack Vendor :Infineon AIROC-Wi-Fi-Bluetooth-STM32 1.5.1
2023-11-19 17:32:54,123 [INFO] ThirdParty:1030 - CMSIS Pack Vendor :STMicroelectronics X-CUBE-BLEMGR 3.0.0
2023-11-19 17:32:54,123 [INFO] ThirdParty:1030 - CMSIS Pack Vendor :STMicroelectronics PDM2PCM 3.3.0
2023-11-19 17:32:54,123 [INFO] ThirdParty:1030 - CMSIS Pack Vendor :STMicroelectronics X-CUBE-DISPLAY 3.0.0
2023-11-19 17:32:54,123 [INFO] ThirdParty:1030 - CMSIS Pack Vendor :STMicroelectronics FP-SNS-MOTENVWB1 1.3.0
2023-11-19 17:32:54,124 [INFO] ThirdParty:1030 - CMSIS Pack Vendor :STMicroelectronics X-CUBE-BLE1 7.0.0
2023-11-19 17:32:54,124 [INFO] ThirdParty:1030 - CMSIS Pack Vendor :STMicroelectronics FP-ATR-SIGFOX1 3.2.0
2023-11-19 17:32:54,124 [INFO] ThirdParty:1030 - CMSIS Pack Vendor :STMicroelectronics HAL Drivers 0.0.0
2023-11-19 17:32:54,124 [INFO] ThirdParty:1030 - CMSIS Pack Vendor :STMicroelectronics MBEDTLS 2.16.2
2023-11-19 17:32:54,124 [INFO] ThirdParty:1030 - CMSIS Pack Vendor :emotas I-CUBE-CANOPEN 1.3.0
2023-11-19 17:32:54,124 [INFO] ThirdParty:1030 - CMSIS Pack Vendor :STMicroelectronics X-CUBE-MEMS1 10.0.0
2023-11-19 17:32:54,124 [INFO] ThirdParty:1030 - CMSIS Pack Vendor :STMicroelectronics X-CUBE-FREERTOS 1.1.0
2023-11-19 17:32:54,124 [INFO] ThirdParty:1030 - CMSIS Pack Vendor :STMicroelectronics X-CUBE-TOUCHGFX 4.22.0
2023-11-19 17:32:54,124 [INFO] ThirdParty:1030 - CMSIS Pack Vendor :STMicroelectronics X-CUBE-NFC7 1.0.1
2023-11-19 17:32:54,124 [INFO] ThirdParty:1030 - CMSIS Pack Vendor :STMicroelectronics MBEDTLS 2.14.1
2023-11-19 17:32:54,124 [INFO] ThirdParty:1030 - CMSIS Pack Vendor :STMicroelectronics X-CUBE-TOUCHGFX 4.22.1
2023-11-19 17:32:54,124 [INFO] ThirdParty:1030 - CMSIS Pack Vendor :STMicroelectronics X-CUBE-NFC6 3.0.0
2023-11-19 17:32:54,124 [INFO] ThirdParty:1030 - CMSIS Pack Vendor :STMicroelectronics X-CUBE-EEPRMA1 4.1.0
2023-11-19 17:32:54,125 [INFO] ThirdParty:1030 - CMSIS Pack Vendor :portGmbH I-Cube-SoM-uGOAL 1.1.0
2023-11-19 17:32:54,125 [INFO] ThirdParty:1030 - CMSIS Pack Vendor :STMicroelectronics X-CUBE-ALS 1.0.1
2023-11-19 17:32:54,125 [INFO] ThirdParty:1030 - CMSIS Pack Vendor :STMicroelectronics ThreadX 1.0.0
2023-11-19 17:32:54,125 [INFO] ThirdParty:1030 - CMSIS Pack Vendor :STMicroelectronics FP-SNS-SMARTAG2 1.2.0
2023-11-19 17:32:54,125 [INFO] ThirdParty:1030 - CMSIS Pack Vendor :STMicroelectronics X-CUBE-AZRTOS-WL 2.0.0
2023-11-19 17:32:54,125 [INFO] ThirdParty:1030 - CMSIS Pack Vendor :SEGGER I-CUBE-embOS 1.3.1
2023-11-19 17:32:54,125 [INFO] ThirdParty:1030 - CMSIS Pack Vendor :STMicroelectronics USB_DEVICE 1.0.0
2023-11-19 17:32:54,125 [INFO] ThirdParty:1030 - CMSIS Pack Vendor :STMicroelectronics X-CUBE-AI 8.1.0
2023-11-19 17:32:54,125 [INFO] ThirdParty:1030 - CMSIS Pack Vendor :STMicroelectronics X-CUBE-AZRTOS-L4 2.0.0
2023-11-19 17:32:54,125 [INFO] ThirdParty:1030 - CMSIS Pack Vendor :STMicroelectronics ThreadX 0.0.2
2023-11-19 17:32:54,125 [INFO] ThirdParty:1030 - CMSIS Pack Vendor :WES I-CUBE-Cesium 1.3.0
2023-11-19 17:32:54,125 [INFO] ThirdParty:1030 - CMSIS Pack Vendor :STMicroelectronics FP-ATR-ASTRA1 2.0.0
2023-11-19 17:32:54,125 [INFO] ThirdParty:1030 - CMSIS Pack Vendor :STMicroelectronics lwIP 2.1.2
2023-11-19 17:32:54,125 [INFO] ThirdParty:1030 - CMSIS Pack Vendor :STMicroelectronics X-CUBE-SFXS2LP1 4.0.0
2023-11-19 17:32:54,125 [INFO] ThirdParty:1030 - CMSIS Pack Vendor :STMicroelectronics X-CUBE-BLE2 3.3.0
2023-11-19 17:32:54,125 [INFO] ThirdParty:1030 - CMSIS Pack Vendor :STMicroelectronics PDM2PCM 3.2.0
2023-11-19 17:32:54,125 [INFO] ThirdParty:841 - exiting critical section [change project]
2023-11-19 17:32:54,849 [INFO] PinOutPanel:1499 - setPackage(No Configuration,No Configuration)
2023-11-19 17:32:54,856 [INFO] PinOutPanel:1499 - setPackage(STM32L073RZTx,LQFP64)
2023-11-19 17:32:55,664 [INFO] UtilMem:75 - Before build in PCC Used Memory: 775997440 Bytes (1047527424)
2023-11-19 17:32:57,013 [INFO] UtilMem:75 - After build in PCC Used Memory: 868924496 Bytes (1047527424)
2023-11-19 17:32:57,119 [INFO] IPUIPlugin:80 - create IPUIPlugin
2023-11-19 17:32:57,119 [INFO] IPUIPlugin:80 - create IPUIPlugin
2023-11-19 17:32:57,120 [INFO] IPUIPlugin:80 - create IPUIPlugin
2023-11-19 17:32:57,122 [INFO] IPUIPlugin:80 - create IPUIPlugin
2023-11-19 17:32:57,123 [INFO] IPUIPlugin:80 - create IPUIPlugin
2023-11-19 17:32:57,124 [INFO] IPUIPlugin:80 - create IPUIPlugin
2023-11-19 17:32:57,125 [INFO] IPUIPlugin:80 - create IPUIPlugin
2023-11-19 17:32:57,127 [INFO] IPUIPlugin:80 - create IPUIPlugin
2023-11-19 17:32:57,128 [INFO] IPUIPlugin:80 - create IPUIPlugin
2023-11-19 17:32:57,129 [INFO] IPUIPlugin:80 - create IPUIPlugin
2023-11-19 17:32:57,130 [INFO] IPUIPlugin:80 - create IPUIPlugin
2023-11-19 17:32:57,131 [INFO] IPUIPlugin:80 - create IPUIPlugin
2023-11-19 17:32:57,131 [INFO] IPUIPlugin:80 - create IPUIPlugin
2023-11-19 17:32:57,133 [INFO] IPUIPlugin:80 - create IPUIPlugin
2023-11-19 17:32:57,134 [INFO] IPUIPlugin:80 - create IPUIPlugin
2023-11-19 17:32:57,136 [INFO] IPUIPlugin:80 - create IPUIPlugin
2023-11-19 17:32:57,138 [INFO] IPUIPlugin:80 - create IPUIPlugin
2023-11-19 17:32:57,141 [INFO] IPUIPlugin:80 - create IPUIPlugin
2023-11-19 17:32:57,143 [INFO] IPUIPlugin:80 - create IPUIPlugin
2023-11-19 17:32:57,144 [INFO] IPUIPlugin:80 - create IPUIPlugin
2023-11-19 17:32:57,149 [INFO] IPUIPlugin:80 - create IPUIPlugin
2023-11-19 17:32:57,150 [INFO] IPUIPlugin:80 - create IPUIPlugin
2023-11-19 17:32:57,157 [INFO] IPUIPlugin:80 - create IPUIPlugin
2023-11-19 17:32:57,159 [INFO] IPUIPlugin:80 - create IPUIPlugin
2023-11-19 17:32:57,165 [INFO] IPUIPlugin:80 - create IPUIPlugin
2023-11-19 17:32:57,173 [INFO] IPUIPlugin:80 - create IPUIPlugin
2023-11-19 17:32:57,178 [INFO] IPUIPlugin:80 - create IPUIPlugin
2023-11-19 17:32:57,187 [INFO] IPUIPlugin:80 - create IPUIPlugin
2023-11-19 17:32:57,195 [INFO] IPUIPlugin:80 - create IPUIPlugin
2023-11-19 17:32:57,203 [INFO] IPUIPlugin:80 - create IPUIPlugin
2023-11-19 17:32:57,219 [INFO] IPUIPlugin:80 - create IPUIPlugin
2023-11-19 17:32:57,221 [INFO] IPUIPlugin:80 - create IPUIPlugin
2023-11-19 17:32:57,224 [INFO] IPUIPlugin:80 - create IPUIPlugin
2023-11-19 17:32:57,226 [INFO] IPUIPlugin:80 - create IPUIPlugin
2023-11-19 17:32:57,232 [INFO] IPUIPlugin:80 - create IPUIPlugin
2023-11-19 17:32:57,237 [INFO] IPUIPlugin:80 - create IPUIPlugin
2023-11-19 17:32:57,242 [INFO] IPUIPlugin:80 - create IPUIPlugin
2023-11-19 17:32:57,247 [INFO] IPUIPlugin:80 - create IPUIPlugin
2023-11-19 17:32:57,250 [INFO] IPUIPlugin:80 - create IPUIPlugin
2023-11-19 17:32:59,071 [INFO] CADModel:165 - CPN selected for project levelSTM32L073RZT6
2023-11-19 17:32:59,071 [INFO] CADModel:114 - Register for checkConnection events
2023-11-19 17:32:59,137 [INFO] OpenFileManager:328 - Restore cursor
2023-11-19 17:33:22,520 [INFO] Gpio:273 - dependency for GPIO [I2C1, RCC, SYS, USART1]
2023-11-19 17:33:43,714 [INFO] UtilMem:75 - End SaveConfig() Used Memory: 912162280 Bytes (1047527424)
2023-11-19 17:33:45,843 [INFO] UtilMem:75 - End SaveConfig() Used Memory: 572720776 Bytes (1047527424)
2023-11-19 17:33:53,924 [INFO] UtilMem:75 - End SaveConfig() Used Memory: 642604944 Bytes (1047527424)
2023-11-19 17:33:54,854 [INFO] BlockDiagram:2759 - set Specific Code input for plugin: NVIC
2023-11-19 17:33:54,854 [INFO] BlockDiagram:2759 - set Specific Code input for plugin: USART
2023-11-19 17:33:54,854 [INFO] BlockDiagram:2759 - set Specific Code input for plugin: SYS
2023-11-19 17:33:54,855 [INFO] BlockDiagram:2759 - set Specific Code input for plugin: GPIO
2023-11-19 17:33:54,855 [INFO] BlockDiagram:2759 - set Specific Code input for plugin: RCC
2023-11-19 17:33:54,855 [INFO] BlockDiagram:2759 - set Specific Code input for plugin: I2C
2023-11-19 17:33:54,857 [INFO] CodeGenerator:799 - code generatio: config db path: C:/Users/Beispiel/.stm32cubemx/databases/DB.6.0.90/db/
2023-11-19 17:33:55,559 [INFO] CodeEngine:255 - oldGeneratedFile, C:\Users\Beispiel\Desktop\Team_Projekt\MXTmpFiles\license.tmp_save
2023-11-19 17:33:58,880 [INFO] CodeEngine:279 - Generated code: C:\Users\Beispiel\Desktop\Team_Projekt\MXTmpFiles\license.tmp
2023-11-19 17:34:04,898 [INFO] CodeEngine:255 - oldGeneratedFile, C:\Users\Beispiel\Desktop\Team_Projekt\MXTmpFiles\gpio.tmp_save
2023-11-19 17:34:05,267 [INFO] CodeEngine:279 - Generated code: C:\Users\Beispiel\Desktop\Team_Projekt\MXTmpFiles\gpio.tmp
2023-11-19 17:34:05,652 [INFO] CodeEngine:255 - oldGeneratedFile, C:\Users\Beispiel\Desktop\Team_Projekt\Core\Src\stm32l0xx_it.c_save
2023-11-19 17:34:05,936 [INFO] CodeEngine:279 - Generated code: C:\Users\Beispiel\Desktop\Team_Projekt\Core\Src\stm32l0xx_it.c
2023-11-19 17:34:06,018 [INFO] CodeEngine:255 - oldGeneratedFile, C:\Users\Beispiel\Desktop\Team_Projekt\Core\Inc\stm32l0xx_it.h_save
2023-11-19 17:34:06,169 [INFO] CodeEngine:279 - Generated code: C:\Users\Beispiel\Desktop\Team_Projekt\Core\Inc\stm32l0xx_it.h
2023-11-19 17:34:06,226 [INFO] CodeEngine:255 - oldGeneratedFile, C:\Users\Beispiel\Desktop\Team_Projekt\Core\Src\stm32l0xx_hal_msp.c_save
2023-11-19 17:34:06,473 [INFO] CodeEngine:279 - Generated code: C:\Users\Beispiel\Desktop\Team_Projekt\Core\Src\stm32l0xx_hal_msp.c
2023-11-19 17:34:06,490 [INFO] CodeEngine:255 - oldGeneratedFile, C:\Users\Beispiel\Desktop\Team_Projekt\MXTmpFiles\system.tmp_save
2023-11-19 17:34:07,038 [INFO] CodeEngine:279 - Generated code: C:\Users\Beispiel\Desktop\Team_Projekt\MXTmpFiles\system.tmp
2023-11-19 17:34:07,092 [INFO] CodeEngine:311 - oldGeneratedFile, C:\Users\Beispiel\Desktop\Team_Projekt\Core\Inc\stm32l0xx_hal_conf.h_save
2023-11-19 17:34:07,315 [INFO] CodeEngine:335 - Generated code: C:\Users\Beispiel\Desktop\Team_Projekt\Core\Inc\stm32l0xx_hal_conf.h
2023-11-19 17:34:07,466 [INFO] CodeEngine:255 - oldGeneratedFile, C:\Users\Beispiel\Desktop\Team_Projekt\Core\Inc\main.h_save
2023-11-19 17:34:07,689 [INFO] CodeEngine:279 - Generated code: C:\Users\Beispiel\Desktop\Team_Projekt\Core\Inc\main.h
2023-11-19 17:34:07,721 [INFO] CodeEngine:255 - oldGeneratedFile, C:\Users\Beispiel\Desktop\Team_Projekt\Core\Src\main.c_save
2023-11-19 17:34:08,069 [INFO] CodeEngine:279 - Generated code: C:\Users\Beispiel\Desktop\Team_Projekt\Core\Src\main.c
2023-11-19 17:34:09,608 [INFO] ProjectBuilder:3064 - Time for Copy HAL[1] : 556mS.
2023-11-19 17:34:09,622 [INFO] ProjectBuilder:4404 - Project Generator version: 4.1.0
2023-11-19 17:34:10,791 [INFO] ConfigFileManager:1457 - The Die is : DIE447
2023-11-19 17:34:11,002 [INFO] ApiDbMcu:507 - Load IP Config File for FATFS
2023-11-19 17:34:11,100 [INFO] ApiDbMcu:507 - Load IP Config File for FREERTOS
2023-11-19 17:34:11,150 [INFO] ApiDbMcu:507 - Load IP Config File for TOUCHSENSING
2023-11-19 17:34:11,175 [INFO] ApiDbMcu:507 - Load IP Config File for USB_DEVICE
2023-11-19 17:34:18,410 [INFO] LogOutputStream:77 - [STDOUT_REDIRECT] 
2023-11-19 17:34:23,331 [INFO] ProjectBuilder:4626 - Time for Generating toolchain IDE Files: 13708mS.
2023-11-19 17:34:23,332 [INFO] ProjectBuilder:2935 - Time for Copy CMSIS : 1mS.
2023-11-19 17:34:23,335 [INFO] ProjectBuilder:2935 - Time for Copy CMSIS : 0mS.
2023-11-19 19:13:46,921 [INFO] MainUpdater:2868 - connection check result : 10
2023-11-19 19:13:46,923 [INFO] MainUpdater:2868 - connection check result : 10
2023-11-19 19:13:47,156 [INFO] I2cTimingTraitement:330 - 0x00303D5B
2023-11-19 19:13:47,188 [INFO] MicroXplorer:468 - Change Database Path : 
2023-11-19 19:13:47,188 [INFO] MicroXplorer:498 - Change Database Version : DB.6.0.91
2023-11-19 19:13:47,369 [WARN] ThirdParty:871 - waiting for thirdparty lock release [close project]
2023-11-19 19:13:47,370 [INFO] ThirdParty:873 - entering critical section [close project]
2023-11-19 19:13:47,370 [INFO] ThirdParty:883 - exiting critical section [close project]
2023-11-19 19:13:47,376 [INFO] PinOutPanel:1499 - setPackage(No Configuration,No Configuration)
2023-11-19 19:13:47,414 [INFO] UtilMem:75 - Begin LoadConfig() Used Memory: 791591856 Bytes (1073741824)
2023-11-19 19:13:47,461 [INFO] MicroXplorer:468 - Change Database Path : C:/Users/Beispiel/.stm32cubemx/databases/DB.6.0.90/db/
2023-11-19 19:13:47,462 [INFO] MicroXplorer:498 - Change Database Version : DB.6.0.90
2023-11-19 19:13:49,309 [INFO] OpenFileManager:308 - Change cursor
2023-11-19 19:13:49,384 [INFO] RulesReader:64 - Compatibility file has been processed (293 Rules)
2023-11-19 19:13:49,426 [INFO] Mcu:1946 - Initializing MCU STM32L073R(B-Z)Tx STM32L073RZTx STM32L073RZT6
2023-11-19 19:13:51,446 [INFO] Context:659 - Trying to add GPIOservice into a context  which must be forbidden
2023-11-19 19:13:52,202 [INFO] RtosManager:555 - Registered RTOS mode: class=CMSIS, group=RTOS, mode=CMSIS_V1, owner=FREERTOS
2023-11-19 19:13:52,202 [INFO] RtosManager:555 - Registered RTOS mode: class=CMSIS, group=RTOS2, mode=CMSIS_V2, owner=FREERTOS
2023-11-19 19:13:52,203 [INFO] RtosManager:555 - Registered RTOS mode: class=RTOS, group=Core, mode=CMSIS_V1, owner=FREERTOS
2023-11-19 19:13:52,203 [INFO] RtosManager:555 - Registered RTOS mode: class=RTOS, group=Core, mode=CMSIS_V2, owner=FREERTOS
2023-11-19 19:13:52,203 [WARN] ModelIntegratedComponent:184 - Missing modes for component STMicroelectronics:FreeRTOS:0.0.1:STMicroelectronics:RTOS:FreeRTOS:Core:::10.2.0:
2023-11-19 19:13:52,228 [WARN] ModelIntegratedComponent:63 - No mode defined for component null
2023-11-19 19:13:52,228 [WARN] ModelIntegratedComponent:63 - No mode defined for component null
2023-11-19 19:13:52,228 [WARN] ModelIntegratedComponent:63 - No mode defined for component null
2023-11-19 19:13:52,228 [WARN] ModelIntegratedComponent:63 - No mode defined for component null
2023-11-19 19:13:52,228 [WARN] ModelIntegratedComponent:63 - No mode defined for component null
2023-11-19 19:13:52,228 [WARN] ModelIntegratedComponent:63 - No mode defined for component null
2023-11-19 19:13:52,228 [WARN] ModelIntegratedComponent:63 - No mode defined for component null
2023-11-19 19:13:52,231 [WARN] ModelIntegratedComponent:63 - No mode defined for component null
2023-11-19 19:13:52,246 [WARN] ModelIntegratedComponent:63 - No mode defined for component null
2023-11-19 19:13:52,247 [WARN] ModelIntegratedComponent:63 - No mode defined for component null
2023-11-19 19:13:52,247 [WARN] ModelIntegratedComponent:63 - No mode defined for component null
2023-11-19 19:13:52,247 [WARN] ModelIntegratedComponent:63 - No mode defined for component null
2023-11-19 19:13:52,247 [WARN] ModelIntegratedComponent:63 - No mode defined for component null
2023-11-19 19:13:52,247 [WARN] ModelIntegratedComponent:63 - No mode defined for component null
2023-11-19 19:13:52,247 [WARN] ModelIntegratedComponent:63 - No mode defined for component null
2023-11-19 19:13:52,248 [WARN] ModelIntegratedComponent:63 - No mode defined for component null
2023-11-19 19:13:52,248 [WARN] ModelIntegratedComponent:63 - No mode defined for component null
2023-11-19 19:13:52,248 [WARN] ModelIntegratedComponent:63 - No mode defined for component null
2023-11-19 19:13:52,248 [WARN] ModelIntegratedComponent:63 - No mode defined for component null
2023-11-19 19:13:52,248 [WARN] ModelIntegratedComponent:63 - No mode defined for component null
2023-11-19 19:13:52,248 [WARN] ModelIntegratedComponent:63 - No mode defined for component null
2023-11-19 19:13:52,248 [WARN] ModelIntegratedComponent:63 - No mode defined for component null
2023-11-19 19:13:52,248 [WARN] ModelIntegratedComponent:63 - No mode defined for component null
2023-11-19 19:13:52,248 [WARN] ModelIntegratedComponent:63 - No mode defined for component null
2023-11-19 19:13:52,248 [WARN] ModelIntegratedComponent:63 - No mode defined for component null
2023-11-19 19:13:52,248 [WARN] ModelIntegratedComponent:63 - No mode defined for component null
2023-11-19 19:13:52,248 [WARN] ModelIntegratedComponent:63 - No mode defined for component null
2023-11-19 19:13:52,248 [WARN] ModelIntegratedComponent:63 - No mode defined for component null
2023-11-19 19:13:52,248 [WARN] ModelIntegratedComponent:63 - No mode defined for component null
2023-11-19 19:13:52,249 [WARN] ModelIntegratedComponent:63 - No mode defined for component null
2023-11-19 19:13:52,249 [WARN] ModelIntegratedComponent:63 - No mode defined for component null
2023-11-19 19:13:52,249 [WARN] ModelIntegratedComponent:63 - No mode defined for component null
2023-11-19 19:13:52,249 [WARN] ModelIntegratedComponent:63 - No mode defined for component null
2023-11-19 19:13:52,497 [INFO] ThirdPartyModel:298 - Start build external matchings
2023-11-19 19:13:53,494 [INFO] ThirdPartyModel:316 - End build external matchings
2023-11-19 19:13:53,509 [INFO] ImportTextPane:194 - (OptionalMessage_ERROR) IP (RCC) : Parameter (48USBFreq_Value) has invalid value (24000000)
2023-11-19 19:13:53,509 [INFO] ImportTextPane:194 - (OptionalMessage_ERROR) IP (RCC) : Invalid parameter (FamilyName)
2023-11-19 19:13:53,511 [INFO] ImportTextPane:194 - (OptionalMessage_ERROR) IP (RCC) : Parameter (RTCHSEDivFreq_Value) has invalid value (4000000)
2023-11-19 19:13:53,511 [INFO] ImportTextPane:194 - (OptionalMessage_ERROR) IP (RCC) : Invalid parameter (TIMFreq_Value)
2023-11-19 19:13:53,866 [INFO] UtilMem:75 - End LoadConfig() Used Memory: 822927848 Bytes (1073741824)
2023-11-19 19:13:53,906 [WARN] ThirdParty:833 - waiting for thirdparty lock release [change project]
2023-11-19 19:13:53,906 [INFO] ThirdParty:835 - entering critical section [change project]
2023-11-19 19:13:53,907 [INFO] ThirdParty:1030 - CMSIS Pack Vendor :STMicroelectronics X-CUBE-ISPU 1.1.0
2023-11-19 19:13:53,907 [INFO] ThirdParty:1030 - CMSIS Pack Vendor :STMicroelectronics USBPD 4.1
2023-11-19 19:13:53,907 [INFO] ThirdParty:1030 - CMSIS Pack Vendor :STMicroelectronics X-CUBE-GNSS1 6.0.0
2023-11-19 19:13:53,907 [INFO] ThirdParty:1030 - CMSIS Pack Vendor :STMicroelectronics USB_HOST 2.0.0
2023-11-19 19:13:53,907 [INFO] ThirdParty:1030 - CMSIS Pack Vendor :STMicroelectronics X-CUBE-AZRTOS-F4 1.1.0
2023-11-19 19:13:53,907 [INFO] ThirdParty:1030 - CMSIS Pack Vendor :STMicroelectronics LIBJPEG 8.0.0
2023-11-19 19:13:53,907 [INFO] ThirdParty:1030 - CMSIS Pack Vendor :wolfSSL I-CUBE-wolfSSL 5.6.3
2023-11-19 19:13:53,907 [INFO] ThirdParty:1030 - CMSIS Pack Vendor :STMicroelectronics X-CUBE-SMBUS 2.1.0
2023-11-19 19:13:53,907 [INFO] ThirdParty:1030 - CMSIS Pack Vendor :STMicroelectronics USB_DEVICE 3.0.0
2023-11-19 19:13:53,907 [INFO] ThirdParty:1030 - CMSIS Pack Vendor :STMicroelectronics X-CUBE-AZRTOS-WB 2.0.0
2023-11-19 19:13:53,907 [INFO] ThirdParty:1030 - CMSIS Pack Vendor :STMicroelectronics X-CUBE-FREERTOS 1.0.1
2023-11-19 19:13:53,907 [INFO] ThirdParty:1030 - CMSIS Pack Vendor :STMicroelectronics X-CUBE-AZRTOS-F7 1.1.0
2023-11-19 19:13:53,908 [INFO] ThirdParty:1030 - CMSIS Pack Vendor :STMicroelectronics X-CUBE-AZRTOS-L5 2.0.0
2023-11-19 19:13:53,908 [INFO] ThirdParty:1030 - CMSIS Pack Vendor :STMicroelectronics USB_DEVICE 2.0.0
2023-11-19 19:13:53,908 [INFO] ThirdParty:1030 - CMSIS Pack Vendor :STMicroelectronics X-CUBE-MEMS1 9.6.0
2023-11-19 19:13:53,908 [INFO] ThirdParty:1030 - CMSIS Pack Vendor :STMicroelectronics X-CUBE-EEPRMA1 4.2.0
2023-11-19 19:13:53,908 [INFO] ThirdParty:1030 - CMSIS Pack Vendor :ITTIA_DB I-CUBE-ITTIADB 8.8.0
2023-11-19 19:13:53,909 [INFO] ThirdParty:1030 - CMSIS Pack Vendor :STMicroelectronics FP-SNS-MOTENV1 4.3.2
2023-11-19 19:13:53,909 [INFO] ThirdParty:1030 - CMSIS Pack Vendor :STMicroelectronics X-CUBE-ALGOBUILD 1.3.0
2023-11-19 19:13:53,909 [INFO] ThirdParty:1030 - CMSIS Pack Vendor :STMicroelectronics FreeRTOS 0.0.1
2023-11-19 19:13:53,909 [INFO] ThirdParty:1030 - CMSIS Pack Vendor :STMicroelectronics X-CUBE-AZRTOS-G0 1.1.0
2023-11-19 19:13:53,909 [INFO] ThirdParty:1030 - CMSIS Pack Vendor :STMicroelectronics X-CUBE-BLEMGR 2.0.0
2023-11-19 19:13:53,909 [INFO] ThirdParty:1030 - CMSIS Pack Vendor :STMicroelectronics X-CUBE-NFC4 3.0.0
2023-11-19 19:13:53,909 [INFO] ThirdParty:1030 - CMSIS Pack Vendor :STMicroelectronics X-CUBE-SUBG2 5.0.0
2023-11-19 19:13:53,909 [INFO] ThirdParty:1030 - CMSIS Pack Vendor :STMicroelectronics STM32_WPAN 1.0.0
2023-11-19 19:13:53,909 [INFO] ThirdParty:1030 - CMSIS Pack Vendor :STMicroelectronics lwIP 2.0.3
2023-11-19 19:13:53,909 [INFO] ThirdParty:1030 - CMSIS Pack Vendor :STMicroelectronics FP-SNS-FLIGHT1 5.0.2
2023-11-19 19:13:53,910 [INFO] ThirdParty:1030 - CMSIS Pack Vendor :STMicroelectronics USB_HOST 1.0.0
2023-11-19 19:13:53,910 [INFO] ThirdParty:1030 - CMSIS Pack Vendor :STMicroelectronics X-CUBE-TOF1 3.3.1
2023-11-19 19:13:53,910 [INFO] ThirdParty:1030 - CMSIS Pack Vendor :STMicroelectronics X-CUBE-AZRTOS-G4 2.0.0
2023-11-19 19:13:53,910 [INFO] ThirdParty:1030 - CMSIS Pack Vendor :STMicroelectronics PDM2PCM 3.1.0
2023-11-19 19:13:53,910 [INFO] ThirdParty:1030 - CMSIS Pack Vendor :STMicroelectronics X-CUBE-AZRTOS-H7 3.1.0
2023-11-19 19:13:53,910 [INFO] ThirdParty:1030 - CMSIS Pack Vendor :Infineon AIROC-Wi-Fi-Bluetooth-STM32 1.5.1
2023-11-19 19:13:53,910 [INFO] ThirdParty:1030 - CMSIS Pack Vendor :STMicroelectronics X-CUBE-BLEMGR 3.0.0
2023-11-19 19:13:53,910 [INFO] ThirdParty:1030 - CMSIS Pack Vendor :STMicroelectronics PDM2PCM 3.3.0
2023-11-19 19:13:53,910 [INFO] ThirdParty:1030 - CMSIS Pack Vendor :STMicroelectronics X-CUBE-DISPLAY 3.0.0
2023-11-19 19:13:53,910 [INFO] ThirdParty:1030 - CMSIS Pack Vendor :STMicroelectronics FP-SNS-MOTENVWB1 1.3.0
2023-11-19 19:13:53,910 [INFO] ThirdParty:1030 - CMSIS Pack Vendor :STMicroelectronics X-CUBE-BLE1 7.0.0
2023-11-19 19:13:53,910 [INFO] ThirdParty:1030 - CMSIS Pack Vendor :STMicroelectronics FP-ATR-SIGFOX1 3.2.0
2023-11-19 19:13:53,910 [INFO] ThirdParty:1030 - CMSIS Pack Vendor :STMicroelectronics HAL Drivers 0.0.0
2023-11-19 19:13:53,910 [INFO] ThirdParty:1030 - CMSIS Pack Vendor :STMicroelectronics MBEDTLS 2.16.2
2023-11-19 19:13:53,911 [INFO] ThirdParty:1030 - CMSIS Pack Vendor :emotas I-CUBE-CANOPEN 1.3.0
2023-11-19 19:13:53,911 [INFO] ThirdParty:1030 - CMSIS Pack Vendor :STMicroelectronics X-CUBE-MEMS1 10.0.0
2023-11-19 19:13:53,911 [INFO] ThirdParty:1030 - CMSIS Pack Vendor :STMicroelectronics X-CUBE-FREERTOS 1.1.0
2023-11-19 19:13:53,911 [INFO] ThirdParty:1030 - CMSIS Pack Vendor :STMicroelectronics X-CUBE-TOUCHGFX 4.22.0
2023-11-19 19:13:53,911 [INFO] ThirdParty:1030 - CMSIS Pack Vendor :STMicroelectronics X-CUBE-NFC7 1.0.1
2023-11-19 19:13:53,911 [INFO] ThirdParty:1030 - CMSIS Pack Vendor :STMicroelectronics MBEDTLS 2.14.1
2023-11-19 19:13:53,911 [INFO] ThirdParty:1030 - CMSIS Pack Vendor :STMicroelectronics X-CUBE-TOUCHGFX 4.22.1
2023-11-19 19:13:53,911 [INFO] ThirdParty:1030 - CMSIS Pack Vendor :STMicroelectronics X-CUBE-NFC6 3.0.0
2023-11-19 19:13:53,911 [INFO] ThirdParty:1030 - CMSIS Pack Vendor :STMicroelectronics X-CUBE-EEPRMA1 4.1.0
2023-11-19 19:13:53,911 [INFO] ThirdParty:1030 - CMSIS Pack Vendor :portGmbH I-Cube-SoM-uGOAL 1.1.0
2023-11-19 19:13:53,911 [INFO] ThirdParty:1030 - CMSIS Pack Vendor :STMicroelectronics X-CUBE-ALS 1.0.1
2023-11-19 19:13:53,911 [INFO] ThirdParty:1030 - CMSIS Pack Vendor :STMicroelectronics ThreadX 1.0.0
2023-11-19 19:13:53,911 [INFO] ThirdParty:1030 - CMSIS Pack Vendor :STMicroelectronics FP-SNS-SMARTAG2 1.2.0
2023-11-19 19:13:53,911 [INFO] ThirdParty:1030 - CMSIS Pack Vendor :STMicroelectronics X-CUBE-AZRTOS-WL 2.0.0
2023-11-19 19:13:53,911 [INFO] ThirdParty:1030 - CMSIS Pack Vendor :SEGGER I-CUBE-embOS 1.3.1
2023-11-19 19:13:53,911 [INFO] ThirdParty:1030 - CMSIS Pack Vendor :STMicroelectronics USB_DEVICE 1.0.0
2023-11-19 19:13:53,912 [INFO] ThirdParty:1030 - CMSIS Pack Vendor :STMicroelectronics X-CUBE-AI 8.1.0
2023-11-19 19:13:53,912 [INFO] ThirdParty:1030 - CMSIS Pack Vendor :STMicroelectronics X-CUBE-AZRTOS-L4 2.0.0
2023-11-19 19:13:53,912 [INFO] ThirdParty:1030 - CMSIS Pack Vendor :STMicroelectronics ThreadX 0.0.2
2023-11-19 19:13:53,912 [INFO] ThirdParty:1030 - CMSIS Pack Vendor :WES I-CUBE-Cesium 1.3.0
2023-11-19 19:13:53,912 [INFO] ThirdParty:1030 - CMSIS Pack Vendor :STMicroelectronics FP-ATR-ASTRA1 2.0.0
2023-11-19 19:13:53,912 [INFO] ThirdParty:1030 - CMSIS Pack Vendor :STMicroelectronics lwIP 2.1.2
2023-11-19 19:13:53,912 [INFO] ThirdParty:1030 - CMSIS Pack Vendor :STMicroelectronics X-CUBE-SFXS2LP1 4.0.0
2023-11-19 19:13:53,912 [INFO] ThirdParty:1030 - CMSIS Pack Vendor :STMicroelectronics X-CUBE-BLE2 3.3.0
2023-11-19 19:13:53,912 [INFO] ThirdParty:1030 - CMSIS Pack Vendor :STMicroelectronics PDM2PCM 3.2.0
2023-11-19 19:13:53,912 [INFO] ThirdParty:841 - exiting critical section [change project]
2023-11-19 19:13:54,296 [INFO] PinOutPanel:1499 - setPackage(No Configuration,No Configuration)
2023-11-19 19:13:54,299 [INFO] PinOutPanel:1499 - setPackage(STM32L073RZTx,LQFP64)
2023-11-19 19:13:54,858 [INFO] UtilMem:75 - Before build in PCC Used Memory: 542956112 Bytes (1073741824)
2023-11-19 19:13:55,391 [INFO] UtilMem:75 - After build in PCC Used Memory: 592765520 Bytes (1073741824)
2023-11-19 19:13:55,433 [INFO] IPUIPlugin:80 - create IPUIPlugin
2023-11-19 19:13:55,433 [INFO] IPUIPlugin:80 - create IPUIPlugin
2023-11-19 19:13:55,433 [INFO] IPUIPlugin:80 - create IPUIPlugin
2023-11-19 19:13:55,434 [INFO] IPUIPlugin:80 - create IPUIPlugin
2023-11-19 19:13:55,434 [INFO] IPUIPlugin:80 - create IPUIPlugin
2023-11-19 19:13:55,434 [INFO] IPUIPlugin:80 - create IPUIPlugin
2023-11-19 19:13:55,434 [INFO] IPUIPlugin:80 - create IPUIPlugin
2023-11-19 19:13:55,435 [INFO] IPUIPlugin:80 - create IPUIPlugin
2023-11-19 19:13:55,435 [INFO] IPUIPlugin:80 - create IPUIPlugin
2023-11-19 19:13:55,435 [INFO] IPUIPlugin:80 - create IPUIPlugin
2023-11-19 19:13:55,435 [INFO] IPUIPlugin:80 - create IPUIPlugin
2023-11-19 19:13:55,436 [INFO] IPUIPlugin:80 - create IPUIPlugin
2023-11-19 19:13:55,436 [INFO] IPUIPlugin:80 - create IPUIPlugin
2023-11-19 19:13:55,436 [INFO] IPUIPlugin:80 - create IPUIPlugin
2023-11-19 19:13:55,436 [INFO] IPUIPlugin:80 - create IPUIPlugin
2023-11-19 19:13:55,437 [INFO] IPUIPlugin:80 - create IPUIPlugin
2023-11-19 19:13:55,437 [INFO] IPUIPlugin:80 - create IPUIPlugin
2023-11-19 19:13:55,438 [INFO] IPUIPlugin:80 - create IPUIPlugin
2023-11-19 19:13:55,438 [INFO] IPUIPlugin:80 - create IPUIPlugin
2023-11-19 19:13:55,439 [INFO] IPUIPlugin:80 - create IPUIPlugin
2023-11-19 19:13:55,439 [INFO] IPUIPlugin:80 - create IPUIPlugin
2023-11-19 19:13:55,439 [INFO] IPUIPlugin:80 - create IPUIPlugin
2023-11-19 19:13:55,439 [INFO] IPUIPlugin:80 - create IPUIPlugin
2023-11-19 19:13:55,440 [INFO] IPUIPlugin:80 - create IPUIPlugin
2023-11-19 19:13:55,440 [INFO] IPUIPlugin:80 - create IPUIPlugin
2023-11-19 19:13:55,440 [INFO] IPUIPlugin:80 - create IPUIPlugin
2023-11-19 19:13:55,441 [INFO] IPUIPlugin:80 - create IPUIPlugin
2023-11-19 19:13:55,441 [INFO] IPUIPlugin:80 - create IPUIPlugin
2023-11-19 19:13:55,441 [INFO] IPUIPlugin:80 - create IPUIPlugin
2023-11-19 19:13:55,442 [INFO] IPUIPlugin:80 - create IPUIPlugin
2023-11-19 19:13:55,442 [INFO] IPUIPlugin:80 - create IPUIPlugin
2023-11-19 19:13:55,443 [INFO] IPUIPlugin:80 - create IPUIPlugin
2023-11-19 19:13:55,443 [INFO] IPUIPlugin:80 - create IPUIPlugin
2023-11-19 19:13:55,444 [INFO] IPUIPlugin:80 - create IPUIPlugin
2023-11-19 19:13:55,444 [INFO] IPUIPlugin:80 - create IPUIPlugin
2023-11-19 19:13:55,445 [INFO] IPUIPlugin:80 - create IPUIPlugin
2023-11-19 19:13:55,445 [INFO] IPUIPlugin:80 - create IPUIPlugin
2023-11-19 19:13:55,446 [INFO] IPUIPlugin:80 - create IPUIPlugin
2023-11-19 19:13:55,447 [INFO] IPUIPlugin:80 - create IPUIPlugin
2023-11-19 19:13:55,545 [INFO] CADModel:165 - CPN selected for project levelSTM32L073RZT6
2023-11-19 19:13:55,545 [INFO] CADModel:114 - Register for checkConnection events
2023-11-19 19:13:55,607 [INFO] OpenFileManager:328 - Restore cursor
2023-11-19 19:13:59,765 [INFO] Gpio:273 - dependency for GPIO [I2C1, RCC, SYS, USART1]
2023-11-19 19:14:11,240 [INFO] UtilMem:75 - End SaveConfig() Used Memory: 561982864 Bytes (1073741824)
2023-11-19 19:14:12,725 [INFO] UtilMem:75 - End SaveConfig() Used Memory: 609055712 Bytes (1073741824)
2023-11-19 19:14:14,775 [INFO] UtilMem:75 - End SaveConfig() Used Memory: 594449640 Bytes (1073741824)
2023-11-19 19:14:15,235 [INFO] BlockDiagram:2759 - set Specific Code input for plugin: NVIC
2023-11-19 19:14:15,235 [INFO] BlockDiagram:2759 - set Specific Code input for plugin: USART
2023-11-19 19:14:15,235 [INFO] BlockDiagram:2759 - set Specific Code input for plugin: SYS
2023-11-19 19:14:15,236 [INFO] BlockDiagram:2759 - set Specific Code input for plugin: GPIO
2023-11-19 19:14:15,236 [INFO] BlockDiagram:2759 - set Specific Code input for plugin: RCC
2023-11-19 19:14:15,236 [INFO] BlockDiagram:2759 - set Specific Code input for plugin: I2C
2023-11-19 19:14:15,239 [INFO] CodeGenerator:799 - code generatio: config db path: C:/Users/Beispiel/.stm32cubemx/databases/DB.6.0.90/db/
2023-11-19 19:14:15,572 [INFO] CodeEngine:255 - oldGeneratedFile, C:\Users\Beispiel\Desktop\Team_Projekt\MXTmpFiles\license.tmp_save
2023-11-19 19:14:15,808 [INFO] CodeEngine:279 - Generated code: C:\Users\Beispiel\Desktop\Team_Projekt\MXTmpFiles\license.tmp
2023-11-19 19:14:15,942 [INFO] CodeEngine:255 - oldGeneratedFile, C:\Users\Beispiel\Desktop\Team_Projekt\MXTmpFiles\gpio.tmp_save
2023-11-19 19:14:16,409 [INFO] CodeEngine:279 - Generated code: C:\Users\Beispiel\Desktop\Team_Projekt\MXTmpFiles\gpio.tmp
2023-11-19 19:14:16,743 [INFO] CodeEngine:255 - oldGeneratedFile, C:\Users\Beispiel\Desktop\Team_Projekt\Core\Src\stm32l0xx_it.c_save
2023-11-19 19:14:17,447 [INFO] CodeEngine:279 - Generated code: C:\Users\Beispiel\Desktop\Team_Projekt\Core\Src\stm32l0xx_it.c
2023-11-19 19:14:17,491 [INFO] CodeEngine:255 - oldGeneratedFile, C:\Users\Beispiel\Desktop\Team_Projekt\Core\Inc\stm32l0xx_it.h_save
2023-11-19 19:14:17,640 [INFO] CodeEngine:279 - Generated code: C:\Users\Beispiel\Desktop\Team_Projekt\Core\Inc\stm32l0xx_it.h
2023-11-19 19:14:17,692 [INFO] CodeEngine:255 - oldGeneratedFile, C:\Users\Beispiel\Desktop\Team_Projekt\Core\Src\stm32l0xx_hal_msp.c_save
2023-11-19 19:14:17,955 [INFO] CodeEngine:279 - Generated code: C:\Users\Beispiel\Desktop\Team_Projekt\Core\Src\stm32l0xx_hal_msp.c
2023-11-19 19:14:17,970 [INFO] CodeEngine:255 - oldGeneratedFile, C:\Users\Beispiel\Desktop\Team_Projekt\MXTmpFiles\system.tmp_save
2023-11-19 19:14:18,103 [INFO] CodeEngine:279 - Generated code: C:\Users\Beispiel\Desktop\Team_Projekt\MXTmpFiles\system.tmp
2023-11-19 19:14:18,166 [INFO] CodeEngine:311 - oldGeneratedFile, C:\Users\Beispiel\Desktop\Team_Projekt\Core\Inc\stm32l0xx_hal_conf.h_save
2023-11-19 19:14:18,365 [INFO] CodeEngine:335 - Generated code: C:\Users\Beispiel\Desktop\Team_Projekt\Core\Inc\stm32l0xx_hal_conf.h
2023-11-19 19:14:18,477 [INFO] CodeEngine:255 - oldGeneratedFile, C:\Users\Beispiel\Desktop\Team_Projekt\Core\Inc\main.h_save
2023-11-19 19:14:18,938 [INFO] CodeEngine:279 - Generated code: C:\Users\Beispiel\Desktop\Team_Projekt\Core\Inc\main.h
2023-11-19 19:14:19,092 [INFO] CodeEngine:255 - oldGeneratedFile, C:\Users\Beispiel\Desktop\Team_Projekt\Core\Src\main.c_save
2023-11-19 19:14:19,569 [INFO] CodeEngine:279 - Generated code: C:\Users\Beispiel\Desktop\Team_Projekt\Core\Src\main.c
2023-11-19 19:14:29,195 [INFO] ProjectBuilder:3064 - Time for Copy HAL[1] : 6423mS.
2023-11-19 19:14:29,205 [INFO] ProjectBuilder:4404 - Project Generator version: 4.1.0
2023-11-19 19:14:31,167 [INFO] ConfigFileManager:1457 - The Die is : DIE447
2023-11-19 19:14:32,633 [INFO] ApiDbMcu:507 - Load IP Config File for FATFS
2023-11-19 19:14:33,002 [INFO] ApiDbMcu:507 - Load IP Config File for FREERTOS
2023-11-19 19:14:33,135 [INFO] ApiDbMcu:507 - Load IP Config File for TOUCHSENSING
2023-11-19 19:14:33,202 [INFO] ApiDbMcu:507 - Load IP Config File for USB_DEVICE
2023-11-19 19:14:36,981 [INFO] ProjectBuilder:4626 - Time for Generating toolchain IDE Files: 7776mS.
2023-11-19 19:14:36,982 [INFO] ProjectBuilder:2935 - Time for Copy CMSIS : 1mS.
2023-11-19 19:14:36,990 [INFO] ProjectBuilder:2935 - Time for Copy CMSIS : 0mS.
2023-11-19 19:16:39,136 [INFO] MainUpdater:2868 - connection check result : 10
2023-11-19 19:16:39,136 [INFO] MainUpdater:2868 - connection check result : 10
2023-11-19 19:16:39,305 [INFO] I2cTimingTraitement:330 - 0x00303D5B
2023-11-19 19:16:39,322 [INFO] MicroXplorer:468 - Change Database Path : 
2023-11-19 19:16:39,323 [INFO] MicroXplorer:498 - Change Database Version : DB.6.0.91
2023-11-19 19:16:39,397 [WARN] ThirdParty:871 - waiting for thirdparty lock release [close project]
2023-11-19 19:16:39,397 [INFO] ThirdParty:873 - entering critical section [close project]
2023-11-19 19:16:39,397 [INFO] ThirdParty:883 - exiting critical section [close project]
2023-11-19 19:16:39,405 [INFO] PinOutPanel:1499 - setPackage(No Configuration,No Configuration)
2023-11-19 19:16:39,420 [INFO] UtilMem:75 - Begin LoadConfig() Used Memory: 767862944 Bytes (1073741824)
2023-11-19 19:16:39,431 [INFO] MicroXplorer:468 - Change Database Path : C:/Users/Beispiel/.stm32cubemx/databases/DB.6.0.90/db/
2023-11-19 19:16:39,432 [INFO] MicroXplorer:498 - Change Database Version : DB.6.0.90
2023-11-19 19:16:41,748 [INFO] OpenFileManager:308 - Change cursor
2023-11-19 19:16:41,779 [INFO] RulesReader:64 - Compatibility file has been processed (293 Rules)
2023-11-19 19:16:41,791 [INFO] Mcu:1946 - Initializing MCU STM32L073R(B-Z)Tx STM32L073RZTx STM32L073RZT6
2023-11-19 19:16:43,572 [INFO] Context:659 - Trying to add GPIOservice into a context  which must be forbidden
2023-11-19 19:16:44,472 [INFO] RtosManager:555 - Registered RTOS mode: class=CMSIS, group=RTOS, mode=CMSIS_V1, owner=FREERTOS
2023-11-19 19:16:44,472 [INFO] RtosManager:555 - Registered RTOS mode: class=CMSIS, group=RTOS2, mode=CMSIS_V2, owner=FREERTOS
2023-11-19 19:16:44,472 [INFO] RtosManager:555 - Registered RTOS mode: class=RTOS, group=Core, mode=CMSIS_V1, owner=FREERTOS
2023-11-19 19:16:44,472 [INFO] RtosManager:555 - Registered RTOS mode: class=RTOS, group=Core, mode=CMSIS_V2, owner=FREERTOS
2023-11-19 19:16:44,472 [WARN] ModelIntegratedComponent:184 - Missing modes for component STMicroelectronics:FreeRTOS:0.0.1:STMicroelectronics:RTOS:FreeRTOS:Core:::10.2.0:
2023-11-19 19:16:44,502 [WARN] ModelIntegratedComponent:63 - No mode defined for component null
2023-11-19 19:16:44,502 [WARN] ModelIntegratedComponent:63 - No mode defined for component null
2023-11-19 19:16:44,502 [WARN] ModelIntegratedComponent:63 - No mode defined for component null
2023-11-19 19:16:44,502 [WARN] ModelIntegratedComponent:63 - No mode defined for component null
2023-11-19 19:16:44,502 [WARN] ModelIntegratedComponent:63 - No mode defined for component null
2023-11-19 19:16:44,502 [WARN] ModelIntegratedComponent:63 - No mode defined for component null
2023-11-19 19:16:44,502 [WARN] ModelIntegratedComponent:63 - No mode defined for component null
2023-11-19 19:16:44,502 [WARN] ModelIntegratedComponent:63 - No mode defined for component null
2023-11-19 19:16:44,502 [WARN] ModelIntegratedComponent:63 - No mode defined for component null
2023-11-19 19:16:44,502 [WARN] ModelIntegratedComponent:63 - No mode defined for component null
2023-11-19 19:16:44,502 [WARN] ModelIntegratedComponent:63 - No mode defined for component null
2023-11-19 19:16:44,502 [WARN] ModelIntegratedComponent:63 - No mode defined for component null
2023-11-19 19:16:44,502 [WARN] ModelIntegratedComponent:63 - No mode defined for component null
2023-11-19 19:16:44,502 [WARN] ModelIntegratedComponent:63 - No mode defined for component null
2023-11-19 19:16:44,502 [WARN] ModelIntegratedComponent:63 - No mode defined for component null
2023-11-19 19:16:44,502 [WARN] ModelIntegratedComponent:63 - No mode defined for component null
2023-11-19 19:16:44,502 [WARN] ModelIntegratedComponent:63 - No mode defined for component null
2023-11-19 19:16:44,502 [WARN] ModelIntegratedComponent:63 - No mode defined for component null
2023-11-19 19:16:44,503 [WARN] ModelIntegratedComponent:63 - No mode defined for component null
2023-11-19 19:16:44,503 [WARN] ModelIntegratedComponent:63 - No mode defined for component null
2023-11-19 19:16:44,503 [WARN] ModelIntegratedComponent:63 - No mode defined for component null
2023-11-19 19:16:44,503 [WARN] ModelIntegratedComponent:63 - No mode defined for component null
2023-11-19 19:16:44,503 [WARN] ModelIntegratedComponent:63 - No mode defined for component null
2023-11-19 19:16:44,503 [WARN] ModelIntegratedComponent:63 - No mode defined for component null
2023-11-19 19:16:44,503 [WARN] ModelIntegratedComponent:63 - No mode defined for component null
2023-11-19 19:16:44,503 [WARN] ModelIntegratedComponent:63 - No mode defined for component null
2023-11-19 19:16:44,503 [WARN] ModelIntegratedComponent:63 - No mode defined for component null
2023-11-19 19:16:44,503 [WARN] ModelIntegratedComponent:63 - No mode defined for component null
2023-11-19 19:16:44,503 [WARN] ModelIntegratedComponent:63 - No mode defined for component null
2023-11-19 19:16:44,503 [WARN] ModelIntegratedComponent:63 - No mode defined for component null
2023-11-19 19:16:44,504 [WARN] ModelIntegratedComponent:63 - No mode defined for component null
2023-11-19 19:16:44,504 [WARN] ModelIntegratedComponent:63 - No mode defined for component null
2023-11-19 19:16:44,504 [WARN] ModelIntegratedComponent:63 - No mode defined for component null
2023-11-19 19:16:44,830 [INFO] ThirdPartyModel:298 - Start build external matchings
2023-11-19 19:16:45,883 [INFO] ThirdPartyModel:316 - End build external matchings
2023-11-19 19:16:45,896 [INFO] ImportTextPane:194 - (OptionalMessage_ERROR) IP (RCC) : Parameter (48USBFreq_Value) has invalid value (24000000)
2023-11-19 19:16:45,896 [INFO] ImportTextPane:194 - (OptionalMessage_ERROR) IP (RCC) : Invalid parameter (FamilyName)
2023-11-19 19:16:45,897 [INFO] ImportTextPane:194 - (OptionalMessage_ERROR) IP (RCC) : Parameter (RTCHSEDivFreq_Value) has invalid value (4000000)
2023-11-19 19:16:45,897 [INFO] ImportTextPane:194 - (OptionalMessage_ERROR) IP (RCC) : Invalid parameter (TIMFreq_Value)
2023-11-19 19:16:46,240 [INFO] UtilMem:75 - End LoadConfig() Used Memory: 559138096 Bytes (1073741824)
2023-11-19 19:16:46,354 [WARN] ThirdParty:833 - waiting for thirdparty lock release [change project]
2023-11-19 19:16:46,354 [INFO] ThirdParty:835 - entering critical section [change project]
2023-11-19 19:16:46,354 [INFO] ThirdParty:1030 - CMSIS Pack Vendor :STMicroelectronics X-CUBE-ISPU 1.1.0
2023-11-19 19:16:46,355 [INFO] ThirdParty:1030 - CMSIS Pack Vendor :STMicroelectronics USBPD 4.1
2023-11-19 19:16:46,355 [INFO] ThirdParty:1030 - CMSIS Pack Vendor :STMicroelectronics X-CUBE-GNSS1 6.0.0
2023-11-19 19:16:46,356 [INFO] ThirdParty:1030 - CMSIS Pack Vendor :STMicroelectronics USB_HOST 2.0.0
2023-11-19 19:16:46,357 [INFO] ThirdParty:1030 - CMSIS Pack Vendor :STMicroelectronics X-CUBE-AZRTOS-F4 1.1.0
2023-11-19 19:16:46,357 [INFO] ThirdParty:1030 - CMSIS Pack Vendor :STMicroelectronics LIBJPEG 8.0.0
2023-11-19 19:16:46,357 [INFO] ThirdParty:1030 - CMSIS Pack Vendor :wolfSSL I-CUBE-wolfSSL 5.6.3
2023-11-19 19:16:46,357 [INFO] ThirdParty:1030 - CMSIS Pack Vendor :STMicroelectronics X-CUBE-SMBUS 2.1.0
2023-11-19 19:16:46,357 [INFO] ThirdParty:1030 - CMSIS Pack Vendor :STMicroelectronics USB_DEVICE 3.0.0
2023-11-19 19:16:46,357 [INFO] ThirdParty:1030 - CMSIS Pack Vendor :STMicroelectronics X-CUBE-AZRTOS-WB 2.0.0
2023-11-19 19:16:46,357 [INFO] ThirdParty:1030 - CMSIS Pack Vendor :STMicroelectronics X-CUBE-FREERTOS 1.0.1
2023-11-19 19:16:46,357 [INFO] ThirdParty:1030 - CMSIS Pack Vendor :STMicroelectronics X-CUBE-AZRTOS-F7 1.1.0
2023-11-19 19:16:46,357 [INFO] ThirdParty:1030 - CMSIS Pack Vendor :STMicroelectronics X-CUBE-AZRTOS-L5 2.0.0
2023-11-19 19:16:46,357 [INFO] ThirdParty:1030 - CMSIS Pack Vendor :STMicroelectronics USB_DEVICE 2.0.0
2023-11-19 19:16:46,357 [INFO] ThirdParty:1030 - CMSIS Pack Vendor :STMicroelectronics X-CUBE-MEMS1 9.6.0
2023-11-19 19:16:46,357 [INFO] ThirdParty:1030 - CMSIS Pack Vendor :STMicroelectronics X-CUBE-EEPRMA1 4.2.0
2023-11-19 19:16:46,357 [INFO] ThirdParty:1030 - CMSIS Pack Vendor :ITTIA_DB I-CUBE-ITTIADB 8.8.0
2023-11-19 19:16:46,357 [INFO] ThirdParty:1030 - CMSIS Pack Vendor :STMicroelectronics FP-SNS-MOTENV1 4.3.2
2023-11-19 19:16:46,357 [INFO] ThirdParty:1030 - CMSIS Pack Vendor :STMicroelectronics X-CUBE-ALGOBUILD 1.3.0
2023-11-19 19:16:46,357 [INFO] ThirdParty:1030 - CMSIS Pack Vendor :STMicroelectronics FreeRTOS 0.0.1
2023-11-19 19:16:46,357 [INFO] ThirdParty:1030 - CMSIS Pack Vendor :STMicroelectronics X-CUBE-AZRTOS-G0 1.1.0
2023-11-19 19:16:46,358 [INFO] ThirdParty:1030 - CMSIS Pack Vendor :STMicroelectronics X-CUBE-BLEMGR 2.0.0
2023-11-19 19:16:46,358 [INFO] ThirdParty:1030 - CMSIS Pack Vendor :STMicroelectronics X-CUBE-NFC4 3.0.0
2023-11-19 19:16:46,358 [INFO] ThirdParty:1030 - CMSIS Pack Vendor :STMicroelectronics X-CUBE-SUBG2 5.0.0
2023-11-19 19:16:46,358 [INFO] ThirdParty:1030 - CMSIS Pack Vendor :STMicroelectronics STM32_WPAN 1.0.0
2023-11-19 19:16:46,358 [INFO] ThirdParty:1030 - CMSIS Pack Vendor :STMicroelectronics lwIP 2.0.3
2023-11-19 19:16:46,358 [INFO] ThirdParty:1030 - CMSIS Pack Vendor :STMicroelectronics FP-SNS-FLIGHT1 5.0.2
2023-11-19 19:16:46,358 [INFO] ThirdParty:1030 - CMSIS Pack Vendor :STMicroelectronics USB_HOST 1.0.0
2023-11-19 19:16:46,358 [INFO] ThirdParty:1030 - CMSIS Pack Vendor :STMicroelectronics X-CUBE-TOF1 3.3.1
2023-11-19 19:16:46,358 [INFO] ThirdParty:1030 - CMSIS Pack Vendor :STMicroelectronics X-CUBE-AZRTOS-G4 2.0.0
2023-11-19 19:16:46,358 [INFO] ThirdParty:1030 - CMSIS Pack Vendor :STMicroelectronics PDM2PCM 3.1.0
2023-11-19 19:16:46,358 [INFO] ThirdParty:1030 - CMSIS Pack Vendor :STMicroelectronics X-CUBE-AZRTOS-H7 3.1.0
2023-11-19 19:16:46,358 [INFO] ThirdParty:1030 - CMSIS Pack Vendor :Infineon AIROC-Wi-Fi-Bluetooth-STM32 1.5.1
2023-11-19 19:16:46,358 [INFO] ThirdParty:1030 - CMSIS Pack Vendor :STMicroelectronics X-CUBE-BLEMGR 3.0.0
2023-11-19 19:16:46,358 [INFO] ThirdParty:1030 - CMSIS Pack Vendor :STMicroelectronics PDM2PCM 3.3.0
2023-11-19 19:16:46,358 [INFO] ThirdParty:1030 - CMSIS Pack Vendor :STMicroelectronics X-CUBE-DISPLAY 3.0.0
2023-11-19 19:16:46,358 [INFO] ThirdParty:1030 - CMSIS Pack Vendor :STMicroelectronics FP-SNS-MOTENVWB1 1.3.0
2023-11-19 19:16:46,358 [INFO] ThirdParty:1030 - CMSIS Pack Vendor :STMicroelectronics X-CUBE-BLE1 7.0.0
2023-11-19 19:16:46,358 [INFO] ThirdParty:1030 - CMSIS Pack Vendor :STMicroelectronics FP-ATR-SIGFOX1 3.2.0
2023-11-19 19:16:46,358 [INFO] ThirdParty:1030 - CMSIS Pack Vendor :STMicroelectronics HAL Drivers 0.0.0
2023-11-19 19:16:46,359 [INFO] ThirdParty:1030 - CMSIS Pack Vendor :STMicroelectronics MBEDTLS 2.16.2
2023-11-19 19:16:46,359 [INFO] ThirdParty:1030 - CMSIS Pack Vendor :emotas I-CUBE-CANOPEN 1.3.0
2023-11-19 19:16:46,359 [INFO] ThirdParty:1030 - CMSIS Pack Vendor :STMicroelectronics X-CUBE-MEMS1 10.0.0
2023-11-19 19:16:46,359 [INFO] ThirdParty:1030 - CMSIS Pack Vendor :STMicroelectronics X-CUBE-FREERTOS 1.1.0
2023-11-19 19:16:46,359 [INFO] ThirdParty:1030 - CMSIS Pack Vendor :STMicroelectronics X-CUBE-TOUCHGFX 4.22.0
2023-11-19 19:16:46,359 [INFO] ThirdParty:1030 - CMSIS Pack Vendor :STMicroelectronics X-CUBE-NFC7 1.0.1
2023-11-19 19:16:46,359 [INFO] ThirdParty:1030 - CMSIS Pack Vendor :STMicroelectronics MBEDTLS 2.14.1
2023-11-19 19:16:46,359 [INFO] ThirdParty:1030 - CMSIS Pack Vendor :STMicroelectronics X-CUBE-TOUCHGFX 4.22.1
2023-11-19 19:16:46,359 [INFO] ThirdParty:1030 - CMSIS Pack Vendor :STMicroelectronics X-CUBE-NFC6 3.0.0
2023-11-19 19:16:46,359 [INFO] ThirdParty:1030 - CMSIS Pack Vendor :STMicroelectronics X-CUBE-EEPRMA1 4.1.0
2023-11-19 19:16:46,359 [INFO] ThirdParty:1030 - CMSIS Pack Vendor :portGmbH I-Cube-SoM-uGOAL 1.1.0
2023-11-19 19:16:46,359 [INFO] ThirdParty:1030 - CMSIS Pack Vendor :STMicroelectronics X-CUBE-ALS 1.0.1
2023-11-19 19:16:46,359 [INFO] ThirdParty:1030 - CMSIS Pack Vendor :STMicroelectronics ThreadX 1.0.0
2023-11-19 19:16:46,359 [INFO] ThirdParty:1030 - CMSIS Pack Vendor :STMicroelectronics FP-SNS-SMARTAG2 1.2.0
2023-11-19 19:16:46,359 [INFO] ThirdParty:1030 - CMSIS Pack Vendor :STMicroelectronics X-CUBE-AZRTOS-WL 2.0.0
2023-11-19 19:16:46,359 [INFO] ThirdParty:1030 - CMSIS Pack Vendor :SEGGER I-CUBE-embOS 1.3.1
2023-11-19 19:16:46,359 [INFO] ThirdParty:1030 - CMSIS Pack Vendor :STMicroelectronics USB_DEVICE 1.0.0
2023-11-19 19:16:46,360 [INFO] ThirdParty:1030 - CMSIS Pack Vendor :STMicroelectronics X-CUBE-AI 8.1.0
2023-11-19 19:16:46,360 [INFO] ThirdParty:1030 - CMSIS Pack Vendor :STMicroelectronics X-CUBE-AZRTOS-L4 2.0.0
2023-11-19 19:16:46,360 [INFO] ThirdParty:1030 - CMSIS Pack Vendor :STMicroelectronics ThreadX 0.0.2
2023-11-19 19:16:46,360 [INFO] ThirdParty:1030 - CMSIS Pack Vendor :WES I-CUBE-Cesium 1.3.0
2023-11-19 19:16:46,360 [INFO] ThirdParty:1030 - CMSIS Pack Vendor :STMicroelectronics FP-ATR-ASTRA1 2.0.0
2023-11-19 19:16:46,360 [INFO] ThirdParty:1030 - CMSIS Pack Vendor :STMicroelectronics lwIP 2.1.2
2023-11-19 19:16:46,360 [INFO] ThirdParty:1030 - CMSIS Pack Vendor :STMicroelectronics X-CUBE-SFXS2LP1 4.0.0
2023-11-19 19:16:46,360 [INFO] ThirdParty:1030 - CMSIS Pack Vendor :STMicroelectronics X-CUBE-BLE2 3.3.0
2023-11-19 19:16:46,360 [INFO] ThirdParty:1030 - CMSIS Pack Vendor :STMicroelectronics PDM2PCM 3.2.0
2023-11-19 19:16:46,360 [INFO] ThirdParty:841 - exiting critical section [change project]
2023-11-19 19:16:46,784 [INFO] PinOutPanel:1499 - setPackage(No Configuration,No Configuration)
2023-11-19 19:16:46,824 [INFO] PinOutPanel:1499 - setPackage(STM32L073RZTx,LQFP64)
2023-11-19 19:16:47,945 [INFO] UtilMem:75 - Before build in PCC Used Memory: 717838320 Bytes (1073741824)
2023-11-19 19:16:49,760 [INFO] UtilMem:75 - After build in PCC Used Memory: 767121392 Bytes (1073741824)
2023-11-19 19:16:49,818 [INFO] IPUIPlugin:80 - create IPUIPlugin
2023-11-19 19:16:49,819 [INFO] IPUIPlugin:80 - create IPUIPlugin
2023-11-19 19:16:49,819 [INFO] IPUIPlugin:80 - create IPUIPlugin
2023-11-19 19:16:49,819 [INFO] IPUIPlugin:80 - create IPUIPlugin
2023-11-19 19:16:49,819 [INFO] IPUIPlugin:80 - create IPUIPlugin
2023-11-19 19:16:49,819 [INFO] IPUIPlugin:80 - create IPUIPlugin
2023-11-19 19:16:49,820 [INFO] IPUIPlugin:80 - create IPUIPlugin
2023-11-19 19:16:49,820 [INFO] IPUIPlugin:80 - create IPUIPlugin
2023-11-19 19:16:49,820 [INFO] IPUIPlugin:80 - create IPUIPlugin
2023-11-19 19:16:49,820 [INFO] IPUIPlugin:80 - create IPUIPlugin
2023-11-19 19:16:49,820 [INFO] IPUIPlugin:80 - create IPUIPlugin
2023-11-19 19:16:49,821 [INFO] IPUIPlugin:80 - create IPUIPlugin
2023-11-19 19:16:49,821 [INFO] IPUIPlugin:80 - create IPUIPlugin
2023-11-19 19:16:49,821 [INFO] IPUIPlugin:80 - create IPUIPlugin
2023-11-19 19:16:49,822 [INFO] IPUIPlugin:80 - create IPUIPlugin
2023-11-19 19:16:49,823 [INFO] IPUIPlugin:80 - create IPUIPlugin
2023-11-19 19:16:49,823 [INFO] IPUIPlugin:80 - create IPUIPlugin
2023-11-19 19:16:49,824 [INFO] IPUIPlugin:80 - create IPUIPlugin
2023-11-19 19:16:49,824 [INFO] IPUIPlugin:80 - create IPUIPlugin
2023-11-19 19:16:49,825 [INFO] IPUIPlugin:80 - create IPUIPlugin
2023-11-19 19:16:49,825 [INFO] IPUIPlugin:80 - create IPUIPlugin
2023-11-19 19:16:49,826 [INFO] IPUIPlugin:80 - create IPUIPlugin
2023-11-19 19:16:49,826 [INFO] IPUIPlugin:80 - create IPUIPlugin
2023-11-19 19:16:49,826 [INFO] IPUIPlugin:80 - create IPUIPlugin
2023-11-19 19:16:49,827 [INFO] IPUIPlugin:80 - create IPUIPlugin
2023-11-19 19:16:49,827 [INFO] IPUIPlugin:80 - create IPUIPlugin
2023-11-19 19:16:49,827 [INFO] IPUIPlugin:80 - create IPUIPlugin
2023-11-19 19:16:49,828 [INFO] IPUIPlugin:80 - create IPUIPlugin
2023-11-19 19:16:49,828 [INFO] IPUIPlugin:80 - create IPUIPlugin
2023-11-19 19:16:49,828 [INFO] IPUIPlugin:80 - create IPUIPlugin
2023-11-19 19:16:49,829 [INFO] IPUIPlugin:80 - create IPUIPlugin
2023-11-19 19:16:49,829 [INFO] IPUIPlugin:80 - create IPUIPlugin
2023-11-19 19:16:49,830 [INFO] IPUIPlugin:80 - create IPUIPlugin
2023-11-19 19:16:49,830 [INFO] IPUIPlugin:80 - create IPUIPlugin
2023-11-19 19:16:49,830 [INFO] IPUIPlugin:80 - create IPUIPlugin
2023-11-19 19:16:49,830 [INFO] IPUIPlugin:80 - create IPUIPlugin
2023-11-19 19:16:49,831 [INFO] IPUIPlugin:80 - create IPUIPlugin
2023-11-19 19:16:49,831 [INFO] IPUIPlugin:80 - create IPUIPlugin
2023-11-19 19:16:49,832 [INFO] IPUIPlugin:80 - create IPUIPlugin
2023-11-19 19:16:50,044 [INFO] CADModel:165 - CPN selected for project levelSTM32L073RZT6
2023-11-19 19:16:50,045 [INFO] CADModel:114 - Register for checkConnection events
2023-11-19 19:16:50,103 [INFO] OpenFileManager:328 - Restore cursor
