2023-12-07 10:52:53,808 [INFO] Activator:176 - 


2023-12-07 10:52:53,818 [INFO] Activator:177 - !SESSION log4j initialized
2023-12-07 10:53:07,654 [INFO] LogOutputStream:77 - [STDOUT_REDIRECT] 
2023-12-07 10:53:14,668 [INFO] ApplicationProperties:184 - Using Application install path: C:\ST\STM32CubeIDE_1.13.1\STM32CubeIDE\plugins\com.st.stm32cube.common.mx_6.9.1.202307191849
2023-12-07 10:53:14,701 [INFO] DbMcusXml:78 - Set database path to: C:\ST\STM32CubeIDE_1.13.1\STM32CubeIDE\plugins\com.st.stm32cube.common.mx_6.9.1.202307191849\\db\/mcu/
2023-12-07 10:53:14,702 [INFO] ApiDb:274 - Set plugin database path to: C:\ST\STM32CubeIDE_1.13.1\STM32CubeIDE\plugins\com.st.stm32cube.common.mx_6.9.1.202307191849\\db\/plugins/boardmanager/
2023-12-07 10:53:14,703 [WARN] ApiDb:259 - Overriding images path with different value:  => C:\ST\STM32CubeIDE_1.13.1\STM32CubeIDE\plugins\com.st.stm32cube.common.mx_6.9.1.202307191849\\db\/plugins/mcufinder/images/
2023-12-07 10:53:14,736 [INFO] ApiDb:250 - Set database path to: C:\Users\Beispiel\.stmcufinder\plugins\mcufinder//mcu/
2023-12-07 10:53:14,739 [INFO] DbMcusAds:125 - Set database path to: C:\Users\Beispiel\.stmcufinder\plugins\mcufinder//mcu/
2023-12-07 10:53:14,744 [INFO] CrossReferenceDbSqlite:203 - Set database path to: C:\Users\Beispiel\.stmcufinder\plugins\mcufinder//mcu/cs/
2023-12-07 10:53:14,958 [INFO] RulesReader:64 - Compatibility file has been processed (293 Rules)
2023-12-07 10:53:15,116 [INFO] DbMcusXml:78 - Set database path to: C:\ST\STM32CubeIDE_1.13.1\STM32CubeIDE\plugins\com.st.stm32cube.common.mx_6.9.1.202307191849\\db\/mcu/
2023-12-07 10:53:15,117 [INFO] ApiDb:274 - Set plugin database path to: C:\ST\STM32CubeIDE_1.13.1\STM32CubeIDE\plugins\com.st.stm32cube.common.mx_6.9.1.202307191849\\db\/plugins/boardmanager/
2023-12-07 10:53:15,117 [INFO] ApiDb:261 - Set plugin images path to: C:\ST\STM32CubeIDE_1.13.1\STM32CubeIDE\plugins\com.st.stm32cube.common.mx_6.9.1.202307191849\\db\/plugins/mcufinder/images/
2023-12-07 10:53:15,118 [WARN] DbFile:41 - Overriding database path with different value: C:\Users\Beispiel\.stmcufinder\plugins\mcufinder/ => C:\Users\Beispiel\.stmcufinder\plugins\mcufinder
2023-12-07 10:53:15,119 [INFO] ApiDb:250 - Set database path to: C:\Users\Beispiel\.stmcufinder\plugins\mcufinder//mcu/
2023-12-07 10:53:15,119 [WARN] DbFile:41 - Overriding database path with different value: C:\Users\Beispiel\.stmcufinder\plugins\mcufinder/ => C:\Users\Beispiel\.stmcufinder\plugins\mcufinder
2023-12-07 10:53:15,119 [INFO] DbMcusAds:125 - Set database path to: C:\Users\Beispiel\.stmcufinder\plugins\mcufinder//mcu/
2023-12-07 10:53:15,119 [WARN] DbFile:41 - Overriding database path with different value: C:\Users\Beispiel\.stmcufinder\plugins\mcufinder/ => C:\Users\Beispiel\.stmcufinder\plugins\mcufinder
2023-12-07 10:53:15,119 [WARN] DbFile:41 - Overriding database path with different value: C:\Users\Beispiel\.stmcufinder\plugins\mcufinder/ => C:\Users\Beispiel\.stmcufinder\plugins\mcufinder
2023-12-07 10:53:15,119 [INFO] CrossReferenceDbSqlite:203 - Set database path to: C:\Users\Beispiel\.stmcufinder\plugins\mcufinder//mcu/cs/
2023-12-07 10:53:15,261 [INFO] MainPanel:262 - HeapMemory: 268435456
2023-12-07 10:53:15,484 [INFO] DbMcusXml:78 - Set database path to: C:\ST\STM32CubeIDE_1.13.1\STM32CubeIDE\plugins\com.st.stm32cube.common.mx_6.9.1.202307191849\\db\/mcu/
2023-12-07 10:53:15,484 [INFO] ApiDb:274 - Set plugin database path to: C:\ST\STM32CubeIDE_1.13.1\STM32CubeIDE\plugins\com.st.stm32cube.common.mx_6.9.1.202307191849\\db\/plugins/boardmanager/
2023-12-07 10:53:15,485 [INFO] ApiDb:261 - Set plugin images path to: C:\ST\STM32CubeIDE_1.13.1\STM32CubeIDE\plugins\com.st.stm32cube.common.mx_6.9.1.202307191849\\db\/plugins/mcufinder/images/
2023-12-07 10:53:15,487 [WARN] DbFile:41 - Overriding database path with different value: C:\Users\Beispiel\.stmcufinder\plugins\mcufinder/ => C:\Users\Beispiel\.stmcufinder\plugins\mcufinder
2023-12-07 10:53:15,488 [INFO] ApiDb:250 - Set database path to: C:\Users\Beispiel\.stmcufinder\plugins\mcufinder//mcu/
2023-12-07 10:53:15,489 [WARN] DbFile:41 - Overriding database path with different value: C:\Users\Beispiel\.stmcufinder\plugins\mcufinder/ => C:\Users\Beispiel\.stmcufinder\plugins\mcufinder
2023-12-07 10:53:15,489 [INFO] DbMcusAds:125 - Set database path to: C:\Users\Beispiel\.stmcufinder\plugins\mcufinder//mcu/
2023-12-07 10:53:15,490 [WARN] DbFile:41 - Overriding database path with different value: C:\Users\Beispiel\.stmcufinder\plugins\mcufinder/ => C:\Users\Beispiel\.stmcufinder\plugins\mcufinder
2023-12-07 10:53:15,490 [WARN] DbFile:41 - Overriding database path with different value: C:\Users\Beispiel\.stmcufinder\plugins\mcufinder/ => C:\Users\Beispiel\.stmcufinder\plugins\mcufinder
2023-12-07 10:53:15,491 [INFO] CrossReferenceDbSqlite:203 - Set database path to: C:\Users\Beispiel\.stmcufinder\plugins\mcufinder//mcu/cs/
2023-12-07 10:53:15,576 [INFO] ApplicationProperties:184 - Using Application install path: C:\ST\STM32CubeIDE_1.13.1\STM32CubeIDE\plugins\com.st.stm32cube.common.mx_6.9.1.202307191849
2023-12-07 10:53:15,581 [INFO] PluginManage:196 - Search for loadable plugins [exclusion list=, ]
2023-12-07 10:53:15,586 [INFO] PluginManage:310 - Check plugin analytics
2023-12-07 10:53:15,910 [INFO] AnalyticsPlugin:253 - Accepted Software Licenses: 
2023-12-07 10:53:15,910 [INFO] AnalyticsPlugin:255 - Accepted CMSIS Pack Licenses: 
2023-12-07 10:53:15,911 [INFO] AnalyticsPlugin:257 - Accepted Firmware Licenses: 
2023-12-07 10:53:15,914 [INFO] PluginManage:359 - Loaded plugin analytics (category:tool,tabindex:-1)
2023-12-07 10:53:15,916 [INFO] PluginManage:310 - Check plugin cadmodel
2023-12-07 10:53:15,938 [INFO] CADModel:105 - Init CAD model plugin
2023-12-07 10:53:15,938 [INFO] PluginManage:359 - Loaded plugin cadmodel (category:power,tabindex:5)
2023-12-07 10:53:15,938 [INFO] PluginManage:310 - Check plugin clock
2023-12-07 10:53:15,968 [INFO] PluginManage:359 - Loaded plugin clock (category:base,tabindex:2)
2023-12-07 10:53:15,968 [INFO] PluginManage:310 - Check plugin ddr
2023-12-07 10:53:15,971 [INFO] PluginManage:359 - Loaded plugin ddr (category:tool,tabindex:6)
2023-12-07 10:53:15,971 [INFO] PluginManage:310 - Check plugin filemanager
2023-12-07 10:53:16,203 [INFO] PluginManage:359 - Loaded plugin filemanager (category:base,tabindex:10)
2023-12-07 10:53:16,203 [INFO] PluginManage:310 - Check plugin ipmanager
2023-12-07 10:53:16,216 [INFO] PluginManage:359 - Loaded plugin ipmanager (category:base,tabindex:5)
2023-12-07 10:53:16,216 [INFO] PluginManage:310 - Check plugin lpbam
2023-12-07 10:53:16,243 [INFO] PluginManage:359 - Loaded plugin lpbam (category:base,tabindex:0)
2023-12-07 10:53:16,243 [INFO] PluginManage:310 - Check plugin memorymap
2023-12-07 10:53:16,280 [INFO] PluginManage:359 - Loaded plugin memorymap (category:base,tabindex:4)
2023-12-07 10:53:16,280 [INFO] PluginManage:310 - Check plugin pinoutandconfiguration
2023-12-07 10:53:16,308 [INFO] PluginManage:359 - Loaded plugin pinoutandconfiguration (category:base,tabindex:1)
2023-12-07 10:53:16,308 [INFO] PluginManage:310 - Check plugin pinoutconfig
2023-12-07 10:53:16,508 [WARN] SupportedApi:132 - Cannot load RTOS API schema: s4s-elt-must-match.1: The content of 'definitions' must match (annotation?, (simpleType | complexType)?, (unique | key | keyref)*)). A problem was found starting at: attribute.
2023-12-07 10:53:16,753 [INFO] PluginManage:359 - Loaded plugin pinoutconfig (category:base,tabindex:0)
2023-12-07 10:53:16,753 [INFO] PluginManage:310 - Check plugin power
2023-12-07 10:53:16,788 [INFO] PluginManage:359 - Loaded plugin power (category:power,tabindex:4)
2023-12-07 10:53:16,788 [INFO] PluginManage:310 - Check plugin projectmanager
2023-12-07 10:53:16,813 [INFO] PluginManage:359 - Loaded plugin projectmanager (category:projectmanager,tabindex:3)
2023-12-07 10:53:16,813 [INFO] PluginManage:310 - Check plugin thirdparty
2023-12-07 10:53:18,204 [WARN] IntegrityCheckThread:84 - waiting for thirdparty lock release [integrity check]
2023-12-07 10:53:18,205 [INFO] PluginManage:359 - Loaded plugin thirdparty (category:base,tabindex:-1)
2023-12-07 10:53:18,205 [INFO] PluginManage:310 - Check plugin tools
2023-12-07 10:53:18,205 [INFO] IntegrityCheckThread:86 - entering critical section [integrity check]
2023-12-07 10:53:18,207 [INFO] ThirdPartyUpdaterWithRetryManager:70 - Updater plugin not ready yet. [1/15]
2023-12-07 10:53:18,295 [INFO] PluginManage:359 - Loaded plugin tools (category:base,tabindex:7)
2023-12-07 10:53:18,295 [INFO] PluginManage:310 - Check plugin tutovideos
2023-12-07 10:53:18,777 [INFO] PluginManage:359 - Loaded plugin tutovideos (category:base,tabindex:-1)
2023-12-07 10:53:18,777 [INFO] PluginManage:310 - Check plugin updater
2023-12-07 10:53:18,823 [INFO] PluginManage:359 - Loaded plugin updater (category:base,tabindex:12)
2023-12-07 10:53:18,824 [INFO] PluginManage:310 - Check plugin userauth
2023-12-07 10:53:18,832 [INFO] UserAuth:113 - Init User Auth plugin
2023-12-07 10:53:18,833 [INFO] PluginManage:359 - Loaded plugin userauth (category:base,tabindex:14)
2023-12-07 10:53:18,833 [INFO] PluginManage:283 - PluginManage : Loaded plugins [17]
2023-12-07 10:53:19,336 [INFO] PinOutPanel:1499 - setPackage(No Configuration,No Configuration)
2023-12-07 10:53:19,626 [INFO] CADModel:165 - CPN selected for project level
2023-12-07 10:53:19,626 [INFO] CADModel:114 - Register for checkConnection events
2023-12-07 10:53:19,683 [INFO] IPUIPlugin:80 - create IPUIPlugin
2023-12-07 10:53:19,683 [INFO] PluginManager:220 - loadIPPluginJar : add adc
2023-12-07 10:53:19,744 [INFO] IPUIPlugin:80 - create IPUIPlugin
2023-12-07 10:53:19,745 [INFO] PluginManager:220 - loadIPPluginJar : add aes
2023-12-07 10:53:19,812 [INFO] IPUIPlugin:80 - create IPUIPlugin
2023-12-07 10:53:19,812 [INFO] PluginManager:220 - loadIPPluginJar : add can
2023-12-07 10:53:19,858 [INFO] IPUIPlugin:80 - create IPUIPlugin
2023-12-07 10:53:19,859 [INFO] PluginManager:220 - loadIPPluginJar : add comp
2023-12-07 10:53:19,962 [INFO] IPUIPlugin:80 - create IPUIPlugin
2023-12-07 10:53:19,963 [INFO] PluginManager:220 - loadIPPluginJar : add cryp
2023-12-07 10:53:20,016 [INFO] IPUIPlugin:80 - create IPUIPlugin
2023-12-07 10:53:20,016 [INFO] PluginManager:220 - loadIPPluginJar : add dfsdm
2023-12-07 10:53:20,037 [INFO] IPUIPlugin:80 - create IPUIPlugin
2023-12-07 10:53:20,038 [INFO] PluginManager:220 - loadIPPluginJar : add dma
2023-12-07 10:53:20,148 [INFO] IPUIPlugin:80 - create IPUIPlugin
2023-12-07 10:53:20,148 [INFO] PluginManager:220 - loadIPPluginJar : add dma3
2023-12-07 10:53:20,198 [INFO] IPUIPlugin:80 - create IPUIPlugin
2023-12-07 10:53:20,198 [INFO] PluginManager:220 - loadIPPluginJar : add fatfs
2023-12-07 10:53:20,322 [INFO] IPUIPlugin:80 - create IPUIPlugin
2023-12-07 10:53:20,323 [INFO] PluginManager:220 - loadIPPluginJar : add fmc
2023-12-07 10:53:20,355 [INFO] IPUIPlugin:80 - create IPUIPlugin
2023-12-07 10:53:20,356 [INFO] PluginManager:220 - loadIPPluginJar : add freertos
2023-12-07 10:53:20,458 [INFO] IPUIPlugin:80 - create IPUIPlugin
2023-12-07 10:53:20,459 [INFO] PluginManager:220 - loadIPPluginJar : add genericplugin
2023-12-07 10:53:20,722 [INFO] IPUIPlugin:80 - create IPUIPlugin
2023-12-07 10:53:20,722 [INFO] PluginManager:220 - loadIPPluginJar : add gfxmmu
2023-12-07 10:53:21,149 [INFO] IPUIPlugin:80 - create IPUIPlugin
2023-12-07 10:53:21,149 [INFO] PluginManager:220 - loadIPPluginJar : add gic
2023-12-07 10:53:21,210 [INFO] ThirdPartyUpdaterWithRetryManager:70 - Updater plugin not ready yet. [2/15]
2023-12-07 10:53:21,233 [INFO] IPUIPlugin:80 - create IPUIPlugin
2023-12-07 10:53:21,233 [INFO] PluginManager:220 - loadIPPluginJar : add gpio
2023-12-07 10:53:21,412 [INFO] IPUIPlugin:80 - create IPUIPlugin
2023-12-07 10:53:21,412 [INFO] PluginManager:220 - loadIPPluginJar : add gtzc
2023-12-07 10:53:21,492 [INFO] IPUIPlugin:80 - create IPUIPlugin
2023-12-07 10:53:21,492 [INFO] PluginManager:220 - loadIPPluginJar : add hash
2023-12-07 10:53:21,619 [INFO] IPUIPlugin:80 - create IPUIPlugin
2023-12-07 10:53:21,619 [INFO] PluginManager:220 - loadIPPluginJar : add i2c
2023-12-07 10:53:21,682 [INFO] IPUIPlugin:80 - create IPUIPlugin
2023-12-07 10:53:21,682 [INFO] PluginManager:220 - loadIPPluginJar : add i2s
2023-12-07 10:53:21,755 [INFO] IPUIPlugin:80 - create IPUIPlugin
2023-12-07 10:53:21,756 [INFO] PluginManager:220 - loadIPPluginJar : add i3c
2023-12-07 10:53:21,942 [INFO] IPUIPlugin:80 - create IPUIPlugin
2023-12-07 10:53:21,942 [INFO] PluginManager:220 - loadIPPluginJar : add ipddr
2023-12-07 10:53:22,148 [INFO] IPUIPlugin:80 - create IPUIPlugin
2023-12-07 10:53:22,148 [INFO] PluginManager:220 - loadIPPluginJar : add linkedlist
2023-12-07 10:53:22,238 [INFO] IPUIPlugin:80 - create IPUIPlugin
2023-12-07 10:53:22,239 [INFO] PluginManager:220 - loadIPPluginJar : add lorawan
2023-12-07 10:53:22,353 [INFO] IPUIPlugin:80 - create IPUIPlugin
2023-12-07 10:53:22,354 [INFO] PluginManager:220 - loadIPPluginJar : add ltdc
2023-12-07 10:53:22,390 [INFO] IPUIPlugin:80 - create IPUIPlugin
2023-12-07 10:53:22,390 [INFO] PluginManager:220 - loadIPPluginJar : add mdma
2023-12-07 10:53:22,419 [INFO] IPUIPlugin:80 - create IPUIPlugin
2023-12-07 10:53:22,419 [INFO] PluginManager:220 - loadIPPluginJar : add nvic
2023-12-07 10:53:22,537 [INFO] IPUIPlugin:80 - create IPUIPlugin
2023-12-07 10:53:22,537 [INFO] PluginManager:220 - loadIPPluginJar : add opamp
2023-12-07 10:53:22,665 [INFO] IPUIPlugin:80 - create IPUIPlugin
2023-12-07 10:53:22,665 [INFO] PluginManager:220 - loadIPPluginJar : add openamp
2023-12-07 10:53:22,751 [INFO] IPUIPlugin:80 - create IPUIPlugin
2023-12-07 10:53:22,751 [INFO] PluginManager:220 - loadIPPluginJar : add pdm2pcm
2023-12-07 10:53:22,785 [INFO] IPUIPlugin:80 - create IPUIPlugin
2023-12-07 10:53:22,791 [INFO] PluginManager:220 - loadIPPluginJar : add plateformsettings
2023-12-07 10:53:22,832 [INFO] IPUIPlugin:80 - create IPUIPlugin
2023-12-07 10:53:22,832 [INFO] PluginManager:220 - loadIPPluginJar : add quadspi
2023-12-07 10:53:22,863 [INFO] IPUIPlugin:80 - create IPUIPlugin
2023-12-07 10:53:22,863 [INFO] PluginManager:220 - loadIPPluginJar : add resmgrutility
2023-12-07 10:53:23,012 [INFO] IPUIPlugin:80 - create IPUIPlugin
2023-12-07 10:53:23,013 [INFO] PluginManager:220 - loadIPPluginJar : add sai
2023-12-07 10:53:23,124 [INFO] IPUIPlugin:80 - create IPUIPlugin
2023-12-07 10:53:23,124 [INFO] PluginManager:220 - loadIPPluginJar : add spi
2023-12-07 10:53:23,259 [INFO] IPUIPlugin:80 - create IPUIPlugin
2023-12-07 10:53:23,259 [INFO] PluginManager:220 - loadIPPluginJar : add stm32_wpan
2023-12-07 10:53:23,340 [INFO] IPUIPlugin:80 - create IPUIPlugin
2023-12-07 10:53:23,341 [INFO] PluginManager:220 - loadIPPluginJar : add tim
2023-12-07 10:53:23,482 [INFO] IPUIPlugin:80 - create IPUIPlugin
2023-12-07 10:53:23,483 [INFO] PluginManager:220 - loadIPPluginJar : add touchsensing
2023-12-07 10:53:23,563 [INFO] IPUIPlugin:80 - create IPUIPlugin
2023-12-07 10:53:23,563 [INFO] PluginManager:220 - loadIPPluginJar : add tracer_emb
2023-12-07 10:53:23,619 [INFO] IPUIPlugin:80 - create IPUIPlugin
2023-12-07 10:53:23,620 [INFO] PluginManager:220 - loadIPPluginJar : add ts
2023-12-07 10:53:23,674 [INFO] IPUIPlugin:80 - create IPUIPlugin
2023-12-07 10:53:23,674 [INFO] PluginManager:220 - loadIPPluginJar : add tsc
2023-12-07 10:53:23,752 [INFO] IPUIPlugin:80 - create IPUIPlugin
2023-12-07 10:53:23,753 [INFO] PluginManager:220 - loadIPPluginJar : add ucpd
2023-12-07 10:53:23,855 [INFO] IPUIPlugin:80 - create IPUIPlugin
2023-12-07 10:53:23,855 [INFO] PluginManager:220 - loadIPPluginJar : add usart
2023-12-07 10:53:23,921 [INFO] IPUIPlugin:80 - create IPUIPlugin
2023-12-07 10:53:23,921 [INFO] PluginManager:220 - loadIPPluginJar : add usbx
2023-12-07 10:53:24,109 [INFO] CADModel:165 - CPN selected for project level
2023-12-07 10:53:24,109 [INFO] CADModel:114 - Register for checkConnection events
2023-12-07 10:53:24,110 [FATAL] Updater:308 - Updater called before beeing initialized
2023-12-07 10:53:24,110 [ERROR] CADModel:125 - Updater not yet initialized, retry later 
2023-12-07 10:53:24,214 [INFO] ThirdPartyUpdaterWithRetryManager:70 - Updater plugin not ready yet. [3/15]
2023-12-07 10:53:24,534 [INFO] CADModel:165 - CPN selected for project level
2023-12-07 10:53:24,534 [INFO] CADModel:114 - Register for checkConnection events
2023-12-07 10:53:24,535 [FATAL] Updater:308 - Updater called before beeing initialized
2023-12-07 10:53:24,535 [ERROR] CADModel:125 - Updater not yet initialized, retry later 
2023-12-07 10:53:24,541 [FATAL] Updater:308 - Updater called before beeing initialized
2023-12-07 10:53:24,718 [FATAL] Updater:308 - Updater called before beeing initialized
2023-12-07 10:53:24,738 [INFO] DbMcusAds:53 - JSON generation date=Tue Mar 07 09:50:55 CET 2023 (1678179055335)
2023-12-07 10:53:24,738 [FATAL] Updater:308 - Updater called before beeing initialized
2023-12-07 10:53:25,035 [WARN] DetailPanel:346 - Failed to get advertising image, set to default
2023-12-07 10:53:25,402 [FATAL] Updater:308 - Updater called before beeing initialized
2023-12-07 10:53:25,407 [FATAL] Updater:308 - Updater called before beeing initialized
2023-12-07 10:53:25,407 [FATAL] Updater:308 - Updater called before beeing initialized
2023-12-07 10:53:25,408 [WARN] DetailPanel:346 - Failed to get advertising image, set to default
2023-12-07 10:53:25,410 [FATAL] Updater:308 - Updater called before beeing initialized
2023-12-07 10:53:25,625 [ERROR] Updater:1120 - MainUpdater not yet initialized. External WinMGr cannot be set.
2023-12-07 10:53:25,641 [INFO] Updater:1056 - Updater Version found : 6.9.1
2023-12-07 10:53:25,674 [INFO] ApplicationProperties:184 - Using Application install path: C:\ST\STM32CubeIDE_1.13.1\STM32CubeIDE\plugins\com.st.stm32cube.common.mx_6.9.1.202307191849
2023-12-07 10:53:26,472 [INFO] MainUpdater:2868 - connection check result : 10
2023-12-07 10:53:26,473 [INFO] MainUpdater:285 - Updater Check For Update Now.
2023-12-07 10:53:26,473 [INFO] MicroXplorer:498 - Change Database Version : DB.6.0.91
2023-12-07 10:53:26,503 [INFO] McuFinderGlobals:63 - Set McuFinder mode to 2 (CubeIDE integrated)
2023-12-07 10:53:26,824 [INFO] CheckServerUpdateThread:120 - End of CheckServer Thread
2023-12-07 10:53:27,783 [WARN] PackLoader:240 - Cannot read IP mode file for STMicroelectronics.X-CUBE-SMBUS.2.1.0
2023-12-07 10:53:27,886 [WARN] PackLoader:240 - Cannot read IP mode file for STMicroelectronics.X-CUBE-AZRTOS-F7.1.1.0
2023-12-07 10:53:27,925 [WARN] PackLoader:240 - Cannot read IP mode file for STMicroelectronics.FP-SNS-MOTENV1.4.3.2
2023-12-07 10:53:28,031 [WARN] PackLoader:240 - Cannot read IP mode file for STMicroelectronics.FP-SNS-FLIGHT1.5.0.2
2023-12-07 10:53:28,065 [WARN] PackLoader:240 - Cannot read IP mode file for STMicroelectronics.X-CUBE-DISPLAY.3.0.0
2023-12-07 10:53:28,106 [WARN] PackLoader:240 - Cannot read IP mode file for STMicroelectronics.X-CUBE-BLE1.7.0.0
2023-12-07 10:53:28,132 [WARN] PackLoader:240 - Cannot read IP mode file for emotas.I-CUBE-CANOPEN.1.3.0
2023-12-07 10:53:28,158 [WARN] PackLoader:240 - Cannot read IP mode file for STMicroelectronics.X-CUBE-TOUCHGFX.4.22.0
2023-12-07 10:53:28,182 [WARN] PackLoader:240 - Cannot read IP mode file for STMicroelectronics.X-CUBE-TOUCHGFX.4.22.1
2023-12-07 10:53:28,264 [WARN] PackLoader:240 - Cannot read IP mode file for STMicroelectronics.FP-SNS-SMARTAG2.1.2.0
2023-12-07 10:53:28,321 [INFO] LogOutputStream:77 - [STDOUT_REDIRECT] 1 : Invalid condition id : UX_CORESTACK_Condition cause : null
2023-12-07 10:53:28,322 [INFO] LogOutputStream:77 - [STDOUT_REDIRECT] 1 : Invalid condition id : UX_CORESTACK_Condition cause : null
2023-12-07 10:53:28,325 [INFO] LogOutputStream:77 - [STDOUT_REDIRECT] 1 : Invalid condition id : UX_CORESTACK_Condition cause : null
2023-12-07 10:53:28,327 [INFO] LogOutputStream:77 - [STDOUT_REDIRECT] 1 : Invalid condition id : UX_CORESTACK_Condition cause : null
2023-12-07 10:53:28,329 [INFO] LogOutputStream:77 - [STDOUT_REDIRECT] 1 : Invalid condition id : UX_CORESTACK_Condition cause : null
2023-12-07 10:53:28,337 [WARN] PackLoader:240 - Cannot read IP mode file for STMicroelectronics.X-CUBE-AZRTOS-WL.2.0.0
2023-12-07 10:53:28,369 [WARN] PackLoader:240 - Cannot read IP mode file for WES.I-CUBE-Cesium.1.3.0
2023-12-07 10:53:28,400 [WARN] PackLoader:240 - Cannot read IP mode file for STMicroelectronics.X-CUBE-BLE2.3.3.0
2023-12-07 10:53:28,431 [WARN] PackLoader:240 - Cannot read IP mode file for STMicroelectronics.X-CUBE-ALGOBUILD.1.3.0
2023-12-07 10:53:28,516 [WARN] PackLoader:240 - Cannot read IP mode file for STMicroelectronics.X-CUBE-AZRTOS-G0.1.1.0
2023-12-07 10:53:28,584 [WARN] PackLoader:240 - Cannot read IP mode file for STMicroelectronics.X-CUBE-NFC4.3.0.0
2023-12-07 10:53:28,625 [WARN] PackLoader:240 - Cannot read IP mode file for STMicroelectronics.X-CUBE-BLEMGR.3.0.0
2023-12-07 10:53:28,677 [WARN] PackLoader:240 - Cannot read IP mode file for STMicroelectronics.FP-ATR-SIGFOX1.3.2.0
2023-12-07 10:53:28,785 [WARN] PackLoader:240 - Cannot read IP mode file for SEGGER.I-CUBE-embOS.1.3.1
2023-12-07 10:53:28,958 [WARN] PackLoader:240 - Cannot read IP mode file for STMicroelectronics.X-CUBE-GNSS1.6.0.0
2023-12-07 10:53:29,043 [WARN] PackLoader:240 - Cannot read IP mode file for STMicroelectronics.X-CUBE-AZRTOS-F4.1.1.0
2023-12-07 10:53:29,084 [WARN] PackLoader:240 - Cannot read IP mode file for wolfSSL.I-CUBE-wolfSSL.5.6.3
2023-12-07 10:53:29,159 [WARN] PackLoader:240 - Cannot read IP mode file for STMicroelectronics.X-CUBE-AZRTOS-L5.2.0.0
2023-12-07 10:53:29,298 [WARN] PackLoader:240 - Cannot read IP mode file for STMicroelectronics.X-CUBE-MEMS1.9.6.0
2023-12-07 10:53:29,777 [WARN] PackLoader:240 - Cannot read IP mode file for STMicroelectronics.X-CUBE-EEPRMA1.4.2.0
2023-12-07 10:53:29,935 [WARN] PackLoader:240 - Cannot read IP mode file for ITTIA_DB.I-CUBE-ITTIADB.8.8.0
2023-12-07 10:53:30,018 [WARN] PackLoader:240 - Cannot read IP mode file for STMicroelectronics.X-CUBE-BLEMGR.2.0.0
2023-12-07 10:53:30,120 [WARN] ConditionMgr:438 - getConditionDescription Invalid condition id : UX DEVICE CLASS RTOS Condition cause : null
2023-12-07 10:53:30,120 [WARN] ConditionMgr:438 - getConditionDescription Invalid condition id : UX DEVICE CLASS RTOS Condition cause : null
2023-12-07 10:53:30,131 [WARN] PackLoader:240 - Cannot read IP mode file for STMicroelectronics.X-CUBE-AZRTOS-H7.3.1.0
2023-12-07 10:53:30,133 [WARN] ConditionMgr:1039 - genDependencies : Invalid condition id : UX DEVICE CLASS RTOS Condition cause : null
2023-12-07 10:53:30,133 [WARN] ConditionMgr:1039 - genDependencies : Invalid condition id : UX DEVICE CLASS RTOS Condition cause : null
2023-12-07 10:53:30,135 [WARN] ConditionMgr:1039 - genDependencies : Invalid condition id : UX DEVICE CLASS RTOS Condition cause : null
2023-12-07 10:53:30,136 [WARN] ConditionMgr:1039 - genDependencies : Invalid condition id : UX DEVICE CLASS RTOS Condition cause : null
2023-12-07 10:53:30,136 [WARN] ConditionMgr:1039 - genDependencies : Invalid condition id : UX DEVICE CLASS RTOS Condition cause : null
2023-12-07 10:53:30,181 [WARN] PackLoader:240 - Cannot read IP mode file for STMicroelectronics.X-CUBE-NFC7.1.0.1
2023-12-07 10:53:30,217 [WARN] PackLoader:240 - Cannot read IP mode file for STMicroelectronics.X-CUBE-NFC6.3.0.0
2023-12-07 10:53:30,251 [WARN] PackLoader:240 - Cannot read IP mode file for STMicroelectronics.X-CUBE-EEPRMA1.4.1.0
2023-12-07 10:53:30,285 [WARN] PackLoader:240 - Cannot read IP mode file for STMicroelectronics.X-CUBE-AI.8.1.0
2023-12-07 10:53:30,387 [WARN] ConditionMgr:438 - getConditionDescription Invalid condition id : LAN8742 Phy interface Condition cause : null
2023-12-07 10:53:30,389 [WARN] PackLoader:240 - Cannot read IP mode file for STMicroelectronics.X-CUBE-AZRTOS-L4.2.0.0
2023-12-07 10:53:30,392 [WARN] ConditionMgr:1039 - genDependencies : Invalid condition id : LAN8742 Phy interface Condition cause : null
2023-12-07 10:53:30,393 [WARN] ConditionMgr:1039 - genDependencies : Invalid condition id : LAN8742 Phy interface Condition cause : null
2023-12-07 10:53:30,394 [WARN] ConditionMgr:1039 - genDependencies : Invalid condition id : LAN8742 Phy interface Condition cause : null
2023-12-07 10:53:30,605 [WARN] PackLoader:240 - Cannot read IP mode file for STMicroelectronics.X-CUBE-SFXS2LP1.4.0.0
2023-12-07 10:53:30,633 [WARN] PackLoader:240 - Cannot read IP mode file for STMicroelectronics.X-CUBE-ISPU.1.1.0
2023-12-07 10:53:30,693 [WARN] ConditionMgr:438 - getConditionDescription Invalid condition id : UX DEVICE CLASS RTOS Condition cause : null
2023-12-07 10:53:30,693 [WARN] ConditionMgr:438 - getConditionDescription Invalid condition id : UX DEVICE CLASS RTOS Condition cause : null
2023-12-07 10:53:30,697 [WARN] PackLoader:240 - Cannot read IP mode file for STMicroelectronics.X-CUBE-AZRTOS-WB.2.0.0
2023-12-07 10:53:30,698 [WARN] ConditionMgr:1039 - genDependencies : Invalid condition id : UX DEVICE CLASS RTOS Condition cause : null
2023-12-07 10:53:30,698 [WARN] ConditionMgr:1039 - genDependencies : Invalid condition id : UX DEVICE CLASS RTOS Condition cause : null
2023-12-07 10:53:30,699 [WARN] ConditionMgr:1039 - genDependencies : Invalid condition id : UX DEVICE CLASS RTOS Condition cause : null
2023-12-07 10:53:30,700 [WARN] ConditionMgr:1039 - genDependencies : Invalid condition id : UX DEVICE CLASS RTOS Condition cause : null
2023-12-07 10:53:30,700 [WARN] ConditionMgr:1039 - genDependencies : Invalid condition id : UX DEVICE CLASS RTOS Condition cause : null
2023-12-07 10:53:30,731 [WARN] PackLoader:240 - Cannot read IP mode file for STMicroelectronics.X-CUBE-FREERTOS.1.0.1
2023-12-07 10:53:30,770 [WARN] PackLoader:240 - Cannot read IP mode file for STMicroelectronics.X-CUBE-SUBG2.5.0.0
2023-12-07 10:53:30,825 [WARN] PackLoader:240 - Cannot read IP mode file for STMicroelectronics.X-CUBE-TOF1.3.3.1
2023-12-07 10:53:30,940 [WARN] PackLoader:240 - Cannot read IP mode file for STMicroelectronics.X-CUBE-AZRTOS-G4.2.0.0
2023-12-07 10:53:30,992 [WARN] PackLoader:240 - Cannot read IP mode file for Infineon.AIROC-Wi-Fi-Bluetooth-STM32.1.5.1
2023-12-07 10:53:31,019 [WARN] PackLoader:240 - Cannot read IP mode file for STMicroelectronics.FP-SNS-MOTENVWB1.1.3.0
2023-12-07 10:53:31,041 [WARN] PackLoader:240 - Cannot read IP mode file for STMicroelectronics.FP-SNS-MOTENVWB1.1.3.1
2023-12-07 10:53:31,063 [WARN] PackLoader:240 - Cannot read IP mode file for STMicroelectronics.X-CUBE-ISPU.2.0.0
2023-12-07 10:53:31,196 [WARN] PackLoader:240 - Cannot read IP mode file for STMicroelectronics.X-CUBE-MEMS1.10.0.0
2023-12-07 10:53:31,506 [WARN] PackLoader:240 - Cannot read IP mode file for STMicroelectronics.X-CUBE-FREERTOS.1.1.0
2023-12-07 10:53:31,532 [WARN] PackLoader:240 - Cannot read IP mode file for portGmbH.I-Cube-SoM-uGOAL.1.1.0
2023-12-07 10:53:31,558 [WARN] PackLoader:240 - Cannot read IP mode file for STMicroelectronics.X-CUBE-ALS.1.0.1
2023-12-07 10:53:31,579 [WARN] PackLoader:240 - Cannot read IP mode file for STMicroelectronics.FP-ATR-ASTRA1.2.0.0
2023-12-07 10:53:31,622 [WARN] PackLoader:240 - Cannot read IP mode file for STMicroelectronics.X-CUBE-TOF1.3.4.0
2023-12-07 10:53:31,642 [INFO] ThirdParty:978 - Integrity check success = true
2023-12-07 10:53:31,642 [INFO] IntegrityCheckThread:100 - exiting critical section [integrity check]
2023-12-07 10:53:31,643 [INFO] IntegrityCheckThread:103 - End integrity checks thread
2023-12-07 10:53:48,704 [ERROR] LogOutputStream:75 - [STDERR_REDIRECT] SLF4J: Failed to load class "org.slf4j.impl.StaticLoggerBinder".
2023-12-07 10:53:48,705 [ERROR] LogOutputStream:75 - [STDERR_REDIRECT] SLF4J: Defaulting to no-operation (NOP) logger implementation
2023-12-07 10:53:48,709 [ERROR] LogOutputStream:75 - [STDERR_REDIRECT] SLF4J: See http://www.slf4j.org/codes.html#StaticLoggerBinder for further details.
