2023-11-28 11:24:08,679 [INFO] Activator:176 - 


2023-11-28 11:24:08,696 [INFO] Activator:177 - !SESSION log4j initialized
2023-11-28 11:24:20,965 [INFO] LogOutputStream:77 - [STDOUT_REDIRECT] 
2023-11-28 11:24:30,031 [INFO] ApplicationProperties:184 - Using Application install path: C:\ST\STM32CubeIDE_1.13.1\STM32CubeIDE\plugins\com.st.stm32cube.common.mx_6.9.1.202307191849
2023-11-28 11:24:30,061 [INFO] DbMcusXml:78 - Set database path to: C:\ST\STM32CubeIDE_1.13.1\STM32CubeIDE\plugins\com.st.stm32cube.common.mx_6.9.1.202307191849\\db\/mcu/
2023-11-28 11:24:30,062 [INFO] ApiDb:274 - Set plugin database path to: C:\ST\STM32CubeIDE_1.13.1\STM32CubeIDE\plugins\com.st.stm32cube.common.mx_6.9.1.202307191849\\db\/plugins/boardmanager/
2023-11-28 11:24:30,063 [WARN] ApiDb:259 - Overriding images path with different value:  => C:\ST\STM32CubeIDE_1.13.1\STM32CubeIDE\plugins\com.st.stm32cube.common.mx_6.9.1.202307191849\\db\/plugins/mcufinder/images/
2023-11-28 11:24:30,085 [INFO] ApiDb:250 - Set database path to: C:\Users\Beispiel\.stmcufinder\plugins\mcufinder//mcu/
2023-11-28 11:24:30,087 [INFO] DbMcusAds:125 - Set database path to: C:\Users\Beispiel\.stmcufinder\plugins\mcufinder//mcu/
2023-11-28 11:24:30,090 [INFO] CrossReferenceDbSqlite:203 - Set database path to: C:\Users\Beispiel\.stmcufinder\plugins\mcufinder//mcu/cs/
2023-11-28 11:24:30,425 [INFO] RulesReader:64 - Compatibility file has been processed (293 Rules)
2023-11-28 11:24:30,643 [INFO] DbMcusXml:78 - Set database path to: C:\ST\STM32CubeIDE_1.13.1\STM32CubeIDE\plugins\com.st.stm32cube.common.mx_6.9.1.202307191849\\db\/mcu/
2023-11-28 11:24:30,643 [INFO] ApiDb:274 - Set plugin database path to: C:\ST\STM32CubeIDE_1.13.1\STM32CubeIDE\plugins\com.st.stm32cube.common.mx_6.9.1.202307191849\\db\/plugins/boardmanager/
2023-11-28 11:24:30,643 [INFO] ApiDb:261 - Set plugin images path to: C:\ST\STM32CubeIDE_1.13.1\STM32CubeIDE\plugins\com.st.stm32cube.common.mx_6.9.1.202307191849\\db\/plugins/mcufinder/images/
2023-11-28 11:24:30,644 [WARN] DbFile:41 - Overriding database path with different value: C:\Users\Beispiel\.stmcufinder\plugins\mcufinder/ => C:\Users\Beispiel\.stmcufinder\plugins\mcufinder
2023-11-28 11:24:30,644 [INFO] ApiDb:250 - Set database path to: C:\Users\Beispiel\.stmcufinder\plugins\mcufinder//mcu/
2023-11-28 11:24:30,644 [WARN] DbFile:41 - Overriding database path with different value: C:\Users\Beispiel\.stmcufinder\plugins\mcufinder/ => C:\Users\Beispiel\.stmcufinder\plugins\mcufinder
2023-11-28 11:24:30,644 [INFO] DbMcusAds:125 - Set database path to: C:\Users\Beispiel\.stmcufinder\plugins\mcufinder//mcu/
2023-11-28 11:24:30,645 [WARN] DbFile:41 - Overriding database path with different value: C:\Users\Beispiel\.stmcufinder\plugins\mcufinder/ => C:\Users\Beispiel\.stmcufinder\plugins\mcufinder
2023-11-28 11:24:30,645 [WARN] DbFile:41 - Overriding database path with different value: C:\Users\Beispiel\.stmcufinder\plugins\mcufinder/ => C:\Users\Beispiel\.stmcufinder\plugins\mcufinder
2023-11-28 11:24:30,645 [INFO] CrossReferenceDbSqlite:203 - Set database path to: C:\Users\Beispiel\.stmcufinder\plugins\mcufinder//mcu/cs/
2023-11-28 11:24:30,830 [INFO] MainPanel:262 - HeapMemory: 268435456
2023-11-28 11:24:31,070 [INFO] DbMcusXml:78 - Set database path to: C:\ST\STM32CubeIDE_1.13.1\STM32CubeIDE\plugins\com.st.stm32cube.common.mx_6.9.1.202307191849\\db\/mcu/
2023-11-28 11:24:31,070 [INFO] ApiDb:274 - Set plugin database path to: C:\ST\STM32CubeIDE_1.13.1\STM32CubeIDE\plugins\com.st.stm32cube.common.mx_6.9.1.202307191849\\db\/plugins/boardmanager/
2023-11-28 11:24:31,070 [INFO] ApiDb:261 - Set plugin images path to: C:\ST\STM32CubeIDE_1.13.1\STM32CubeIDE\plugins\com.st.stm32cube.common.mx_6.9.1.202307191849\\db\/plugins/mcufinder/images/
2023-11-28 11:24:31,071 [WARN] DbFile:41 - Overriding database path with different value: C:\Users\Beispiel\.stmcufinder\plugins\mcufinder/ => C:\Users\Beispiel\.stmcufinder\plugins\mcufinder
2023-11-28 11:24:31,071 [INFO] ApiDb:250 - Set database path to: C:\Users\Beispiel\.stmcufinder\plugins\mcufinder//mcu/
2023-11-28 11:24:31,072 [WARN] DbFile:41 - Overriding database path with different value: C:\Users\Beispiel\.stmcufinder\plugins\mcufinder/ => C:\Users\Beispiel\.stmcufinder\plugins\mcufinder
2023-11-28 11:24:31,072 [INFO] DbMcusAds:125 - Set database path to: C:\Users\Beispiel\.stmcufinder\plugins\mcufinder//mcu/
2023-11-28 11:24:31,072 [WARN] DbFile:41 - Overriding database path with different value: C:\Users\Beispiel\.stmcufinder\plugins\mcufinder/ => C:\Users\Beispiel\.stmcufinder\plugins\mcufinder
2023-11-28 11:24:31,072 [WARN] DbFile:41 - Overriding database path with different value: C:\Users\Beispiel\.stmcufinder\plugins\mcufinder/ => C:\Users\Beispiel\.stmcufinder\plugins\mcufinder
2023-11-28 11:24:31,072 [INFO] CrossReferenceDbSqlite:203 - Set database path to: C:\Users\Beispiel\.stmcufinder\plugins\mcufinder//mcu/cs/
2023-11-28 11:24:31,098 [INFO] ApplicationProperties:184 - Using Application install path: C:\ST\STM32CubeIDE_1.13.1\STM32CubeIDE\plugins\com.st.stm32cube.common.mx_6.9.1.202307191849
2023-11-28 11:24:31,100 [INFO] PluginManage:196 - Search for loadable plugins [exclusion list=, ]
2023-11-28 11:24:31,144 [INFO] PluginManage:310 - Check plugin analytics
2023-11-28 11:24:31,594 [INFO] AnalyticsPlugin:253 - Accepted Software Licenses: 
2023-11-28 11:24:31,594 [INFO] AnalyticsPlugin:255 - Accepted CMSIS Pack Licenses: 
2023-11-28 11:24:31,595 [INFO] AnalyticsPlugin:257 - Accepted Firmware Licenses: 
2023-11-28 11:24:31,599 [INFO] PluginManage:359 - Loaded plugin analytics (category:tool,tabindex:-1)
2023-11-28 11:24:31,600 [INFO] PluginManage:310 - Check plugin cadmodel
2023-11-28 11:24:31,621 [INFO] CADModel:105 - Init CAD model plugin
2023-11-28 11:24:31,621 [INFO] PluginManage:359 - Loaded plugin cadmodel (category:power,tabindex:5)
2023-11-28 11:24:31,621 [INFO] PluginManage:310 - Check plugin clock
2023-11-28 11:24:31,725 [INFO] PluginManage:359 - Loaded plugin clock (category:base,tabindex:2)
2023-11-28 11:24:31,725 [INFO] PluginManage:310 - Check plugin ddr
2023-11-28 11:24:31,729 [INFO] PluginManage:359 - Loaded plugin ddr (category:tool,tabindex:6)
2023-11-28 11:24:31,729 [INFO] PluginManage:310 - Check plugin filemanager
2023-11-28 11:24:32,099 [INFO] PluginManage:359 - Loaded plugin filemanager (category:base,tabindex:10)
2023-11-28 11:24:32,099 [INFO] PluginManage:310 - Check plugin ipmanager
2023-11-28 11:24:32,110 [INFO] PluginManage:359 - Loaded plugin ipmanager (category:base,tabindex:5)
2023-11-28 11:24:32,110 [INFO] PluginManage:310 - Check plugin lpbam
2023-11-28 11:24:32,133 [INFO] PluginManage:359 - Loaded plugin lpbam (category:base,tabindex:0)
2023-11-28 11:24:32,133 [INFO] PluginManage:310 - Check plugin memorymap
2023-11-28 11:24:32,165 [INFO] PluginManage:359 - Loaded plugin memorymap (category:base,tabindex:4)
2023-11-28 11:24:32,166 [INFO] PluginManage:310 - Check plugin pinoutandconfiguration
2023-11-28 11:24:32,188 [INFO] PluginManage:359 - Loaded plugin pinoutandconfiguration (category:base,tabindex:1)
2023-11-28 11:24:32,188 [INFO] PluginManage:310 - Check plugin pinoutconfig
2023-11-28 11:24:32,318 [WARN] SupportedApi:132 - Cannot load RTOS API schema: s4s-elt-must-match.1: The content of 'definitions' must match (annotation?, (simpleType | complexType)?, (unique | key | keyref)*)). A problem was found starting at: attribute.
2023-11-28 11:24:32,510 [INFO] PluginManage:359 - Loaded plugin pinoutconfig (category:base,tabindex:0)
2023-11-28 11:24:32,510 [INFO] PluginManage:310 - Check plugin power
2023-11-28 11:24:32,538 [INFO] PluginManage:359 - Loaded plugin power (category:power,tabindex:4)
2023-11-28 11:24:32,539 [INFO] PluginManage:310 - Check plugin projectmanager
2023-11-28 11:24:32,560 [INFO] PluginManage:359 - Loaded plugin projectmanager (category:projectmanager,tabindex:3)
2023-11-28 11:24:32,561 [INFO] PluginManage:310 - Check plugin thirdparty
2023-11-28 11:24:33,195 [INFO] PluginManage:359 - Loaded plugin thirdparty (category:base,tabindex:-1)
2023-11-28 11:24:33,195 [WARN] IntegrityCheckThread:84 - waiting for thirdparty lock release [integrity check]
2023-11-28 11:24:33,195 [INFO] PluginManage:310 - Check plugin tools
2023-11-28 11:24:33,196 [INFO] IntegrityCheckThread:86 - entering critical section [integrity check]
2023-11-28 11:24:33,196 [INFO] ThirdPartyUpdaterWithRetryManager:70 - Updater plugin not ready yet. [1/15]
2023-11-28 11:24:33,241 [INFO] PluginManage:359 - Loaded plugin tools (category:base,tabindex:7)
2023-11-28 11:24:33,241 [INFO] PluginManage:310 - Check plugin tutovideos
2023-11-28 11:24:33,516 [INFO] PluginManage:359 - Loaded plugin tutovideos (category:base,tabindex:-1)
2023-11-28 11:24:33,516 [INFO] PluginManage:310 - Check plugin updater
2023-11-28 11:24:33,532 [INFO] PluginManage:359 - Loaded plugin updater (category:base,tabindex:12)
2023-11-28 11:24:33,533 [INFO] PluginManage:310 - Check plugin userauth
2023-11-28 11:24:33,540 [INFO] UserAuth:113 - Init User Auth plugin
2023-11-28 11:24:33,540 [INFO] PluginManage:359 - Loaded plugin userauth (category:base,tabindex:14)
2023-11-28 11:24:33,541 [INFO] PluginManage:283 - PluginManage : Loaded plugins [17]
2023-11-28 11:24:33,867 [INFO] PinOutPanel:1499 - setPackage(No Configuration,No Configuration)
2023-11-28 11:24:34,295 [INFO] CADModel:165 - CPN selected for project level
2023-11-28 11:24:34,295 [INFO] CADModel:114 - Register for checkConnection events
2023-11-28 11:24:34,330 [INFO] IPUIPlugin:80 - create IPUIPlugin
2023-11-28 11:24:34,330 [INFO] PluginManager:220 - loadIPPluginJar : add adc
2023-11-28 11:24:34,402 [INFO] IPUIPlugin:80 - create IPUIPlugin
2023-11-28 11:24:34,403 [INFO] PluginManager:220 - loadIPPluginJar : add aes
2023-11-28 11:24:34,484 [INFO] IPUIPlugin:80 - create IPUIPlugin
2023-11-28 11:24:34,484 [INFO] PluginManager:220 - loadIPPluginJar : add can
2023-11-28 11:24:34,546 [INFO] IPUIPlugin:80 - create IPUIPlugin
2023-11-28 11:24:34,546 [INFO] PluginManager:220 - loadIPPluginJar : add comp
2023-11-28 11:24:34,601 [INFO] IPUIPlugin:80 - create IPUIPlugin
2023-11-28 11:24:34,601 [INFO] PluginManager:220 - loadIPPluginJar : add cryp
2023-11-28 11:24:34,645 [INFO] IPUIPlugin:80 - create IPUIPlugin
2023-11-28 11:24:34,645 [INFO] PluginManager:220 - loadIPPluginJar : add dfsdm
2023-11-28 11:24:34,666 [INFO] IPUIPlugin:80 - create IPUIPlugin
2023-11-28 11:24:34,733 [INFO] PluginManager:220 - loadIPPluginJar : add dma
2023-11-28 11:24:34,796 [INFO] IPUIPlugin:80 - create IPUIPlugin
2023-11-28 11:24:34,796 [INFO] PluginManager:220 - loadIPPluginJar : add dma3
2023-11-28 11:24:34,819 [INFO] IPUIPlugin:80 - create IPUIPlugin
2023-11-28 11:24:34,820 [INFO] PluginManager:220 - loadIPPluginJar : add fatfs
2023-11-28 11:24:34,879 [INFO] IPUIPlugin:80 - create IPUIPlugin
2023-11-28 11:24:34,879 [INFO] PluginManager:220 - loadIPPluginJar : add fmc
2023-11-28 11:24:34,899 [INFO] IPUIPlugin:80 - create IPUIPlugin
2023-11-28 11:24:34,899 [INFO] PluginManager:220 - loadIPPluginJar : add freertos
2023-11-28 11:24:34,924 [INFO] IPUIPlugin:80 - create IPUIPlugin
2023-11-28 11:24:34,924 [INFO] PluginManager:220 - loadIPPluginJar : add genericplugin
2023-11-28 11:24:35,036 [INFO] IPUIPlugin:80 - create IPUIPlugin
2023-11-28 11:24:35,036 [INFO] PluginManager:220 - loadIPPluginJar : add gfxmmu
2023-11-28 11:24:35,193 [INFO] IPUIPlugin:80 - create IPUIPlugin
2023-11-28 11:24:35,193 [INFO] PluginManager:220 - loadIPPluginJar : add gic
2023-11-28 11:24:35,219 [INFO] IPUIPlugin:80 - create IPUIPlugin
2023-11-28 11:24:35,219 [INFO] PluginManager:220 - loadIPPluginJar : add gpio
2023-11-28 11:24:35,339 [INFO] IPUIPlugin:80 - create IPUIPlugin
2023-11-28 11:24:35,340 [INFO] PluginManager:220 - loadIPPluginJar : add gtzc
2023-11-28 11:24:35,378 [INFO] IPUIPlugin:80 - create IPUIPlugin
2023-11-28 11:24:35,378 [INFO] PluginManager:220 - loadIPPluginJar : add hash
2023-11-28 11:24:35,444 [INFO] IPUIPlugin:80 - create IPUIPlugin
2023-11-28 11:24:35,445 [INFO] PluginManager:220 - loadIPPluginJar : add i2c
2023-11-28 11:24:35,488 [INFO] IPUIPlugin:80 - create IPUIPlugin
2023-11-28 11:24:35,488 [INFO] PluginManager:220 - loadIPPluginJar : add i2s
2023-11-28 11:24:35,539 [INFO] IPUIPlugin:80 - create IPUIPlugin
2023-11-28 11:24:35,539 [INFO] PluginManager:220 - loadIPPluginJar : add i3c
2023-11-28 11:24:35,662 [INFO] IPUIPlugin:80 - create IPUIPlugin
2023-11-28 11:24:35,662 [INFO] PluginManager:220 - loadIPPluginJar : add ipddr
2023-11-28 11:24:35,778 [INFO] IPUIPlugin:80 - create IPUIPlugin
2023-11-28 11:24:35,778 [INFO] PluginManager:220 - loadIPPluginJar : add linkedlist
2023-11-28 11:24:35,820 [INFO] IPUIPlugin:80 - create IPUIPlugin
2023-11-28 11:24:35,820 [INFO] PluginManager:220 - loadIPPluginJar : add lorawan
2023-11-28 11:24:35,862 [INFO] IPUIPlugin:80 - create IPUIPlugin
2023-11-28 11:24:35,862 [INFO] PluginManager:220 - loadIPPluginJar : add ltdc
2023-11-28 11:24:35,882 [INFO] IPUIPlugin:80 - create IPUIPlugin
2023-11-28 11:24:35,882 [INFO] PluginManager:220 - loadIPPluginJar : add mdma
2023-11-28 11:24:35,898 [INFO] IPUIPlugin:80 - create IPUIPlugin
2023-11-28 11:24:35,898 [INFO] PluginManager:220 - loadIPPluginJar : add nvic
2023-11-28 11:24:35,945 [INFO] IPUIPlugin:80 - create IPUIPlugin
2023-11-28 11:24:35,945 [INFO] PluginManager:220 - loadIPPluginJar : add opamp
2023-11-28 11:24:36,021 [INFO] IPUIPlugin:80 - create IPUIPlugin
2023-11-28 11:24:36,021 [INFO] PluginManager:220 - loadIPPluginJar : add openamp
2023-11-28 11:24:36,076 [INFO] IPUIPlugin:80 - create IPUIPlugin
2023-11-28 11:24:36,076 [INFO] PluginManager:220 - loadIPPluginJar : add pdm2pcm
2023-11-28 11:24:36,097 [INFO] IPUIPlugin:80 - create IPUIPlugin
2023-11-28 11:24:36,099 [INFO] PluginManager:220 - loadIPPluginJar : add plateformsettings
2023-11-28 11:24:36,130 [INFO] IPUIPlugin:80 - create IPUIPlugin
2023-11-28 11:24:36,130 [INFO] PluginManager:220 - loadIPPluginJar : add quadspi
2023-11-28 11:24:36,146 [INFO] IPUIPlugin:80 - create IPUIPlugin
2023-11-28 11:24:36,147 [INFO] PluginManager:220 - loadIPPluginJar : add resmgrutility
2023-11-28 11:24:36,200 [INFO] ThirdPartyUpdaterWithRetryManager:70 - Updater plugin not ready yet. [2/15]
2023-11-28 11:24:36,208 [INFO] IPUIPlugin:80 - create IPUIPlugin
2023-11-28 11:24:36,208 [INFO] PluginManager:220 - loadIPPluginJar : add sai
2023-11-28 11:24:36,261 [INFO] IPUIPlugin:80 - create IPUIPlugin
2023-11-28 11:24:36,262 [INFO] PluginManager:220 - loadIPPluginJar : add spi
2023-11-28 11:24:36,328 [INFO] IPUIPlugin:80 - create IPUIPlugin
2023-11-28 11:24:36,328 [INFO] PluginManager:220 - loadIPPluginJar : add stm32_wpan
2023-11-28 11:24:36,355 [INFO] IPUIPlugin:80 - create IPUIPlugin
2023-11-28 11:24:36,355 [INFO] PluginManager:220 - loadIPPluginJar : add tim
2023-11-28 11:24:36,420 [INFO] IPUIPlugin:80 - create IPUIPlugin
2023-11-28 11:24:36,420 [INFO] PluginManager:220 - loadIPPluginJar : add touchsensing
2023-11-28 11:24:36,447 [INFO] IPUIPlugin:80 - create IPUIPlugin
2023-11-28 11:24:36,447 [INFO] PluginManager:220 - loadIPPluginJar : add tracer_emb
2023-11-28 11:24:36,475 [INFO] IPUIPlugin:80 - create IPUIPlugin
2023-11-28 11:24:36,475 [INFO] PluginManager:220 - loadIPPluginJar : add ts
2023-11-28 11:24:36,502 [INFO] IPUIPlugin:80 - create IPUIPlugin
2023-11-28 11:24:36,502 [INFO] PluginManager:220 - loadIPPluginJar : add tsc
2023-11-28 11:24:36,531 [INFO] IPUIPlugin:80 - create IPUIPlugin
2023-11-28 11:24:36,531 [INFO] PluginManager:220 - loadIPPluginJar : add ucpd
2023-11-28 11:24:36,581 [INFO] IPUIPlugin:80 - create IPUIPlugin
2023-11-28 11:24:36,581 [INFO] PluginManager:220 - loadIPPluginJar : add usart
2023-11-28 11:24:36,633 [INFO] IPUIPlugin:80 - create IPUIPlugin
2023-11-28 11:24:36,633 [INFO] PluginManager:220 - loadIPPluginJar : add usbx
2023-11-28 11:24:36,786 [INFO] CADModel:165 - CPN selected for project level
2023-11-28 11:24:36,787 [INFO] CADModel:114 - Register for checkConnection events
2023-11-28 11:24:36,787 [FATAL] Updater:308 - Updater called before beeing initialized
2023-11-28 11:24:36,787 [ERROR] CADModel:125 - Updater not yet initialized, retry later 
2023-11-28 11:24:37,051 [INFO] CADModel:165 - CPN selected for project level
2023-11-28 11:24:37,052 [INFO] CADModel:114 - Register for checkConnection events
2023-11-28 11:24:37,052 [FATAL] Updater:308 - Updater called before beeing initialized
2023-11-28 11:24:37,052 [ERROR] CADModel:125 - Updater not yet initialized, retry later 
2023-11-28 11:24:37,056 [FATAL] Updater:308 - Updater called before beeing initialized
2023-11-28 11:24:37,212 [FATAL] Updater:308 - Updater called before beeing initialized
2023-11-28 11:24:37,230 [INFO] DbMcusAds:53 - JSON generation date=Tue Mar 07 09:50:55 CET 2023 (1678179055335)
2023-11-28 11:24:37,230 [FATAL] Updater:308 - Updater called before beeing initialized
2023-11-28 11:24:37,566 [WARN] DetailPanel:346 - Failed to get advertising image, set to default
2023-11-28 11:24:37,799 [FATAL] Updater:308 - Updater called before beeing initialized
2023-11-28 11:24:37,825 [FATAL] Updater:308 - Updater called before beeing initialized
2023-11-28 11:24:37,826 [FATAL] Updater:308 - Updater called before beeing initialized
2023-11-28 11:24:37,826 [WARN] DetailPanel:346 - Failed to get advertising image, set to default
2023-11-28 11:24:37,827 [FATAL] Updater:308 - Updater called before beeing initialized
2023-11-28 11:24:37,915 [ERROR] Updater:1120 - MainUpdater not yet initialized. External WinMGr cannot be set.
2023-11-28 11:24:37,929 [INFO] Updater:1056 - Updater Version found : 6.9.1
2023-11-28 11:24:37,955 [INFO] ApplicationProperties:184 - Using Application install path: C:\ST\STM32CubeIDE_1.13.1\STM32CubeIDE\plugins\com.st.stm32cube.common.mx_6.9.1.202307191849
2023-11-28 11:24:38,200 [INFO] MainUpdater:2868 - connection check result : 10
2023-11-28 11:24:38,201 [INFO] MainUpdater:3562 - Updater definition file requires update
2023-11-28 11:24:38,202 [INFO] MainUpdater:285 - Updater Check For Update Now.
2023-11-28 11:24:38,203 [INFO] MicroXplorer:498 - Change Database Version : DB.6.0.91
2023-11-28 11:24:38,224 [INFO] McuFinderGlobals:63 - Set McuFinder mode to 2 (CubeIDE integrated)
2023-11-28 11:24:38,236 [INFO] ServerAccessManage:473 - Download File updaters.zip
2023-11-28 11:24:38,386 [INFO] FileExtend:240 - Unzip File : updaters.zip
2023-11-28 11:24:38,386 [INFO] FileExtend:255 - Standard Zip Deflate
2023-11-28 11:24:39,203 [WARN] MainUpdater:1189 - Updater busy. Cannot search thirdparties
2023-11-28 11:24:39,204 [INFO] ThirdPartyUpdaterWithRetryManager:96 - Updater plugin is busy. [1/15]
2023-11-28 11:24:39,834 [INFO] ServerAccessManage:473 - Download File PacksControlFlags.xml
2023-11-28 11:24:39,952 [INFO] ServerAccessManage:473 - Download File cubemx.pidx
2023-11-28 11:24:41,551 [INFO] ServerAccessManage:473 - Download File STMicroelectronics.X-CUBE-TOF1.pdsc
2023-11-28 11:24:41,949 [ERROR] ServerAccessManage:1089 - Problem, file not found on Server
2023-11-28 11:24:42,206 [WARN] MainUpdater:1189 - Updater busy. Cannot search thirdparties
2023-11-28 11:24:42,206 [INFO] ThirdPartyUpdaterWithRetryManager:96 - Updater plugin is busy. [2/15]
2023-11-28 11:24:44,716 [ERROR] ServerAccessManage:1096 - Problem, Http access forbiden
2023-11-28 11:24:44,719 [ERROR] ServerAccessManage:651 - Problem, Http access forbiden : RoweBots.I-CUBE-UNISONRTOS.pdsc.
2023-11-28 11:24:45,080 [WARN] PackLoader:240 - Cannot read IP mode file for STMicroelectronics.X-CUBE-TOF1.3.4.0
2023-11-28 11:24:45,125 [INFO] PopulateThirdPartyThread:66 - Ending populate Thread
2023-11-28 11:24:45,127 [INFO] ThirdParty:1030 - CMSIS Pack Vendor :STMicroelectronics X-CUBE-TOF1 3.4.0
2023-11-28 11:24:45,128 [INFO] LoadServerUpdatesThread:373 - End of LoadServerUpdate Thread
2023-11-28 11:24:45,207 [WARN] MainUpdater:1189 - Updater busy. Cannot search thirdparties
2023-11-28 11:24:45,207 [INFO] ThirdPartyUpdaterWithRetryManager:96 - Updater plugin is busy. [3/15]
2023-11-28 11:24:45,228 [INFO] CheckServerUpdateThread:120 - End of CheckServer Thread
2023-11-28 11:24:48,490 [WARN] PackLoader:240 - Cannot read IP mode file for STMicroelectronics.X-CUBE-SMBUS.2.1.0
2023-11-28 11:24:48,574 [WARN] PackLoader:240 - Cannot read IP mode file for STMicroelectronics.X-CUBE-AZRTOS-F7.1.1.0
2023-11-28 11:24:48,602 [WARN] PackLoader:240 - Cannot read IP mode file for STMicroelectronics.FP-SNS-MOTENV1.4.3.2
2023-11-28 11:24:48,654 [WARN] PackLoader:240 - Cannot read IP mode file for STMicroelectronics.FP-SNS-FLIGHT1.5.0.2
2023-11-28 11:24:48,698 [WARN] PackLoader:240 - Cannot read IP mode file for STMicroelectronics.X-CUBE-DISPLAY.3.0.0
2023-11-28 11:24:48,728 [WARN] PackLoader:240 - Cannot read IP mode file for STMicroelectronics.X-CUBE-BLE1.7.0.0
2023-11-28 11:24:48,746 [WARN] PackLoader:240 - Cannot read IP mode file for emotas.I-CUBE-CANOPEN.1.3.0
2023-11-28 11:24:48,763 [WARN] PackLoader:240 - Cannot read IP mode file for STMicroelectronics.X-CUBE-TOUCHGFX.4.22.0
2023-11-28 11:24:48,780 [WARN] PackLoader:240 - Cannot read IP mode file for STMicroelectronics.X-CUBE-TOUCHGFX.4.22.1
2023-11-28 11:24:48,799 [WARN] PackLoader:240 - Cannot read IP mode file for STMicroelectronics.FP-SNS-SMARTAG2.1.2.0
2023-11-28 11:24:48,834 [INFO] LogOutputStream:77 - [STDOUT_REDIRECT] 1 : Invalid condition id : UX_CORESTACK_Condition cause : null
2023-11-28 11:24:48,836 [INFO] LogOutputStream:77 - [STDOUT_REDIRECT] 1 : Invalid condition id : UX_CORESTACK_Condition cause : null
2023-11-28 11:24:48,837 [INFO] LogOutputStream:77 - [STDOUT_REDIRECT] 1 : Invalid condition id : UX_CORESTACK_Condition cause : null
2023-11-28 11:24:48,839 [INFO] LogOutputStream:77 - [STDOUT_REDIRECT] 1 : Invalid condition id : UX_CORESTACK_Condition cause : null
2023-11-28 11:24:48,841 [INFO] LogOutputStream:77 - [STDOUT_REDIRECT] 1 : Invalid condition id : UX_CORESTACK_Condition cause : null
2023-11-28 11:24:48,846 [WARN] PackLoader:240 - Cannot read IP mode file for STMicroelectronics.X-CUBE-AZRTOS-WL.2.0.0
2023-11-28 11:24:48,870 [WARN] PackLoader:240 - Cannot read IP mode file for WES.I-CUBE-Cesium.1.3.0
2023-11-28 11:24:48,887 [WARN] PackLoader:240 - Cannot read IP mode file for STMicroelectronics.X-CUBE-BLE2.3.3.0
2023-11-28 11:24:48,910 [WARN] PackLoader:240 - Cannot read IP mode file for STMicroelectronics.X-CUBE-ALGOBUILD.1.3.0
2023-11-28 11:24:48,956 [WARN] PackLoader:240 - Cannot read IP mode file for STMicroelectronics.X-CUBE-AZRTOS-G0.1.1.0
2023-11-28 11:24:48,978 [WARN] PackLoader:240 - Cannot read IP mode file for STMicroelectronics.X-CUBE-NFC4.3.0.0
2023-11-28 11:24:49,011 [WARN] PackLoader:240 - Cannot read IP mode file for STMicroelectronics.X-CUBE-BLEMGR.3.0.0
2023-11-28 11:24:49,023 [WARN] PackLoader:240 - Cannot read IP mode file for STMicroelectronics.FP-ATR-SIGFOX1.3.2.0
2023-11-28 11:24:49,112 [WARN] PackLoader:240 - Cannot read IP mode file for SEGGER.I-CUBE-embOS.1.3.1
2023-11-28 11:24:49,218 [WARN] PackLoader:240 - Cannot read IP mode file for STMicroelectronics.X-CUBE-GNSS1.6.0.0
2023-11-28 11:24:49,274 [WARN] PackLoader:240 - Cannot read IP mode file for STMicroelectronics.X-CUBE-AZRTOS-F4.1.1.0
2023-11-28 11:24:49,296 [WARN] PackLoader:240 - Cannot read IP mode file for wolfSSL.I-CUBE-wolfSSL.5.6.3
2023-11-28 11:24:49,350 [WARN] PackLoader:240 - Cannot read IP mode file for STMicroelectronics.X-CUBE-AZRTOS-L5.2.0.0
2023-11-28 11:24:49,472 [WARN] PackLoader:240 - Cannot read IP mode file for STMicroelectronics.X-CUBE-MEMS1.9.6.0
2023-11-28 11:24:51,192 [WARN] PackLoader:240 - Cannot read IP mode file for STMicroelectronics.X-CUBE-EEPRMA1.4.2.0
2023-11-28 11:24:51,228 [WARN] PackLoader:240 - Cannot read IP mode file for ITTIA_DB.I-CUBE-ITTIADB.8.8.0
2023-11-28 11:24:51,344 [WARN] PackLoader:240 - Cannot read IP mode file for STMicroelectronics.X-CUBE-BLEMGR.2.0.0
2023-11-28 11:24:51,537 [WARN] ConditionMgr:438 - getConditionDescription Invalid condition id : UX DEVICE CLASS RTOS Condition cause : null
2023-11-28 11:24:51,538 [WARN] ConditionMgr:438 - getConditionDescription Invalid condition id : UX DEVICE CLASS RTOS Condition cause : null
2023-11-28 11:24:51,541 [WARN] PackLoader:240 - Cannot read IP mode file for STMicroelectronics.X-CUBE-AZRTOS-H7.3.1.0
2023-11-28 11:24:51,542 [WARN] ConditionMgr:1039 - genDependencies : Invalid condition id : UX DEVICE CLASS RTOS Condition cause : null
2023-11-28 11:24:51,543 [WARN] ConditionMgr:1039 - genDependencies : Invalid condition id : UX DEVICE CLASS RTOS Condition cause : null
2023-11-28 11:24:51,543 [WARN] ConditionMgr:1039 - genDependencies : Invalid condition id : UX DEVICE CLASS RTOS Condition cause : null
2023-11-28 11:24:51,544 [WARN] ConditionMgr:1039 - genDependencies : Invalid condition id : UX DEVICE CLASS RTOS Condition cause : null
2023-11-28 11:24:51,544 [WARN] ConditionMgr:1039 - genDependencies : Invalid condition id : UX DEVICE CLASS RTOS Condition cause : null
2023-11-28 11:24:51,584 [WARN] PackLoader:240 - Cannot read IP mode file for STMicroelectronics.X-CUBE-NFC7.1.0.1
2023-11-28 11:24:51,630 [WARN] PackLoader:240 - Cannot read IP mode file for STMicroelectronics.X-CUBE-NFC6.3.0.0
2023-11-28 11:24:51,657 [WARN] PackLoader:240 - Cannot read IP mode file for STMicroelectronics.X-CUBE-EEPRMA1.4.1.0
2023-11-28 11:24:51,685 [WARN] PackLoader:240 - Cannot read IP mode file for STMicroelectronics.X-CUBE-AI.8.1.0
2023-11-28 11:24:51,822 [WARN] ConditionMgr:438 - getConditionDescription Invalid condition id : LAN8742 Phy interface Condition cause : null
2023-11-28 11:24:51,823 [WARN] PackLoader:240 - Cannot read IP mode file for STMicroelectronics.X-CUBE-AZRTOS-L4.2.0.0
2023-11-28 11:24:51,828 [WARN] ConditionMgr:1039 - genDependencies : Invalid condition id : LAN8742 Phy interface Condition cause : null
2023-11-28 11:24:51,828 [WARN] ConditionMgr:1039 - genDependencies : Invalid condition id : LAN8742 Phy interface Condition cause : null
2023-11-28 11:24:51,829 [WARN] ConditionMgr:1039 - genDependencies : Invalid condition id : LAN8742 Phy interface Condition cause : null
2023-11-28 11:24:51,906 [WARN] PackLoader:240 - Cannot read IP mode file for STMicroelectronics.X-CUBE-SFXS2LP1.4.0.0
2023-11-28 11:24:51,940 [WARN] PackLoader:240 - Cannot read IP mode file for STMicroelectronics.X-CUBE-ISPU.1.1.0
2023-11-28 11:24:52,133 [WARN] ConditionMgr:438 - getConditionDescription Invalid condition id : UX DEVICE CLASS RTOS Condition cause : null
2023-11-28 11:24:52,134 [WARN] ConditionMgr:438 - getConditionDescription Invalid condition id : UX DEVICE CLASS RTOS Condition cause : null
2023-11-28 11:24:52,137 [WARN] PackLoader:240 - Cannot read IP mode file for STMicroelectronics.X-CUBE-AZRTOS-WB.2.0.0
2023-11-28 11:24:52,138 [WARN] ConditionMgr:1039 - genDependencies : Invalid condition id : UX DEVICE CLASS RTOS Condition cause : null
2023-11-28 11:24:52,138 [WARN] ConditionMgr:1039 - genDependencies : Invalid condition id : UX DEVICE CLASS RTOS Condition cause : null
2023-11-28 11:24:52,139 [WARN] ConditionMgr:1039 - genDependencies : Invalid condition id : UX DEVICE CLASS RTOS Condition cause : null
2023-11-28 11:24:52,140 [WARN] ConditionMgr:1039 - genDependencies : Invalid condition id : UX DEVICE CLASS RTOS Condition cause : null
2023-11-28 11:24:52,140 [WARN] ConditionMgr:1039 - genDependencies : Invalid condition id : UX DEVICE CLASS RTOS Condition cause : null
2023-11-28 11:24:52,163 [WARN] PackLoader:240 - Cannot read IP mode file for STMicroelectronics.X-CUBE-FREERTOS.1.0.1
2023-11-28 11:24:52,207 [WARN] PackLoader:240 - Cannot read IP mode file for STMicroelectronics.X-CUBE-SUBG2.5.0.0
2023-11-28 11:24:52,365 [WARN] PackLoader:240 - Cannot read IP mode file for STMicroelectronics.X-CUBE-TOF1.3.3.1
2023-11-28 11:24:52,640 [WARN] PackLoader:240 - Cannot read IP mode file for STMicroelectronics.X-CUBE-AZRTOS-G4.2.0.0
2023-11-28 11:24:52,865 [WARN] PackLoader:240 - Cannot read IP mode file for Infineon.AIROC-Wi-Fi-Bluetooth-STM32.1.5.1
2023-11-28 11:24:52,893 [WARN] PackLoader:240 - Cannot read IP mode file for STMicroelectronics.FP-SNS-MOTENVWB1.1.3.0
2023-11-28 11:24:53,190 [WARN] PackLoader:240 - Cannot read IP mode file for STMicroelectronics.X-CUBE-MEMS1.10.0.0
2023-11-28 11:24:53,363 [WARN] PackLoader:240 - Cannot read IP mode file for STMicroelectronics.X-CUBE-FREERTOS.1.1.0
2023-11-28 11:24:53,446 [WARN] PackLoader:240 - Cannot read IP mode file for portGmbH.I-Cube-SoM-uGOAL.1.1.0
2023-11-28 11:24:53,487 [WARN] PackLoader:240 - Cannot read IP mode file for STMicroelectronics.X-CUBE-ALS.1.0.1
2023-11-28 11:24:53,521 [WARN] PackLoader:240 - Cannot read IP mode file for STMicroelectronics.FP-ATR-ASTRA1.2.0.0
2023-11-28 11:24:53,662 [WARN] PackLoader:240 - Cannot read IP mode file for STMicroelectronics.X-CUBE-TOF1.3.4.0
2023-11-28 11:24:53,711 [INFO] ThirdParty:978 - Integrity check success = true
2023-11-28 11:24:53,711 [INFO] IntegrityCheckThread:100 - exiting critical section [integrity check]
2023-11-28 11:24:53,711 [INFO] IntegrityCheckThread:103 - End integrity checks thread
2023-11-28 11:25:05,542 [ERROR] LogOutputStream:75 - [STDERR_REDIRECT] SLF4J: Failed to load class "org.slf4j.impl.StaticLoggerBinder".
2023-11-28 11:25:05,543 [ERROR] LogOutputStream:75 - [STDERR_REDIRECT] SLF4J: Defaulting to no-operation (NOP) logger implementation
2023-11-28 11:25:05,545 [ERROR] LogOutputStream:75 - [STDERR_REDIRECT] SLF4J: See http://www.slf4j.org/codes.html#StaticLoggerBinder for further details.
2023-11-28 11:28:51,241 [INFO] McuFinderGlobals:63 - Set McuFinder mode to 2 (CubeIDE integrated)
2023-11-28 11:28:51,324 [INFO] MainUpdater:2868 - connection check result : 10
2023-11-28 11:28:51,333 [INFO] MainUpdater:2868 - connection check result : 10
2023-11-28 11:28:52,147 [INFO] MicroXplorer:468 - Change Database Path : 
2023-11-28 11:28:52,147 [INFO] MicroXplorer:498 - Change Database Version : DB.6.0.91
2023-11-28 11:28:52,157 [WARN] ThirdParty:871 - waiting for thirdparty lock release [close project]
2023-11-28 11:28:52,157 [INFO] ThirdParty:873 - entering critical section [close project]
2023-11-28 11:28:52,161 [INFO] ThirdParty:883 - exiting critical section [close project]
2023-11-28 11:28:52,174 [INFO] PinOutPanel:1499 - setPackage(No Configuration,No Configuration)
2023-11-28 11:28:52,209 [INFO] UtilMem:75 - Begin LoadConfig() Used Memory: 554198976 Bytes (1073741824)
2023-11-28 11:28:52,234 [INFO] MicroXplorer:468 - Change Database Path : C:/Users/Beispiel/.stm32cubemx/databases/DB.6.0.90/db/
2023-11-28 11:28:52,234 [INFO] MicroXplorer:498 - Change Database Version : DB.6.0.90
2023-11-28 11:29:10,415 [INFO] OpenFileManager:308 - Change cursor
2023-11-28 11:29:10,575 [INFO] Mcu:1946 - Initializing MCU STM32L073R(B-Z)Tx STM32L073RZTx STM32L073RZT6
2023-11-28 11:29:13,749 [INFO] Context:659 - Trying to add GPIOservice into a context  which must be forbidden
2023-11-28 11:29:14,906 [INFO] RtosManager:555 - Registered RTOS mode: class=CMSIS, group=RTOS, mode=CMSIS_V1, owner=FREERTOS
2023-11-28 11:29:14,906 [INFO] RtosManager:555 - Registered RTOS mode: class=CMSIS, group=RTOS2, mode=CMSIS_V2, owner=FREERTOS
2023-11-28 11:29:14,906 [INFO] RtosManager:555 - Registered RTOS mode: class=RTOS, group=Core, mode=CMSIS_V1, owner=FREERTOS
2023-11-28 11:29:14,906 [INFO] RtosManager:555 - Registered RTOS mode: class=RTOS, group=Core, mode=CMSIS_V2, owner=FREERTOS
2023-11-28 11:29:14,906 [WARN] ModelIntegratedComponent:184 - Missing modes for component STMicroelectronics:FreeRTOS:0.0.1:STMicroelectronics:RTOS:FreeRTOS:Core:::10.2.0:
2023-11-28 11:29:14,949 [WARN] ModelIntegratedComponent:63 - No mode defined for component null
2023-11-28 11:29:14,950 [WARN] ModelIntegratedComponent:63 - No mode defined for component null
2023-11-28 11:29:14,950 [WARN] ModelIntegratedComponent:63 - No mode defined for component null
2023-11-28 11:29:14,950 [WARN] ModelIntegratedComponent:63 - No mode defined for component null
2023-11-28 11:29:14,950 [WARN] ModelIntegratedComponent:63 - No mode defined for component null
2023-11-28 11:29:14,950 [WARN] ModelIntegratedComponent:63 - No mode defined for component null
2023-11-28 11:29:14,950 [WARN] ModelIntegratedComponent:63 - No mode defined for component null
2023-11-28 11:29:14,950 [WARN] ModelIntegratedComponent:63 - No mode defined for component null
2023-11-28 11:29:14,950 [WARN] ModelIntegratedComponent:63 - No mode defined for component null
2023-11-28 11:29:14,950 [WARN] ModelIntegratedComponent:63 - No mode defined for component null
2023-11-28 11:29:14,951 [WARN] ModelIntegratedComponent:63 - No mode defined for component null
2023-11-28 11:29:14,951 [WARN] ModelIntegratedComponent:63 - No mode defined for component null
2023-11-28 11:29:14,951 [WARN] ModelIntegratedComponent:63 - No mode defined for component null
2023-11-28 11:29:14,951 [WARN] ModelIntegratedComponent:63 - No mode defined for component null
2023-11-28 11:29:14,951 [WARN] ModelIntegratedComponent:63 - No mode defined for component null
2023-11-28 11:29:14,951 [WARN] ModelIntegratedComponent:63 - No mode defined for component null
2023-11-28 11:29:14,952 [WARN] ModelIntegratedComponent:63 - No mode defined for component null
2023-11-28 11:29:14,952 [WARN] ModelIntegratedComponent:63 - No mode defined for component null
2023-11-28 11:29:14,952 [WARN] ModelIntegratedComponent:63 - No mode defined for component null
2023-11-28 11:29:14,952 [WARN] ModelIntegratedComponent:63 - No mode defined for component null
2023-11-28 11:29:14,952 [WARN] ModelIntegratedComponent:63 - No mode defined for component null
2023-11-28 11:29:14,952 [WARN] ModelIntegratedComponent:63 - No mode defined for component null
2023-11-28 11:29:14,952 [WARN] ModelIntegratedComponent:63 - No mode defined for component null
2023-11-28 11:29:14,952 [WARN] ModelIntegratedComponent:63 - No mode defined for component null
2023-11-28 11:29:14,952 [WARN] ModelIntegratedComponent:63 - No mode defined for component null
2023-11-28 11:29:14,952 [WARN] ModelIntegratedComponent:63 - No mode defined for component null
2023-11-28 11:29:14,952 [WARN] ModelIntegratedComponent:63 - No mode defined for component null
2023-11-28 11:29:14,952 [WARN] ModelIntegratedComponent:63 - No mode defined for component null
2023-11-28 11:29:14,952 [WARN] ModelIntegratedComponent:63 - No mode defined for component null
2023-11-28 11:29:14,953 [WARN] ModelIntegratedComponent:63 - No mode defined for component null
2023-11-28 11:29:14,953 [WARN] ModelIntegratedComponent:63 - No mode defined for component null
2023-11-28 11:29:14,953 [WARN] ModelIntegratedComponent:63 - No mode defined for component null
2023-11-28 11:29:14,953 [WARN] ModelIntegratedComponent:63 - No mode defined for component null
2023-11-28 11:29:15,294 [INFO] ThirdPartyModel:298 - Start build external matchings
2023-11-28 11:29:16,056 [INFO] ThirdPartyModel:316 - End build external matchings
2023-11-28 11:29:16,086 [INFO] ImportTextPane:194 - (OptionalMessage_ERROR) IP (RCC) : Parameter (48USBFreq_Value) has invalid value (24000000)
2023-11-28 11:29:16,086 [INFO] ImportTextPane:194 - (OptionalMessage_ERROR) IP (RCC) : Invalid parameter (FamilyName)
2023-11-28 11:29:16,090 [INFO] ImportTextPane:194 - (OptionalMessage_ERROR) IP (RCC) : Parameter (RTCHSEDivFreq_Value) has invalid value (4000000)
2023-11-28 11:29:16,090 [INFO] ImportTextPane:194 - (OptionalMessage_ERROR) IP (RCC) : Invalid parameter (TIMFreq_Value)
2023-11-28 11:29:16,497 [INFO] UtilMem:75 - End LoadConfig() Used Memory: 794431360 Bytes (1073741824)
2023-11-28 11:29:16,945 [INFO] ApiDb:581 - Connected to CubeFinder SQLite database (C:\Users\Beispiel\.stmcufinder\plugins\mcufinder\mcu\cube-finder-db.db)
2023-11-28 11:29:17,118 [INFO] ApiDb:668 - CubeFinder database Data Model version=2.1
2023-11-28 11:29:17,118 [INFO] ApiDb:669 - CubeFinder database Configuration version=3.0.37
2023-11-28 11:29:17,119 [INFO] ApiDb:670 - CubeFinder database generation date=2023-10-13 (1697197505)
2023-11-28 11:29:17,119 [INFO] ApiDb:671 - CubeFinder database FW Pack versions=[FP-ATR-ASTRA1_V2.0.0, FP-SNS-FLIGHT1_V5.0.1, FP-SNS-FLIGHT1_V5.0.2, FP-SNS-MOTENV1_V4.3.1, FP-SNS-MOTENV1_V4.3.2, FP-SNS-SMARTAG2_V1.2.0, I-CUBE-ITTIADB_V8.6.3-1, STM32Cube_FW_C0_V1.1.0, STM32Cube_FW_F4_V1.27.1, STM32Cube_FW_F7_V1.17.0, STM32Cube_FW_G0_V1.6.1, STM32Cube_FW_G4_V1.5.1, STM32Cube_FW_H5_V0.5.1, STM32Cube_FW_H5_V1.1.1, STM32Cube_FW_H7_V1.11.0, STM32Cube_FW_L0_V1.12.2, STM32Cube_FW_L5_V1.5.0, STM32Cube_FW_U5_V1.3.0, STM32Cube_FW_U5_V1.3.0RC4, STM32Cube_FW_WBA_V1.0.0RC1, STM32Cube_FW_WBA_V1.1.0RC1, STM32Cube_FW_WBA_V1.1.1, STM32Cube_FW_WB_V1.15.0RC1, STM32Cube_FW_WB_V1.16.0, STM32Cube_FW_WB_V1.16.0RC2, STM32Cube_FW_WB_V1.17.3, STM32Cube_FW_WL_V1.3.0, X-CUBE-ALGOBUILD_V1.3.0, X-CUBE-ALS_V1.0.1, X-CUBE-AZRTOS-F4_V1.1.0, X-CUBE-AZRTOS-F7_V1.1.0, X-CUBE-AZRTOS-G0_V1.1.0, X-CUBE-AZRTOS-G4_V2.0.0, X-CUBE-AZRTOS-H7_V3.1.0, X-CUBE-AZRTOS-L4_V1.0.0, X-CUBE-AZRTOS-L4_V2.0.0, X-CUBE-AZRTOS-L5_V1.1.0, X-CUBE-AZRTOS-WB_V2.0.0, X-CUBE-AZRTOS-WL_V2.0.0, X-CUBE-BLE1_V7.0.0, X-CUBE-BLE2_V3.3.0, X-CUBE-BLEMGR_V2.0.0, X-CUBE-EEPRMA1_V4.1.0, X-CUBE-FREERTOS_V1.1.0, X-CUBE-GNSS1_V6.0.0, X-CUBE-MEMS1_V10.0.0, X-CUBE-MEMS1_V9.1.0, X-CUBE-MEMS1_V9.4.0, X-CUBE-MEMS1_V9.6.0, X-CUBE-NFC4_V3.0.0, X-CUBE-NFC7_V1.0.1, X-CUBE-SFXS2LP1_V4.0.0, X-CUBE-SUBG2_V5.0.0, X-CUBE-TOF1_V3.3.1]
2023-11-28 11:29:20,612 [INFO] ApiDb:240 - Found 323 in-development CPN: [B-G473E-ZEST1S, B-WB1M-WPAN1, B-WL5M-SUBG1, NUCLEO-C031C6, NUCLEO-H503RB, NUCLEO-H563ZI, NUCLEO-U545RE-Q, NUCLEO-U5A5ZJ-Q, NUCLEO-WBA52CG, STEVAL-PROTEUS1, STEVAL-SMARTAG2, STEVAL-STWINBX1, STM320518-EVAL, STM32C0116-DK, STM32C011D6Y3TR, STM32C011D6Y6TR, STM32C011F4P3, STM32C011F4P6, STM32C011F4U3, STM32C011F4U6TR, STM32C011F6P3, STM32C011F6P6, STM32C011F6U3, STM32C011F6U6TR, STM32C011J4M3, STM32C011J4M6, STM32C011J6M3, STM32C011J6M6, STM32C0316-DK, STM32C031C4T3, STM32C031C4T6, STM32C031C4U3, STM32C031C4U6, STM32C031C6T3, STM32C031C6T6, STM32C031C6U3, STM32C031C6U6, STM32C031F4P3, STM32C031F4P6, STM32C031F6P3, STM32C031F6P6, STM32C031G4U3, STM32C031G4U6, STM32C031G6U3, STM32C031G6U6, STM32C031K4T3, STM32C031K4T6, STM32C031K4U3, STM32C031K4U6, STM32C031K6T3, STM32C031K6T6, STM32C031K6U3, STM32C031K6U6, STM32G071K8TXN, STM32G071K8UXN, STM32G081GBU6N, STM32G081KBT6N, STM32G081KBUXN, STM32G0B1CCT6N, STM32G0B1KCT6, STM32G0B1NEY6TR, STM32G0B1RCT6N, STM32G0C1CCT6, STM32G0C1CCT6N, STM32G0C1CCU6N, STM32G0C1CET6N, STM32G0C1CEU6N, STM32G0C1KCT6, STM32G0C1NEY6TR, STM32G0C1RCI6N, STM32G0C1RCT6N, STM32G0C1REI6N, STM32G0C1RET6N, STM32G0C1VCI6, STM32G0C1VEI6, STM32G471CCT6, STM32G471CCU6, STM32G471CET3, STM32G471CET6, STM32G471CEU3, STM32G471CEU6, STM32G471MCT6, STM32G471MET3, STM32G471MET6, STM32G471MEY6TR, STM32G471QCT6, STM32G471QET3, STM32G471RCT6, STM32G471RET3, STM32G471RET6, STM32G471VCH6, STM32G471VCI6, STM32G471VCT6, STM32G471VEH3, STM32G471VEH6, STM32G471VEI3, STM32G471VEI6, STM32G471VET3, STM32G471VET6, STM32G474CCT6, STM32H503CBT6, STM32H503CBU6, STM32H503EBY6TR, STM32H503KBU6, STM32H503RBT6, STM32H562AGI6, STM32H562AII6, STM32H562IGK6, STM32H562IGT6, STM32H562IIK6, STM32H562IIT6, STM32H562RGT6, STM32H562RGV6, STM32H562RIT6, STM32H562RIV6, STM32H562VGT6, STM32H562VIT6, STM32H562ZGT6, STM32H562ZIT6, STM32H563AGI6, STM32H563AII3Q, STM32H563AII6, STM32H563IGK6, STM32H563IGT6, STM32H563IIK3Q, STM32H563IIK6, STM32H563IIT3Q, STM32H563IIT6, STM32H563MIY3QTR, STM32H563RGT6, STM32H563RGV6, STM32H563RIT6, STM32H563RIV6, STM32H563VGT6, STM32H563VIT3Q, STM32H563VIT6, STM32H563ZGT6, STM32H563ZIT3Q, STM32H563ZIT6, STM32H573AII3Q, STM32H573AII6, STM32H573I-DK, STM32H573IIK3Q, STM32H573IIK6, STM32H573IIT3Q, STM32H573IIT6, STM32H573MIY3QTR, STM32H573RIT6, STM32H573RIV6, STM32H573VIT3Q, STM32H573VIT6, STM32H573ZIT3Q, STM32H573ZIT6, STM32L4R5QGI6STR, STM32MP131AAE3, STM32MP131AAF3, STM32MP131AAG3, STM32MP131CAE3, STM32MP131CAF3, STM32MP131CAG3, STM32MP131DAE7, STM32MP131DAF7, STM32MP131DAG7, STM32MP131FAE7, STM32MP131FAF7, STM32MP131FAG7, STM32MP133AAE3, STM32MP133AAF3, STM32MP133AAG3, STM32MP133CAE3, STM32MP133CAF3, STM32MP133CAG3, STM32MP133DAE7, STM32MP133DAF7, STM32MP133DAG7, STM32MP133FAE7, STM32MP133FAF7, STM32MP133FAG7, STM32MP135AAE3, STM32MP135AAF3, STM32MP135AAG3, STM32MP135CAE3, STM32MP135CAF3, STM32MP135CAG3, STM32MP135DAE7, STM32MP135DAF7, STM32MP135DAG7, STM32MP135F-DK, STM32MP135FAE7, STM32MP135FAF7, STM32MP135FAF7T, STM32MP135FAF7U, STM32MP135FAG7, STM32U535CBT6, STM32U535CBT6Q, STM32U535CBU6, STM32U535CBU6Q, STM32U535CCT6, STM32U535CCT6Q, STM32U535CCU6, STM32U535CCU6Q, STM32U535CET6, STM32U535CET6Q, STM32U535CEU6, STM32U535CEU6Q, STM32U535JEY6QTR, STM32U535NCY6QTR, STM32U535NEY6QTR, STM32U535RBI6, STM32U535RBI6Q, STM32U535RBT6, STM32U535RBT6Q, STM32U535RCI6, STM32U535RCI6Q, STM32U535RCT6, STM32U535RCT6Q, STM32U535REI6, STM32U535REI6Q, STM32U535RET6, STM32U535RET6Q, STM32U535VCI6, STM32U535VCI6Q, STM32U535VCT6, STM32U535VCT6Q, STM32U535VEI6, STM32U535VEI6Q, STM32U535VET6, STM32U535VET6Q, STM32U545CET6, STM32U545CET6Q, STM32U545CEU6, STM32U545CEU6Q, STM32U545JEY6QTR, STM32U545NEY6QTR, STM32U545REI6, STM32U545REI6Q, STM32U545RET6, STM32U545RET6Q, STM32U545VEI6, STM32U545VEI6Q, STM32U545VET6, STM32U545VET6Q, STM32U595AIH6, STM32U595AIH6Q, STM32U595AJH6, STM32U595AJH6Q, STM32U595QII6, STM32U595QII6Q, STM32U595QJI6, STM32U595QJI6Q, STM32U595RIT6, STM32U595RIT6Q, STM32U595RJT6, STM32U595RJT6Q, STM32U595VIT6, STM32U595VIT6Q, STM32U595VJT6, STM32U595VJT6Q, STM32U595ZIT6, STM32U595ZIT6Q, STM32U595ZIY6QTR, STM32U595ZJT6, STM32U595ZJT6Q, STM32U595ZJY6QTR, STM32U599BJY6QTR, STM32U599NIH6Q, STM32U599NJH6Q, STM32U599VIT6Q, STM32U599VJT6, STM32U599VJT6Q, STM32U599ZIT6Q, STM32U599ZIY6QTR, STM32U599ZJT6Q, STM32U599ZJY6QTR, STM32U5A5AJH6, STM32U5A5AJH6Q, STM32U5A5QJI6, STM32U5A5QJI6Q, STM32U5A5RJT6, STM32U5A5RJT6Q, STM32U5A5VJT6, STM32U5A5VJT6Q, STM32U5A5ZJT6, STM32U5A5ZJT6Q, STM32U5A5ZJY6QTR, STM32U5A9BJY6QTR, STM32U5A9J-DK, STM32U5A9NJH6Q, STM32U5A9VJT6Q, STM32U5A9ZJT6Q, STM32U5A9ZJY6QTR, STM32U5F7VIT6, STM32U5F7VIT6Q, STM32U5F7VJT6, STM32U5F7VJT6Q, STM32U5F9BJY6QTR, STM32U5F9NJH6Q, STM32U5F9VIT6Q, STM32U5F9VJT6Q, STM32U5F9ZIJ6QTR, STM32U5F9ZIT6Q, STM32U5F9ZJJ6QTR, STM32U5F9ZJT6Q, STM32U5G7VJT6, STM32U5G7VJT6Q, STM32U5G9BJY6QTR, STM32U5G9J-DK1, STM32U5G9J-DK2, STM32U5G9NJH6Q, STM32U5G9VJT6Q, STM32U5G9ZJJ6QTR, STM32U5G9ZJT6Q, STM32WB1MMCH6, STM32WBA52CEU6, STM32WBA52CEU6T, STM32WBA52CGU6, STM32WBA52CGU6T, STM32WBA52KEU6, STM32WBA52KEU6T, STM32WBA52KGU6, STM32WBA52KGU6T, STM32WL5MOCH6, STM32WL5MOCH6TR]
2023-11-28 11:29:20,617 [INFO] DbMcus:217 - Found 3848 MCUs, 3848 are supported
2023-11-28 11:29:20,619 [INFO] ApiDb:423 - Load user favorites file C:\Users\Beispiel/.stm32cubeide/favorites.mcus.txt: 0 item(s)
2023-11-28 11:29:20,619 [INFO] ApiDb:427 - User favorites MCUs=[]
2023-11-28 11:29:20,620 [INFO] DbMcus:223 - Set 0 / 0 favorites MCUs
2023-11-28 11:29:21,133 [WARN] ThirdParty:833 - waiting for thirdparty lock release [change project]
2023-11-28 11:29:21,133 [INFO] ThirdParty:835 - entering critical section [change project]
2023-11-28 11:29:21,134 [INFO] ThirdParty:1030 - CMSIS Pack Vendor :STMicroelectronics X-CUBE-ISPU 1.1.0
2023-11-28 11:29:21,134 [INFO] ThirdParty:1030 - CMSIS Pack Vendor :STMicroelectronics USBPD 4.1
2023-11-28 11:29:21,134 [INFO] ThirdParty:1030 - CMSIS Pack Vendor :STMicroelectronics X-CUBE-GNSS1 6.0.0
2023-11-28 11:29:21,134 [INFO] ThirdParty:1030 - CMSIS Pack Vendor :STMicroelectronics USB_HOST 2.0.0
2023-11-28 11:29:21,134 [INFO] ThirdParty:1030 - CMSIS Pack Vendor :STMicroelectronics X-CUBE-AZRTOS-F4 1.1.0
2023-11-28 11:29:21,134 [INFO] ThirdParty:1030 - CMSIS Pack Vendor :STMicroelectronics LIBJPEG 8.0.0
2023-11-28 11:29:21,134 [INFO] ThirdParty:1030 - CMSIS Pack Vendor :wolfSSL I-CUBE-wolfSSL 5.6.3
2023-11-28 11:29:21,134 [INFO] ThirdParty:1030 - CMSIS Pack Vendor :STMicroelectronics X-CUBE-SMBUS 2.1.0
2023-11-28 11:29:21,134 [INFO] ThirdParty:1030 - CMSIS Pack Vendor :STMicroelectronics USB_DEVICE 3.0.0
2023-11-28 11:29:21,134 [INFO] ThirdParty:1030 - CMSIS Pack Vendor :STMicroelectronics X-CUBE-AZRTOS-WB 2.0.0
2023-11-28 11:29:21,134 [INFO] ThirdParty:1030 - CMSIS Pack Vendor :STMicroelectronics X-CUBE-FREERTOS 1.0.1
2023-11-28 11:29:21,134 [INFO] ThirdParty:1030 - CMSIS Pack Vendor :STMicroelectronics X-CUBE-AZRTOS-F7 1.1.0
2023-11-28 11:29:21,134 [INFO] ThirdParty:1030 - CMSIS Pack Vendor :STMicroelectronics X-CUBE-AZRTOS-L5 2.0.0
2023-11-28 11:29:21,134 [INFO] ThirdParty:1030 - CMSIS Pack Vendor :STMicroelectronics USB_DEVICE 2.0.0
2023-11-28 11:29:21,134 [INFO] ThirdParty:1030 - CMSIS Pack Vendor :STMicroelectronics X-CUBE-MEMS1 9.6.0
2023-11-28 11:29:21,134 [INFO] ThirdParty:1030 - CMSIS Pack Vendor :STMicroelectronics X-CUBE-EEPRMA1 4.2.0
2023-11-28 11:29:21,135 [INFO] ThirdParty:1030 - CMSIS Pack Vendor :ITTIA_DB I-CUBE-ITTIADB 8.8.0
2023-11-28 11:29:21,135 [INFO] ThirdParty:1030 - CMSIS Pack Vendor :STMicroelectronics FP-SNS-MOTENV1 4.3.2
2023-11-28 11:29:21,135 [INFO] ThirdParty:1030 - CMSIS Pack Vendor :STMicroelectronics X-CUBE-ALGOBUILD 1.3.0
2023-11-28 11:29:21,135 [INFO] ThirdParty:1030 - CMSIS Pack Vendor :STMicroelectronics FreeRTOS 0.0.1
2023-11-28 11:29:21,135 [INFO] ThirdParty:1030 - CMSIS Pack Vendor :STMicroelectronics X-CUBE-AZRTOS-G0 1.1.0
2023-11-28 11:29:21,135 [INFO] ThirdParty:1030 - CMSIS Pack Vendor :STMicroelectronics X-CUBE-BLEMGR 2.0.0
2023-11-28 11:29:21,136 [INFO] ThirdParty:1030 - CMSIS Pack Vendor :STMicroelectronics X-CUBE-NFC4 3.0.0
2023-11-28 11:29:21,136 [INFO] ThirdParty:1030 - CMSIS Pack Vendor :STMicroelectronics X-CUBE-SUBG2 5.0.0
2023-11-28 11:29:21,136 [INFO] ThirdParty:1030 - CMSIS Pack Vendor :STMicroelectronics STM32_WPAN 1.0.0
2023-11-28 11:29:21,136 [INFO] ThirdParty:1030 - CMSIS Pack Vendor :STMicroelectronics lwIP 2.0.3
2023-11-28 11:29:21,136 [INFO] ThirdParty:1030 - CMSIS Pack Vendor :STMicroelectronics FP-SNS-FLIGHT1 5.0.2
2023-11-28 11:29:21,136 [INFO] ThirdParty:1030 - CMSIS Pack Vendor :STMicroelectronics USB_HOST 1.0.0
2023-11-28 11:29:21,136 [INFO] ThirdParty:1030 - CMSIS Pack Vendor :STMicroelectronics X-CUBE-TOF1 3.3.1
2023-11-28 11:29:21,136 [INFO] ThirdParty:1030 - CMSIS Pack Vendor :STMicroelectronics X-CUBE-AZRTOS-G4 2.0.0
2023-11-28 11:29:21,136 [INFO] ThirdParty:1030 - CMSIS Pack Vendor :STMicroelectronics PDM2PCM 3.1.0
2023-11-28 11:29:21,136 [INFO] ThirdParty:1030 - CMSIS Pack Vendor :STMicroelectronics X-CUBE-AZRTOS-H7 3.1.0
2023-11-28 11:29:21,137 [INFO] ThirdParty:1030 - CMSIS Pack Vendor :Infineon AIROC-Wi-Fi-Bluetooth-STM32 1.5.1
2023-11-28 11:29:21,137 [INFO] ThirdParty:1030 - CMSIS Pack Vendor :STMicroelectronics X-CUBE-BLEMGR 3.0.0
2023-11-28 11:29:21,137 [INFO] ThirdParty:1030 - CMSIS Pack Vendor :STMicroelectronics PDM2PCM 3.3.0
2023-11-28 11:29:21,137 [INFO] ThirdParty:1030 - CMSIS Pack Vendor :STMicroelectronics X-CUBE-DISPLAY 3.0.0
2023-11-28 11:29:21,137 [INFO] ThirdParty:1030 - CMSIS Pack Vendor :STMicroelectronics FP-SNS-MOTENVWB1 1.3.0
2023-11-28 11:29:21,137 [INFO] ThirdParty:1030 - CMSIS Pack Vendor :STMicroelectronics X-CUBE-BLE1 7.0.0
2023-11-28 11:29:21,137 [INFO] ThirdParty:1030 - CMSIS Pack Vendor :STMicroelectronics FP-ATR-SIGFOX1 3.2.0
2023-11-28 11:29:21,137 [INFO] ThirdParty:1030 - CMSIS Pack Vendor :STMicroelectronics HAL Drivers 0.0.0
2023-11-28 11:29:21,137 [INFO] ThirdParty:1030 - CMSIS Pack Vendor :STMicroelectronics MBEDTLS 2.16.2
2023-11-28 11:29:21,137 [INFO] ThirdParty:1030 - CMSIS Pack Vendor :emotas I-CUBE-CANOPEN 1.3.0
2023-11-28 11:29:21,138 [INFO] ThirdParty:1030 - CMSIS Pack Vendor :STMicroelectronics X-CUBE-MEMS1 10.0.0
2023-11-28 11:29:21,138 [INFO] ThirdParty:1030 - CMSIS Pack Vendor :STMicroelectronics X-CUBE-FREERTOS 1.1.0
2023-11-28 11:29:21,138 [INFO] ThirdParty:1030 - CMSIS Pack Vendor :STMicroelectronics X-CUBE-TOUCHGFX 4.22.0
2023-11-28 11:29:21,138 [INFO] ThirdParty:1030 - CMSIS Pack Vendor :STMicroelectronics X-CUBE-NFC7 1.0.1
2023-11-28 11:29:21,138 [INFO] ThirdParty:1030 - CMSIS Pack Vendor :STMicroelectronics MBEDTLS 2.14.1
2023-11-28 11:29:21,138 [INFO] ThirdParty:1030 - CMSIS Pack Vendor :STMicroelectronics X-CUBE-TOUCHGFX 4.22.1
2023-11-28 11:29:21,138 [INFO] ThirdParty:1030 - CMSIS Pack Vendor :STMicroelectronics X-CUBE-NFC6 3.0.0
2023-11-28 11:29:21,138 [INFO] ThirdParty:1030 - CMSIS Pack Vendor :STMicroelectronics X-CUBE-EEPRMA1 4.1.0
2023-11-28 11:29:21,138 [INFO] ThirdParty:1030 - CMSIS Pack Vendor :portGmbH I-Cube-SoM-uGOAL 1.1.0
2023-11-28 11:29:21,138 [INFO] ThirdParty:1030 - CMSIS Pack Vendor :STMicroelectronics X-CUBE-ALS 1.0.1
2023-11-28 11:29:21,138 [INFO] ThirdParty:1030 - CMSIS Pack Vendor :STMicroelectronics ThreadX 1.0.0
2023-11-28 11:29:21,138 [INFO] ThirdParty:1030 - CMSIS Pack Vendor :STMicroelectronics FP-SNS-SMARTAG2 1.2.0
2023-11-28 11:29:21,138 [INFO] ThirdParty:1030 - CMSIS Pack Vendor :STMicroelectronics X-CUBE-AZRTOS-WL 2.0.0
2023-11-28 11:29:21,139 [INFO] ThirdParty:1030 - CMSIS Pack Vendor :SEGGER I-CUBE-embOS 1.3.1
2023-11-28 11:29:21,139 [INFO] ThirdParty:1030 - CMSIS Pack Vendor :STMicroelectronics USB_DEVICE 1.0.0
2023-11-28 11:29:21,139 [INFO] ThirdParty:1030 - CMSIS Pack Vendor :STMicroelectronics X-CUBE-AI 8.1.0
2023-11-28 11:29:21,139 [INFO] ThirdParty:1030 - CMSIS Pack Vendor :STMicroelectronics X-CUBE-AZRTOS-L4 2.0.0
2023-11-28 11:29:21,139 [INFO] ThirdParty:1030 - CMSIS Pack Vendor :STMicroelectronics ThreadX 0.0.2
2023-11-28 11:29:21,139 [INFO] ThirdParty:1030 - CMSIS Pack Vendor :WES I-CUBE-Cesium 1.3.0
2023-11-28 11:29:21,139 [INFO] ThirdParty:1030 - CMSIS Pack Vendor :STMicroelectronics FP-ATR-ASTRA1 2.0.0
2023-11-28 11:29:21,139 [INFO] ThirdParty:1030 - CMSIS Pack Vendor :STMicroelectronics lwIP 2.1.2
2023-11-28 11:29:21,139 [INFO] ThirdParty:1030 - CMSIS Pack Vendor :STMicroelectronics X-CUBE-SFXS2LP1 4.0.0
2023-11-28 11:29:21,139 [INFO] ThirdParty:1030 - CMSIS Pack Vendor :STMicroelectronics X-CUBE-BLE2 3.3.0
2023-11-28 11:29:21,139 [INFO] ThirdParty:1030 - CMSIS Pack Vendor :STMicroelectronics X-CUBE-TOF1 3.4.0
2023-11-28 11:29:21,139 [INFO] ThirdParty:1030 - CMSIS Pack Vendor :STMicroelectronics PDM2PCM 3.2.0
2023-11-28 11:29:21,140 [INFO] ThirdParty:841 - exiting critical section [change project]
2023-11-28 11:29:21,823 [INFO] PinOutPanel:1499 - setPackage(No Configuration,No Configuration)
2023-11-28 11:29:21,828 [INFO] PinOutPanel:1499 - setPackage(STM32L073RZTx,LQFP64)
2023-11-28 11:29:22,618 [INFO] UtilMem:75 - Before build in PCC Used Memory: 558192144 Bytes (1073741824)
2023-11-28 11:29:24,220 [INFO] UtilMem:75 - After build in PCC Used Memory: 654703488 Bytes (1073741824)
2023-11-28 11:29:24,280 [INFO] IPUIPlugin:80 - create IPUIPlugin
2023-11-28 11:29:24,280 [INFO] IPUIPlugin:80 - create IPUIPlugin
2023-11-28 11:29:24,280 [INFO] IPUIPlugin:80 - create IPUIPlugin
2023-11-28 11:29:24,280 [INFO] IPUIPlugin:80 - create IPUIPlugin
2023-11-28 11:29:24,281 [INFO] IPUIPlugin:80 - create IPUIPlugin
2023-11-28 11:29:24,281 [INFO] IPUIPlugin:80 - create IPUIPlugin
2023-11-28 11:29:24,281 [INFO] IPUIPlugin:80 - create IPUIPlugin
2023-11-28 11:29:24,282 [INFO] IPUIPlugin:80 - create IPUIPlugin
2023-11-28 11:29:24,282 [INFO] IPUIPlugin:80 - create IPUIPlugin
2023-11-28 11:29:24,282 [INFO] IPUIPlugin:80 - create IPUIPlugin
2023-11-28 11:29:24,282 [INFO] IPUIPlugin:80 - create IPUIPlugin
2023-11-28 11:29:24,282 [INFO] IPUIPlugin:80 - create IPUIPlugin
2023-11-28 11:29:24,283 [INFO] IPUIPlugin:80 - create IPUIPlugin
2023-11-28 11:29:24,283 [INFO] IPUIPlugin:80 - create IPUIPlugin
2023-11-28 11:29:24,283 [INFO] IPUIPlugin:80 - create IPUIPlugin
2023-11-28 11:29:24,284 [INFO] IPUIPlugin:80 - create IPUIPlugin
2023-11-28 11:29:24,284 [INFO] IPUIPlugin:80 - create IPUIPlugin
2023-11-28 11:29:24,285 [INFO] IPUIPlugin:80 - create IPUIPlugin
2023-11-28 11:29:24,285 [INFO] IPUIPlugin:80 - create IPUIPlugin
2023-11-28 11:29:24,286 [INFO] IPUIPlugin:80 - create IPUIPlugin
2023-11-28 11:29:24,286 [INFO] IPUIPlugin:80 - create IPUIPlugin
2023-11-28 11:29:24,286 [INFO] IPUIPlugin:80 - create IPUIPlugin
2023-11-28 11:29:24,287 [INFO] IPUIPlugin:80 - create IPUIPlugin
2023-11-28 11:29:24,287 [INFO] IPUIPlugin:80 - create IPUIPlugin
2023-11-28 11:29:24,288 [INFO] IPUIPlugin:80 - create IPUIPlugin
2023-11-28 11:29:24,288 [INFO] IPUIPlugin:80 - create IPUIPlugin
2023-11-28 11:29:24,289 [INFO] IPUIPlugin:80 - create IPUIPlugin
2023-11-28 11:29:24,289 [INFO] IPUIPlugin:80 - create IPUIPlugin
2023-11-28 11:29:24,289 [INFO] IPUIPlugin:80 - create IPUIPlugin
2023-11-28 11:29:24,290 [INFO] IPUIPlugin:80 - create IPUIPlugin
2023-11-28 11:29:24,291 [INFO] IPUIPlugin:80 - create IPUIPlugin
2023-11-28 11:29:24,291 [INFO] IPUIPlugin:80 - create IPUIPlugin
2023-11-28 11:29:24,292 [INFO] IPUIPlugin:80 - create IPUIPlugin
2023-11-28 11:29:24,293 [INFO] IPUIPlugin:80 - create IPUIPlugin
2023-11-28 11:29:24,293 [INFO] IPUIPlugin:80 - create IPUIPlugin
2023-11-28 11:29:24,294 [INFO] IPUIPlugin:80 - create IPUIPlugin
2023-11-28 11:29:24,294 [INFO] IPUIPlugin:80 - create IPUIPlugin
2023-11-28 11:29:24,295 [INFO] IPUIPlugin:80 - create IPUIPlugin
2023-11-28 11:29:24,296 [INFO] IPUIPlugin:80 - create IPUIPlugin
2023-11-28 11:29:24,775 [INFO] CADModel:165 - CPN selected for project levelSTM32L073RZT6
2023-11-28 11:29:24,776 [INFO] CADModel:114 - Register for checkConnection events
2023-11-28 11:29:24,853 [INFO] OpenFileManager:328 - Restore cursor
2023-11-28 11:30:45,565 [INFO] I2cTimingTraitement:330 - 0x00303D5B
2023-11-28 11:31:00,524 [INFO] I2cTimingTraitement:330 - 0x00303D5B
2023-11-28 11:31:13,348 [INFO] UtilMem:75 - End SaveConfig() Used Memory: 851421064 Bytes (1073741824)
2023-11-28 11:31:15,075 [INFO] UtilMem:75 - End SaveConfig() Used Memory: 881024280 Bytes (1073741824)
2023-11-28 11:31:17,455 [INFO] UtilMem:75 - End SaveConfig() Used Memory: 952084360 Bytes (1073741824)
2023-11-28 11:31:18,437 [INFO] BlockDiagram:2759 - set Specific Code input for plugin: NVIC
2023-11-28 11:31:18,438 [INFO] BlockDiagram:2759 - set Specific Code input for plugin: USART
2023-11-28 11:31:18,438 [INFO] BlockDiagram:2759 - set Specific Code input for plugin: SYS
2023-11-28 11:31:18,438 [INFO] BlockDiagram:2759 - set Specific Code input for plugin: GPIO
2023-11-28 11:31:18,439 [INFO] BlockDiagram:2759 - set Specific Code input for plugin: RCC
2023-11-28 11:31:18,439 [INFO] BlockDiagram:2759 - set Specific Code input for plugin: I2C
2023-11-28 11:31:18,441 [INFO] CodeGenerator:799 - code generatio: config db path: C:/Users/Beispiel/.stm32cubemx/databases/DB.6.0.90/db/
2023-11-28 11:31:19,040 [INFO] CodeEngine:255 - oldGeneratedFile, C:\Users\Beispiel\Desktop\Team_Projekt\MXTmpFiles\license.tmp_save
2023-11-28 11:31:19,870 [INFO] CodeEngine:279 - Generated code: C:\Users\Beispiel\Desktop\Team_Projekt\MXTmpFiles\license.tmp
2023-11-28 11:31:20,343 [INFO] CodeEngine:255 - oldGeneratedFile, C:\Users\Beispiel\Desktop\Team_Projekt\MXTmpFiles\gpio.tmp_save
2023-11-28 11:31:20,836 [INFO] CodeEngine:279 - Generated code: C:\Users\Beispiel\Desktop\Team_Projekt\MXTmpFiles\gpio.tmp
2023-11-28 11:31:22,801 [INFO] CodeEngine:255 - oldGeneratedFile, C:\Users\Beispiel\Desktop\Team_Projekt\Core\Src\stm32l0xx_it.c_save
2023-11-28 11:31:23,028 [INFO] CodeEngine:279 - Generated code: C:\Users\Beispiel\Desktop\Team_Projekt\Core\Src\stm32l0xx_it.c
2023-11-28 11:31:23,058 [INFO] CodeEngine:255 - oldGeneratedFile, C:\Users\Beispiel\Desktop\Team_Projekt\Core\Inc\stm32l0xx_it.h_save
2023-11-28 11:31:23,186 [INFO] CodeEngine:279 - Generated code: C:\Users\Beispiel\Desktop\Team_Projekt\Core\Inc\stm32l0xx_it.h
2023-11-28 11:31:23,327 [INFO] CodeEngine:255 - oldGeneratedFile, C:\Users\Beispiel\Desktop\Team_Projekt\Core\Src\stm32l0xx_hal_msp.c_save
2023-11-28 11:31:23,660 [INFO] CodeEngine:279 - Generated code: C:\Users\Beispiel\Desktop\Team_Projekt\Core\Src\stm32l0xx_hal_msp.c
2023-11-28 11:31:23,679 [INFO] CodeEngine:255 - oldGeneratedFile, C:\Users\Beispiel\Desktop\Team_Projekt\MXTmpFiles\system.tmp_save
2023-11-28 11:31:24,035 [INFO] CodeEngine:279 - Generated code: C:\Users\Beispiel\Desktop\Team_Projekt\MXTmpFiles\system.tmp
2023-11-28 11:31:24,140 [INFO] CodeEngine:311 - oldGeneratedFile, C:\Users\Beispiel\Desktop\Team_Projekt\Core\Inc\stm32l0xx_hal_conf.h_save
2023-11-28 11:31:24,352 [INFO] CodeEngine:335 - Generated code: C:\Users\Beispiel\Desktop\Team_Projekt\Core\Inc\stm32l0xx_hal_conf.h
2023-11-28 11:31:24,448 [INFO] CodeEngine:255 - oldGeneratedFile, C:\Users\Beispiel\Desktop\Team_Projekt\Core\Inc\main.h_save
2023-11-28 11:31:24,620 [INFO] CodeEngine:279 - Generated code: C:\Users\Beispiel\Desktop\Team_Projekt\Core\Inc\main.h
2023-11-28 11:31:24,658 [INFO] CodeEngine:255 - oldGeneratedFile, C:\Users\Beispiel\Desktop\Team_Projekt\Core\Src\main.c_save
2023-11-28 11:31:24,922 [INFO] CodeEngine:279 - Generated code: C:\Users\Beispiel\Desktop\Team_Projekt\Core\Src\main.c
2023-11-28 11:31:26,183 [INFO] ProjectBuilder:3064 - Time for Copy HAL[1] : 505mS.
2023-11-28 11:31:26,197 [INFO] ProjectBuilder:4404 - Project Generator version: 4.1.0
2023-11-28 11:31:26,749 [INFO] ConfigFileManager:1457 - The Die is : DIE447
2023-11-28 11:31:26,790 [INFO] ApiDbMcu:507 - Load IP Config File for FATFS
2023-11-28 11:31:27,328 [INFO] ApiDbMcu:507 - Load IP Config File for FREERTOS
2023-11-28 11:31:27,461 [INFO] ApiDbMcu:507 - Load IP Config File for TOUCHSENSING
2023-11-28 11:31:27,489 [INFO] ApiDbMcu:507 - Load IP Config File for USB_DEVICE
2023-11-28 11:31:31,594 [INFO] LogOutputStream:77 - [STDOUT_REDIRECT] 
2023-11-28 11:31:44,670 [INFO] ProjectBuilder:4626 - Time for Generating toolchain IDE Files: 18472mS.
2023-11-28 11:31:44,671 [INFO] ProjectBuilder:2935 - Time for Copy CMSIS : 0mS.
2023-11-28 11:31:44,674 [INFO] ProjectBuilder:2935 - Time for Copy CMSIS : 0mS.
2023-11-28 11:37:05,433 [INFO] Gpio:273 - dependency for GPIO [I2C1, RCC, SYS, USART1]
2023-11-28 11:37:24,594 [INFO] UtilMem:75 - End SaveConfig() Used Memory: 662402600 Bytes (1073741824)
2023-11-28 11:37:26,427 [INFO] UtilMem:75 - End SaveConfig() Used Memory: 707199808 Bytes (1073741824)
2023-11-28 11:37:29,434 [INFO] UtilMem:75 - End SaveConfig() Used Memory: 803144608 Bytes (1073741824)
2023-11-28 11:37:29,976 [INFO] BlockDiagram:2759 - set Specific Code input for plugin: NVIC
2023-11-28 11:37:29,977 [INFO] BlockDiagram:2759 - set Specific Code input for plugin: USART
2023-11-28 11:37:29,987 [INFO] BlockDiagram:2759 - set Specific Code input for plugin: SYS
2023-11-28 11:37:29,987 [INFO] BlockDiagram:2759 - set Specific Code input for plugin: GPIO
2023-11-28 11:37:29,988 [INFO] BlockDiagram:2759 - set Specific Code input for plugin: RCC
2023-11-28 11:37:29,988 [INFO] BlockDiagram:2759 - set Specific Code input for plugin: I2C
2023-11-28 11:37:29,991 [INFO] CodeGenerator:799 - code generatio: config db path: C:/Users/Beispiel/.stm32cubemx/databases/DB.6.0.90/db/
2023-11-28 11:37:30,389 [INFO] CodeEngine:255 - oldGeneratedFile, C:\Users\Beispiel\Desktop\Team_Projekt\MXTmpFiles\license.tmp_save
2023-11-28 11:37:30,813 [INFO] CodeEngine:279 - Generated code: C:\Users\Beispiel\Desktop\Team_Projekt\MXTmpFiles\license.tmp
2023-11-28 11:37:30,908 [INFO] CodeEngine:255 - oldGeneratedFile, C:\Users\Beispiel\Desktop\Team_Projekt\MXTmpFiles\gpio.tmp_save
2023-11-28 11:37:31,701 [INFO] CodeEngine:279 - Generated code: C:\Users\Beispiel\Desktop\Team_Projekt\MXTmpFiles\gpio.tmp
2023-11-28 11:37:31,965 [INFO] CodeEngine:255 - oldGeneratedFile, C:\Users\Beispiel\Desktop\Team_Projekt\Core\Src\stm32l0xx_it.c_save
2023-11-28 11:37:32,235 [INFO] CodeEngine:279 - Generated code: C:\Users\Beispiel\Desktop\Team_Projekt\Core\Src\stm32l0xx_it.c
2023-11-28 11:37:32,243 [INFO] CodeEngine:255 - oldGeneratedFile, C:\Users\Beispiel\Desktop\Team_Projekt\Core\Inc\stm32l0xx_it.h_save
2023-11-28 11:37:32,353 [INFO] CodeEngine:279 - Generated code: C:\Users\Beispiel\Desktop\Team_Projekt\Core\Inc\stm32l0xx_it.h
2023-11-28 11:37:32,397 [INFO] CodeEngine:255 - oldGeneratedFile, C:\Users\Beispiel\Desktop\Team_Projekt\Core\Src\stm32l0xx_hal_msp.c_save
2023-11-28 11:37:32,589 [INFO] CodeEngine:279 - Generated code: C:\Users\Beispiel\Desktop\Team_Projekt\Core\Src\stm32l0xx_hal_msp.c
2023-11-28 11:37:32,597 [INFO] CodeEngine:255 - oldGeneratedFile, C:\Users\Beispiel\Desktop\Team_Projekt\MXTmpFiles\system.tmp_save
2023-11-28 11:37:32,729 [INFO] CodeEngine:279 - Generated code: C:\Users\Beispiel\Desktop\Team_Projekt\MXTmpFiles\system.tmp
2023-11-28 11:37:32,800 [INFO] CodeEngine:311 - oldGeneratedFile, C:\Users\Beispiel\Desktop\Team_Projekt\Core\Inc\stm32l0xx_hal_conf.h_save
2023-11-28 11:37:33,000 [INFO] CodeEngine:335 - Generated code: C:\Users\Beispiel\Desktop\Team_Projekt\Core\Inc\stm32l0xx_hal_conf.h
2023-11-28 11:37:33,095 [INFO] CodeEngine:255 - oldGeneratedFile, C:\Users\Beispiel\Desktop\Team_Projekt\Core\Inc\main.h_save
2023-11-28 11:37:33,241 [INFO] CodeEngine:279 - Generated code: C:\Users\Beispiel\Desktop\Team_Projekt\Core\Inc\main.h
2023-11-28 11:37:33,267 [INFO] CodeEngine:255 - oldGeneratedFile, C:\Users\Beispiel\Desktop\Team_Projekt\Core\Src\main.c_save
2023-11-28 11:37:33,551 [INFO] CodeEngine:279 - Generated code: C:\Users\Beispiel\Desktop\Team_Projekt\Core\Src\main.c
2023-11-28 11:37:40,502 [INFO] ProjectBuilder:3064 - Time for Copy HAL[1] : 6219mS.
2023-11-28 11:37:40,511 [INFO] ProjectBuilder:4404 - Project Generator version: 4.1.0
2023-11-28 11:37:41,247 [INFO] ConfigFileManager:1457 - The Die is : DIE447
2023-11-28 11:37:44,821 [INFO] ProjectBuilder:4626 - Time for Generating toolchain IDE Files: 4310mS.
2023-11-28 11:37:47,257 [INFO] ProjectBuilder:2935 - Time for Copy CMSIS : 2434mS.
2023-11-28 11:37:47,271 [INFO] ProjectBuilder:2935 - Time for Copy CMSIS : 0mS.
2023-11-28 14:16:03,326 [INFO] UtilMem:75 - End SaveConfig() Used Memory: 902358808 Bytes (1073741824)
2023-11-28 14:16:05,709 [INFO] UtilMem:75 - End SaveConfig() Used Memory: 964563480 Bytes (1073741824)
2023-11-28 14:16:08,265 [INFO] UtilMem:75 - End SaveConfig() Used Memory: 614197240 Bytes (1073741824)
2023-11-28 14:16:08,906 [INFO] BlockDiagram:2759 - set Specific Code input for plugin: NVIC
2023-11-28 14:16:08,906 [INFO] BlockDiagram:2759 - set Specific Code input for plugin: USART
2023-11-28 14:16:08,906 [INFO] BlockDiagram:2759 - set Specific Code input for plugin: SYS
2023-11-28 14:16:08,907 [INFO] BlockDiagram:2759 - set Specific Code input for plugin: GPIO
2023-11-28 14:16:08,907 [INFO] BlockDiagram:2759 - set Specific Code input for plugin: RCC
2023-11-28 14:16:08,907 [INFO] BlockDiagram:2759 - set Specific Code input for plugin: I2C
2023-11-28 14:16:08,914 [INFO] CodeGenerator:799 - code generatio: config db path: C:/Users/Beispiel/.stm32cubemx/databases/DB.6.0.90/db/
2023-11-28 14:16:09,560 [INFO] CodeEngine:255 - oldGeneratedFile, C:\Users\Beispiel\Desktop\Team_Projekt\MXTmpFiles\license.tmp_save
2023-11-28 14:16:09,912 [INFO] CodeEngine:279 - Generated code: C:\Users\Beispiel\Desktop\Team_Projekt\MXTmpFiles\license.tmp
2023-11-28 14:16:10,195 [INFO] CodeEngine:255 - oldGeneratedFile, C:\Users\Beispiel\Desktop\Team_Projekt\MXTmpFiles\gpio.tmp_save
2023-11-28 14:16:11,288 [INFO] CodeEngine:279 - Generated code: C:\Users\Beispiel\Desktop\Team_Projekt\MXTmpFiles\gpio.tmp
2023-11-28 14:16:13,326 [INFO] CodeEngine:255 - oldGeneratedFile, C:\Users\Beispiel\Desktop\Team_Projekt\Core\Src\stm32l0xx_it.c_save
2023-11-28 14:16:14,693 [INFO] CodeEngine:279 - Generated code: C:\Users\Beispiel\Desktop\Team_Projekt\Core\Src\stm32l0xx_it.c
2023-11-28 14:16:14,709 [INFO] CodeEngine:255 - oldGeneratedFile, C:\Users\Beispiel\Desktop\Team_Projekt\Core\Inc\stm32l0xx_it.h_save
2023-11-28 14:16:15,398 [INFO] CodeEngine:279 - Generated code: C:\Users\Beispiel\Desktop\Team_Projekt\Core\Inc\stm32l0xx_it.h
2023-11-28 14:16:15,517 [INFO] CodeEngine:255 - oldGeneratedFile, C:\Users\Beispiel\Desktop\Team_Projekt\Core\Src\stm32l0xx_hal_msp.c_save
2023-11-28 14:16:15,783 [INFO] CodeEngine:279 - Generated code: C:\Users\Beispiel\Desktop\Team_Projekt\Core\Src\stm32l0xx_hal_msp.c
2023-11-28 14:16:15,816 [INFO] CodeEngine:255 - oldGeneratedFile, C:\Users\Beispiel\Desktop\Team_Projekt\MXTmpFiles\system.tmp_save
2023-11-28 14:16:16,068 [INFO] CodeEngine:279 - Generated code: C:\Users\Beispiel\Desktop\Team_Projekt\MXTmpFiles\system.tmp
2023-11-28 14:16:16,201 [INFO] CodeEngine:311 - oldGeneratedFile, C:\Users\Beispiel\Desktop\Team_Projekt\Core\Inc\stm32l0xx_hal_conf.h_save
2023-11-28 14:16:16,509 [INFO] CodeEngine:335 - Generated code: C:\Users\Beispiel\Desktop\Team_Projekt\Core\Inc\stm32l0xx_hal_conf.h
2023-11-28 14:16:16,779 [INFO] CodeEngine:255 - oldGeneratedFile, C:\Users\Beispiel\Desktop\Team_Projekt\Core\Inc\main.h_save
2023-11-28 14:16:17,829 [INFO] CodeEngine:279 - Generated code: C:\Users\Beispiel\Desktop\Team_Projekt\Core\Inc\main.h
2023-11-28 14:16:17,904 [INFO] CodeEngine:255 - oldGeneratedFile, C:\Users\Beispiel\Desktop\Team_Projekt\Core\Src\main.c_save
2023-11-28 14:16:18,306 [INFO] CodeEngine:279 - Generated code: C:\Users\Beispiel\Desktop\Team_Projekt\Core\Src\main.c
2023-11-28 14:16:20,636 [INFO] ProjectBuilder:3064 - Time for Copy HAL[1] : 1139mS.
2023-11-28 14:16:22,399 [INFO] ProjectBuilder:4404 - Project Generator version: 4.1.0
2023-11-28 14:16:23,088 [INFO] ConfigFileManager:1457 - The Die is : DIE447
2023-11-28 14:16:27,375 [INFO] ProjectBuilder:4626 - Time for Generating toolchain IDE Files: 5713mS.
2023-11-28 14:16:27,377 [INFO] ProjectBuilder:2935 - Time for Copy CMSIS : 1mS.
2023-11-28 14:16:27,382 [INFO] ProjectBuilder:2935 - Time for Copy CMSIS : 0mS.
2023-11-28 14:18:49,233 [INFO] UtilMem:75 - End SaveConfig() Used Memory: 625123272 Bytes (1073741824)
2023-11-28 14:18:52,240 [INFO] UtilMem:75 - End SaveConfig() Used Memory: 628076664 Bytes (1073741824)
2023-11-28 14:18:54,773 [INFO] UtilMem:75 - End SaveConfig() Used Memory: 730705376 Bytes (1073741824)
2023-11-28 14:18:55,257 [INFO] BlockDiagram:2759 - set Specific Code input for plugin: NVIC
2023-11-28 14:18:55,257 [INFO] BlockDiagram:2759 - set Specific Code input for plugin: USART
2023-11-28 14:18:55,258 [INFO] BlockDiagram:2759 - set Specific Code input for plugin: SYS
2023-11-28 14:18:55,258 [INFO] BlockDiagram:2759 - set Specific Code input for plugin: GPIO
2023-11-28 14:18:55,259 [INFO] BlockDiagram:2759 - set Specific Code input for plugin: RCC
2023-11-28 14:18:55,259 [INFO] BlockDiagram:2759 - set Specific Code input for plugin: I2C
2023-11-28 14:18:55,263 [INFO] CodeGenerator:799 - code generatio: config db path: C:/Users/Beispiel/.stm32cubemx/databases/DB.6.0.90/db/
2023-11-28 14:18:55,661 [INFO] CodeEngine:255 - oldGeneratedFile, C:\Users\Beispiel\Desktop\Team_Projekt\MXTmpFiles\license.tmp_save
2023-11-28 14:18:56,320 [INFO] CodeEngine:279 - Generated code: C:\Users\Beispiel\Desktop\Team_Projekt\MXTmpFiles\license.tmp
2023-11-28 14:18:56,422 [INFO] CodeEngine:255 - oldGeneratedFile, C:\Users\Beispiel\Desktop\Team_Projekt\MXTmpFiles\gpio.tmp_save
2023-11-28 14:18:56,863 [INFO] CodeEngine:279 - Generated code: C:\Users\Beispiel\Desktop\Team_Projekt\MXTmpFiles\gpio.tmp
2023-11-28 14:18:57,494 [INFO] CodeEngine:255 - oldGeneratedFile, C:\Users\Beispiel\Desktop\Team_Projekt\Core\Src\stm32l0xx_it.c_save
2023-11-28 14:18:57,617 [INFO] CodeEngine:279 - Generated code: C:\Users\Beispiel\Desktop\Team_Projekt\Core\Src\stm32l0xx_it.c
2023-11-28 14:18:57,626 [INFO] CodeEngine:255 - oldGeneratedFile, C:\Users\Beispiel\Desktop\Team_Projekt\Core\Inc\stm32l0xx_it.h_save
2023-11-28 14:18:57,810 [INFO] CodeEngine:279 - Generated code: C:\Users\Beispiel\Desktop\Team_Projekt\Core\Inc\stm32l0xx_it.h
2023-11-28 14:18:57,901 [INFO] CodeEngine:255 - oldGeneratedFile, C:\Users\Beispiel\Desktop\Team_Projekt\Core\Src\stm32l0xx_hal_msp.c_save
2023-11-28 14:18:58,066 [INFO] CodeEngine:279 - Generated code: C:\Users\Beispiel\Desktop\Team_Projekt\Core\Src\stm32l0xx_hal_msp.c
2023-11-28 14:18:58,074 [INFO] CodeEngine:255 - oldGeneratedFile, C:\Users\Beispiel\Desktop\Team_Projekt\MXTmpFiles\system.tmp_save
2023-11-28 14:18:58,150 [INFO] CodeEngine:279 - Generated code: C:\Users\Beispiel\Desktop\Team_Projekt\MXTmpFiles\system.tmp
2023-11-28 14:18:58,221 [INFO] CodeEngine:311 - oldGeneratedFile, C:\Users\Beispiel\Desktop\Team_Projekt\Core\Inc\stm32l0xx_hal_conf.h_save
2023-11-28 14:18:58,548 [INFO] CodeEngine:335 - Generated code: C:\Users\Beispiel\Desktop\Team_Projekt\Core\Inc\stm32l0xx_hal_conf.h
2023-11-28 14:18:58,725 [INFO] CodeEngine:255 - oldGeneratedFile, C:\Users\Beispiel\Desktop\Team_Projekt\Core\Inc\main.h_save
2023-11-28 14:18:58,958 [INFO] CodeEngine:279 - Generated code: C:\Users\Beispiel\Desktop\Team_Projekt\Core\Inc\main.h
2023-11-28 14:18:59,005 [INFO] CodeEngine:255 - oldGeneratedFile, C:\Users\Beispiel\Desktop\Team_Projekt\Core\Src\main.c_save
2023-11-28 14:18:59,372 [INFO] CodeEngine:279 - Generated code: C:\Users\Beispiel\Desktop\Team_Projekt\Core\Src\main.c
2023-11-28 14:19:00,931 [INFO] ProjectBuilder:3064 - Time for Copy HAL[1] : 492mS.
2023-11-28 14:19:00,942 [INFO] ProjectBuilder:4404 - Project Generator version: 4.1.0
2023-11-28 14:19:01,668 [INFO] ConfigFileManager:1457 - The Die is : DIE447
2023-11-28 14:19:05,396 [INFO] ProjectBuilder:4626 - Time for Generating toolchain IDE Files: 4454mS.
2023-11-28 14:19:05,398 [INFO] ProjectBuilder:2935 - Time for Copy CMSIS : 1mS.
2023-11-28 14:19:05,403 [INFO] ProjectBuilder:2935 - Time for Copy CMSIS : 0mS.
2023-11-28 15:25:18,983 [INFO] UtilMem:75 - End SaveConfig() Used Memory: 637483512 Bytes (1073741824)
2023-11-28 15:25:22,266 [INFO] UtilMem:75 - End SaveConfig() Used Memory: 621920624 Bytes (1073741824)
2023-11-28 15:25:23,252 [ERROR] LocalSettings:60 - multiple points
2023-11-28 15:25:23,252 [ERROR] LocalSettings:60 - multiple points
2023-11-28 15:25:23,291 [ERROR] FilesUtils:113 - C:\Users\Beispiel\.stmcube\.STM32CUBEMX_PLUGIN6.9.1Repository.ser (Zugriff verweigert)
2023-11-28 15:25:25,631 [INFO] UtilMem:75 - End SaveConfig() Used Memory: 734803448 Bytes (1073741824)
2023-11-28 15:25:26,376 [INFO] BlockDiagram:2759 - set Specific Code input for plugin: NVIC
2023-11-28 15:25:26,377 [INFO] BlockDiagram:2759 - set Specific Code input for plugin: USART
2023-11-28 15:25:26,377 [INFO] BlockDiagram:2759 - set Specific Code input for plugin: SYS
2023-11-28 15:25:26,378 [INFO] BlockDiagram:2759 - set Specific Code input for plugin: GPIO
2023-11-28 15:25:26,378 [INFO] BlockDiagram:2759 - set Specific Code input for plugin: RCC
2023-11-28 15:25:26,378 [INFO] BlockDiagram:2759 - set Specific Code input for plugin: I2C
2023-11-28 15:25:26,387 [INFO] CodeGenerator:799 - code generatio: config db path: C:/Users/Beispiel/.stm32cubemx/databases/DB.6.0.90/db/
2023-11-28 15:25:26,812 [INFO] CodeEngine:255 - oldGeneratedFile, C:\Users\Beispiel\Desktop\Team_Projekt\MXTmpFiles\license.tmp_save
2023-11-28 15:25:28,471 [INFO] CodeEngine:279 - Generated code: C:\Users\Beispiel\Desktop\Team_Projekt\MXTmpFiles\license.tmp
2023-11-28 15:25:28,621 [INFO] CodeEngine:255 - oldGeneratedFile, C:\Users\Beispiel\Desktop\Team_Projekt\MXTmpFiles\gpio.tmp_save
2023-11-28 15:25:30,253 [INFO] CodeEngine:279 - Generated code: C:\Users\Beispiel\Desktop\Team_Projekt\MXTmpFiles\gpio.tmp
2023-11-28 15:25:31,047 [INFO] CodeEngine:255 - oldGeneratedFile, C:\Users\Beispiel\Desktop\Team_Projekt\Core\Src\stm32l0xx_it.c_save
2023-11-28 15:25:33,387 [INFO] CodeEngine:279 - Generated code: C:\Users\Beispiel\Desktop\Team_Projekt\Core\Src\stm32l0xx_it.c
2023-11-28 15:25:33,438 [INFO] CodeEngine:255 - oldGeneratedFile, C:\Users\Beispiel\Desktop\Team_Projekt\Core\Inc\stm32l0xx_it.h_save
2023-11-28 15:25:33,715 [INFO] CodeEngine:279 - Generated code: C:\Users\Beispiel\Desktop\Team_Projekt\Core\Inc\stm32l0xx_it.h
2023-11-28 15:25:33,856 [INFO] CodeEngine:255 - oldGeneratedFile, C:\Users\Beispiel\Desktop\Team_Projekt\Core\Src\stm32l0xx_hal_msp.c_save
2023-11-28 15:25:34,844 [INFO] CodeEngine:279 - Generated code: C:\Users\Beispiel\Desktop\Team_Projekt\Core\Src\stm32l0xx_hal_msp.c
2023-11-28 15:25:34,868 [INFO] CodeEngine:255 - oldGeneratedFile, C:\Users\Beispiel\Desktop\Team_Projekt\MXTmpFiles\system.tmp_save
2023-11-28 15:25:35,105 [INFO] CodeEngine:279 - Generated code: C:\Users\Beispiel\Desktop\Team_Projekt\MXTmpFiles\system.tmp
2023-11-28 15:25:35,493 [INFO] CodeEngine:311 - oldGeneratedFile, C:\Users\Beispiel\Desktop\Team_Projekt\Core\Inc\stm32l0xx_hal_conf.h_save
2023-11-28 15:25:35,817 [INFO] CodeEngine:335 - Generated code: C:\Users\Beispiel\Desktop\Team_Projekt\Core\Inc\stm32l0xx_hal_conf.h
2023-11-28 15:25:36,294 [INFO] CodeEngine:255 - oldGeneratedFile, C:\Users\Beispiel\Desktop\Team_Projekt\Core\Inc\main.h_save
2023-11-28 15:25:36,543 [INFO] CodeEngine:279 - Generated code: C:\Users\Beispiel\Desktop\Team_Projekt\Core\Inc\main.h
2023-11-28 15:25:36,653 [INFO] CodeEngine:255 - oldGeneratedFile, C:\Users\Beispiel\Desktop\Team_Projekt\Core\Src\main.c_save
2023-11-28 15:25:37,159 [INFO] CodeEngine:279 - Generated code: C:\Users\Beispiel\Desktop\Team_Projekt\Core\Src\main.c
2023-11-28 15:25:41,571 [INFO] ProjectBuilder:3064 - Time for Copy HAL[1] : 2545mS.
2023-11-28 15:25:41,598 [INFO] ProjectBuilder:4404 - Project Generator version: 4.1.0
2023-11-28 15:25:42,517 [INFO] ConfigFileManager:1457 - The Die is : DIE447
2023-11-28 15:25:47,644 [INFO] ProjectBuilder:4626 - Time for Generating toolchain IDE Files: 6045mS.
2023-11-28 15:25:47,645 [INFO] ProjectBuilder:2935 - Time for Copy CMSIS : 1mS.
2023-11-28 15:25:47,650 [INFO] ProjectBuilder:2935 - Time for Copy CMSIS : 1mS.
2023-11-28 15:29:19,286 [INFO] UtilMem:75 - End SaveConfig() Used Memory: 728675600 Bytes (1073741824)
2023-11-28 15:29:22,007 [INFO] UtilMem:75 - End SaveConfig() Used Memory: 789027480 Bytes (1073741824)
2023-11-28 15:29:25,381 [INFO] UtilMem:75 - End SaveConfig() Used Memory: 914383080 Bytes (1073741824)
2023-11-28 15:29:27,026 [INFO] BlockDiagram:2759 - set Specific Code input for plugin: NVIC
2023-11-28 15:29:27,026 [INFO] BlockDiagram:2759 - set Specific Code input for plugin: USART
2023-11-28 15:29:27,027 [INFO] BlockDiagram:2759 - set Specific Code input for plugin: SYS
2023-11-28 15:29:27,027 [INFO] BlockDiagram:2759 - set Specific Code input for plugin: GPIO
2023-11-28 15:29:27,027 [INFO] BlockDiagram:2759 - set Specific Code input for plugin: RCC
2023-11-28 15:29:27,027 [INFO] BlockDiagram:2759 - set Specific Code input for plugin: I2C
2023-11-28 15:29:27,046 [INFO] CodeGenerator:799 - code generatio: config db path: C:/Users/Beispiel/.stm32cubemx/databases/DB.6.0.90/db/
2023-11-28 15:29:27,388 [INFO] CodeEngine:255 - oldGeneratedFile, C:\Users\Beispiel\Desktop\Team_Projekt\MXTmpFiles\license.tmp_save
2023-11-28 15:29:27,778 [INFO] CodeEngine:279 - Generated code: C:\Users\Beispiel\Desktop\Team_Projekt\MXTmpFiles\license.tmp
2023-11-28 15:29:27,861 [INFO] CodeEngine:255 - oldGeneratedFile, C:\Users\Beispiel\Desktop\Team_Projekt\MXTmpFiles\gpio.tmp_save
2023-11-28 15:29:28,100 [INFO] CodeEngine:279 - Generated code: C:\Users\Beispiel\Desktop\Team_Projekt\MXTmpFiles\gpio.tmp
2023-11-28 15:29:28,998 [INFO] CodeEngine:255 - oldGeneratedFile, C:\Users\Beispiel\Desktop\Team_Projekt\Core\Src\stm32l0xx_it.c_save
2023-11-28 15:29:29,634 [INFO] CodeEngine:279 - Generated code: C:\Users\Beispiel\Desktop\Team_Projekt\Core\Src\stm32l0xx_it.c
2023-11-28 15:29:29,647 [INFO] CodeEngine:255 - oldGeneratedFile, C:\Users\Beispiel\Desktop\Team_Projekt\Core\Inc\stm32l0xx_it.h_save
2023-11-28 15:29:29,875 [INFO] CodeEngine:279 - Generated code: C:\Users\Beispiel\Desktop\Team_Projekt\Core\Inc\stm32l0xx_it.h
2023-11-28 15:29:29,953 [INFO] CodeEngine:255 - oldGeneratedFile, C:\Users\Beispiel\Desktop\Team_Projekt\Core\Src\stm32l0xx_hal_msp.c_save
2023-11-28 15:29:30,199 [INFO] CodeEngine:279 - Generated code: C:\Users\Beispiel\Desktop\Team_Projekt\Core\Src\stm32l0xx_hal_msp.c
2023-11-28 15:29:30,219 [INFO] CodeEngine:255 - oldGeneratedFile, C:\Users\Beispiel\Desktop\Team_Projekt\MXTmpFiles\system.tmp_save
2023-11-28 15:29:30,483 [INFO] CodeEngine:279 - Generated code: C:\Users\Beispiel\Desktop\Team_Projekt\MXTmpFiles\system.tmp
2023-11-28 15:29:30,535 [INFO] CodeEngine:311 - oldGeneratedFile, C:\Users\Beispiel\Desktop\Team_Projekt\Core\Inc\stm32l0xx_hal_conf.h_save
2023-11-28 15:29:30,762 [INFO] CodeEngine:335 - Generated code: C:\Users\Beispiel\Desktop\Team_Projekt\Core\Inc\stm32l0xx_hal_conf.h
2023-11-28 15:29:30,947 [INFO] CodeEngine:255 - oldGeneratedFile, C:\Users\Beispiel\Desktop\Team_Projekt\Core\Inc\main.h_save
2023-11-28 15:29:31,403 [INFO] CodeEngine:279 - Generated code: C:\Users\Beispiel\Desktop\Team_Projekt\Core\Inc\main.h
2023-11-28 15:29:31,440 [INFO] CodeEngine:255 - oldGeneratedFile, C:\Users\Beispiel\Desktop\Team_Projekt\Core\Src\main.c_save
2023-11-28 15:29:31,753 [INFO] CodeEngine:279 - Generated code: C:\Users\Beispiel\Desktop\Team_Projekt\Core\Src\main.c
2023-11-28 15:29:33,594 [INFO] ProjectBuilder:3064 - Time for Copy HAL[1] : 572mS.
2023-11-28 15:29:33,617 [INFO] ProjectBuilder:4404 - Project Generator version: 4.1.0
2023-11-28 15:29:34,167 [INFO] ConfigFileManager:1457 - The Die is : DIE447
2023-11-28 15:29:39,435 [INFO] ProjectBuilder:4626 - Time for Generating toolchain IDE Files: 5377mS.
2023-11-28 15:29:39,441 [INFO] ProjectBuilder:2935 - Time for Copy CMSIS : 5mS.
2023-11-28 15:29:39,447 [INFO] ProjectBuilder:2935 - Time for Copy CMSIS : 0mS.
2023-11-28 15:31:53,343 [INFO] UtilMem:75 - End SaveConfig() Used Memory: 714707504 Bytes (1073741824)
2023-11-28 15:31:57,035 [INFO] UtilMem:75 - End SaveConfig() Used Memory: 667944664 Bytes (1073741824)
2023-11-28 15:32:01,782 [INFO] UtilMem:75 - End SaveConfig() Used Memory: 713814080 Bytes (1073741824)
2023-11-28 15:32:02,258 [INFO] BlockDiagram:2759 - set Specific Code input for plugin: NVIC
2023-11-28 15:32:02,260 [INFO] BlockDiagram:2759 - set Specific Code input for plugin: USART
2023-11-28 15:32:02,260 [INFO] BlockDiagram:2759 - set Specific Code input for plugin: SYS
2023-11-28 15:32:02,261 [INFO] BlockDiagram:2759 - set Specific Code input for plugin: GPIO
2023-11-28 15:32:02,261 [INFO] BlockDiagram:2759 - set Specific Code input for plugin: RCC
2023-11-28 15:32:02,261 [INFO] BlockDiagram:2759 - set Specific Code input for plugin: I2C
2023-11-28 15:32:02,268 [INFO] CodeGenerator:799 - code generatio: config db path: C:/Users/Beispiel/.stm32cubemx/databases/DB.6.0.90/db/
2023-11-28 15:32:02,650 [INFO] CodeEngine:255 - oldGeneratedFile, C:\Users\Beispiel\Desktop\Team_Projekt\MXTmpFiles\license.tmp_save
2023-11-28 15:32:03,150 [INFO] CodeEngine:279 - Generated code: C:\Users\Beispiel\Desktop\Team_Projekt\MXTmpFiles\license.tmp
2023-11-28 15:32:03,289 [INFO] CodeEngine:255 - oldGeneratedFile, C:\Users\Beispiel\Desktop\Team_Projekt\MXTmpFiles\gpio.tmp_save
2023-11-28 15:32:03,702 [INFO] CodeEngine:279 - Generated code: C:\Users\Beispiel\Desktop\Team_Projekt\MXTmpFiles\gpio.tmp
2023-11-28 15:32:03,990 [INFO] CodeEngine:255 - oldGeneratedFile, C:\Users\Beispiel\Desktop\Team_Projekt\Core\Src\stm32l0xx_it.c_save
2023-11-28 15:32:05,067 [INFO] CodeEngine:279 - Generated code: C:\Users\Beispiel\Desktop\Team_Projekt\Core\Src\stm32l0xx_it.c
2023-11-28 15:32:05,094 [INFO] CodeEngine:255 - oldGeneratedFile, C:\Users\Beispiel\Desktop\Team_Projekt\Core\Inc\stm32l0xx_it.h_save
2023-11-28 15:32:05,403 [INFO] CodeEngine:279 - Generated code: C:\Users\Beispiel\Desktop\Team_Projekt\Core\Inc\stm32l0xx_it.h
2023-11-28 15:32:05,464 [INFO] CodeEngine:255 - oldGeneratedFile, C:\Users\Beispiel\Desktop\Team_Projekt\Core\Src\stm32l0xx_hal_msp.c_save
2023-11-28 15:32:05,667 [INFO] CodeEngine:279 - Generated code: C:\Users\Beispiel\Desktop\Team_Projekt\Core\Src\stm32l0xx_hal_msp.c
2023-11-28 15:32:05,675 [INFO] CodeEngine:255 - oldGeneratedFile, C:\Users\Beispiel\Desktop\Team_Projekt\MXTmpFiles\system.tmp_save
2023-11-28 15:32:05,805 [INFO] CodeEngine:279 - Generated code: C:\Users\Beispiel\Desktop\Team_Projekt\MXTmpFiles\system.tmp
2023-11-28 15:32:05,978 [INFO] CodeEngine:311 - oldGeneratedFile, C:\Users\Beispiel\Desktop\Team_Projekt\Core\Inc\stm32l0xx_hal_conf.h_save
2023-11-28 15:32:06,465 [INFO] CodeEngine:335 - Generated code: C:\Users\Beispiel\Desktop\Team_Projekt\Core\Inc\stm32l0xx_hal_conf.h
2023-11-28 15:32:06,559 [INFO] CodeEngine:255 - oldGeneratedFile, C:\Users\Beispiel\Desktop\Team_Projekt\Core\Inc\main.h_save
2023-11-28 15:32:06,724 [INFO] CodeEngine:279 - Generated code: C:\Users\Beispiel\Desktop\Team_Projekt\Core\Inc\main.h
2023-11-28 15:32:06,760 [INFO] CodeEngine:255 - oldGeneratedFile, C:\Users\Beispiel\Desktop\Team_Projekt\Core\Src\main.c_save
2023-11-28 15:32:07,104 [INFO] CodeEngine:279 - Generated code: C:\Users\Beispiel\Desktop\Team_Projekt\Core\Src\main.c
2023-11-28 15:32:08,566 [INFO] ProjectBuilder:3064 - Time for Copy HAL[1] : 513mS.
2023-11-28 15:32:08,638 [INFO] ProjectBuilder:4404 - Project Generator version: 4.1.0
2023-11-28 15:32:09,441 [INFO] ConfigFileManager:1457 - The Die is : DIE447
2023-11-28 15:32:14,583 [INFO] ProjectBuilder:4626 - Time for Generating toolchain IDE Files: 5950mS.
2023-11-28 15:32:14,584 [INFO] ProjectBuilder:2935 - Time for Copy CMSIS : 1mS.
2023-11-28 15:32:14,589 [INFO] ProjectBuilder:2935 - Time for Copy CMSIS : 0mS.
2023-11-28 16:18:21,498 [INFO] UtilMem:75 - End SaveConfig() Used Memory: 618896248 Bytes (1073741824)
2023-11-28 16:18:26,446 [INFO] UtilMem:75 - End SaveConfig() Used Memory: 687786512 Bytes (1073741824)
2023-11-28 16:18:29,281 [INFO] UtilMem:75 - End SaveConfig() Used Memory: 779012624 Bytes (1073741824)
2023-11-28 16:18:29,893 [INFO] BlockDiagram:2759 - set Specific Code input for plugin: NVIC
2023-11-28 16:18:29,894 [INFO] BlockDiagram:2759 - set Specific Code input for plugin: USART
2023-11-28 16:18:29,894 [INFO] BlockDiagram:2759 - set Specific Code input for plugin: SYS
2023-11-28 16:18:29,894 [INFO] BlockDiagram:2759 - set Specific Code input for plugin: GPIO
2023-11-28 16:18:29,894 [INFO] BlockDiagram:2759 - set Specific Code input for plugin: RCC
2023-11-28 16:18:29,894 [INFO] BlockDiagram:2759 - set Specific Code input for plugin: I2C
2023-11-28 16:18:29,901 [INFO] CodeGenerator:799 - code generatio: config db path: C:/Users/Beispiel/.stm32cubemx/databases/DB.6.0.90/db/
2023-11-28 16:18:30,225 [INFO] CodeEngine:255 - oldGeneratedFile, C:\Users\Beispiel\Desktop\Team_Projekt\MXTmpFiles\license.tmp_save
2023-11-28 16:18:31,719 [INFO] CodeEngine:279 - Generated code: C:\Users\Beispiel\Desktop\Team_Projekt\MXTmpFiles\license.tmp
2023-11-28 16:18:32,120 [INFO] CodeEngine:255 - oldGeneratedFile, C:\Users\Beispiel\Desktop\Team_Projekt\MXTmpFiles\gpio.tmp_save
2023-11-28 16:18:32,682 [INFO] CodeEngine:279 - Generated code: C:\Users\Beispiel\Desktop\Team_Projekt\MXTmpFiles\gpio.tmp
2023-11-28 16:18:33,044 [INFO] CodeEngine:255 - oldGeneratedFile, C:\Users\Beispiel\Desktop\Team_Projekt\Core\Src\stm32l0xx_it.c_save
2023-11-28 16:18:33,692 [INFO] CodeEngine:279 - Generated code: C:\Users\Beispiel\Desktop\Team_Projekt\Core\Src\stm32l0xx_it.c
2023-11-28 16:18:33,707 [INFO] CodeEngine:255 - oldGeneratedFile, C:\Users\Beispiel\Desktop\Team_Projekt\Core\Inc\stm32l0xx_it.h_save
2023-11-28 16:18:34,674 [INFO] CodeEngine:279 - Generated code: C:\Users\Beispiel\Desktop\Team_Projekt\Core\Inc\stm32l0xx_it.h
2023-11-28 16:18:34,764 [INFO] CodeEngine:255 - oldGeneratedFile, C:\Users\Beispiel\Desktop\Team_Projekt\Core\Src\stm32l0xx_hal_msp.c_save
2023-11-28 16:18:35,180 [INFO] CodeEngine:279 - Generated code: C:\Users\Beispiel\Desktop\Team_Projekt\Core\Src\stm32l0xx_hal_msp.c
2023-11-28 16:18:35,189 [INFO] CodeEngine:255 - oldGeneratedFile, C:\Users\Beispiel\Desktop\Team_Projekt\MXTmpFiles\system.tmp_save
2023-11-28 16:18:35,292 [INFO] CodeEngine:279 - Generated code: C:\Users\Beispiel\Desktop\Team_Projekt\MXTmpFiles\system.tmp
2023-11-28 16:18:35,350 [INFO] CodeEngine:311 - oldGeneratedFile, C:\Users\Beispiel\Desktop\Team_Projekt\Core\Inc\stm32l0xx_hal_conf.h_save
2023-11-28 16:18:35,575 [INFO] CodeEngine:335 - Generated code: C:\Users\Beispiel\Desktop\Team_Projekt\Core\Inc\stm32l0xx_hal_conf.h
2023-11-28 16:18:35,720 [INFO] CodeEngine:255 - oldGeneratedFile, C:\Users\Beispiel\Desktop\Team_Projekt\Core\Inc\main.h_save
2023-11-28 16:18:36,058 [INFO] CodeEngine:279 - Generated code: C:\Users\Beispiel\Desktop\Team_Projekt\Core\Inc\main.h
2023-11-28 16:18:36,093 [INFO] CodeEngine:255 - oldGeneratedFile, C:\Users\Beispiel\Desktop\Team_Projekt\Core\Src\main.c_save
2023-11-28 16:18:36,369 [INFO] CodeEngine:279 - Generated code: C:\Users\Beispiel\Desktop\Team_Projekt\Core\Src\main.c
2023-11-28 16:18:41,325 [INFO] ProjectBuilder:3064 - Time for Copy HAL[1] : 3955mS.
2023-11-28 16:18:41,342 [INFO] ProjectBuilder:4404 - Project Generator version: 4.1.0
2023-11-28 16:18:43,435 [INFO] ConfigFileManager:1457 - The Die is : DIE447
2023-11-28 16:19:11,491 [INFO] ProjectBuilder:4626 - Time for Generating toolchain IDE Files: 30148mS.
2023-11-28 16:19:11,493 [INFO] ProjectBuilder:2935 - Time for Copy CMSIS : 1mS.
2023-11-28 16:19:11,506 [INFO] ProjectBuilder:2935 - Time for Copy CMSIS : 0mS.
