2023-08-21 13:56:51,153 [INFO] Activator:176 - 


2023-08-21 13:56:51,156 [INFO] Activator:177 - !SESSION log4j initialized
2023-08-21 13:56:59,164 [INFO] LogOutputStream:77 - [STDOUT_REDIRECT] 
2023-08-21 13:57:09,096 [INFO] ApplicationProperties:184 - Using Application install path: C:\ST\STM32CubeIDE_1.13.1\STM32CubeIDE\plugins\com.st.stm32cube.common.mx_6.9.1.202307191849
2023-08-21 13:57:09,132 [INFO] DbMcusXml:78 - Set database path to: C:\ST\STM32CubeIDE_1.13.1\STM32CubeIDE\plugins\com.st.stm32cube.common.mx_6.9.1.202307191849\\db\/mcu/
2023-08-21 13:57:09,132 [INFO] ApiDb:274 - Set plugin database path to: C:\ST\STM32CubeIDE_1.13.1\STM32CubeIDE\plugins\com.st.stm32cube.common.mx_6.9.1.202307191849\\db\/plugins/boardmanager/
2023-08-21 13:57:09,133 [WARN] ApiDb:259 - Overriding images path with different value:  => C:\ST\STM32CubeIDE_1.13.1\STM32CubeIDE\plugins\com.st.stm32cube.common.mx_6.9.1.202307191849\\db\/plugins/mcufinder/images/
2023-08-21 13:57:14,835 [INFO] ApiDb:250 - Set database path to: C:\Users\Beispiel\.stmcufinder\plugins\mcufinder//mcu/
2023-08-21 13:57:14,839 [INFO] DbMcusAds:125 - Set database path to: C:\Users\Beispiel\.stmcufinder\plugins\mcufinder//mcu/
2023-08-21 13:57:14,866 [INFO] CrossReferenceDbSqlite:203 - Set database path to: C:\Users\Beispiel\.stmcufinder\plugins\mcufinder//mcu/cs/
2023-08-21 13:57:15,638 [INFO] RulesReader:64 - Compatibility file has been processed (293 Rules)
2023-08-21 13:57:16,838 [INFO] DbMcusXml:78 - Set database path to: C:\ST\STM32CubeIDE_1.13.1\STM32CubeIDE\plugins\com.st.stm32cube.common.mx_6.9.1.202307191849\\db\/mcu/
2023-08-21 13:57:16,839 [INFO] ApiDb:274 - Set plugin database path to: C:\ST\STM32CubeIDE_1.13.1\STM32CubeIDE\plugins\com.st.stm32cube.common.mx_6.9.1.202307191849\\db\/plugins/boardmanager/
2023-08-21 13:57:16,840 [INFO] ApiDb:261 - Set plugin images path to: C:\ST\STM32CubeIDE_1.13.1\STM32CubeIDE\plugins\com.st.stm32cube.common.mx_6.9.1.202307191849\\db\/plugins/mcufinder/images/
2023-08-21 13:57:16,840 [WARN] DbFile:41 - Overriding database path with different value: C:\Users\Beispiel\.stmcufinder\plugins\mcufinder/ => C:\Users\Beispiel\.stmcufinder\plugins\mcufinder
2023-08-21 13:57:16,840 [INFO] ApiDb:250 - Set database path to: C:\Users\Beispiel\.stmcufinder\plugins\mcufinder//mcu/
2023-08-21 13:57:16,841 [WARN] DbFile:41 - Overriding database path with different value: C:\Users\Beispiel\.stmcufinder\plugins\mcufinder/ => C:\Users\Beispiel\.stmcufinder\plugins\mcufinder
2023-08-21 13:57:16,841 [INFO] DbMcusAds:125 - Set database path to: C:\Users\Beispiel\.stmcufinder\plugins\mcufinder//mcu/
2023-08-21 13:57:16,841 [WARN] DbFile:41 - Overriding database path with different value: C:\Users\Beispiel\.stmcufinder\plugins\mcufinder/ => C:\Users\Beispiel\.stmcufinder\plugins\mcufinder
2023-08-21 13:57:16,841 [WARN] DbFile:41 - Overriding database path with different value: C:\Users\Beispiel\.stmcufinder\plugins\mcufinder/ => C:\Users\Beispiel\.stmcufinder\plugins\mcufinder
2023-08-21 13:57:16,841 [INFO] CrossReferenceDbSqlite:203 - Set database path to: C:\Users\Beispiel\.stmcufinder\plugins\mcufinder//mcu/cs/
2023-08-21 13:57:17,443 [INFO] MainPanel:262 - HeapMemory: 268435456
2023-08-21 13:57:17,831 [INFO] DbMcusXml:78 - Set database path to: C:\ST\STM32CubeIDE_1.13.1\STM32CubeIDE\plugins\com.st.stm32cube.common.mx_6.9.1.202307191849\\db\/mcu/
2023-08-21 13:57:17,831 [INFO] ApiDb:274 - Set plugin database path to: C:\ST\STM32CubeIDE_1.13.1\STM32CubeIDE\plugins\com.st.stm32cube.common.mx_6.9.1.202307191849\\db\/plugins/boardmanager/
2023-08-21 13:57:17,831 [INFO] ApiDb:261 - Set plugin images path to: C:\ST\STM32CubeIDE_1.13.1\STM32CubeIDE\plugins\com.st.stm32cube.common.mx_6.9.1.202307191849\\db\/plugins/mcufinder/images/
2023-08-21 13:57:17,833 [WARN] DbFile:41 - Overriding database path with different value: C:\Users\Beispiel\.stmcufinder\plugins\mcufinder/ => C:\Users\Beispiel\.stmcufinder\plugins\mcufinder
2023-08-21 13:57:17,833 [INFO] ApiDb:250 - Set database path to: C:\Users\Beispiel\.stmcufinder\plugins\mcufinder//mcu/
2023-08-21 13:57:17,833 [WARN] DbFile:41 - Overriding database path with different value: C:\Users\Beispiel\.stmcufinder\plugins\mcufinder/ => C:\Users\Beispiel\.stmcufinder\plugins\mcufinder
2023-08-21 13:57:17,833 [INFO] DbMcusAds:125 - Set database path to: C:\Users\Beispiel\.stmcufinder\plugins\mcufinder//mcu/
2023-08-21 13:57:17,833 [WARN] DbFile:41 - Overriding database path with different value: C:\Users\Beispiel\.stmcufinder\plugins\mcufinder/ => C:\Users\Beispiel\.stmcufinder\plugins\mcufinder
2023-08-21 13:57:17,833 [WARN] DbFile:41 - Overriding database path with different value: C:\Users\Beispiel\.stmcufinder\plugins\mcufinder/ => C:\Users\Beispiel\.stmcufinder\plugins\mcufinder
2023-08-21 13:57:17,834 [INFO] CrossReferenceDbSqlite:203 - Set database path to: C:\Users\Beispiel\.stmcufinder\plugins\mcufinder//mcu/cs/
2023-08-21 13:57:17,874 [INFO] ApplicationProperties:184 - Using Application install path: C:\ST\STM32CubeIDE_1.13.1\STM32CubeIDE\plugins\com.st.stm32cube.common.mx_6.9.1.202307191849
2023-08-21 13:57:17,876 [INFO] PluginManage:196 - Search for loadable plugins [exclusion list=, ]
2023-08-21 13:57:17,878 [INFO] PluginManage:310 - Check plugin analytics
2023-08-21 13:57:22,737 [INFO] AnalyticsPlugin:253 - Accepted Software Licenses: 
2023-08-21 13:57:22,738 [INFO] AnalyticsPlugin:255 - Accepted CMSIS Pack Licenses: 
2023-08-21 13:57:22,738 [INFO] AnalyticsPlugin:257 - Accepted Firmware Licenses: 
2023-08-21 13:57:22,746 [INFO] PluginManage:359 - Loaded plugin analytics (category:tool,tabindex:-1)
2023-08-21 13:57:22,748 [INFO] PluginManage:310 - Check plugin cadmodel
2023-08-21 13:57:22,756 [INFO] CADModel:105 - Init CAD model plugin
2023-08-21 13:57:22,757 [INFO] PluginManage:359 - Loaded plugin cadmodel (category:power,tabindex:5)
2023-08-21 13:57:22,757 [INFO] PluginManage:310 - Check plugin clock
2023-08-21 13:57:22,775 [INFO] PluginManage:359 - Loaded plugin clock (category:base,tabindex:2)
2023-08-21 13:57:22,775 [INFO] PluginManage:310 - Check plugin ddr
2023-08-21 13:57:22,780 [INFO] PluginManage:359 - Loaded plugin ddr (category:tool,tabindex:6)
2023-08-21 13:57:22,780 [INFO] PluginManage:310 - Check plugin filemanager
2023-08-21 13:57:22,966 [INFO] PluginManage:359 - Loaded plugin filemanager (category:base,tabindex:10)
2023-08-21 13:57:22,966 [INFO] PluginManage:310 - Check plugin ipmanager
2023-08-21 13:57:22,976 [INFO] PluginManage:359 - Loaded plugin ipmanager (category:base,tabindex:5)
2023-08-21 13:57:22,976 [INFO] PluginManage:310 - Check plugin lpbam
2023-08-21 13:57:22,987 [INFO] PluginManage:359 - Loaded plugin lpbam (category:base,tabindex:0)
2023-08-21 13:57:22,987 [INFO] PluginManage:310 - Check plugin memorymap
2023-08-21 13:57:23,005 [INFO] PluginManage:359 - Loaded plugin memorymap (category:base,tabindex:4)
2023-08-21 13:57:23,006 [INFO] PluginManage:310 - Check plugin pinoutandconfiguration
2023-08-21 13:57:23,016 [INFO] PluginManage:359 - Loaded plugin pinoutandconfiguration (category:base,tabindex:1)
2023-08-21 13:57:23,017 [INFO] PluginManage:310 - Check plugin pinoutconfig
2023-08-21 13:57:23,138 [WARN] SupportedApi:132 - Cannot load RTOS API schema: s4s-elt-must-match.1: The content of 'definitions' must match (annotation?, (simpleType | complexType)?, (unique | key | keyref)*)). A problem was found starting at: attribute.
2023-08-21 13:57:23,402 [INFO] PluginManage:359 - Loaded plugin pinoutconfig (category:base,tabindex:0)
2023-08-21 13:57:23,403 [INFO] PluginManage:310 - Check plugin power
2023-08-21 13:57:23,435 [INFO] PluginManage:359 - Loaded plugin power (category:power,tabindex:4)
2023-08-21 13:57:23,435 [INFO] PluginManage:310 - Check plugin projectmanager
2023-08-21 13:57:23,482 [INFO] PluginManage:359 - Loaded plugin projectmanager (category:projectmanager,tabindex:3)
2023-08-21 13:57:23,483 [INFO] PluginManage:310 - Check plugin thirdparty
2023-08-21 13:57:23,757 [INFO] PluginManage:359 - Loaded plugin thirdparty (category:base,tabindex:-1)
2023-08-21 13:57:23,757 [WARN] IntegrityCheckThread:84 - waiting for thirdparty lock release [integrity check]
2023-08-21 13:57:23,758 [INFO] PluginManage:310 - Check plugin tools
2023-08-21 13:57:23,759 [INFO] IntegrityCheckThread:86 - entering critical section [integrity check]
2023-08-21 13:57:23,768 [INFO] ThirdPartyUpdaterWithRetryManager:70 - Updater plugin not ready yet. [1/15]
2023-08-21 13:57:23,768 [INFO] PluginManage:359 - Loaded plugin tools (category:base,tabindex:7)
2023-08-21 13:57:23,769 [INFO] PluginManage:310 - Check plugin tutovideos
2023-08-21 13:57:24,078 [INFO] PluginManage:359 - Loaded plugin tutovideos (category:base,tabindex:-1)
2023-08-21 13:57:24,078 [INFO] PluginManage:310 - Check plugin updater
2023-08-21 13:57:24,100 [INFO] PluginManage:359 - Loaded plugin updater (category:base,tabindex:12)
2023-08-21 13:57:24,100 [INFO] PluginManage:310 - Check plugin userauth
2023-08-21 13:57:24,108 [INFO] UserAuth:113 - Init User Auth plugin
2023-08-21 13:57:24,109 [INFO] PluginManage:359 - Loaded plugin userauth (category:base,tabindex:14)
2023-08-21 13:57:24,109 [INFO] PluginManage:283 - PluginManage : Loaded plugins [17]
2023-08-21 13:57:24,521 [INFO] PinOutPanel:1499 - setPackage(No Configuration,No Configuration)
2023-08-21 13:57:24,660 [INFO] CADModel:165 - CPN selected for project level
2023-08-21 13:57:24,661 [INFO] CADModel:114 - Register for checkConnection events
2023-08-21 13:57:24,685 [INFO] IPUIPlugin:80 - create IPUIPlugin
2023-08-21 13:57:24,685 [INFO] PluginManager:220 - loadIPPluginJar : add adc
2023-08-21 13:57:24,690 [INFO] IPUIPlugin:80 - create IPUIPlugin
2023-08-21 13:57:24,690 [INFO] PluginManager:220 - loadIPPluginJar : add aes
2023-08-21 13:57:24,696 [INFO] IPUIPlugin:80 - create IPUIPlugin
2023-08-21 13:57:24,696 [INFO] PluginManager:220 - loadIPPluginJar : add can
2023-08-21 13:57:24,699 [INFO] IPUIPlugin:80 - create IPUIPlugin
2023-08-21 13:57:24,700 [INFO] PluginManager:220 - loadIPPluginJar : add comp
2023-08-21 13:57:24,704 [INFO] IPUIPlugin:80 - create IPUIPlugin
2023-08-21 13:57:24,704 [INFO] PluginManager:220 - loadIPPluginJar : add cryp
2023-08-21 13:57:24,710 [INFO] IPUIPlugin:80 - create IPUIPlugin
2023-08-21 13:57:24,710 [INFO] PluginManager:220 - loadIPPluginJar : add dfsdm
2023-08-21 13:57:24,718 [INFO] IPUIPlugin:80 - create IPUIPlugin
2023-08-21 13:57:24,720 [INFO] PluginManager:220 - loadIPPluginJar : add dma
2023-08-21 13:57:24,726 [INFO] IPUIPlugin:80 - create IPUIPlugin
2023-08-21 13:57:24,726 [INFO] PluginManager:220 - loadIPPluginJar : add dma3
2023-08-21 13:57:24,729 [INFO] IPUIPlugin:80 - create IPUIPlugin
2023-08-21 13:57:24,729 [INFO] PluginManager:220 - loadIPPluginJar : add fatfs
2023-08-21 13:57:24,737 [INFO] IPUIPlugin:80 - create IPUIPlugin
2023-08-21 13:57:24,737 [INFO] PluginManager:220 - loadIPPluginJar : add fmc
2023-08-21 13:57:24,747 [INFO] IPUIPlugin:80 - create IPUIPlugin
2023-08-21 13:57:24,747 [INFO] PluginManager:220 - loadIPPluginJar : add freertos
2023-08-21 13:57:24,749 [INFO] IPUIPlugin:80 - create IPUIPlugin
2023-08-21 13:57:24,750 [INFO] PluginManager:220 - loadIPPluginJar : add genericplugin
2023-08-21 13:57:24,753 [INFO] IPUIPlugin:80 - create IPUIPlugin
2023-08-21 13:57:24,753 [INFO] PluginManager:220 - loadIPPluginJar : add gfxmmu
2023-08-21 13:57:24,761 [INFO] IPUIPlugin:80 - create IPUIPlugin
2023-08-21 13:57:24,761 [INFO] PluginManager:220 - loadIPPluginJar : add gic
2023-08-21 13:57:24,766 [INFO] IPUIPlugin:80 - create IPUIPlugin
2023-08-21 13:57:24,767 [INFO] PluginManager:220 - loadIPPluginJar : add gpio
2023-08-21 13:57:24,772 [INFO] IPUIPlugin:80 - create IPUIPlugin
2023-08-21 13:57:24,772 [INFO] PluginManager:220 - loadIPPluginJar : add gtzc
2023-08-21 13:57:24,778 [INFO] IPUIPlugin:80 - create IPUIPlugin
2023-08-21 13:57:24,778 [INFO] PluginManager:220 - loadIPPluginJar : add hash
2023-08-21 13:57:24,782 [INFO] IPUIPlugin:80 - create IPUIPlugin
2023-08-21 13:57:24,783 [INFO] PluginManager:220 - loadIPPluginJar : add i2c
2023-08-21 13:57:24,787 [INFO] IPUIPlugin:80 - create IPUIPlugin
2023-08-21 13:57:24,787 [INFO] PluginManager:220 - loadIPPluginJar : add i2s
2023-08-21 13:57:24,791 [INFO] IPUIPlugin:80 - create IPUIPlugin
2023-08-21 13:57:24,791 [INFO] PluginManager:220 - loadIPPluginJar : add i3c
2023-08-21 13:57:24,797 [INFO] IPUIPlugin:80 - create IPUIPlugin
2023-08-21 13:57:24,797 [INFO] PluginManager:220 - loadIPPluginJar : add ipddr
2023-08-21 13:57:24,807 [INFO] IPUIPlugin:80 - create IPUIPlugin
2023-08-21 13:57:24,807 [INFO] PluginManager:220 - loadIPPluginJar : add linkedlist
2023-08-21 13:57:24,813 [INFO] IPUIPlugin:80 - create IPUIPlugin
2023-08-21 13:57:24,813 [INFO] PluginManager:220 - loadIPPluginJar : add lorawan
2023-08-21 13:57:24,816 [INFO] IPUIPlugin:80 - create IPUIPlugin
2023-08-21 13:57:24,816 [INFO] PluginManager:220 - loadIPPluginJar : add ltdc
2023-08-21 13:57:24,826 [INFO] IPUIPlugin:80 - create IPUIPlugin
2023-08-21 13:57:24,826 [INFO] PluginManager:220 - loadIPPluginJar : add mdma
2023-08-21 13:57:24,833 [INFO] IPUIPlugin:80 - create IPUIPlugin
2023-08-21 13:57:24,833 [INFO] PluginManager:220 - loadIPPluginJar : add nvic
2023-08-21 13:57:24,838 [INFO] IPUIPlugin:80 - create IPUIPlugin
2023-08-21 13:57:24,838 [INFO] PluginManager:220 - loadIPPluginJar : add opamp
2023-08-21 13:57:24,844 [INFO] IPUIPlugin:80 - create IPUIPlugin
2023-08-21 13:57:24,845 [INFO] PluginManager:220 - loadIPPluginJar : add openamp
2023-08-21 13:57:24,851 [INFO] IPUIPlugin:80 - create IPUIPlugin
2023-08-21 13:57:24,851 [INFO] PluginManager:220 - loadIPPluginJar : add pdm2pcm
2023-08-21 13:57:24,861 [INFO] IPUIPlugin:80 - create IPUIPlugin
2023-08-21 13:57:24,866 [INFO] PluginManager:220 - loadIPPluginJar : add plateformsettings
2023-08-21 13:57:24,869 [INFO] IPUIPlugin:80 - create IPUIPlugin
2023-08-21 13:57:24,869 [INFO] PluginManager:220 - loadIPPluginJar : add quadspi
2023-08-21 13:57:24,876 [INFO] IPUIPlugin:80 - create IPUIPlugin
2023-08-21 13:57:24,876 [INFO] PluginManager:220 - loadIPPluginJar : add resmgrutility
2023-08-21 13:57:24,880 [INFO] IPUIPlugin:80 - create IPUIPlugin
2023-08-21 13:57:24,881 [INFO] PluginManager:220 - loadIPPluginJar : add sai
2023-08-21 13:57:24,884 [INFO] IPUIPlugin:80 - create IPUIPlugin
2023-08-21 13:57:24,885 [INFO] PluginManager:220 - loadIPPluginJar : add spi
2023-08-21 13:57:24,891 [INFO] IPUIPlugin:80 - create IPUIPlugin
2023-08-21 13:57:24,892 [INFO] PluginManager:220 - loadIPPluginJar : add stm32_wpan
2023-08-21 13:57:24,895 [INFO] IPUIPlugin:80 - create IPUIPlugin
2023-08-21 13:57:24,895 [INFO] PluginManager:220 - loadIPPluginJar : add tim
2023-08-21 13:57:24,900 [INFO] IPUIPlugin:80 - create IPUIPlugin
2023-08-21 13:57:24,900 [INFO] PluginManager:220 - loadIPPluginJar : add touchsensing
2023-08-21 13:57:24,904 [INFO] IPUIPlugin:80 - create IPUIPlugin
2023-08-21 13:57:24,904 [INFO] PluginManager:220 - loadIPPluginJar : add tracer_emb
2023-08-21 13:57:24,907 [INFO] IPUIPlugin:80 - create IPUIPlugin
2023-08-21 13:57:24,907 [INFO] PluginManager:220 - loadIPPluginJar : add ts
2023-08-21 13:57:24,910 [INFO] IPUIPlugin:80 - create IPUIPlugin
2023-08-21 13:57:24,910 [INFO] PluginManager:220 - loadIPPluginJar : add tsc
2023-08-21 13:57:24,914 [INFO] IPUIPlugin:80 - create IPUIPlugin
2023-08-21 13:57:24,914 [INFO] PluginManager:220 - loadIPPluginJar : add ucpd
2023-08-21 13:57:24,919 [INFO] IPUIPlugin:80 - create IPUIPlugin
2023-08-21 13:57:24,919 [INFO] PluginManager:220 - loadIPPluginJar : add usart
2023-08-21 13:57:24,924 [INFO] IPUIPlugin:80 - create IPUIPlugin
2023-08-21 13:57:24,924 [INFO] PluginManager:220 - loadIPPluginJar : add usbx
2023-08-21 13:57:25,082 [INFO] CADModel:165 - CPN selected for project level
2023-08-21 13:57:25,083 [INFO] CADModel:114 - Register for checkConnection events
2023-08-21 13:57:25,083 [FATAL] Updater:308 - Updater called before beeing initialized
2023-08-21 13:57:25,084 [ERROR] CADModel:125 - Updater not yet initialized, retry later 
2023-08-21 13:57:25,377 [INFO] CADModel:165 - CPN selected for project level
2023-08-21 13:57:25,377 [INFO] CADModel:114 - Register for checkConnection events
2023-08-21 13:57:25,378 [FATAL] Updater:308 - Updater called before beeing initialized
2023-08-21 13:57:25,378 [ERROR] CADModel:125 - Updater not yet initialized, retry later 
2023-08-21 13:57:25,383 [FATAL] Updater:308 - Updater called before beeing initialized
2023-08-21 13:57:25,575 [FATAL] Updater:308 - Updater called before beeing initialized
2023-08-21 13:57:25,588 [INFO] DbMcusAds:53 - JSON generation date=Thu Sep 30 08:55:09 CEST 2021 (1632984909247)
2023-08-21 13:57:25,588 [FATAL] Updater:308 - Updater called before beeing initialized
2023-08-21 13:57:25,668 [WARN] DetailPanel:346 - Failed to get advertising image, set to default
2023-08-21 13:57:25,803 [FATAL] Updater:308 - Updater called before beeing initialized
2023-08-21 13:57:25,805 [FATAL] Updater:308 - Updater called before beeing initialized
2023-08-21 13:57:25,805 [FATAL] Updater:308 - Updater called before beeing initialized
2023-08-21 13:57:25,805 [WARN] DetailPanel:346 - Failed to get advertising image, set to default
2023-08-21 13:57:25,807 [FATAL] Updater:308 - Updater called before beeing initialized
2023-08-21 13:57:25,895 [ERROR] Updater:1120 - MainUpdater not yet initialized. External WinMGr cannot be set.
2023-08-21 13:57:25,916 [INFO] Updater:1056 - Updater Version found : 6.9.1
2023-08-21 13:57:25,944 [INFO] ApplicationProperties:184 - Using Application install path: C:\ST\STM32CubeIDE_1.13.1\STM32CubeIDE\plugins\com.st.stm32cube.common.mx_6.9.1.202307191849
2023-08-21 13:57:26,018 [INFO] MainUpdater:521 - Copy updater definitions from MX database
2023-08-21 13:57:26,090 [INFO] MainUpdater:554 - Copy flag file definitions from MX database
2023-08-21 13:57:26,094 [INFO] MainUpdater:570 - Copy thirdparty index definitions from MX database
2023-08-21 13:57:26,099 [INFO] MainUpdater:589 - Copy default thirdparty db definitions from MX database
2023-08-21 13:57:26,346 [INFO] MainUpdater:2868 - connection check result : 10
2023-08-21 13:57:26,348 [INFO] MainUpdater:3562 - Updater definition file requires update
2023-08-21 13:57:26,354 [INFO] MainUpdater:285 - Updater Check For Update Now.
2023-08-21 13:57:26,355 [INFO] MicroXplorer:498 - Change Database Version : DB.6.0.91
2023-08-21 13:57:26,405 [INFO] McuFinderGlobals:63 - Set McuFinder mode to 2 (CubeIDE integrated)
2023-08-21 13:57:26,406 [INFO] UserAuth:179 - activating auth plugin
2023-08-21 13:57:26,414 [INFO] UserAuth:393 - Internet connection configuration mode: 1
2023-08-21 13:57:26,444 [INFO] ServerAccessManage:473 - Download File updaters.zip
2023-08-21 13:57:26,455 [INFO] JxBrowserEngine:151 - Initiate JxBrowser Engine with user profile folder
2023-08-21 13:57:26,676 [INFO] FileExtend:240 - Unzip File : updaters.zip
2023-08-21 13:57:26,676 [INFO] FileExtend:255 - Standard Zip Deflate
2023-08-21 13:57:26,775 [WARN] MainUpdater:1189 - Updater busy. Cannot search thirdparties
2023-08-21 13:57:26,775 [INFO] ThirdPartyUpdaterWithRetryManager:96 - Updater plugin is busy. [1/15]
2023-08-21 13:57:27,837 [INFO] ServerAccessManage:473 - Download File PacksControlFlags.xml
2023-08-21 13:57:29,126 [INFO] ServerAccessManage:473 - Download File cubemx.pidx
2023-08-21 13:57:29,424 [INFO] ServerAccessManage:473 - Download File STMicroelectronics.FP-ATR-ASTRA1.pdsc
2023-08-21 13:57:29,754 [INFO] ServerAccessManage:473 - Download File STMicroelectronics.FP-ATR-SIGFOX1.pdsc
2023-08-21 13:57:29,791 [WARN] MainUpdater:1189 - Updater busy. Cannot search thirdparties
2023-08-21 13:57:29,791 [INFO] ThirdPartyUpdaterWithRetryManager:96 - Updater plugin is busy. [2/15]
2023-08-21 13:57:29,896 [INFO] ServerAccessManage:473 - Download File STMicroelectronics.FP-SNS-FLIGHT1.pdsc
2023-08-21 13:57:30,222 [INFO] ServerAccessManage:473 - Download File STMicroelectronics.FP-SNS-MOTENV1.pdsc
2023-08-21 13:57:30,618 [INFO] ServerAccessManage:473 - Download File STMicroelectronics.X-CUBE-AI.pdsc
2023-08-21 13:57:31,580 [INFO] ServerAccessManage:473 - Download File STMicroelectronics.X-CUBE-ALS.pdsc
2023-08-21 13:57:31,855 [INFO] ServerAccessManage:473 - Download File STMicroelectronics.X-CUBE-BLE1.pdsc
2023-08-21 13:57:32,548 [ERROR] ServerAccessManage:1089 - Problem, file not found on Server
2023-08-21 13:57:32,612 [INFO] ServerAccessManage:473 - Download File STMicroelectronics.X-CUBE-BLE2.pdsc
2023-08-21 13:57:32,794 [WARN] MainUpdater:1189 - Updater busy. Cannot search thirdparties
2023-08-21 13:57:32,794 [INFO] ThirdPartyUpdaterWithRetryManager:96 - Updater plugin is busy. [3/15]
2023-08-21 13:57:33,364 [INFO] ServerAccessManage:473 - Download File STMicroelectronics.X-CUBE-BLEMGR.pdsc
2023-08-21 13:57:34,398 [INFO] ServerAccessManage:473 - Download File STMicroelectronics.X-CUBE-DISPLAY.pdsc
2023-08-21 13:57:35,665 [INFO] ServerAccessManage:473 - Download File STMicroelectronics.X-CUBE-EEPRMA1.pdsc
2023-08-21 13:57:35,795 [WARN] MainUpdater:1189 - Updater busy. Cannot search thirdparties
2023-08-21 13:57:35,796 [INFO] ThirdPartyUpdaterWithRetryManager:96 - Updater plugin is busy. [4/15]
2023-08-21 13:57:36,385 [ERROR] ServerAccessManage:1089 - Problem, file not found on Server
2023-08-21 13:57:36,632 [INFO] ServerAccessManage:473 - Download File STMicroelectronics.X-CUBE-FREERTOS.pdsc
2023-08-21 13:57:37,371 [INFO] ServerAccessManage:473 - Download File STMicroelectronics.X-CUBE-GNSS1.pdsc
2023-08-21 13:57:38,213 [ERROR] ServerAccessManage:1089 - Problem, file not found on Server
2023-08-21 13:57:38,309 [ERROR] ServerAccessManage:1089 - Problem, file not found on Server
2023-08-21 13:57:38,435 [ERROR] ServerAccessManage:1089 - Problem, file not found on Server
2023-08-21 13:57:38,552 [ERROR] ServerAccessManage:1089 - Problem, file not found on Server
2023-08-21 13:57:38,681 [ERROR] ServerAccessManage:1089 - Problem, file not found on Server
2023-08-21 13:57:38,797 [WARN] MainUpdater:1189 - Updater busy. Cannot search thirdparties
2023-08-21 13:57:38,797 [INFO] ThirdPartyUpdaterWithRetryManager:96 - Updater plugin is busy. [5/15]
2023-08-21 13:57:38,799 [ERROR] ServerAccessManage:1089 - Problem, file not found on Server
2023-08-21 13:57:38,889 [INFO] ServerAccessManage:473 - Download File STMicroelectronics.X-CUBE-ISPU.pdsc
2023-08-21 13:57:39,130 [INFO] ServerAccessManage:473 - Download File STMicroelectronics.X-CUBE-MEMS1.pdsc
2023-08-21 13:57:41,380 [INFO] ServerAccessManage:473 - Download File STMicroelectronics.X-CUBE-NFC4.pdsc
2023-08-21 13:57:41,798 [WARN] MainUpdater:1189 - Updater busy. Cannot search thirdparties
2023-08-21 13:57:41,799 [INFO] ThirdPartyUpdaterWithRetryManager:96 - Updater plugin is busy. [6/15]
2023-08-21 13:57:42,760 [INFO] ServerAccessManage:473 - Download File STMicroelectronics.X-CUBE-NFC7.pdsc
2023-08-21 13:57:44,801 [WARN] MainUpdater:1189 - Updater busy. Cannot search thirdparties
2023-08-21 13:57:44,802 [INFO] ThirdPartyUpdaterWithRetryManager:96 - Updater plugin is busy. [7/15]
2023-08-21 13:57:45,891 [INFO] ServerAccessManage:473 - Download File STMicroelectronics.X-CUBE-SFXS2LP1.pdsc
2023-08-21 13:57:46,354 [INFO] ServerAccessManage:473 - Download File STMicroelectronics.X-CUBE-SUBG2.pdsc
2023-08-21 13:57:47,332 [INFO] ServerAccessManage:473 - Download File STMicroelectronics.X-CUBE-SMBUS.pdsc
2023-08-21 13:57:47,804 [WARN] MainUpdater:1189 - Updater busy. Cannot search thirdparties
2023-08-21 13:57:47,805 [INFO] ThirdPartyUpdaterWithRetryManager:96 - Updater plugin is busy. [8/15]
2023-08-21 13:57:47,869 [ERROR] ServerAccessManage:1089 - Problem, file not found on Server
2023-08-21 13:57:48,022 [INFO] ServerAccessManage:473 - Download File STMicroelectronics.X-CUBE-TOF1.pdsc
2023-08-21 13:57:50,204 [ERROR] ServerAccessManage:1089 - Problem, file not found on Server
2023-08-21 13:57:50,353 [INFO] ServerAccessManage:473 - Download File STMicroelectronics.X-CUBE-TOUCHGFX.pdsc
2023-08-21 13:57:50,959 [WARN] MainUpdater:1189 - Updater busy. Cannot search thirdparties
2023-08-21 13:57:50,960 [INFO] ThirdPartyUpdaterWithRetryManager:96 - Updater plugin is busy. [9/15]
2023-08-21 13:57:52,877 [INFO] ServerAccessManage:473 - Download File STMicroelectronics.X-CUBE-ALGOBUILD.pdsc
2023-08-21 13:57:53,365 [INFO] ServerAccessManage:473 - Download File STMicroelectronics.X-CUBE-AZRTOS-H7.pdsc
2023-08-21 13:57:54,006 [WARN] MainUpdater:1189 - Updater busy. Cannot search thirdparties
2023-08-21 13:57:54,006 [INFO] ThirdPartyUpdaterWithRetryManager:96 - Updater plugin is busy. [10/15]
2023-08-21 13:57:54,074 [INFO] ServerAccessManage:473 - Download File STMicroelectronics.X-CUBE-AZRTOS-F4.pdsc
2023-08-21 13:57:54,543 [INFO] ServerAccessManage:473 - Download File STMicroelectronics.X-CUBE-AZRTOS-F7.pdsc
2023-08-21 13:57:54,962 [INFO] ServerAccessManage:473 - Download File STMicroelectronics.X-CUBE-AZRTOS-L4.pdsc
2023-08-21 13:57:57,007 [WARN] MainUpdater:1189 - Updater busy. Cannot search thirdparties
2023-08-21 13:57:57,007 [INFO] ThirdPartyUpdaterWithRetryManager:96 - Updater plugin is busy. [11/15]
2023-08-21 13:57:57,293 [INFO] ServerAccessManage:473 - Download File STMicroelectronics.X-CUBE-AZRTOS-L5.pdsc
2023-08-21 13:57:59,388 [INFO] ServerAccessManage:473 - Download File STMicroelectronics.X-CUBE-AZRTOS-G0.pdsc
2023-08-21 13:58:00,008 [WARN] MainUpdater:1189 - Updater busy. Cannot search thirdparties
2023-08-21 13:58:00,009 [INFO] ThirdPartyUpdaterWithRetryManager:96 - Updater plugin is busy. [12/15]
2023-08-21 13:58:01,177 [INFO] ServerAccessManage:473 - Download File STMicroelectronics.X-CUBE-AZRTOS-G4.pdsc
2023-08-21 13:58:01,325 [INFO] WebApp:157 - Instantiating new browser for Auth
2023-08-21 13:58:01,620 [INFO] ServerAccessManage:473 - Download File STMicroelectronics.X-CUBE-AZRTOS-WB.pdsc
2023-08-21 13:58:01,970 [INFO] ServerAccessManage:473 - Download File STMicroelectronics.X-CUBE-AZRTOS-WL.pdsc
2023-08-21 13:58:03,010 [WARN] MainUpdater:1189 - Updater busy. Cannot search thirdparties
2023-08-21 13:58:03,010 [INFO] ThirdPartyUpdaterWithRetryManager:96 - Updater plugin is busy. [13/15]
2023-08-21 13:58:03,038 [INFO] ServerAccessManage:473 - Download File wolfSSL.I-CUBE-wolfSSL.pdsc
2023-08-21 13:58:03,097 [INFO] WebApp:753 - Register for checkConnection events
2023-08-21 13:58:03,097 [INFO] WebApp:390 - Apply proxy settings
2023-08-21 13:58:03,097 [INFO] WebApp:475 - Chromium requires no authentication
2023-08-21 13:58:03,111 [INFO] WebApp:418 - Direct internet connection detected
2023-08-21 13:58:03,434 [INFO] WebApp:188 - Starting web application
2023-08-21 13:58:03,435 [INFO] WebApp:520 - Web application path used C:\ST\STM32CubeIDE_1.13.1\STM32CubeIDE\plugins\com.st.stm32cube.common.mx_6.9.1.202307191849\db\plugins\mcufinder\reactClient1\index.html
2023-08-21 13:58:06,010 [WARN] MainUpdater:1189 - Updater busy. Cannot search thirdparties
2023-08-21 13:58:06,010 [INFO] ThirdPartyUpdaterWithRetryManager:96 - Updater plugin is busy. [14/15]
2023-08-21 13:58:06,873 [ERROR] ServerAccessManage:1089 - Problem, file not found on Server
2023-08-21 13:58:07,313 [ERROR] ServerAccessManage:1089 - Problem, file not found on Server
2023-08-21 13:58:07,729 [ERROR] ServerAccessManage:1089 - Problem, file not found on Server
2023-08-21 13:58:08,503 [ERROR] ServerAccessManage:1096 - Problem, Http access forbiden
2023-08-21 13:58:08,504 [ERROR] ServerAccessManage:651 - Problem, Http access forbiden : RoweBots.I-CUBE-UNISONRTOS.pdsc.
2023-08-21 13:58:08,739 [INFO] ServerAccessManage:473 - Download File SEGGER.I-CUBE-embOS.pdsc
2023-08-21 13:58:09,011 [WARN] MainUpdater:1189 - Updater busy. Cannot search thirdparties
2023-08-21 13:58:09,011 [INFO] ThirdPartyUpdaterWithRetryManager:96 - Updater plugin is busy. [15/15]
2023-08-21 13:58:09,012 [ERROR] IntegrityCheckThread:130 - Cannot retrieve database content from updater: error -1
2023-08-21 13:58:09,012 [INFO] ThirdParty:978 - Integrity check success = false
2023-08-21 13:58:09,012 [INFO] IntegrityCheckThread:100 - exiting critical section [integrity check]
2023-08-21 13:58:09,012 [INFO] IntegrityCheckThread:103 - End integrity checks thread
2023-08-21 13:58:09,338 [INFO] ServerAccessManage:473 - Download File portGmbH.I-Cube-SoM-uGOAL.pdsc
2023-08-21 13:58:09,746 [ERROR] ServerAccessManage:1089 - Problem, file not found on Server
2023-08-21 13:58:09,780 [ERROR] ServerAccessManage:1089 - Problem, file not found on Server
2023-08-21 13:58:09,813 [ERROR] ServerAccessManage:1089 - Problem, file not found on Server
2023-08-21 13:58:10,049 [INFO] ServerAccessManage:473 - Download File emotas.I-CUBE-CANOPEN.pdsc
2023-08-21 13:58:11,079 [INFO] ServerAccessManage:473 - Download File WES.I-CUBE-Cesium.pdsc
2023-08-21 13:58:13,146 [ERROR] ServerAccessManage:1089 - Problem, file not found on Server
2023-08-21 13:58:13,864 [ERROR] ServerAccessManage:1089 - Problem, file not found on Server
2023-08-21 13:58:13,985 [WARN] PackLoader:240 - Cannot read IP mode file for STMicroelectronics.FP-ATR-ASTRA1.2.0.0
2023-08-21 13:58:13,998 [WARN] PackLoader:240 - Cannot read IP mode file for STMicroelectronics.FP-ATR-SIGFOX1.3.2.0
2023-08-21 13:58:14,018 [WARN] PackLoader:240 - Cannot read IP mode file for STMicroelectronics.FP-SNS-FLIGHT1.5.0.2
2023-08-21 13:58:14,040 [WARN] PackLoader:240 - Cannot read IP mode file for STMicroelectronics.FP-SNS-MOTENV1.4.3.2
2023-08-21 13:58:14,056 [WARN] PackLoader:240 - Cannot read IP mode file for STMicroelectronics.X-CUBE-AI.8.1.0
2023-08-21 13:58:14,056 [WARN] CheckServerUpdateThread:151 - Open CheckUpdateFile Fail
2023-08-21 13:58:14,106 [WARN] PackLoader:240 - Cannot read IP mode file for STMicroelectronics.X-CUBE-ALS.1.0.1
2023-08-21 13:58:14,123 [WARN] PackLoader:240 - Cannot read IP mode file for STMicroelectronics.X-CUBE-BLE1.7.0.0
2023-08-21 13:58:14,135 [WARN] PackLoader:240 - Cannot read IP mode file for STMicroelectronics.X-CUBE-BLE2.3.3.0
2023-08-21 13:58:14,154 [WARN] PackLoader:240 - Cannot read IP mode file for STMicroelectronics.X-CUBE-BLEMGR.2.0.0
2023-08-21 13:58:14,177 [WARN] PackLoader:240 - Cannot read IP mode file for STMicroelectronics.X-CUBE-DISPLAY.3.0.0
2023-08-21 13:58:14,194 [INFO] CheckServerUpdateThread:120 - End of CheckServer Thread
2023-08-21 13:58:14,194 [WARN] PackLoader:240 - Cannot read IP mode file for STMicroelectronics.X-CUBE-EEPRMA1.4.1.0
2023-08-21 13:58:14,207 [WARN] PackLoader:240 - Cannot read IP mode file for STMicroelectronics.X-CUBE-FREERTOS.1.0.1
2023-08-21 13:58:14,226 [WARN] PackLoader:240 - Cannot read IP mode file for STMicroelectronics.X-CUBE-GNSS1.6.0.0
2023-08-21 13:58:14,237 [WARN] PackLoader:240 - Cannot read IP mode file for STMicroelectronics.X-CUBE-ISPU.1.1.0
2023-08-21 13:58:14,345 [WARN] PackLoader:240 - Cannot read IP mode file for STMicroelectronics.X-CUBE-MEMS1.9.6.0
2023-08-21 13:58:14,565 [WARN] PackLoader:240 - Cannot read IP mode file for STMicroelectronics.X-CUBE-NFC4.3.0.0
2023-08-21 13:58:14,573 [WARN] PackLoader:240 - Cannot read IP mode file for STMicroelectronics.X-CUBE-NFC7.1.0.1
2023-08-21 13:58:14,581 [WARN] PackLoader:240 - Cannot read IP mode file for STMicroelectronics.X-CUBE-SFXS2LP1.4.0.0
2023-08-21 13:58:14,595 [WARN] PackLoader:240 - Cannot read IP mode file for STMicroelectronics.X-CUBE-SUBG2.5.0.0
2023-08-21 13:58:14,606 [WARN] PackLoader:240 - Cannot read IP mode file for STMicroelectronics.X-CUBE-SMBUS.2.1.0
2023-08-21 13:58:14,621 [WARN] PackLoader:240 - Cannot read IP mode file for STMicroelectronics.X-CUBE-TOF1.3.3.1
2023-08-21 13:58:14,642 [WARN] PackLoader:240 - Cannot read IP mode file for STMicroelectronics.X-CUBE-TOUCHGFX.4.22.0
2023-08-21 13:58:14,652 [WARN] PackLoader:240 - Cannot read IP mode file for STMicroelectronics.X-CUBE-ALGOBUILD.1.3.0
2023-08-21 13:58:14,677 [WARN] ConditionMgr:438 - getConditionDescription Invalid condition id : UX DEVICE CLASS RTOS Condition cause : null
2023-08-21 13:58:14,678 [WARN] ConditionMgr:438 - getConditionDescription Invalid condition id : UX DEVICE CLASS RTOS Condition cause : null
2023-08-21 13:58:14,688 [WARN] PackLoader:240 - Cannot read IP mode file for STMicroelectronics.X-CUBE-AZRTOS-H7.3.1.0
2023-08-21 13:58:14,689 [WARN] ConditionMgr:1039 - genDependencies : Invalid condition id : UX DEVICE CLASS RTOS Condition cause : null
2023-08-21 13:58:14,690 [WARN] ConditionMgr:1039 - genDependencies : Invalid condition id : UX DEVICE CLASS RTOS Condition cause : null
2023-08-21 13:58:14,691 [WARN] ConditionMgr:1039 - genDependencies : Invalid condition id : UX DEVICE CLASS RTOS Condition cause : null
2023-08-21 13:58:14,692 [WARN] ConditionMgr:1039 - genDependencies : Invalid condition id : UX DEVICE CLASS RTOS Condition cause : null
2023-08-21 13:58:14,692 [WARN] ConditionMgr:1039 - genDependencies : Invalid condition id : UX DEVICE CLASS RTOS Condition cause : null
2023-08-21 13:58:14,722 [WARN] PackLoader:240 - Cannot read IP mode file for STMicroelectronics.X-CUBE-AZRTOS-F4.1.1.0
2023-08-21 13:58:14,751 [WARN] PackLoader:240 - Cannot read IP mode file for STMicroelectronics.X-CUBE-AZRTOS-F7.1.1.0
2023-08-21 13:58:14,782 [WARN] ConditionMgr:438 - getConditionDescription Invalid condition id : LAN8742 Phy interface Condition cause : null
2023-08-21 13:58:14,783 [WARN] PackLoader:240 - Cannot read IP mode file for STMicroelectronics.X-CUBE-AZRTOS-L4.2.0.0
2023-08-21 13:58:14,785 [WARN] ConditionMgr:1039 - genDependencies : Invalid condition id : LAN8742 Phy interface Condition cause : null
2023-08-21 13:58:14,785 [WARN] ConditionMgr:1039 - genDependencies : Invalid condition id : LAN8742 Phy interface Condition cause : null
2023-08-21 13:58:14,786 [WARN] ConditionMgr:1039 - genDependencies : Invalid condition id : LAN8742 Phy interface Condition cause : null
2023-08-21 13:58:14,814 [WARN] PackLoader:240 - Cannot read IP mode file for STMicroelectronics.X-CUBE-AZRTOS-L5.2.0.0
2023-08-21 13:58:14,842 [WARN] PackLoader:240 - Cannot read IP mode file for STMicroelectronics.X-CUBE-AZRTOS-G0.1.1.0
2023-08-21 13:58:14,875 [WARN] PackLoader:240 - Cannot read IP mode file for STMicroelectronics.X-CUBE-AZRTOS-G4.2.0.0
2023-08-21 13:58:14,902 [WARN] ConditionMgr:438 - getConditionDescription Invalid condition id : UX DEVICE CLASS RTOS Condition cause : null
2023-08-21 13:58:14,903 [WARN] ConditionMgr:438 - getConditionDescription Invalid condition id : UX DEVICE CLASS RTOS Condition cause : null
2023-08-21 13:58:14,907 [WARN] PackLoader:240 - Cannot read IP mode file for STMicroelectronics.X-CUBE-AZRTOS-WB.2.0.0
2023-08-21 13:58:14,908 [WARN] ConditionMgr:1039 - genDependencies : Invalid condition id : UX DEVICE CLASS RTOS Condition cause : null
2023-08-21 13:58:14,909 [WARN] ConditionMgr:1039 - genDependencies : Invalid condition id : UX DEVICE CLASS RTOS Condition cause : null
2023-08-21 13:58:14,909 [WARN] ConditionMgr:1039 - genDependencies : Invalid condition id : UX DEVICE CLASS RTOS Condition cause : null
2023-08-21 13:58:14,910 [WARN] ConditionMgr:1039 - genDependencies : Invalid condition id : UX DEVICE CLASS RTOS Condition cause : null
2023-08-21 13:58:14,911 [WARN] ConditionMgr:1039 - genDependencies : Invalid condition id : UX DEVICE CLASS RTOS Condition cause : null
2023-08-21 13:58:14,927 [INFO] LogOutputStream:77 - [STDOUT_REDIRECT] 1 : Invalid condition id : UX_CORESTACK_Condition cause : null
2023-08-21 13:58:14,928 [INFO] LogOutputStream:77 - [STDOUT_REDIRECT] 1 : Invalid condition id : UX_CORESTACK_Condition cause : null
2023-08-21 13:58:14,931 [INFO] LogOutputStream:77 - [STDOUT_REDIRECT] 1 : Invalid condition id : UX_CORESTACK_Condition cause : null
2023-08-21 13:58:14,933 [INFO] LogOutputStream:77 - [STDOUT_REDIRECT] 1 : Invalid condition id : UX_CORESTACK_Condition cause : null
2023-08-21 13:58:14,935 [INFO] LogOutputStream:77 - [STDOUT_REDIRECT] 1 : Invalid condition id : UX_CORESTACK_Condition cause : null
2023-08-21 13:58:14,939 [WARN] PackLoader:240 - Cannot read IP mode file for STMicroelectronics.X-CUBE-AZRTOS-WL.2.0.0
2023-08-21 13:58:14,947 [WARN] PackLoader:240 - Cannot read IP mode file for wolfSSL.I-CUBE-wolfSSL.5.6.3
2023-08-21 13:58:15,008 [WARN] PackLoader:240 - Cannot read IP mode file for SEGGER.I-CUBE-embOS.1.3.1
2023-08-21 13:58:15,105 [WARN] PackLoader:240 - Cannot read IP mode file for portGmbH.I-Cube-SoM-uGOAL.1.1.0
2023-08-21 13:58:15,124 [WARN] PackLoader:240 - Cannot read IP mode file for emotas.I-CUBE-CANOPEN.1.3.0
2023-08-21 13:58:15,145 [WARN] PackLoader:240 - Cannot read IP mode file for WES.I-CUBE-Cesium.1.3.0
2023-08-21 13:58:15,146 [INFO] PopulateThirdPartyThread:66 - Ending populate Thread
2023-08-21 13:58:15,149 [INFO] ThirdParty:1030 - CMSIS Pack Vendor :STMicroelectronics X-CUBE-ISPU 1.1.0
2023-08-21 13:58:15,149 [INFO] ThirdParty:1030 - CMSIS Pack Vendor :STMicroelectronics X-CUBE-DISPLAY 3.0.0
2023-08-21 13:58:15,149 [INFO] ThirdParty:1030 - CMSIS Pack Vendor :STMicroelectronics X-CUBE-GNSS1 6.0.0
2023-08-21 13:58:15,149 [INFO] ThirdParty:1030 - CMSIS Pack Vendor :STMicroelectronics X-CUBE-AZRTOS-F4 1.1.0
2023-08-21 13:58:15,149 [INFO] ThirdParty:1030 - CMSIS Pack Vendor :STMicroelectronics FP-ATR-SIGFOX1 3.2.0
2023-08-21 13:58:15,149 [INFO] ThirdParty:1030 - CMSIS Pack Vendor :STMicroelectronics X-CUBE-BLE1 7.0.0
2023-08-21 13:58:15,149 [INFO] ThirdParty:1030 - CMSIS Pack Vendor :wolfSSL I-CUBE-wolfSSL 5.6.3
2023-08-21 13:58:15,149 [INFO] ThirdParty:1030 - CMSIS Pack Vendor :STMicroelectronics X-CUBE-SMBUS 2.1.0
2023-08-21 13:58:15,149 [INFO] ThirdParty:1030 - CMSIS Pack Vendor :STMicroelectronics X-CUBE-AZRTOS-WB 2.0.0
2023-08-21 13:58:15,150 [INFO] ThirdParty:1030 - CMSIS Pack Vendor :emotas I-CUBE-CANOPEN 1.3.0
2023-08-21 13:58:15,150 [INFO] ThirdParty:1030 - CMSIS Pack Vendor :STMicroelectronics X-CUBE-FREERTOS 1.0.1
2023-08-21 13:58:15,150 [INFO] ThirdParty:1030 - CMSIS Pack Vendor :STMicroelectronics X-CUBE-NFC7 1.0.1
2023-08-21 13:58:15,150 [INFO] ThirdParty:1030 - CMSIS Pack Vendor :STMicroelectronics X-CUBE-TOUCHGFX 4.22.0
2023-08-21 13:58:15,150 [INFO] ThirdParty:1030 - CMSIS Pack Vendor :STMicroelectronics X-CUBE-AZRTOS-F7 1.1.0
2023-08-21 13:58:15,150 [INFO] ThirdParty:1030 - CMSIS Pack Vendor :STMicroelectronics X-CUBE-AZRTOS-L5 2.0.0
2023-08-21 13:58:15,151 [INFO] ThirdParty:1030 - CMSIS Pack Vendor :STMicroelectronics X-CUBE-ALS 1.0.1
2023-08-21 13:58:15,151 [INFO] ThirdParty:1030 - CMSIS Pack Vendor :STMicroelectronics X-CUBE-EEPRMA1 4.1.0
2023-08-21 13:58:15,152 [INFO] ThirdParty:1030 - CMSIS Pack Vendor :portGmbH I-Cube-SoM-uGOAL 1.1.0
2023-08-21 13:58:15,152 [INFO] ThirdParty:1030 - CMSIS Pack Vendor :STMicroelectronics X-CUBE-MEMS1 9.6.0
2023-08-21 13:58:15,152 [INFO] ThirdParty:1030 - CMSIS Pack Vendor :STMicroelectronics FP-SNS-MOTENV1 4.3.2
2023-08-21 13:58:15,152 [INFO] ThirdParty:1030 - CMSIS Pack Vendor :STMicroelectronics X-CUBE-ALGOBUILD 1.3.0
2023-08-21 13:58:15,152 [INFO] ThirdParty:1030 - CMSIS Pack Vendor :STMicroelectronics X-CUBE-AZRTOS-WL 2.0.0
2023-08-21 13:58:15,152 [INFO] ThirdParty:1030 - CMSIS Pack Vendor :SEGGER I-CUBE-embOS 1.3.1
2023-08-21 13:58:15,152 [INFO] ThirdParty:1030 - CMSIS Pack Vendor :STMicroelectronics X-CUBE-AZRTOS-G0 1.1.0
2023-08-21 13:58:15,152 [INFO] ThirdParty:1030 - CMSIS Pack Vendor :STMicroelectronics X-CUBE-AI 8.1.0
2023-08-21 13:58:15,152 [INFO] ThirdParty:1030 - CMSIS Pack Vendor :STMicroelectronics X-CUBE-BLEMGR 2.0.0
2023-08-21 13:58:15,153 [INFO] ThirdParty:1030 - CMSIS Pack Vendor :STMicroelectronics X-CUBE-NFC4 3.0.0
2023-08-21 13:58:15,153 [INFO] ThirdParty:1030 - CMSIS Pack Vendor :STMicroelectronics X-CUBE-SUBG2 5.0.0
2023-08-21 13:58:15,153 [INFO] ThirdParty:1030 - CMSIS Pack Vendor :STMicroelectronics X-CUBE-AZRTOS-L4 2.0.0
2023-08-21 13:58:15,153 [INFO] ThirdParty:1030 - CMSIS Pack Vendor :STMicroelectronics FP-ATR-ASTRA1 2.0.0
2023-08-21 13:58:15,153 [INFO] ThirdParty:1030 - CMSIS Pack Vendor :WES I-CUBE-Cesium 1.3.0
2023-08-21 13:58:15,153 [INFO] ThirdParty:1030 - CMSIS Pack Vendor :STMicroelectronics X-CUBE-SFXS2LP1 4.0.0
2023-08-21 13:58:15,153 [INFO] ThirdParty:1030 - CMSIS Pack Vendor :STMicroelectronics FP-SNS-FLIGHT1 5.0.2
2023-08-21 13:58:15,153 [INFO] ThirdParty:1030 - CMSIS Pack Vendor :STMicroelectronics X-CUBE-BLE2 3.3.0
2023-08-21 13:58:15,153 [INFO] ThirdParty:1030 - CMSIS Pack Vendor :STMicroelectronics X-CUBE-TOF1 3.3.1
2023-08-21 13:58:15,153 [INFO] ThirdParty:1030 - CMSIS Pack Vendor :STMicroelectronics X-CUBE-AZRTOS-G4 2.0.0
2023-08-21 13:58:15,153 [INFO] ThirdParty:1030 - CMSIS Pack Vendor :STMicroelectronics X-CUBE-AZRTOS-H7 3.1.0
2023-08-21 13:58:15,154 [INFO] LoadServerUpdatesThread:373 - End of LoadServerUpdate Thread
2023-08-21 13:58:25,085 [ERROR] LogOutputStream:75 - [STDERR_REDIRECT] SLF4J: Failed to load class "org.slf4j.impl.StaticLoggerBinder".
2023-08-21 13:58:25,086 [ERROR] LogOutputStream:75 - [STDERR_REDIRECT] SLF4J: Defaulting to no-operation (NOP) logger implementation
2023-08-21 13:58:25,088 [ERROR] LogOutputStream:75 - [STDERR_REDIRECT] SLF4J: See http://www.slf4j.org/codes.html#StaticLoggerBinder for further details.
2023-08-21 13:59:00,000 [INFO] McuFinderGlobals:63 - Set McuFinder mode to 2 (CubeIDE integrated)
2023-08-21 13:59:00,001 [INFO] UserAuth:179 - activating auth plugin
2023-08-21 13:59:00,219 [INFO] UserAuth:393 - Internet connection configuration mode: 1
2023-08-21 13:59:42,782 [INFO] WebApp:586 - userauth.ini created with success
