2023-12-01 11:22:46,797 [INFO] Activator:176 - 


2023-12-01 11:22:46,807 [INFO] Activator:177 - !SESSION log4j initialized
2023-12-01 11:22:59,478 [INFO] LogOutputStream:77 - [STDOUT_REDIRECT] 
2023-12-01 11:23:08,920 [INFO] ApplicationProperties:184 - Using Application install path: C:\ST\STM32CubeIDE_1.13.1\STM32CubeIDE\plugins\com.st.stm32cube.common.mx_6.9.1.202307191849
2023-12-01 11:23:08,957 [INFO] DbMcusXml:78 - Set database path to: C:\ST\STM32CubeIDE_1.13.1\STM32CubeIDE\plugins\com.st.stm32cube.common.mx_6.9.1.202307191849\\db\/mcu/
2023-12-01 11:23:08,958 [INFO] ApiDb:274 - Set plugin database path to: C:\ST\STM32CubeIDE_1.13.1\STM32CubeIDE\plugins\com.st.stm32cube.common.mx_6.9.1.202307191849\\db\/plugins/boardmanager/
2023-12-01 11:23:08,959 [WARN] ApiDb:259 - Overriding images path with different value:  => C:\ST\STM32CubeIDE_1.13.1\STM32CubeIDE\plugins\com.st.stm32cube.common.mx_6.9.1.202307191849\\db\/plugins/mcufinder/images/
2023-12-01 11:23:08,979 [INFO] ApiDb:250 - Set database path to: C:\Users\Beispiel\.stmcufinder\plugins\mcufinder//mcu/
2023-12-01 11:23:08,981 [INFO] DbMcusAds:125 - Set database path to: C:\Users\Beispiel\.stmcufinder\plugins\mcufinder//mcu/
2023-12-01 11:23:08,986 [INFO] CrossReferenceDbSqlite:203 - Set database path to: C:\Users\Beispiel\.stmcufinder\plugins\mcufinder//mcu/cs/
2023-12-01 11:23:09,437 [INFO] RulesReader:64 - Compatibility file has been processed (293 Rules)
2023-12-01 11:23:09,591 [INFO] DbMcusXml:78 - Set database path to: C:\ST\STM32CubeIDE_1.13.1\STM32CubeIDE\plugins\com.st.stm32cube.common.mx_6.9.1.202307191849\\db\/mcu/
2023-12-01 11:23:09,592 [INFO] ApiDb:274 - Set plugin database path to: C:\ST\STM32CubeIDE_1.13.1\STM32CubeIDE\plugins\com.st.stm32cube.common.mx_6.9.1.202307191849\\db\/plugins/boardmanager/
2023-12-01 11:23:09,592 [INFO] ApiDb:261 - Set plugin images path to: C:\ST\STM32CubeIDE_1.13.1\STM32CubeIDE\plugins\com.st.stm32cube.common.mx_6.9.1.202307191849\\db\/plugins/mcufinder/images/
2023-12-01 11:23:09,592 [WARN] DbFile:41 - Overriding database path with different value: C:\Users\Beispiel\.stmcufinder\plugins\mcufinder/ => C:\Users\Beispiel\.stmcufinder\plugins\mcufinder
2023-12-01 11:23:09,593 [INFO] ApiDb:250 - Set database path to: C:\Users\Beispiel\.stmcufinder\plugins\mcufinder//mcu/
2023-12-01 11:23:09,593 [WARN] DbFile:41 - Overriding database path with different value: C:\Users\Beispiel\.stmcufinder\plugins\mcufinder/ => C:\Users\Beispiel\.stmcufinder\plugins\mcufinder
2023-12-01 11:23:09,593 [INFO] DbMcusAds:125 - Set database path to: C:\Users\Beispiel\.stmcufinder\plugins\mcufinder//mcu/
2023-12-01 11:23:09,593 [WARN] DbFile:41 - Overriding database path with different value: C:\Users\Beispiel\.stmcufinder\plugins\mcufinder/ => C:\Users\Beispiel\.stmcufinder\plugins\mcufinder
2023-12-01 11:23:09,593 [WARN] DbFile:41 - Overriding database path with different value: C:\Users\Beispiel\.stmcufinder\plugins\mcufinder/ => C:\Users\Beispiel\.stmcufinder\plugins\mcufinder
2023-12-01 11:23:09,594 [INFO] CrossReferenceDbSqlite:203 - Set database path to: C:\Users\Beispiel\.stmcufinder\plugins\mcufinder//mcu/cs/
2023-12-01 11:23:09,808 [INFO] MainPanel:262 - HeapMemory: 268435456
2023-12-01 11:23:10,027 [INFO] DbMcusXml:78 - Set database path to: C:\ST\STM32CubeIDE_1.13.1\STM32CubeIDE\plugins\com.st.stm32cube.common.mx_6.9.1.202307191849\\db\/mcu/
2023-12-01 11:23:10,027 [INFO] ApiDb:274 - Set plugin database path to: C:\ST\STM32CubeIDE_1.13.1\STM32CubeIDE\plugins\com.st.stm32cube.common.mx_6.9.1.202307191849\\db\/plugins/boardmanager/
2023-12-01 11:23:10,028 [INFO] ApiDb:261 - Set plugin images path to: C:\ST\STM32CubeIDE_1.13.1\STM32CubeIDE\plugins\com.st.stm32cube.common.mx_6.9.1.202307191849\\db\/plugins/mcufinder/images/
2023-12-01 11:23:10,029 [WARN] DbFile:41 - Overriding database path with different value: C:\Users\Beispiel\.stmcufinder\plugins\mcufinder/ => C:\Users\Beispiel\.stmcufinder\plugins\mcufinder
2023-12-01 11:23:10,029 [INFO] ApiDb:250 - Set database path to: C:\Users\Beispiel\.stmcufinder\plugins\mcufinder//mcu/
2023-12-01 11:23:10,029 [WARN] DbFile:41 - Overriding database path with different value: C:\Users\Beispiel\.stmcufinder\plugins\mcufinder/ => C:\Users\Beispiel\.stmcufinder\plugins\mcufinder
2023-12-01 11:23:10,030 [INFO] DbMcusAds:125 - Set database path to: C:\Users\Beispiel\.stmcufinder\plugins\mcufinder//mcu/
2023-12-01 11:23:10,030 [WARN] DbFile:41 - Overriding database path with different value: C:\Users\Beispiel\.stmcufinder\plugins\mcufinder/ => C:\Users\Beispiel\.stmcufinder\plugins\mcufinder
2023-12-01 11:23:10,030 [WARN] DbFile:41 - Overriding database path with different value: C:\Users\Beispiel\.stmcufinder\plugins\mcufinder/ => C:\Users\Beispiel\.stmcufinder\plugins\mcufinder
2023-12-01 11:23:10,030 [INFO] CrossReferenceDbSqlite:203 - Set database path to: C:\Users\Beispiel\.stmcufinder\plugins\mcufinder//mcu/cs/
2023-12-01 11:23:10,063 [INFO] ApplicationProperties:184 - Using Application install path: C:\ST\STM32CubeIDE_1.13.1\STM32CubeIDE\plugins\com.st.stm32cube.common.mx_6.9.1.202307191849
2023-12-01 11:23:10,066 [INFO] PluginManage:196 - Search for loadable plugins [exclusion list=, ]
2023-12-01 11:23:10,069 [INFO] PluginManage:310 - Check plugin analytics
2023-12-01 11:23:10,398 [INFO] AnalyticsPlugin:253 - Accepted Software Licenses: 
2023-12-01 11:23:10,398 [INFO] AnalyticsPlugin:255 - Accepted CMSIS Pack Licenses: 
2023-12-01 11:23:10,399 [INFO] AnalyticsPlugin:257 - Accepted Firmware Licenses: 
2023-12-01 11:23:10,406 [INFO] PluginManage:359 - Loaded plugin analytics (category:tool,tabindex:-1)
2023-12-01 11:23:10,407 [INFO] PluginManage:310 - Check plugin cadmodel
2023-12-01 11:23:10,455 [INFO] CADModel:105 - Init CAD model plugin
2023-12-01 11:23:10,455 [INFO] PluginManage:359 - Loaded plugin cadmodel (category:power,tabindex:5)
2023-12-01 11:23:10,455 [INFO] PluginManage:310 - Check plugin clock
2023-12-01 11:23:10,526 [INFO] PluginManage:359 - Loaded plugin clock (category:base,tabindex:2)
2023-12-01 11:23:10,526 [INFO] PluginManage:310 - Check plugin ddr
2023-12-01 11:23:10,530 [INFO] PluginManage:359 - Loaded plugin ddr (category:tool,tabindex:6)
2023-12-01 11:23:10,531 [INFO] PluginManage:310 - Check plugin filemanager
2023-12-01 11:23:10,799 [INFO] PluginManage:359 - Loaded plugin filemanager (category:base,tabindex:10)
2023-12-01 11:23:10,799 [INFO] PluginManage:310 - Check plugin ipmanager
2023-12-01 11:23:10,813 [INFO] PluginManage:359 - Loaded plugin ipmanager (category:base,tabindex:5)
2023-12-01 11:23:10,814 [INFO] PluginManage:310 - Check plugin lpbam
2023-12-01 11:23:10,841 [INFO] PluginManage:359 - Loaded plugin lpbam (category:base,tabindex:0)
2023-12-01 11:23:10,841 [INFO] PluginManage:310 - Check plugin memorymap
2023-12-01 11:23:10,880 [INFO] PluginManage:359 - Loaded plugin memorymap (category:base,tabindex:4)
2023-12-01 11:23:10,881 [INFO] PluginManage:310 - Check plugin pinoutandconfiguration
2023-12-01 11:23:10,916 [INFO] PluginManage:359 - Loaded plugin pinoutandconfiguration (category:base,tabindex:1)
2023-12-01 11:23:10,916 [INFO] PluginManage:310 - Check plugin pinoutconfig
2023-12-01 11:23:11,083 [WARN] SupportedApi:132 - Cannot load RTOS API schema: s4s-elt-must-match.1: The content of 'definitions' must match (annotation?, (simpleType | complexType)?, (unique | key | keyref)*)). A problem was found starting at: attribute.
2023-12-01 11:23:11,330 [INFO] PluginManage:359 - Loaded plugin pinoutconfig (category:base,tabindex:0)
2023-12-01 11:23:11,330 [INFO] PluginManage:310 - Check plugin power
2023-12-01 11:23:11,371 [INFO] PluginManage:359 - Loaded plugin power (category:power,tabindex:4)
2023-12-01 11:23:11,371 [INFO] PluginManage:310 - Check plugin projectmanager
2023-12-01 11:23:11,399 [INFO] PluginManage:359 - Loaded plugin projectmanager (category:projectmanager,tabindex:3)
2023-12-01 11:23:11,399 [INFO] PluginManage:310 - Check plugin thirdparty
2023-12-01 11:23:12,146 [INFO] PluginManage:359 - Loaded plugin thirdparty (category:base,tabindex:-1)
2023-12-01 11:23:12,146 [WARN] IntegrityCheckThread:84 - waiting for thirdparty lock release [integrity check]
2023-12-01 11:23:12,147 [INFO] PluginManage:310 - Check plugin tools
2023-12-01 11:23:12,147 [INFO] IntegrityCheckThread:86 - entering critical section [integrity check]
2023-12-01 11:23:12,149 [INFO] ThirdPartyUpdaterWithRetryManager:70 - Updater plugin not ready yet. [1/15]
2023-12-01 11:23:12,232 [INFO] PluginManage:359 - Loaded plugin tools (category:base,tabindex:7)
2023-12-01 11:23:12,232 [INFO] PluginManage:310 - Check plugin tutovideos
2023-12-01 11:23:12,704 [INFO] PluginManage:359 - Loaded plugin tutovideos (category:base,tabindex:-1)
2023-12-01 11:23:12,704 [INFO] PluginManage:310 - Check plugin updater
2023-12-01 11:23:12,721 [INFO] PluginManage:359 - Loaded plugin updater (category:base,tabindex:12)
2023-12-01 11:23:12,721 [INFO] PluginManage:310 - Check plugin userauth
2023-12-01 11:23:12,730 [INFO] UserAuth:113 - Init User Auth plugin
2023-12-01 11:23:12,731 [INFO] PluginManage:359 - Loaded plugin userauth (category:base,tabindex:14)
2023-12-01 11:23:12,731 [INFO] PluginManage:283 - PluginManage : Loaded plugins [17]
2023-12-01 11:23:13,404 [INFO] PinOutPanel:1499 - setPackage(No Configuration,No Configuration)
2023-12-01 11:23:13,593 [INFO] CADModel:165 - CPN selected for project level
2023-12-01 11:23:13,593 [INFO] CADModel:114 - Register for checkConnection events
2023-12-01 11:23:13,636 [INFO] IPUIPlugin:80 - create IPUIPlugin
2023-12-01 11:23:13,636 [INFO] PluginManager:220 - loadIPPluginJar : add adc
2023-12-01 11:23:13,725 [INFO] IPUIPlugin:80 - create IPUIPlugin
2023-12-01 11:23:13,725 [INFO] PluginManager:220 - loadIPPluginJar : add aes
2023-12-01 11:23:13,825 [INFO] IPUIPlugin:80 - create IPUIPlugin
2023-12-01 11:23:13,825 [INFO] PluginManager:220 - loadIPPluginJar : add can
2023-12-01 11:23:13,882 [INFO] IPUIPlugin:80 - create IPUIPlugin
2023-12-01 11:23:13,882 [INFO] PluginManager:220 - loadIPPluginJar : add comp
2023-12-01 11:23:13,955 [INFO] IPUIPlugin:80 - create IPUIPlugin
2023-12-01 11:23:13,955 [INFO] PluginManager:220 - loadIPPluginJar : add cryp
2023-12-01 11:23:14,007 [INFO] IPUIPlugin:80 - create IPUIPlugin
2023-12-01 11:23:14,008 [INFO] PluginManager:220 - loadIPPluginJar : add dfsdm
2023-12-01 11:23:14,038 [INFO] IPUIPlugin:80 - create IPUIPlugin
2023-12-01 11:23:14,039 [INFO] PluginManager:220 - loadIPPluginJar : add dma
2023-12-01 11:23:14,145 [INFO] IPUIPlugin:80 - create IPUIPlugin
2023-12-01 11:23:14,145 [INFO] PluginManager:220 - loadIPPluginJar : add dma3
2023-12-01 11:23:14,220 [INFO] IPUIPlugin:80 - create IPUIPlugin
2023-12-01 11:23:14,221 [INFO] PluginManager:220 - loadIPPluginJar : add fatfs
2023-12-01 11:23:14,304 [INFO] IPUIPlugin:80 - create IPUIPlugin
2023-12-01 11:23:14,304 [INFO] PluginManager:220 - loadIPPluginJar : add fmc
2023-12-01 11:23:14,334 [INFO] IPUIPlugin:80 - create IPUIPlugin
2023-12-01 11:23:14,334 [INFO] PluginManager:220 - loadIPPluginJar : add freertos
2023-12-01 11:23:14,383 [INFO] IPUIPlugin:80 - create IPUIPlugin
2023-12-01 11:23:14,383 [INFO] PluginManager:220 - loadIPPluginJar : add genericplugin
2023-12-01 11:23:14,644 [INFO] IPUIPlugin:80 - create IPUIPlugin
2023-12-01 11:23:14,644 [INFO] PluginManager:220 - loadIPPluginJar : add gfxmmu
2023-12-01 11:23:14,933 [INFO] IPUIPlugin:80 - create IPUIPlugin
2023-12-01 11:23:14,933 [INFO] PluginManager:220 - loadIPPluginJar : add gic
2023-12-01 11:23:14,953 [INFO] IPUIPlugin:80 - create IPUIPlugin
2023-12-01 11:23:14,953 [INFO] PluginManager:220 - loadIPPluginJar : add gpio
2023-12-01 11:23:15,149 [INFO] IPUIPlugin:80 - create IPUIPlugin
2023-12-01 11:23:15,149 [INFO] PluginManager:220 - loadIPPluginJar : add gtzc
2023-12-01 11:23:15,150 [INFO] ThirdPartyUpdaterWithRetryManager:70 - Updater plugin not ready yet. [2/15]
2023-12-01 11:23:15,227 [INFO] IPUIPlugin:80 - create IPUIPlugin
2023-12-01 11:23:15,228 [INFO] PluginManager:220 - loadIPPluginJar : add hash
2023-12-01 11:23:15,357 [INFO] IPUIPlugin:80 - create IPUIPlugin
2023-12-01 11:23:15,357 [INFO] PluginManager:220 - loadIPPluginJar : add i2c
2023-12-01 11:23:15,454 [INFO] IPUIPlugin:80 - create IPUIPlugin
2023-12-01 11:23:15,455 [INFO] PluginManager:220 - loadIPPluginJar : add i2s
2023-12-01 11:23:15,535 [INFO] IPUIPlugin:80 - create IPUIPlugin
2023-12-01 11:23:15,535 [INFO] PluginManager:220 - loadIPPluginJar : add i3c
2023-12-01 11:23:15,745 [INFO] IPUIPlugin:80 - create IPUIPlugin
2023-12-01 11:23:15,745 [INFO] PluginManager:220 - loadIPPluginJar : add ipddr
2023-12-01 11:23:15,978 [INFO] IPUIPlugin:80 - create IPUIPlugin
2023-12-01 11:23:15,978 [INFO] PluginManager:220 - loadIPPluginJar : add linkedlist
2023-12-01 11:23:16,063 [INFO] IPUIPlugin:80 - create IPUIPlugin
2023-12-01 11:23:16,064 [INFO] PluginManager:220 - loadIPPluginJar : add lorawan
2023-12-01 11:23:16,154 [INFO] IPUIPlugin:80 - create IPUIPlugin
2023-12-01 11:23:16,154 [INFO] PluginManager:220 - loadIPPluginJar : add ltdc
2023-12-01 11:23:16,188 [INFO] IPUIPlugin:80 - create IPUIPlugin
2023-12-01 11:23:16,189 [INFO] PluginManager:220 - loadIPPluginJar : add mdma
2023-12-01 11:23:16,216 [INFO] IPUIPlugin:80 - create IPUIPlugin
2023-12-01 11:23:16,216 [INFO] PluginManager:220 - loadIPPluginJar : add nvic
2023-12-01 11:23:16,299 [INFO] IPUIPlugin:80 - create IPUIPlugin
2023-12-01 11:23:16,299 [INFO] PluginManager:220 - loadIPPluginJar : add opamp
2023-12-01 11:23:16,453 [INFO] IPUIPlugin:80 - create IPUIPlugin
2023-12-01 11:23:16,453 [INFO] PluginManager:220 - loadIPPluginJar : add openamp
2023-12-01 11:23:16,544 [INFO] IPUIPlugin:80 - create IPUIPlugin
2023-12-01 11:23:16,544 [INFO] PluginManager:220 - loadIPPluginJar : add pdm2pcm
2023-12-01 11:23:16,579 [INFO] IPUIPlugin:80 - create IPUIPlugin
2023-12-01 11:23:16,584 [INFO] PluginManager:220 - loadIPPluginJar : add plateformsettings
2023-12-01 11:23:16,637 [INFO] IPUIPlugin:80 - create IPUIPlugin
2023-12-01 11:23:16,637 [INFO] PluginManager:220 - loadIPPluginJar : add quadspi
2023-12-01 11:23:16,667 [INFO] IPUIPlugin:80 - create IPUIPlugin
2023-12-01 11:23:16,668 [INFO] PluginManager:220 - loadIPPluginJar : add resmgrutility
2023-12-01 11:23:16,777 [INFO] IPUIPlugin:80 - create IPUIPlugin
2023-12-01 11:23:16,777 [INFO] PluginManager:220 - loadIPPluginJar : add sai
2023-12-01 11:23:16,867 [INFO] IPUIPlugin:80 - create IPUIPlugin
2023-12-01 11:23:16,867 [INFO] PluginManager:220 - loadIPPluginJar : add spi
2023-12-01 11:23:16,965 [INFO] IPUIPlugin:80 - create IPUIPlugin
2023-12-01 11:23:16,965 [INFO] PluginManager:220 - loadIPPluginJar : add stm32_wpan
2023-12-01 11:23:16,997 [INFO] IPUIPlugin:80 - create IPUIPlugin
2023-12-01 11:23:16,997 [INFO] PluginManager:220 - loadIPPluginJar : add tim
2023-12-01 11:23:17,071 [INFO] IPUIPlugin:80 - create IPUIPlugin
2023-12-01 11:23:17,071 [INFO] PluginManager:220 - loadIPPluginJar : add touchsensing
2023-12-01 11:23:17,100 [INFO] IPUIPlugin:80 - create IPUIPlugin
2023-12-01 11:23:17,101 [INFO] PluginManager:220 - loadIPPluginJar : add tracer_emb
2023-12-01 11:23:17,130 [INFO] IPUIPlugin:80 - create IPUIPlugin
2023-12-01 11:23:17,130 [INFO] PluginManager:220 - loadIPPluginJar : add ts
2023-12-01 11:23:17,158 [INFO] IPUIPlugin:80 - create IPUIPlugin
2023-12-01 11:23:17,158 [INFO] PluginManager:220 - loadIPPluginJar : add tsc
2023-12-01 11:23:17,187 [INFO] IPUIPlugin:80 - create IPUIPlugin
2023-12-01 11:23:17,187 [INFO] PluginManager:220 - loadIPPluginJar : add ucpd
2023-12-01 11:23:17,291 [INFO] IPUIPlugin:80 - create IPUIPlugin
2023-12-01 11:23:17,291 [INFO] PluginManager:220 - loadIPPluginJar : add usart
2023-12-01 11:23:17,394 [INFO] IPUIPlugin:80 - create IPUIPlugin
2023-12-01 11:23:17,394 [INFO] PluginManager:220 - loadIPPluginJar : add usbx
2023-12-01 11:23:17,624 [INFO] CADModel:165 - CPN selected for project level
2023-12-01 11:23:17,624 [INFO] CADModel:114 - Register for checkConnection events
2023-12-01 11:23:17,625 [FATAL] Updater:308 - Updater called before beeing initialized
2023-12-01 11:23:17,625 [ERROR] CADModel:125 - Updater not yet initialized, retry later 
2023-12-01 11:23:18,154 [INFO] ThirdPartyUpdaterWithRetryManager:70 - Updater plugin not ready yet. [3/15]
2023-12-01 11:23:18,207 [INFO] CADModel:165 - CPN selected for project level
2023-12-01 11:23:18,208 [INFO] CADModel:114 - Register for checkConnection events
2023-12-01 11:23:18,208 [FATAL] Updater:308 - Updater called before beeing initialized
2023-12-01 11:23:18,208 [ERROR] CADModel:125 - Updater not yet initialized, retry later 
2023-12-01 11:23:18,213 [FATAL] Updater:308 - Updater called before beeing initialized
2023-12-01 11:23:18,457 [FATAL] Updater:308 - Updater called before beeing initialized
2023-12-01 11:23:18,476 [INFO] DbMcusAds:53 - JSON generation date=Tue Mar 07 09:50:55 CET 2023 (1678179055335)
2023-12-01 11:23:18,476 [FATAL] Updater:308 - Updater called before beeing initialized
2023-12-01 11:23:18,726 [WARN] DetailPanel:346 - Failed to get advertising image, set to default
2023-12-01 11:23:18,905 [FATAL] Updater:308 - Updater called before beeing initialized
2023-12-01 11:23:18,929 [FATAL] Updater:308 - Updater called before beeing initialized
2023-12-01 11:23:18,930 [FATAL] Updater:308 - Updater called before beeing initialized
2023-12-01 11:23:18,930 [WARN] DetailPanel:346 - Failed to get advertising image, set to default
2023-12-01 11:23:18,932 [FATAL] Updater:308 - Updater called before beeing initialized
2023-12-01 11:23:19,065 [ERROR] Updater:1120 - MainUpdater not yet initialized. External WinMGr cannot be set.
2023-12-01 11:23:19,084 [INFO] Updater:1056 - Updater Version found : 6.9.1
2023-12-01 11:23:19,115 [INFO] ApplicationProperties:184 - Using Application install path: C:\ST\STM32CubeIDE_1.13.1\STM32CubeIDE\plugins\com.st.stm32cube.common.mx_6.9.1.202307191849
2023-12-01 11:23:19,467 [INFO] MainUpdater:2868 - connection check result : 10
2023-12-01 11:23:19,468 [INFO] MainUpdater:285 - Updater Check For Update Now.
2023-12-01 11:23:19,469 [INFO] MicroXplorer:498 - Change Database Version : DB.6.0.91
2023-12-01 11:23:19,495 [INFO] McuFinderGlobals:63 - Set McuFinder mode to 2 (CubeIDE integrated)
2023-12-01 11:23:19,818 [INFO] CheckServerUpdateThread:120 - End of CheckServer Thread
2023-12-01 11:23:21,633 [WARN] PackLoader:240 - Cannot read IP mode file for STMicroelectronics.X-CUBE-SMBUS.2.1.0
2023-12-01 11:23:21,737 [WARN] PackLoader:240 - Cannot read IP mode file for STMicroelectronics.X-CUBE-AZRTOS-F7.1.1.0
2023-12-01 11:23:21,775 [WARN] PackLoader:240 - Cannot read IP mode file for STMicroelectronics.FP-SNS-MOTENV1.4.3.2
2023-12-01 11:23:21,802 [WARN] PackLoader:240 - Cannot read IP mode file for STMicroelectronics.FP-SNS-FLIGHT1.5.0.2
2023-12-01 11:23:21,834 [WARN] PackLoader:240 - Cannot read IP mode file for STMicroelectronics.X-CUBE-DISPLAY.3.0.0
2023-12-01 11:23:21,875 [WARN] PackLoader:240 - Cannot read IP mode file for STMicroelectronics.X-CUBE-BLE1.7.0.0
2023-12-01 11:23:21,916 [WARN] PackLoader:240 - Cannot read IP mode file for emotas.I-CUBE-CANOPEN.1.3.0
2023-12-01 11:23:21,944 [WARN] PackLoader:240 - Cannot read IP mode file for STMicroelectronics.X-CUBE-TOUCHGFX.4.22.0
2023-12-01 11:23:21,963 [WARN] PackLoader:240 - Cannot read IP mode file for STMicroelectronics.X-CUBE-TOUCHGFX.4.22.1
2023-12-01 11:23:21,993 [WARN] PackLoader:240 - Cannot read IP mode file for STMicroelectronics.FP-SNS-SMARTAG2.1.2.0
2023-12-01 11:23:22,034 [INFO] LogOutputStream:77 - [STDOUT_REDIRECT] 1 : Invalid condition id : UX_CORESTACK_Condition cause : null
2023-12-01 11:23:22,034 [INFO] LogOutputStream:77 - [STDOUT_REDIRECT] 1 : Invalid condition id : UX_CORESTACK_Condition cause : null
2023-12-01 11:23:22,036 [INFO] LogOutputStream:77 - [STDOUT_REDIRECT] 1 : Invalid condition id : UX_CORESTACK_Condition cause : null
2023-12-01 11:23:22,038 [INFO] LogOutputStream:77 - [STDOUT_REDIRECT] 1 : Invalid condition id : UX_CORESTACK_Condition cause : null
2023-12-01 11:23:22,040 [INFO] LogOutputStream:77 - [STDOUT_REDIRECT] 1 : Invalid condition id : UX_CORESTACK_Condition cause : null
2023-12-01 11:23:22,047 [WARN] PackLoader:240 - Cannot read IP mode file for STMicroelectronics.X-CUBE-AZRTOS-WL.2.0.0
2023-12-01 11:23:22,075 [WARN] PackLoader:240 - Cannot read IP mode file for WES.I-CUBE-Cesium.1.3.0
2023-12-01 11:23:22,096 [WARN] PackLoader:240 - Cannot read IP mode file for STMicroelectronics.X-CUBE-BLE2.3.3.0
2023-12-01 11:23:22,121 [WARN] PackLoader:240 - Cannot read IP mode file for STMicroelectronics.X-CUBE-ALGOBUILD.1.3.0
2023-12-01 11:23:22,167 [WARN] PackLoader:240 - Cannot read IP mode file for STMicroelectronics.X-CUBE-AZRTOS-G0.1.1.0
2023-12-01 11:23:22,194 [WARN] PackLoader:240 - Cannot read IP mode file for STMicroelectronics.X-CUBE-NFC4.3.0.0
2023-12-01 11:23:22,220 [WARN] PackLoader:240 - Cannot read IP mode file for STMicroelectronics.X-CUBE-BLEMGR.3.0.0
2023-12-01 11:23:22,243 [WARN] PackLoader:240 - Cannot read IP mode file for STMicroelectronics.FP-ATR-SIGFOX1.3.2.0
2023-12-01 11:23:22,308 [WARN] PackLoader:240 - Cannot read IP mode file for SEGGER.I-CUBE-embOS.1.3.1
2023-12-01 11:23:22,423 [WARN] PackLoader:240 - Cannot read IP mode file for STMicroelectronics.X-CUBE-GNSS1.6.0.0
2023-12-01 11:23:22,477 [WARN] PackLoader:240 - Cannot read IP mode file for STMicroelectronics.X-CUBE-AZRTOS-F4.1.1.0
2023-12-01 11:23:22,503 [WARN] PackLoader:240 - Cannot read IP mode file for wolfSSL.I-CUBE-wolfSSL.5.6.3
2023-12-01 11:23:22,558 [WARN] PackLoader:240 - Cannot read IP mode file for STMicroelectronics.X-CUBE-AZRTOS-L5.2.0.0
2023-12-01 11:23:22,652 [WARN] PackLoader:240 - Cannot read IP mode file for STMicroelectronics.X-CUBE-MEMS1.9.6.0
2023-12-01 11:23:22,913 [WARN] PackLoader:240 - Cannot read IP mode file for STMicroelectronics.X-CUBE-EEPRMA1.4.2.0
2023-12-01 11:23:22,933 [WARN] PackLoader:240 - Cannot read IP mode file for ITTIA_DB.I-CUBE-ITTIADB.8.8.0
2023-12-01 11:23:22,958 [WARN] PackLoader:240 - Cannot read IP mode file for STMicroelectronics.X-CUBE-BLEMGR.2.0.0
2023-12-01 11:23:23,009 [WARN] ConditionMgr:438 - getConditionDescription Invalid condition id : UX DEVICE CLASS RTOS Condition cause : null
2023-12-01 11:23:23,010 [WARN] ConditionMgr:438 - getConditionDescription Invalid condition id : UX DEVICE CLASS RTOS Condition cause : null
2023-12-01 11:23:23,016 [WARN] PackLoader:240 - Cannot read IP mode file for STMicroelectronics.X-CUBE-AZRTOS-H7.3.1.0
2023-12-01 11:23:23,017 [WARN] ConditionMgr:1039 - genDependencies : Invalid condition id : UX DEVICE CLASS RTOS Condition cause : null
2023-12-01 11:23:23,018 [WARN] ConditionMgr:1039 - genDependencies : Invalid condition id : UX DEVICE CLASS RTOS Condition cause : null
2023-12-01 11:23:23,019 [WARN] ConditionMgr:1039 - genDependencies : Invalid condition id : UX DEVICE CLASS RTOS Condition cause : null
2023-12-01 11:23:23,019 [WARN] ConditionMgr:1039 - genDependencies : Invalid condition id : UX DEVICE CLASS RTOS Condition cause : null
2023-12-01 11:23:23,020 [WARN] ConditionMgr:1039 - genDependencies : Invalid condition id : UX DEVICE CLASS RTOS Condition cause : null
2023-12-01 11:23:23,046 [WARN] PackLoader:240 - Cannot read IP mode file for STMicroelectronics.X-CUBE-NFC7.1.0.1
2023-12-01 11:23:23,072 [WARN] PackLoader:240 - Cannot read IP mode file for STMicroelectronics.X-CUBE-NFC6.3.0.0
2023-12-01 11:23:23,095 [WARN] PackLoader:240 - Cannot read IP mode file for STMicroelectronics.X-CUBE-EEPRMA1.4.1.0
2023-12-01 11:23:23,115 [WARN] PackLoader:240 - Cannot read IP mode file for STMicroelectronics.X-CUBE-AI.8.1.0
2023-12-01 11:23:23,170 [WARN] ConditionMgr:438 - getConditionDescription Invalid condition id : LAN8742 Phy interface Condition cause : null
2023-12-01 11:23:23,171 [WARN] PackLoader:240 - Cannot read IP mode file for STMicroelectronics.X-CUBE-AZRTOS-L4.2.0.0
2023-12-01 11:23:23,173 [WARN] ConditionMgr:1039 - genDependencies : Invalid condition id : LAN8742 Phy interface Condition cause : null
2023-12-01 11:23:23,174 [WARN] ConditionMgr:1039 - genDependencies : Invalid condition id : LAN8742 Phy interface Condition cause : null
2023-12-01 11:23:23,175 [WARN] ConditionMgr:1039 - genDependencies : Invalid condition id : LAN8742 Phy interface Condition cause : null
2023-12-01 11:23:23,228 [WARN] PackLoader:240 - Cannot read IP mode file for STMicroelectronics.X-CUBE-SFXS2LP1.4.0.0
2023-12-01 11:23:23,252 [WARN] PackLoader:240 - Cannot read IP mode file for STMicroelectronics.X-CUBE-ISPU.1.1.0
2023-12-01 11:23:23,297 [WARN] ConditionMgr:438 - getConditionDescription Invalid condition id : UX DEVICE CLASS RTOS Condition cause : null
2023-12-01 11:23:23,297 [WARN] ConditionMgr:438 - getConditionDescription Invalid condition id : UX DEVICE CLASS RTOS Condition cause : null
2023-12-01 11:23:23,301 [WARN] PackLoader:240 - Cannot read IP mode file for STMicroelectronics.X-CUBE-AZRTOS-WB.2.0.0
2023-12-01 11:23:23,302 [WARN] ConditionMgr:1039 - genDependencies : Invalid condition id : UX DEVICE CLASS RTOS Condition cause : null
2023-12-01 11:23:23,302 [WARN] ConditionMgr:1039 - genDependencies : Invalid condition id : UX DEVICE CLASS RTOS Condition cause : null
2023-12-01 11:23:23,303 [WARN] ConditionMgr:1039 - genDependencies : Invalid condition id : UX DEVICE CLASS RTOS Condition cause : null
2023-12-01 11:23:23,304 [WARN] ConditionMgr:1039 - genDependencies : Invalid condition id : UX DEVICE CLASS RTOS Condition cause : null
2023-12-01 11:23:23,304 [WARN] ConditionMgr:1039 - genDependencies : Invalid condition id : UX DEVICE CLASS RTOS Condition cause : null
2023-12-01 11:23:23,333 [WARN] PackLoader:240 - Cannot read IP mode file for STMicroelectronics.X-CUBE-FREERTOS.1.0.1
2023-12-01 11:23:23,358 [WARN] PackLoader:240 - Cannot read IP mode file for STMicroelectronics.X-CUBE-SUBG2.5.0.0
2023-12-01 11:23:23,400 [WARN] PackLoader:240 - Cannot read IP mode file for STMicroelectronics.X-CUBE-TOF1.3.3.1
2023-12-01 11:23:23,464 [WARN] PackLoader:240 - Cannot read IP mode file for STMicroelectronics.X-CUBE-AZRTOS-G4.2.0.0
2023-12-01 11:23:23,505 [WARN] PackLoader:240 - Cannot read IP mode file for Infineon.AIROC-Wi-Fi-Bluetooth-STM32.1.5.1
2023-12-01 11:23:23,525 [WARN] PackLoader:240 - Cannot read IP mode file for STMicroelectronics.FP-SNS-MOTENVWB1.1.3.0
2023-12-01 11:23:23,599 [WARN] PackLoader:240 - Cannot read IP mode file for STMicroelectronics.X-CUBE-MEMS1.10.0.0
2023-12-01 11:23:23,830 [WARN] PackLoader:240 - Cannot read IP mode file for STMicroelectronics.X-CUBE-FREERTOS.1.1.0
2023-12-01 11:23:23,857 [WARN] PackLoader:240 - Cannot read IP mode file for portGmbH.I-Cube-SoM-uGOAL.1.1.0
2023-12-01 11:23:23,887 [WARN] PackLoader:240 - Cannot read IP mode file for STMicroelectronics.X-CUBE-ALS.1.0.1
2023-12-01 11:23:23,925 [WARN] PackLoader:240 - Cannot read IP mode file for STMicroelectronics.FP-ATR-ASTRA1.2.0.0
2023-12-01 11:23:23,965 [WARN] PackLoader:240 - Cannot read IP mode file for STMicroelectronics.X-CUBE-TOF1.3.4.0
2023-12-01 11:23:23,984 [INFO] ThirdParty:978 - Integrity check success = true
2023-12-01 11:23:23,984 [INFO] IntegrityCheckThread:100 - exiting critical section [integrity check]
2023-12-01 11:23:23,984 [INFO] IntegrityCheckThread:103 - End integrity checks thread
2023-12-01 11:23:41,874 [ERROR] LogOutputStream:75 - [STDERR_REDIRECT] SLF4J: Failed to load class "org.slf4j.impl.StaticLoggerBinder".
2023-12-01 11:23:41,876 [ERROR] LogOutputStream:75 - [STDERR_REDIRECT] SLF4J: Defaulting to no-operation (NOP) logger implementation
2023-12-01 11:23:41,880 [ERROR] LogOutputStream:75 - [STDERR_REDIRECT] SLF4J: See http://www.slf4j.org/codes.html#StaticLoggerBinder for further details.
