2023-12-06 14:25:22,036 [INFO] Activator:176 - 


2023-12-06 14:25:22,064 [INFO] Activator:177 - !SESSION log4j initialized
2023-12-06 14:25:44,291 [INFO] LogOutputStream:77 - [STDOUT_REDIRECT] 
2023-12-06 14:26:05,021 [INFO] ApplicationProperties:184 - Using Application install path: C:\ST\STM32CubeIDE_1.13.1\STM32CubeIDE\plugins\com.st.stm32cube.common.mx_6.9.1.202307191849
2023-12-06 14:26:05,061 [INFO] DbMcusXml:78 - Set database path to: C:\ST\STM32CubeIDE_1.13.1\STM32CubeIDE\plugins\com.st.stm32cube.common.mx_6.9.1.202307191849\\db\/mcu/
2023-12-06 14:26:05,062 [INFO] ApiDb:274 - Set plugin database path to: C:\ST\STM32CubeIDE_1.13.1\STM32CubeIDE\plugins\com.st.stm32cube.common.mx_6.9.1.202307191849\\db\/plugins/boardmanager/
2023-12-06 14:26:05,062 [WARN] ApiDb:259 - Overriding images path with different value:  => C:\ST\STM32CubeIDE_1.13.1\STM32CubeIDE\plugins\com.st.stm32cube.common.mx_6.9.1.202307191849\\db\/plugins/mcufinder/images/
2023-12-06 14:26:05,090 [INFO] ApiDb:250 - Set database path to: C:\Users\Beispiel\.stmcufinder\plugins\mcufinder//mcu/
2023-12-06 14:26:05,092 [INFO] DbMcusAds:125 - Set database path to: C:\Users\Beispiel\.stmcufinder\plugins\mcufinder//mcu/
2023-12-06 14:26:05,101 [INFO] CrossReferenceDbSqlite:203 - Set database path to: C:\Users\Beispiel\.stmcufinder\plugins\mcufinder//mcu/cs/
2023-12-06 14:26:05,562 [INFO] RulesReader:64 - Compatibility file has been processed (293 Rules)
2023-12-06 14:26:06,107 [INFO] DbMcusXml:78 - Set database path to: C:\ST\STM32CubeIDE_1.13.1\STM32CubeIDE\plugins\com.st.stm32cube.common.mx_6.9.1.202307191849\\db\/mcu/
2023-12-06 14:26:06,108 [INFO] ApiDb:274 - Set plugin database path to: C:\ST\STM32CubeIDE_1.13.1\STM32CubeIDE\plugins\com.st.stm32cube.common.mx_6.9.1.202307191849\\db\/plugins/boardmanager/
2023-12-06 14:26:06,109 [INFO] ApiDb:261 - Set plugin images path to: C:\ST\STM32CubeIDE_1.13.1\STM32CubeIDE\plugins\com.st.stm32cube.common.mx_6.9.1.202307191849\\db\/plugins/mcufinder/images/
2023-12-06 14:26:06,110 [WARN] DbFile:41 - Overriding database path with different value: C:\Users\Beispiel\.stmcufinder\plugins\mcufinder/ => C:\Users\Beispiel\.stmcufinder\plugins\mcufinder
2023-12-06 14:26:06,112 [INFO] ApiDb:250 - Set database path to: C:\Users\Beispiel\.stmcufinder\plugins\mcufinder//mcu/
2023-12-06 14:26:06,112 [WARN] DbFile:41 - Overriding database path with different value: C:\Users\Beispiel\.stmcufinder\plugins\mcufinder/ => C:\Users\Beispiel\.stmcufinder\plugins\mcufinder
2023-12-06 14:26:06,113 [INFO] DbMcusAds:125 - Set database path to: C:\Users\Beispiel\.stmcufinder\plugins\mcufinder//mcu/
2023-12-06 14:26:06,113 [WARN] DbFile:41 - Overriding database path with different value: C:\Users\Beispiel\.stmcufinder\plugins\mcufinder/ => C:\Users\Beispiel\.stmcufinder\plugins\mcufinder
2023-12-06 14:26:06,114 [WARN] DbFile:41 - Overriding database path with different value: C:\Users\Beispiel\.stmcufinder\plugins\mcufinder/ => C:\Users\Beispiel\.stmcufinder\plugins\mcufinder
2023-12-06 14:26:06,115 [INFO] CrossReferenceDbSqlite:203 - Set database path to: C:\Users\Beispiel\.stmcufinder\plugins\mcufinder//mcu/cs/
2023-12-06 14:26:06,382 [INFO] MainPanel:262 - HeapMemory: 268435456
2023-12-06 14:26:06,543 [INFO] DbMcusXml:78 - Set database path to: C:\ST\STM32CubeIDE_1.13.1\STM32CubeIDE\plugins\com.st.stm32cube.common.mx_6.9.1.202307191849\\db\/mcu/
2023-12-06 14:26:06,543 [INFO] ApiDb:274 - Set plugin database path to: C:\ST\STM32CubeIDE_1.13.1\STM32CubeIDE\plugins\com.st.stm32cube.common.mx_6.9.1.202307191849\\db\/plugins/boardmanager/
2023-12-06 14:26:06,543 [INFO] ApiDb:261 - Set plugin images path to: C:\ST\STM32CubeIDE_1.13.1\STM32CubeIDE\plugins\com.st.stm32cube.common.mx_6.9.1.202307191849\\db\/plugins/mcufinder/images/
2023-12-06 14:26:06,545 [WARN] DbFile:41 - Overriding database path with different value: C:\Users\Beispiel\.stmcufinder\plugins\mcufinder/ => C:\Users\Beispiel\.stmcufinder\plugins\mcufinder
2023-12-06 14:26:06,545 [INFO] ApiDb:250 - Set database path to: C:\Users\Beispiel\.stmcufinder\plugins\mcufinder//mcu/
2023-12-06 14:26:06,546 [WARN] DbFile:41 - Overriding database path with different value: C:\Users\Beispiel\.stmcufinder\plugins\mcufinder/ => C:\Users\Beispiel\.stmcufinder\plugins\mcufinder
2023-12-06 14:26:06,546 [INFO] DbMcusAds:125 - Set database path to: C:\Users\Beispiel\.stmcufinder\plugins\mcufinder//mcu/
2023-12-06 14:26:06,546 [WARN] DbFile:41 - Overriding database path with different value: C:\Users\Beispiel\.stmcufinder\plugins\mcufinder/ => C:\Users\Beispiel\.stmcufinder\plugins\mcufinder
2023-12-06 14:26:06,546 [WARN] DbFile:41 - Overriding database path with different value: C:\Users\Beispiel\.stmcufinder\plugins\mcufinder/ => C:\Users\Beispiel\.stmcufinder\plugins\mcufinder
2023-12-06 14:26:06,547 [INFO] CrossReferenceDbSqlite:203 - Set database path to: C:\Users\Beispiel\.stmcufinder\plugins\mcufinder//mcu/cs/
2023-12-06 14:26:06,591 [INFO] ApplicationProperties:184 - Using Application install path: C:\ST\STM32CubeIDE_1.13.1\STM32CubeIDE\plugins\com.st.stm32cube.common.mx_6.9.1.202307191849
2023-12-06 14:26:06,594 [INFO] PluginManage:196 - Search for loadable plugins [exclusion list=, ]
2023-12-06 14:26:06,606 [INFO] PluginManage:310 - Check plugin analytics
2023-12-06 14:26:07,108 [INFO] AnalyticsPlugin:253 - Accepted Software Licenses: 
2023-12-06 14:26:07,108 [INFO] AnalyticsPlugin:255 - Accepted CMSIS Pack Licenses: 
2023-12-06 14:26:07,109 [INFO] AnalyticsPlugin:257 - Accepted Firmware Licenses: 
2023-12-06 14:26:07,116 [INFO] PluginManage:359 - Loaded plugin analytics (category:tool,tabindex:-1)
2023-12-06 14:26:07,117 [INFO] PluginManage:310 - Check plugin cadmodel
2023-12-06 14:26:07,149 [INFO] CADModel:105 - Init CAD model plugin
2023-12-06 14:26:07,150 [INFO] PluginManage:359 - Loaded plugin cadmodel (category:power,tabindex:5)
2023-12-06 14:26:07,150 [INFO] PluginManage:310 - Check plugin clock
2023-12-06 14:26:07,190 [INFO] PluginManage:359 - Loaded plugin clock (category:base,tabindex:2)
2023-12-06 14:26:07,190 [INFO] PluginManage:310 - Check plugin ddr
2023-12-06 14:26:07,195 [INFO] PluginManage:359 - Loaded plugin ddr (category:tool,tabindex:6)
2023-12-06 14:26:07,195 [INFO] PluginManage:310 - Check plugin filemanager
2023-12-06 14:26:07,476 [INFO] PluginManage:359 - Loaded plugin filemanager (category:base,tabindex:10)
2023-12-06 14:26:07,477 [INFO] PluginManage:310 - Check plugin ipmanager
2023-12-06 14:26:07,492 [INFO] PluginManage:359 - Loaded plugin ipmanager (category:base,tabindex:5)
2023-12-06 14:26:07,493 [INFO] PluginManage:310 - Check plugin lpbam
2023-12-06 14:26:07,533 [INFO] PluginManage:359 - Loaded plugin lpbam (category:base,tabindex:0)
2023-12-06 14:26:07,534 [INFO] PluginManage:310 - Check plugin memorymap
2023-12-06 14:26:07,588 [INFO] PluginManage:359 - Loaded plugin memorymap (category:base,tabindex:4)
2023-12-06 14:26:07,588 [INFO] PluginManage:310 - Check plugin pinoutandconfiguration
2023-12-06 14:26:07,619 [INFO] PluginManage:359 - Loaded plugin pinoutandconfiguration (category:base,tabindex:1)
2023-12-06 14:26:07,620 [INFO] PluginManage:310 - Check plugin pinoutconfig
2023-12-06 14:26:07,847 [WARN] SupportedApi:132 - Cannot load RTOS API schema: s4s-elt-must-match.1: The content of 'definitions' must match (annotation?, (simpleType | complexType)?, (unique | key | keyref)*)). A problem was found starting at: attribute.
2023-12-06 14:26:08,208 [INFO] PluginManage:359 - Loaded plugin pinoutconfig (category:base,tabindex:0)
2023-12-06 14:26:08,208 [INFO] PluginManage:310 - Check plugin power
2023-12-06 14:26:08,264 [INFO] PluginManage:359 - Loaded plugin power (category:power,tabindex:4)
2023-12-06 14:26:08,264 [INFO] PluginManage:310 - Check plugin projectmanager
2023-12-06 14:26:08,318 [INFO] PluginManage:359 - Loaded plugin projectmanager (category:projectmanager,tabindex:3)
2023-12-06 14:26:08,319 [INFO] PluginManage:310 - Check plugin thirdparty
2023-12-06 14:26:09,136 [INFO] PluginManage:359 - Loaded plugin thirdparty (category:base,tabindex:-1)
2023-12-06 14:26:09,137 [INFO] PluginManage:310 - Check plugin tools
2023-12-06 14:26:09,139 [WARN] IntegrityCheckThread:84 - waiting for thirdparty lock release [integrity check]
2023-12-06 14:26:09,145 [INFO] IntegrityCheckThread:86 - entering critical section [integrity check]
2023-12-06 14:26:09,149 [INFO] ThirdPartyUpdaterWithRetryManager:70 - Updater plugin not ready yet. [1/15]
2023-12-06 14:26:09,234 [INFO] PluginManage:359 - Loaded plugin tools (category:base,tabindex:7)
2023-12-06 14:26:09,234 [INFO] PluginManage:310 - Check plugin tutovideos
2023-12-06 14:26:09,739 [INFO] PluginManage:359 - Loaded plugin tutovideos (category:base,tabindex:-1)
2023-12-06 14:26:09,740 [INFO] PluginManage:310 - Check plugin updater
2023-12-06 14:26:09,767 [INFO] PluginManage:359 - Loaded plugin updater (category:base,tabindex:12)
2023-12-06 14:26:09,768 [INFO] PluginManage:310 - Check plugin userauth
2023-12-06 14:26:09,778 [INFO] UserAuth:113 - Init User Auth plugin
2023-12-06 14:26:09,778 [INFO] PluginManage:359 - Loaded plugin userauth (category:base,tabindex:14)
2023-12-06 14:26:09,779 [INFO] PluginManage:283 - PluginManage : Loaded plugins [17]
2023-12-06 14:26:10,360 [INFO] PinOutPanel:1499 - setPackage(No Configuration,No Configuration)
2023-12-06 14:26:10,696 [INFO] CADModel:165 - CPN selected for project level
2023-12-06 14:26:10,697 [INFO] CADModel:114 - Register for checkConnection events
2023-12-06 14:26:10,772 [INFO] IPUIPlugin:80 - create IPUIPlugin
2023-12-06 14:26:10,772 [INFO] PluginManager:220 - loadIPPluginJar : add adc
2023-12-06 14:26:10,860 [INFO] IPUIPlugin:80 - create IPUIPlugin
2023-12-06 14:26:10,860 [INFO] PluginManager:220 - loadIPPluginJar : add aes
2023-12-06 14:26:10,962 [INFO] IPUIPlugin:80 - create IPUIPlugin
2023-12-06 14:26:10,962 [INFO] PluginManager:220 - loadIPPluginJar : add can
2023-12-06 14:26:11,008 [INFO] IPUIPlugin:80 - create IPUIPlugin
2023-12-06 14:26:11,009 [INFO] PluginManager:220 - loadIPPluginJar : add comp
2023-12-06 14:26:11,077 [INFO] IPUIPlugin:80 - create IPUIPlugin
2023-12-06 14:26:11,077 [INFO] PluginManager:220 - loadIPPluginJar : add cryp
2023-12-06 14:26:11,144 [INFO] IPUIPlugin:80 - create IPUIPlugin
2023-12-06 14:26:11,144 [INFO] PluginManager:220 - loadIPPluginJar : add dfsdm
2023-12-06 14:26:11,200 [INFO] IPUIPlugin:80 - create IPUIPlugin
2023-12-06 14:26:11,202 [INFO] PluginManager:220 - loadIPPluginJar : add dma
2023-12-06 14:26:11,324 [INFO] IPUIPlugin:80 - create IPUIPlugin
2023-12-06 14:26:11,325 [INFO] PluginManager:220 - loadIPPluginJar : add dma3
2023-12-06 14:26:11,359 [INFO] IPUIPlugin:80 - create IPUIPlugin
2023-12-06 14:26:11,359 [INFO] PluginManager:220 - loadIPPluginJar : add fatfs
2023-12-06 14:26:11,483 [INFO] IPUIPlugin:80 - create IPUIPlugin
2023-12-06 14:26:11,483 [INFO] PluginManager:220 - loadIPPluginJar : add fmc
2023-12-06 14:26:11,525 [INFO] IPUIPlugin:80 - create IPUIPlugin
2023-12-06 14:26:11,526 [INFO] PluginManager:220 - loadIPPluginJar : add freertos
2023-12-06 14:26:11,586 [INFO] IPUIPlugin:80 - create IPUIPlugin
2023-12-06 14:26:11,587 [INFO] PluginManager:220 - loadIPPluginJar : add genericplugin
2023-12-06 14:26:11,835 [INFO] IPUIPlugin:80 - create IPUIPlugin
2023-12-06 14:26:11,836 [INFO] PluginManager:220 - loadIPPluginJar : add gfxmmu
2023-12-06 14:26:12,151 [INFO] ThirdPartyUpdaterWithRetryManager:70 - Updater plugin not ready yet. [2/15]
2023-12-06 14:26:12,234 [INFO] IPUIPlugin:80 - create IPUIPlugin
2023-12-06 14:26:12,234 [INFO] PluginManager:220 - loadIPPluginJar : add gic
2023-12-06 14:26:12,259 [INFO] IPUIPlugin:80 - create IPUIPlugin
2023-12-06 14:26:12,259 [INFO] PluginManager:220 - loadIPPluginJar : add gpio
2023-12-06 14:26:12,403 [INFO] IPUIPlugin:80 - create IPUIPlugin
2023-12-06 14:26:12,403 [INFO] PluginManager:220 - loadIPPluginJar : add gtzc
2023-12-06 14:26:12,483 [INFO] IPUIPlugin:80 - create IPUIPlugin
2023-12-06 14:26:12,484 [INFO] PluginManager:220 - loadIPPluginJar : add hash
2023-12-06 14:26:12,614 [INFO] IPUIPlugin:80 - create IPUIPlugin
2023-12-06 14:26:12,614 [INFO] PluginManager:220 - loadIPPluginJar : add i2c
2023-12-06 14:26:12,685 [INFO] IPUIPlugin:80 - create IPUIPlugin
2023-12-06 14:26:12,685 [INFO] PluginManager:220 - loadIPPluginJar : add i2s
2023-12-06 14:26:12,766 [INFO] IPUIPlugin:80 - create IPUIPlugin
2023-12-06 14:26:12,766 [INFO] PluginManager:220 - loadIPPluginJar : add i3c
2023-12-06 14:26:13,040 [INFO] IPUIPlugin:80 - create IPUIPlugin
2023-12-06 14:26:13,040 [INFO] PluginManager:220 - loadIPPluginJar : add ipddr
2023-12-06 14:26:13,310 [INFO] IPUIPlugin:80 - create IPUIPlugin
2023-12-06 14:26:13,310 [INFO] PluginManager:220 - loadIPPluginJar : add linkedlist
2023-12-06 14:26:13,403 [INFO] IPUIPlugin:80 - create IPUIPlugin
2023-12-06 14:26:13,405 [INFO] PluginManager:220 - loadIPPluginJar : add lorawan
2023-12-06 14:26:13,504 [INFO] IPUIPlugin:80 - create IPUIPlugin
2023-12-06 14:26:13,504 [INFO] PluginManager:220 - loadIPPluginJar : add ltdc
2023-12-06 14:26:13,544 [INFO] IPUIPlugin:80 - create IPUIPlugin
2023-12-06 14:26:13,545 [INFO] PluginManager:220 - loadIPPluginJar : add mdma
2023-12-06 14:26:13,577 [INFO] IPUIPlugin:80 - create IPUIPlugin
2023-12-06 14:26:13,577 [INFO] PluginManager:220 - loadIPPluginJar : add nvic
2023-12-06 14:26:13,685 [INFO] IPUIPlugin:80 - create IPUIPlugin
2023-12-06 14:26:13,685 [INFO] PluginManager:220 - loadIPPluginJar : add opamp
2023-12-06 14:26:13,804 [INFO] IPUIPlugin:80 - create IPUIPlugin
2023-12-06 14:26:13,804 [INFO] PluginManager:220 - loadIPPluginJar : add openamp
2023-12-06 14:26:13,891 [INFO] IPUIPlugin:80 - create IPUIPlugin
2023-12-06 14:26:13,891 [INFO] PluginManager:220 - loadIPPluginJar : add pdm2pcm
2023-12-06 14:26:13,923 [INFO] IPUIPlugin:80 - create IPUIPlugin
2023-12-06 14:26:13,928 [INFO] PluginManager:220 - loadIPPluginJar : add plateformsettings
2023-12-06 14:26:13,964 [INFO] IPUIPlugin:80 - create IPUIPlugin
2023-12-06 14:26:13,965 [INFO] PluginManager:220 - loadIPPluginJar : add quadspi
2023-12-06 14:26:13,983 [INFO] IPUIPlugin:80 - create IPUIPlugin
2023-12-06 14:26:13,984 [INFO] PluginManager:220 - loadIPPluginJar : add resmgrutility
2023-12-06 14:26:14,063 [INFO] IPUIPlugin:80 - create IPUIPlugin
2023-12-06 14:26:14,063 [INFO] PluginManager:220 - loadIPPluginJar : add sai
2023-12-06 14:26:14,118 [INFO] IPUIPlugin:80 - create IPUIPlugin
2023-12-06 14:26:14,118 [INFO] PluginManager:220 - loadIPPluginJar : add spi
2023-12-06 14:26:14,256 [INFO] IPUIPlugin:80 - create IPUIPlugin
2023-12-06 14:26:14,256 [INFO] PluginManager:220 - loadIPPluginJar : add stm32_wpan
2023-12-06 14:26:14,367 [INFO] IPUIPlugin:80 - create IPUIPlugin
2023-12-06 14:26:14,367 [INFO] PluginManager:220 - loadIPPluginJar : add tim
2023-12-06 14:26:14,518 [INFO] IPUIPlugin:80 - create IPUIPlugin
2023-12-06 14:26:14,518 [INFO] PluginManager:220 - loadIPPluginJar : add touchsensing
2023-12-06 14:26:14,560 [INFO] IPUIPlugin:80 - create IPUIPlugin
2023-12-06 14:26:14,560 [INFO] PluginManager:220 - loadIPPluginJar : add tracer_emb
2023-12-06 14:26:14,595 [INFO] IPUIPlugin:80 - create IPUIPlugin
2023-12-06 14:26:14,595 [INFO] PluginManager:220 - loadIPPluginJar : add ts
2023-12-06 14:26:14,630 [INFO] IPUIPlugin:80 - create IPUIPlugin
2023-12-06 14:26:14,630 [INFO] PluginManager:220 - loadIPPluginJar : add tsc
2023-12-06 14:26:14,678 [INFO] IPUIPlugin:80 - create IPUIPlugin
2023-12-06 14:26:14,678 [INFO] PluginManager:220 - loadIPPluginJar : add ucpd
2023-12-06 14:26:14,814 [INFO] IPUIPlugin:80 - create IPUIPlugin
2023-12-06 14:26:14,814 [INFO] PluginManager:220 - loadIPPluginJar : add usart
2023-12-06 14:26:14,935 [INFO] IPUIPlugin:80 - create IPUIPlugin
2023-12-06 14:26:14,936 [INFO] PluginManager:220 - loadIPPluginJar : add usbx
2023-12-06 14:26:15,152 [INFO] ThirdPartyUpdaterWithRetryManager:70 - Updater plugin not ready yet. [3/15]
2023-12-06 14:26:15,180 [INFO] CADModel:165 - CPN selected for project level
2023-12-06 14:26:15,181 [INFO] CADModel:114 - Register for checkConnection events
2023-12-06 14:26:15,182 [FATAL] Updater:308 - Updater called before beeing initialized
2023-12-06 14:26:15,182 [ERROR] CADModel:125 - Updater not yet initialized, retry later 
2023-12-06 14:26:15,821 [INFO] CADModel:165 - CPN selected for project level
2023-12-06 14:26:15,821 [INFO] CADModel:114 - Register for checkConnection events
2023-12-06 14:26:15,821 [FATAL] Updater:308 - Updater called before beeing initialized
2023-12-06 14:26:15,821 [ERROR] CADModel:125 - Updater not yet initialized, retry later 
2023-12-06 14:26:15,831 [FATAL] Updater:308 - Updater called before beeing initialized
2023-12-06 14:26:16,221 [FATAL] Updater:308 - Updater called before beeing initialized
2023-12-06 14:26:16,245 [INFO] DbMcusAds:53 - JSON generation date=Tue Mar 07 09:50:55 CET 2023 (1678179055335)
2023-12-06 14:26:16,245 [FATAL] Updater:308 - Updater called before beeing initialized
2023-12-06 14:26:16,509 [WARN] DetailPanel:346 - Failed to get advertising image, set to default
2023-12-06 14:26:16,848 [FATAL] Updater:308 - Updater called before beeing initialized
2023-12-06 14:26:16,851 [FATAL] Updater:308 - Updater called before beeing initialized
2023-12-06 14:26:16,852 [FATAL] Updater:308 - Updater called before beeing initialized
2023-12-06 14:26:16,852 [WARN] DetailPanel:346 - Failed to get advertising image, set to default
2023-12-06 14:26:16,853 [FATAL] Updater:308 - Updater called before beeing initialized
2023-12-06 14:26:16,988 [ERROR] Updater:1120 - MainUpdater not yet initialized. External WinMGr cannot be set.
2023-12-06 14:26:17,038 [INFO] Updater:1056 - Updater Version found : 6.9.1
2023-12-06 14:26:17,076 [INFO] ApplicationProperties:184 - Using Application install path: C:\ST\STM32CubeIDE_1.13.1\STM32CubeIDE\plugins\com.st.stm32cube.common.mx_6.9.1.202307191849
2023-12-06 14:26:17,919 [INFO] MainUpdater:2868 - connection check result : 10
2023-12-06 14:26:17,921 [INFO] MainUpdater:285 - Updater Check For Update Now.
2023-12-06 14:26:17,922 [INFO] MicroXplorer:498 - Change Database Version : DB.6.0.91
2023-12-06 14:26:17,962 [INFO] McuFinderGlobals:63 - Set McuFinder mode to 2 (CubeIDE integrated)
2023-12-06 14:26:18,165 [WARN] MainUpdater:1189 - Updater busy. Cannot search thirdparties
2023-12-06 14:26:18,165 [INFO] ThirdPartyUpdaterWithRetryManager:96 - Updater plugin is busy. [1/15]
2023-12-06 14:26:18,552 [INFO] CheckServerUpdateThread:120 - End of CheckServer Thread
2023-12-06 14:26:22,193 [WARN] PackLoader:240 - Cannot read IP mode file for STMicroelectronics.X-CUBE-SMBUS.2.1.0
2023-12-06 14:26:22,393 [WARN] PackLoader:240 - Cannot read IP mode file for STMicroelectronics.X-CUBE-AZRTOS-F7.1.1.0
2023-12-06 14:26:22,443 [WARN] PackLoader:240 - Cannot read IP mode file for STMicroelectronics.FP-SNS-MOTENV1.4.3.2
2023-12-06 14:26:22,490 [WARN] PackLoader:240 - Cannot read IP mode file for STMicroelectronics.FP-SNS-FLIGHT1.5.0.2
2023-12-06 14:26:22,531 [WARN] PackLoader:240 - Cannot read IP mode file for STMicroelectronics.X-CUBE-DISPLAY.3.0.0
2023-12-06 14:26:22,649 [WARN] PackLoader:240 - Cannot read IP mode file for STMicroelectronics.X-CUBE-BLE1.7.0.0
2023-12-06 14:26:22,684 [WARN] PackLoader:240 - Cannot read IP mode file for emotas.I-CUBE-CANOPEN.1.3.0
2023-12-06 14:26:22,739 [WARN] PackLoader:240 - Cannot read IP mode file for STMicroelectronics.X-CUBE-TOUCHGFX.4.22.0
2023-12-06 14:26:22,763 [WARN] PackLoader:240 - Cannot read IP mode file for STMicroelectronics.X-CUBE-TOUCHGFX.4.22.1
2023-12-06 14:26:22,790 [WARN] PackLoader:240 - Cannot read IP mode file for STMicroelectronics.FP-SNS-SMARTAG2.1.2.0
2023-12-06 14:26:22,834 [INFO] LogOutputStream:77 - [STDOUT_REDIRECT] 1 : Invalid condition id : UX_CORESTACK_Condition cause : null
2023-12-06 14:26:22,836 [INFO] LogOutputStream:77 - [STDOUT_REDIRECT] 1 : Invalid condition id : UX_CORESTACK_Condition cause : null
2023-12-06 14:26:22,837 [INFO] LogOutputStream:77 - [STDOUT_REDIRECT] 1 : Invalid condition id : UX_CORESTACK_Condition cause : null
2023-12-06 14:26:22,840 [INFO] LogOutputStream:77 - [STDOUT_REDIRECT] 1 : Invalid condition id : UX_CORESTACK_Condition cause : null
2023-12-06 14:26:22,843 [INFO] LogOutputStream:77 - [STDOUT_REDIRECT] 1 : Invalid condition id : UX_CORESTACK_Condition cause : null
2023-12-06 14:26:22,851 [WARN] PackLoader:240 - Cannot read IP mode file for STMicroelectronics.X-CUBE-AZRTOS-WL.2.0.0
2023-12-06 14:26:22,898 [WARN] PackLoader:240 - Cannot read IP mode file for WES.I-CUBE-Cesium.1.3.0
2023-12-06 14:26:22,923 [WARN] PackLoader:240 - Cannot read IP mode file for STMicroelectronics.X-CUBE-BLE2.3.3.0
2023-12-06 14:26:22,950 [WARN] PackLoader:240 - Cannot read IP mode file for STMicroelectronics.X-CUBE-ALGOBUILD.1.3.0
2023-12-06 14:26:23,011 [WARN] PackLoader:240 - Cannot read IP mode file for STMicroelectronics.X-CUBE-AZRTOS-G0.1.1.0
2023-12-06 14:26:23,044 [WARN] PackLoader:240 - Cannot read IP mode file for STMicroelectronics.X-CUBE-NFC4.3.0.0
2023-12-06 14:26:23,084 [WARN] PackLoader:240 - Cannot read IP mode file for STMicroelectronics.X-CUBE-BLEMGR.3.0.0
2023-12-06 14:26:23,110 [WARN] PackLoader:240 - Cannot read IP mode file for STMicroelectronics.FP-ATR-SIGFOX1.3.2.0
2023-12-06 14:26:23,218 [WARN] PackLoader:240 - Cannot read IP mode file for SEGGER.I-CUBE-embOS.1.3.1
2023-12-06 14:26:23,307 [WARN] PackLoader:240 - Cannot read IP mode file for STMicroelectronics.X-CUBE-GNSS1.6.0.0
2023-12-06 14:26:23,356 [WARN] PackLoader:240 - Cannot read IP mode file for STMicroelectronics.X-CUBE-AZRTOS-F4.1.1.0
2023-12-06 14:26:23,378 [WARN] PackLoader:240 - Cannot read IP mode file for wolfSSL.I-CUBE-wolfSSL.5.6.3
2023-12-06 14:26:23,420 [WARN] PackLoader:240 - Cannot read IP mode file for STMicroelectronics.X-CUBE-AZRTOS-L5.2.0.0
2023-12-06 14:26:23,499 [WARN] PackLoader:240 - Cannot read IP mode file for STMicroelectronics.X-CUBE-MEMS1.9.6.0
2023-12-06 14:26:23,840 [WARN] PackLoader:240 - Cannot read IP mode file for STMicroelectronics.X-CUBE-EEPRMA1.4.2.0
2023-12-06 14:26:23,904 [WARN] PackLoader:240 - Cannot read IP mode file for ITTIA_DB.I-CUBE-ITTIADB.8.8.0
2023-12-06 14:26:23,938 [WARN] PackLoader:240 - Cannot read IP mode file for STMicroelectronics.X-CUBE-BLEMGR.2.0.0
2023-12-06 14:26:24,000 [WARN] ConditionMgr:438 - getConditionDescription Invalid condition id : UX DEVICE CLASS RTOS Condition cause : null
2023-12-06 14:26:24,001 [WARN] ConditionMgr:438 - getConditionDescription Invalid condition id : UX DEVICE CLASS RTOS Condition cause : null
2023-12-06 14:26:24,007 [WARN] PackLoader:240 - Cannot read IP mode file for STMicroelectronics.X-CUBE-AZRTOS-H7.3.1.0
2023-12-06 14:26:24,009 [WARN] ConditionMgr:1039 - genDependencies : Invalid condition id : UX DEVICE CLASS RTOS Condition cause : null
2023-12-06 14:26:24,009 [WARN] ConditionMgr:1039 - genDependencies : Invalid condition id : UX DEVICE CLASS RTOS Condition cause : null
2023-12-06 14:26:24,011 [WARN] ConditionMgr:1039 - genDependencies : Invalid condition id : UX DEVICE CLASS RTOS Condition cause : null
2023-12-06 14:26:24,012 [WARN] ConditionMgr:1039 - genDependencies : Invalid condition id : UX DEVICE CLASS RTOS Condition cause : null
2023-12-06 14:26:24,012 [WARN] ConditionMgr:1039 - genDependencies : Invalid condition id : UX DEVICE CLASS RTOS Condition cause : null
2023-12-06 14:26:24,036 [WARN] PackLoader:240 - Cannot read IP mode file for STMicroelectronics.X-CUBE-NFC7.1.0.1
2023-12-06 14:26:24,072 [WARN] PackLoader:240 - Cannot read IP mode file for STMicroelectronics.X-CUBE-NFC6.3.0.0
2023-12-06 14:26:24,091 [WARN] PackLoader:240 - Cannot read IP mode file for STMicroelectronics.X-CUBE-EEPRMA1.4.1.0
2023-12-06 14:26:24,110 [WARN] PackLoader:240 - Cannot read IP mode file for STMicroelectronics.X-CUBE-AI.8.1.0
2023-12-06 14:26:24,154 [WARN] ConditionMgr:438 - getConditionDescription Invalid condition id : LAN8742 Phy interface Condition cause : null
2023-12-06 14:26:24,155 [WARN] PackLoader:240 - Cannot read IP mode file for STMicroelectronics.X-CUBE-AZRTOS-L4.2.0.0
2023-12-06 14:26:24,164 [WARN] ConditionMgr:1039 - genDependencies : Invalid condition id : LAN8742 Phy interface Condition cause : null
2023-12-06 14:26:24,164 [WARN] ConditionMgr:1039 - genDependencies : Invalid condition id : LAN8742 Phy interface Condition cause : null
2023-12-06 14:26:24,166 [WARN] ConditionMgr:1039 - genDependencies : Invalid condition id : LAN8742 Phy interface Condition cause : null
2023-12-06 14:26:24,189 [WARN] PackLoader:240 - Cannot read IP mode file for STMicroelectronics.X-CUBE-SFXS2LP1.4.0.0
2023-12-06 14:26:24,210 [WARN] PackLoader:240 - Cannot read IP mode file for STMicroelectronics.X-CUBE-ISPU.1.1.0
2023-12-06 14:26:24,252 [WARN] ConditionMgr:438 - getConditionDescription Invalid condition id : UX DEVICE CLASS RTOS Condition cause : null
2023-12-06 14:26:24,252 [WARN] ConditionMgr:438 - getConditionDescription Invalid condition id : UX DEVICE CLASS RTOS Condition cause : null
2023-12-06 14:26:24,254 [WARN] PackLoader:240 - Cannot read IP mode file for STMicroelectronics.X-CUBE-AZRTOS-WB.2.0.0
2023-12-06 14:26:24,255 [WARN] ConditionMgr:1039 - genDependencies : Invalid condition id : UX DEVICE CLASS RTOS Condition cause : null
2023-12-06 14:26:24,255 [WARN] ConditionMgr:1039 - genDependencies : Invalid condition id : UX DEVICE CLASS RTOS Condition cause : null
2023-12-06 14:26:24,256 [WARN] ConditionMgr:1039 - genDependencies : Invalid condition id : UX DEVICE CLASS RTOS Condition cause : null
2023-12-06 14:26:24,257 [WARN] ConditionMgr:1039 - genDependencies : Invalid condition id : UX DEVICE CLASS RTOS Condition cause : null
2023-12-06 14:26:24,257 [WARN] ConditionMgr:1039 - genDependencies : Invalid condition id : UX DEVICE CLASS RTOS Condition cause : null
2023-12-06 14:26:24,283 [WARN] PackLoader:240 - Cannot read IP mode file for STMicroelectronics.X-CUBE-FREERTOS.1.0.1
2023-12-06 14:26:24,324 [WARN] PackLoader:240 - Cannot read IP mode file for STMicroelectronics.X-CUBE-SUBG2.5.0.0
2023-12-06 14:26:24,375 [WARN] PackLoader:240 - Cannot read IP mode file for STMicroelectronics.X-CUBE-TOF1.3.3.1
2023-12-06 14:26:24,433 [WARN] PackLoader:240 - Cannot read IP mode file for STMicroelectronics.X-CUBE-AZRTOS-G4.2.0.0
2023-12-06 14:26:24,471 [WARN] PackLoader:240 - Cannot read IP mode file for Infineon.AIROC-Wi-Fi-Bluetooth-STM32.1.5.1
2023-12-06 14:26:24,492 [WARN] PackLoader:240 - Cannot read IP mode file for STMicroelectronics.FP-SNS-MOTENVWB1.1.3.0
2023-12-06 14:26:24,512 [WARN] PackLoader:240 - Cannot read IP mode file for STMicroelectronics.FP-SNS-MOTENVWB1.1.3.1
2023-12-06 14:26:24,546 [WARN] PackLoader:240 - Cannot read IP mode file for STMicroelectronics.X-CUBE-ISPU.2.0.0
2023-12-06 14:26:24,774 [WARN] PackLoader:240 - Cannot read IP mode file for STMicroelectronics.X-CUBE-MEMS1.10.0.0
2023-12-06 14:26:25,042 [WARN] PackLoader:240 - Cannot read IP mode file for STMicroelectronics.X-CUBE-FREERTOS.1.1.0
2023-12-06 14:26:25,064 [WARN] PackLoader:240 - Cannot read IP mode file for portGmbH.I-Cube-SoM-uGOAL.1.1.0
2023-12-06 14:26:25,084 [WARN] PackLoader:240 - Cannot read IP mode file for STMicroelectronics.X-CUBE-ALS.1.0.1
2023-12-06 14:26:25,100 [WARN] PackLoader:240 - Cannot read IP mode file for STMicroelectronics.FP-ATR-ASTRA1.2.0.0
2023-12-06 14:26:25,143 [WARN] PackLoader:240 - Cannot read IP mode file for STMicroelectronics.X-CUBE-TOF1.3.4.0
2023-12-06 14:26:25,165 [INFO] ThirdParty:978 - Integrity check success = true
2023-12-06 14:26:25,165 [INFO] IntegrityCheckThread:100 - exiting critical section [integrity check]
2023-12-06 14:26:25,165 [INFO] IntegrityCheckThread:103 - End integrity checks thread
2023-12-06 14:26:40,607 [ERROR] LogOutputStream:75 - [STDERR_REDIRECT] SLF4J: Failed to load class "org.slf4j.impl.StaticLoggerBinder".
2023-12-06 14:26:40,608 [ERROR] LogOutputStream:75 - [STDERR_REDIRECT] SLF4J: Defaulting to no-operation (NOP) logger implementation
2023-12-06 14:26:40,611 [ERROR] LogOutputStream:75 - [STDERR_REDIRECT] SLF4J: See http://www.slf4j.org/codes.html#StaticLoggerBinder for further details.
